<?xml version="1.0" encoding="UTF-8"?>
<testsuite xmlns:xsi="http://www.w3.org/2001/XMLSchema-instance" xsi:noNamespaceSchemaLocation="https://maven.apache.org/surefire/maven-surefire-plugin/xsd/surefire-test-report-3.0.xsd" version="3.0" name="cucumber.Options.TestRunner" time="3096.68" tests="2" errors="0" skipped="0" failures="0">
  <properties>
    <property name="java.specification.version" value="21"/>
    <property name="sun.cpu.isalist" value="amd64"/>
    <property name="sun.jnu.encoding" value="Cp1252"/>
    <property name="java.class.path" value="C:\Users\deecm\Documents\RestAssured\API\target\test-classes;C:\Users\deecm\Documents\RestAssured\API\target\classes;C:\Users\deecm\.m2\repository\io\rest-assured\rest-assured\5.5.0\rest-assured-5.5.0.jar;C:\Users\deecm\.m2\repository\org\apache\groovy\groovy\4.0.22\groovy-4.0.22.jar;C:\Users\deecm\.m2\repository\org\apache\groovy\groovy-xml\4.0.22\groovy-xml-4.0.22.jar;C:\Users\deecm\.m2\repository\org\apache\httpcomponents\httpclient\4.5.13\httpclient-4.5.13.jar;C:\Users\deecm\.m2\repository\org\apache\httpcomponents\httpcore\4.4.13\httpcore-4.4.13.jar;C:\Users\deecm\.m2\repository\commons-logging\commons-logging\1.2\commons-logging-1.2.jar;C:\Users\deecm\.m2\repository\commons-codec\commons-codec\1.11\commons-codec-1.11.jar;C:\Users\deecm\.m2\repository\org\apache\httpcomponents\httpmime\4.5.13\httpmime-4.5.13.jar;C:\Users\deecm\.m2\repository\org\hamcrest\hamcrest\2.2\hamcrest-2.2.jar;C:\Users\deecm\.m2\repository\org\ccil\cowan\tagsoup\tagsoup\1.2.1\tagsoup-1.2.1.jar;C:\Users\deecm\.m2\repository\io\rest-assured\json-path\5.5.0\json-path-5.5.0.jar;C:\Users\deecm\.m2\repository\org\apache\groovy\groovy-json\4.0.22\groovy-json-4.0.22.jar;C:\Users\deecm\.m2\repository\io\rest-assured\rest-assured-common\5.5.0\rest-assured-common-5.5.0.jar;C:\Users\deecm\.m2\repository\io\rest-assured\xml-path\5.5.0\xml-path-5.5.0.jar;C:\Users\deecm\.m2\repository\org\apache\commons\commons-lang3\3.11\commons-lang3-3.11.jar;C:\Users\deecm\.m2\repository\io\cucumber\cucumber-java\7.18.1\cucumber-java-7.18.1.jar;C:\Users\deecm\.m2\repository\io\cucumber\cucumber-core\7.18.1\cucumber-core-7.18.1.jar;C:\Users\deecm\.m2\repository\io\cucumber\cucumber-gherkin\7.18.1\cucumber-gherkin-7.18.1.jar;C:\Users\deecm\.m2\repository\io\cucumber\cucumber-gherkin-messages\7.18.1\cucumber-gherkin-messages-7.18.1.jar;C:\Users\deecm\.m2\repository\io\cucumber\gherkin\28.0.0\gherkin-28.0.0.jar;C:\Users\deecm\.m2\repository\io\cucumber\messages\24.1.0\messages-24.1.0.jar;C:\Users\deecm\.m2\repository\io\cucumber\testng-xml-formatter\0.2.0\testng-xml-formatter-0.2.0.jar;C:\Users\deecm\.m2\repository\io\cucumber\query\12.2.0\query-12.2.0.jar;C:\Users\deecm\.m2\repository\io\cucumber\tag-expressions\6.1.0\tag-expressions-6.1.0.jar;C:\Users\deecm\.m2\repository\io\cucumber\cucumber-expressions\17.1.0\cucumber-expressions-17.1.0.jar;C:\Users\deecm\.m2\repository\io\cucumber\datatable\7.18.1\datatable-7.18.1.jar;C:\Users\deecm\.m2\repository\io\cucumber\cucumber-plugin\7.18.1\cucumber-plugin-7.18.1.jar;C:\Users\deecm\.m2\repository\io\cucumber\docstring\7.18.1\docstring-7.18.1.jar;C:\Users\deecm\.m2\repository\io\cucumber\html-formatter\21.4.1\html-formatter-21.4.1.jar;C:\Users\deecm\.m2\repository\io\cucumber\junit-xml-formatter\0.5.0\junit-xml-formatter-0.5.0.jar;C:\Users\deecm\.m2\repository\io\cucumber\ci-environment\10.0.1\ci-environment-10.0.1.jar;C:\Users\deecm\.m2\repository\org\apiguardian\apiguardian-api\1.1.2\apiguardian-api-1.1.2.jar;C:\Users\deecm\.m2\repository\io\cucumber\cucumber-junit\7.18.1\cucumber-junit-7.18.1.jar;C:\Users\deecm\.m2\repository\junit\junit\4.13.2\junit-4.13.2.jar;C:\Users\deecm\.m2\repository\org\hamcrest\hamcrest-core\1.3\hamcrest-core-1.3.jar;C:\Users\deecm\.m2\repository\com\fasterxml\jackson\core\jackson-databind\2.17.2\jackson-databind-2.17.2.jar;C:\Users\deecm\.m2\repository\com\fasterxml\jackson\core\jackson-annotations\2.17.2\jackson-annotations-2.17.2.jar;C:\Users\deecm\.m2\repository\com\fasterxml\jackson\core\jackson-core\2.17.2\jackson-core-2.17.2.jar;"/>
    <property name="java.vm.vendor" value="Oracle Corporation"/>
    <property name="sun.arch.data.model" value="64"/>
    <property name="user.variant" value=""/>
    <property name="java.vendor.url" value="https://java.oracle.com/"/>
    <property name="user.timezone" value="Asia/Calcutta"/>
    <property name="os.name" value="Windows 10"/>
    <property name="java.vm.specification.version" value="21"/>
    <property name="sun.java.launcher" value="SUN_STANDARD"/>
    <property name="user.country" value="US"/>
    <property name="sun.boot.library.path" value="C:\Program Files\Java\jdk-21\bin"/>
    <property name="sun.java.command" value="C:\Users\deecm\AppData\Local\Temp\surefire12653833129819300118\surefirebooter-20240922065639591_3.jar C:\Users\deecm\AppData\Local\Temp\surefire12653833129819300118 2024-09-22T06-56-39_491-jvmRun1 surefire-20240922065639591_1tmp surefire_0-20240922065639591_2tmp"/>
    <property name="jdk.debug" value="release"/>
    <property name="surefire.test.class.path" value="C:\Users\deecm\Documents\RestAssured\API\target\test-classes;C:\Users\deecm\Documents\RestAssured\API\target\classes;C:\Users\deecm\.m2\repository\io\rest-assured\rest-assured\5.5.0\rest-assured-5.5.0.jar;C:\Users\deecm\.m2\repository\org\apache\groovy\groovy\4.0.22\groovy-4.0.22.jar;C:\Users\deecm\.m2\repository\org\apache\groovy\groovy-xml\4.0.22\groovy-xml-4.0.22.jar;C:\Users\deecm\.m2\repository\org\apache\httpcomponents\httpclient\4.5.13\httpclient-4.5.13.jar;C:\Users\deecm\.m2\repository\org\apache\httpcomponents\httpcore\4.4.13\httpcore-4.4.13.jar;C:\Users\deecm\.m2\repository\commons-logging\commons-logging\1.2\commons-logging-1.2.jar;C:\Users\deecm\.m2\repository\commons-codec\commons-codec\1.11\commons-codec-1.11.jar;C:\Users\deecm\.m2\repository\org\apache\httpcomponents\httpmime\4.5.13\httpmime-4.5.13.jar;C:\Users\deecm\.m2\repository\org\hamcrest\hamcrest\2.2\hamcrest-2.2.jar;C:\Users\deecm\.m2\repository\org\ccil\cowan\tagsoup\tagsoup\1.2.1\tagsoup-1.2.1.jar;C:\Users\deecm\.m2\repository\io\rest-assured\json-path\5.5.0\json-path-5.5.0.jar;C:\Users\deecm\.m2\repository\org\apache\groovy\groovy-json\4.0.22\groovy-json-4.0.22.jar;C:\Users\deecm\.m2\repository\io\rest-assured\rest-assured-common\5.5.0\rest-assured-common-5.5.0.jar;C:\Users\deecm\.m2\repository\io\rest-assured\xml-path\5.5.0\xml-path-5.5.0.jar;C:\Users\deecm\.m2\repository\org\apache\commons\commons-lang3\3.11\commons-lang3-3.11.jar;C:\Users\deecm\.m2\repository\io\cucumber\cucumber-java\7.18.1\cucumber-java-7.18.1.jar;C:\Users\deecm\.m2\repository\io\cucumber\cucumber-core\7.18.1\cucumber-core-7.18.1.jar;C:\Users\deecm\.m2\repository\io\cucumber\cucumber-gherkin\7.18.1\cucumber-gherkin-7.18.1.jar;C:\Users\deecm\.m2\repository\io\cucumber\cucumber-gherkin-messages\7.18.1\cucumber-gherkin-messages-7.18.1.jar;C:\Users\deecm\.m2\repository\io\cucumber\gherkin\28.0.0\gherkin-28.0.0.jar;C:\Users\deecm\.m2\repository\io\cucumber\messages\24.1.0\messages-24.1.0.jar;C:\Users\deecm\.m2\repository\io\cucumber\testng-xml-formatter\0.2.0\testng-xml-formatter-0.2.0.jar;C:\Users\deecm\.m2\repository\io\cucumber\query\12.2.0\query-12.2.0.jar;C:\Users\deecm\.m2\repository\io\cucumber\tag-expressions\6.1.0\tag-expressions-6.1.0.jar;C:\Users\deecm\.m2\repository\io\cucumber\cucumber-expressions\17.1.0\cucumber-expressions-17.1.0.jar;C:\Users\deecm\.m2\repository\io\cucumber\datatable\7.18.1\datatable-7.18.1.jar;C:\Users\deecm\.m2\repository\io\cucumber\cucumber-plugin\7.18.1\cucumber-plugin-7.18.1.jar;C:\Users\deecm\.m2\repository\io\cucumber\docstring\7.18.1\docstring-7.18.1.jar;C:\Users\deecm\.m2\repository\io\cucumber\html-formatter\21.4.1\html-formatter-21.4.1.jar;C:\Users\deecm\.m2\repository\io\cucumber\junit-xml-formatter\0.5.0\junit-xml-formatter-0.5.0.jar;C:\Users\deecm\.m2\repository\io\cucumber\ci-environment\10.0.1\ci-environment-10.0.1.jar;C:\Users\deecm\.m2\repository\org\apiguardian\apiguardian-api\1.1.2\apiguardian-api-1.1.2.jar;C:\Users\deecm\.m2\repository\io\cucumber\cucumber-junit\7.18.1\cucumber-junit-7.18.1.jar;C:\Users\deecm\.m2\repository\junit\junit\4.13.2\junit-4.13.2.jar;C:\Users\deecm\.m2\repository\org\hamcrest\hamcrest-core\1.3\hamcrest-core-1.3.jar;C:\Users\deecm\.m2\repository\com\fasterxml\jackson\core\jackson-databind\2.17.2\jackson-databind-2.17.2.jar;C:\Users\deecm\.m2\repository\com\fasterxml\jackson\core\jackson-annotations\2.17.2\jackson-annotations-2.17.2.jar;C:\Users\deecm\.m2\repository\com\fasterxml\jackson\core\jackson-core\2.17.2\jackson-core-2.17.2.jar;"/>
    <property name="sun.cpu.endian" value="little"/>
    <property name="user.home" value="C:\Users\deecm"/>
    <property name="user.language" value="en"/>
    <property name="java.specification.vendor" value="Oracle Corporation"/>
    <property name="java.version.date" value="2024-07-16"/>
    <property name="java.home" value="C:\Program Files\Java\jdk-21"/>
    <property name="file.separator" value="\"/>
    <property name="basedir" value="C:\Users\deecm\Documents\RestAssured\API"/>
    <property name="java.vm.compressedOopsMode" value="Zero based"/>
    <property name="line.separator" value="&#10;"/>
    <property name="java.vm.specification.vendor" value="Oracle Corporation"/>
    <property name="java.specification.name" value="Java Platform API Specification"/>
    <property name="surefire.real.class.path" value="C:\Users\deecm\AppData\Local\Temp\surefire12653833129819300118\surefirebooter-20240922065639591_3.jar"/>
    <property name="user.script" value=""/>
    <property name="sun.management.compiler" value="HotSpot 64-Bit Tiered Compilers"/>
    <property name="java.runtime.version" value="21.0.4+8-LTS-274"/>
    <property name="user.name" value="deecm"/>
    <property name="stdout.encoding" value="Cp1252"/>
    <property name="path.separator" value=";"/>
    <property name="os.version" value="10.0"/>
    <property name="java.runtime.name" value="Java(TM) SE Runtime Environment"/>
    <property name="file.encoding" value="UTF-8"/>
    <property name="java.vm.name" value="Java HotSpot(TM) 64-Bit Server VM"/>
    <property name="localRepository" value="C:\Users\deecm\.m2\repository"/>
    <property name="java.vendor.url.bug" value="https://bugreport.java.com/bugreport/"/>
    <property name="java.io.tmpdir" value="C:\Users\deecm\AppData\Local\Temp\"/>
    <property name="java.version" value="21.0.4"/>
    <property name="user.dir" value="C:\Users\deecm\Documents\RestAssured\API"/>
    <property name="os.arch" value="amd64"/>
    <property name="java.vm.specification.name" value="Java Virtual Machine Specification"/>
    <property name="sun.os.patch.level" value=""/>
    <property name="native.encoding" value="Cp1252"/>
    <property name="java.library.path" value="C:\Program Files\Java\jdk-21\bin;C:\WINDOWS\Sun\Java\bin;C:\WINDOWS\system32;C:\WINDOWS;C:\Program Files\Common Files\Oracle\Java\javapath;C:\Program Files\Java\jdk-21\bin;C:\Program Files\WindowsPowerShell\Scripts\HP.ClientScriptLibrary;C:\Program Files\dotnet\;C:\Program Files\nodejs\;C:\Program Files (x86)\CheckPoint\Endpoint Security\Endpoint Common\bin;C:\Program Files\apache-maven-3.9.9\bin;C:\Program Files\Git\cmd;C:\Program Files\MySQL\MySQL Shell 8.0\bin\;C:\Users\deecm\AppData\Local\Microsoft\WindowsApps;;C:\Users\deecm\Documents\Cypress\Microsoft VS Code\bin;C:\Users\deecm\AppData\Local\Programs\Azure Data Studio\bin;C:\Users\deecm\AppData\Roaming\npm;."/>
    <property name="java.vm.info" value="mixed mode, sharing"/>
    <property name="stderr.encoding" value="Cp1252"/>
    <property name="java.vendor" value="Oracle Corporation"/>
    <property name="java.vm.version" value="21.0.4+8-LTS-274"/>
    <property name="sun.io.unicode.encoding" value="UnicodeLittle"/>
    <property name="java.class.version" value="65.0"/>
  </properties>
  <testcase name="Verify Count is above zero for every JSON object where Symbol contains XRP and firstId is above zero" classname="Validating Ticker API and verifying it&apos;s response" time="1869.689">
    <system-out><![CDATA[Response size: 2744
Symbol does not contain XRP, Symbol =  ETHBTC
Symbol does not contain XRP, Symbol =  LTCBTC
Symbol does not contain XRP, Symbol =  BNBBTC
Symbol does not contain XRP, Symbol =  NEOBTC
Symbol does not contain XRP, Symbol =  QTUMETH
Symbol does not contain XRP, Symbol =  EOSETH
Symbol does not contain XRP, Symbol =  SNTETH
Symbol does not contain XRP, Symbol =  BNTETH
Symbol does not contain XRP, Symbol =  BCCBTC
FirstId is not above 0, Symbol = BCCBTC
Count is not above 0, Symbol = BCCBTC
Symbol does not contain XRP, Symbol =  GASBTC
Symbol does not contain XRP, Symbol =  BNBETH
Symbol does not contain XRP, Symbol =  BTCUSDT
Symbol does not contain XRP, Symbol =  ETHUSDT
Symbol does not contain XRP, Symbol =  HSRBTC
FirstId is not above 0, Symbol = HSRBTC
Count is not above 0, Symbol = HSRBTC
Symbol does not contain XRP, Symbol =  OAXETH
FirstId is not above 0, Symbol = OAXETH
Count is not above 0, Symbol = OAXETH
Symbol does not contain XRP, Symbol =  DNTETH
FirstId is not above 0, Symbol = DNTETH
Count is not above 0, Symbol = DNTETH
Symbol does not contain XRP, Symbol =  MCOETH
FirstId is not above 0, Symbol = MCOETH
Count is not above 0, Symbol = MCOETH
Symbol does not contain XRP, Symbol =  ICNETH
FirstId is not above 0, Symbol = ICNETH
Count is not above 0, Symbol = ICNETH
Symbol does not contain XRP, Symbol =  MCOBTC
FirstId is not above 0, Symbol = MCOBTC
Count is not above 0, Symbol = MCOBTC
Symbol does not contain XRP, Symbol =  WTCBTC
FirstId is not above 0, Symbol = WTCBTC
Count is not above 0, Symbol = WTCBTC
Symbol does not contain XRP, Symbol =  WTCETH
FirstId is not above 0, Symbol = WTCETH
Count is not above 0, Symbol = WTCETH
Symbol does not contain XRP, Symbol =  LRCBTC
Symbol does not contain XRP, Symbol =  LRCETH
Symbol does not contain XRP, Symbol =  QTUMBTC
Symbol does not contain XRP, Symbol =  YOYOBTC
FirstId is not above 0, Symbol = YOYOBTC
Count is not above 0, Symbol = YOYOBTC
Symbol does not contain XRP, Symbol =  OMGBTC
FirstId is not above 0, Symbol = OMGBTC
Count is not above 0, Symbol = OMGBTC
Symbol does not contain XRP, Symbol =  OMGETH
FirstId is not above 0, Symbol = OMGETH
Count is not above 0, Symbol = OMGETH
Symbol does not contain XRP, Symbol =  ZRXBTC
Symbol does not contain XRP, Symbol =  ZRXETH
FirstId is not above 0, Symbol = ZRXETH
Count is not above 0, Symbol = ZRXETH
Symbol does not contain XRP, Symbol =  STRATBTC
FirstId is not above 0, Symbol = STRATBTC
Count is not above 0, Symbol = STRATBTC
Symbol does not contain XRP, Symbol =  STRATETH
FirstId is not above 0, Symbol = STRATETH
Count is not above 0, Symbol = STRATETH
Symbol does not contain XRP, Symbol =  SNGLSBTC
FirstId is not above 0, Symbol = SNGLSBTC
Count is not above 0, Symbol = SNGLSBTC
Symbol does not contain XRP, Symbol =  SNGLSETH
FirstId is not above 0, Symbol = SNGLSETH
Count is not above 0, Symbol = SNGLSETH
Symbol does not contain XRP, Symbol =  BQXBTC
FirstId is not above 0, Symbol = BQXBTC
Count is not above 0, Symbol = BQXBTC
Symbol does not contain XRP, Symbol =  BQXETH
FirstId is not above 0, Symbol = BQXETH
Count is not above 0, Symbol = BQXETH
Symbol does not contain XRP, Symbol =  KNCBTC
Symbol does not contain XRP, Symbol =  KNCETH
FirstId is not above 0, Symbol = KNCETH
Count is not above 0, Symbol = KNCETH
Symbol does not contain XRP, Symbol =  FUNBTC
FirstId is not above 0, Symbol = FUNBTC
Count is not above 0, Symbol = FUNBTC
Symbol does not contain XRP, Symbol =  FUNETH
FirstId is not above 0, Symbol = FUNETH
Count is not above 0, Symbol = FUNETH
Symbol does not contain XRP, Symbol =  SNMBTC
FirstId is not above 0, Symbol = SNMBTC
Count is not above 0, Symbol = SNMBTC
Symbol does not contain XRP, Symbol =  SNMETH
FirstId is not above 0, Symbol = SNMETH
Count is not above 0, Symbol = SNMETH
Symbol does not contain XRP, Symbol =  NEOETH
FirstId is not above 0, Symbol = NEOETH
Count is not above 0, Symbol = NEOETH
Symbol does not contain XRP, Symbol =  IOTABTC
Symbol does not contain XRP, Symbol =  IOTAETH
Symbol does not contain XRP, Symbol =  LINKBTC
Symbol does not contain XRP, Symbol =  LINKETH
Symbol does not contain XRP, Symbol =  XVGBTC
FirstId is not above 0, Symbol = XVGBTC
Count is not above 0, Symbol = XVGBTC
Symbol does not contain XRP, Symbol =  XVGETH
Symbol does not contain XRP, Symbol =  SALTBTC
FirstId is not above 0, Symbol = SALTBTC
Count is not above 0, Symbol = SALTBTC
Symbol does not contain XRP, Symbol =  SALTETH
FirstId is not above 0, Symbol = SALTETH
Count is not above 0, Symbol = SALTETH
Symbol does not contain XRP, Symbol =  MDABTC
FirstId is not above 0, Symbol = MDABTC
Count is not above 0, Symbol = MDABTC
Symbol does not contain XRP, Symbol =  MDAETH
FirstId is not above 0, Symbol = MDAETH
Count is not above 0, Symbol = MDAETH
Symbol does not contain XRP, Symbol =  MTLBTC
Symbol does not contain XRP, Symbol =  MTLETH
FirstId is not above 0, Symbol = MTLETH
Count is not above 0, Symbol = MTLETH
Symbol does not contain XRP, Symbol =  SUBBTC
FirstId is not above 0, Symbol = SUBBTC
Count is not above 0, Symbol = SUBBTC
Symbol does not contain XRP, Symbol =  SUBETH
FirstId is not above 0, Symbol = SUBETH
Count is not above 0, Symbol = SUBETH
Symbol does not contain XRP, Symbol =  EOSBTC
Symbol does not contain XRP, Symbol =  SNTBTC
Symbol does not contain XRP, Symbol =  ETCETH
Symbol does not contain XRP, Symbol =  ETCBTC
Symbol does not contain XRP, Symbol =  MTHBTC
FirstId is not above 0, Symbol = MTHBTC
Count is not above 0, Symbol = MTHBTC
Symbol does not contain XRP, Symbol =  MTHETH
FirstId is not above 0, Symbol = MTHETH
Count is not above 0, Symbol = MTHETH
Symbol does not contain XRP, Symbol =  ENGBTC
FirstId is not above 0, Symbol = ENGBTC
Count is not above 0, Symbol = ENGBTC
Symbol does not contain XRP, Symbol =  ENGETH
FirstId is not above 0, Symbol = ENGETH
Count is not above 0, Symbol = ENGETH
Symbol does not contain XRP, Symbol =  DNTBTC
FirstId is not above 0, Symbol = DNTBTC
Count is not above 0, Symbol = DNTBTC
Symbol does not contain XRP, Symbol =  ZECBTC
Symbol does not contain XRP, Symbol =  ZECETH
Symbol does not contain XRP, Symbol =  BNTBTC
Symbol does not contain XRP, Symbol =  ASTBTC
FirstId is not above 0, Symbol = ASTBTC
Count is not above 0, Symbol = ASTBTC
Symbol does not contain XRP, Symbol =  ASTETH
FirstId is not above 0, Symbol = ASTETH
Count is not above 0, Symbol = ASTETH
Symbol does not contain XRP, Symbol =  DASHBTC
Symbol does not contain XRP, Symbol =  DASHETH
Symbol does not contain XRP, Symbol =  OAXBTC
Symbol does not contain XRP, Symbol =  ICNBTC
FirstId is not above 0, Symbol = ICNBTC
Count is not above 0, Symbol = ICNBTC
Symbol does not contain XRP, Symbol =  BTGBTC
FirstId is not above 0, Symbol = BTGBTC
Count is not above 0, Symbol = BTGBTC
Symbol does not contain XRP, Symbol =  BTGETH
FirstId is not above 0, Symbol = BTGETH
Count is not above 0, Symbol = BTGETH
Symbol does not contain XRP, Symbol =  EVXBTC
FirstId is not above 0, Symbol = EVXBTC
Count is not above 0, Symbol = EVXBTC
Symbol does not contain XRP, Symbol =  EVXETH
FirstId is not above 0, Symbol = EVXETH
Count is not above 0, Symbol = EVXETH
Symbol does not contain XRP, Symbol =  REQBTC
Symbol does not contain XRP, Symbol =  REQETH
FirstId is not above 0, Symbol = REQETH
Count is not above 0, Symbol = REQETH
Symbol does not contain XRP, Symbol =  VIBBTC
Symbol does not contain XRP, Symbol =  VIBETH
FirstId is not above 0, Symbol = VIBETH
Count is not above 0, Symbol = VIBETH
Symbol does not contain XRP, Symbol =  HSRETH
FirstId is not above 0, Symbol = HSRETH
Count is not above 0, Symbol = HSRETH
Symbol does not contain XRP, Symbol =  TRXBTC
Symbol does not contain XRP, Symbol =  TRXETH
Symbol does not contain XRP, Symbol =  POWRBTC
Symbol does not contain XRP, Symbol =  POWRETH
Symbol does not contain XRP, Symbol =  ARKBTC
FirstId is not above 0, Symbol = ARKBTC
Count is not above 0, Symbol = ARKBTC
Symbol does not contain XRP, Symbol =  ARKETH
FirstId is not above 0, Symbol = ARKETH
Count is not above 0, Symbol = ARKETH
Symbol does not contain XRP, Symbol =  YOYOETH
FirstId is not above 0, Symbol = YOYOETH
Count is not above 0, Symbol = YOYOETH
Conditions met: XRPBTC
Conditions met: XRPETH
Symbol does not contain XRP, Symbol =  MODBTC
FirstId is not above 0, Symbol = MODBTC
Count is not above 0, Symbol = MODBTC
Symbol does not contain XRP, Symbol =  MODETH
FirstId is not above 0, Symbol = MODETH
Count is not above 0, Symbol = MODETH
Symbol does not contain XRP, Symbol =  ENJBTC
Symbol does not contain XRP, Symbol =  ENJETH
Symbol does not contain XRP, Symbol =  STORJBTC
Symbol does not contain XRP, Symbol =  STORJETH
FirstId is not above 0, Symbol = STORJETH
Count is not above 0, Symbol = STORJETH
Symbol does not contain XRP, Symbol =  BNBUSDT
Symbol does not contain XRP, Symbol =  VENBNB
FirstId is not above 0, Symbol = VENBNB
Count is not above 0, Symbol = VENBNB
Symbol does not contain XRP, Symbol =  YOYOBNB
FirstId is not above 0, Symbol = YOYOBNB
Count is not above 0, Symbol = YOYOBNB
Symbol does not contain XRP, Symbol =  POWRBNB
FirstId is not above 0, Symbol = POWRBNB
Count is not above 0, Symbol = POWRBNB
Symbol does not contain XRP, Symbol =  VENBTC
FirstId is not above 0, Symbol = VENBTC
Count is not above 0, Symbol = VENBTC
Symbol does not contain XRP, Symbol =  VENETH
FirstId is not above 0, Symbol = VENETH
Count is not above 0, Symbol = VENETH
Symbol does not contain XRP, Symbol =  KMDBTC
Symbol does not contain XRP, Symbol =  KMDETH
FirstId is not above 0, Symbol = KMDETH
Count is not above 0, Symbol = KMDETH
Symbol does not contain XRP, Symbol =  NULSBNB
FirstId is not above 0, Symbol = NULSBNB
Count is not above 0, Symbol = NULSBNB
Symbol does not contain XRP, Symbol =  RCNBTC
FirstId is not above 0, Symbol = RCNBTC
Count is not above 0, Symbol = RCNBTC
Symbol does not contain XRP, Symbol =  RCNETH
FirstId is not above 0, Symbol = RCNETH
Count is not above 0, Symbol = RCNETH
Symbol does not contain XRP, Symbol =  RCNBNB
FirstId is not above 0, Symbol = RCNBNB
Count is not above 0, Symbol = RCNBNB
Symbol does not contain XRP, Symbol =  NULSBTC
Symbol does not contain XRP, Symbol =  NULSETH
FirstId is not above 0, Symbol = NULSETH
Count is not above 0, Symbol = NULSETH
Symbol does not contain XRP, Symbol =  RDNBTC
FirstId is not above 0, Symbol = RDNBTC
Count is not above 0, Symbol = RDNBTC
Symbol does not contain XRP, Symbol =  RDNETH
FirstId is not above 0, Symbol = RDNETH
Count is not above 0, Symbol = RDNETH
Symbol does not contain XRP, Symbol =  RDNBNB
FirstId is not above 0, Symbol = RDNBNB
Count is not above 0, Symbol = RDNBNB
Symbol does not contain XRP, Symbol =  XMRBTC
FirstId is not above 0, Symbol = XMRBTC
Count is not above 0, Symbol = XMRBTC
Symbol does not contain XRP, Symbol =  XMRETH
FirstId is not above 0, Symbol = XMRETH
Count is not above 0, Symbol = XMRETH
Symbol does not contain XRP, Symbol =  DLTBNB
FirstId is not above 0, Symbol = DLTBNB
Count is not above 0, Symbol = DLTBNB
Symbol does not contain XRP, Symbol =  WTCBNB
FirstId is not above 0, Symbol = WTCBNB
Count is not above 0, Symbol = WTCBNB
Symbol does not contain XRP, Symbol =  DLTBTC
FirstId is not above 0, Symbol = DLTBTC
Count is not above 0, Symbol = DLTBTC
Symbol does not contain XRP, Symbol =  DLTETH
FirstId is not above 0, Symbol = DLTETH
Count is not above 0, Symbol = DLTETH
Symbol does not contain XRP, Symbol =  AMBBTC
FirstId is not above 0, Symbol = AMBBTC
Count is not above 0, Symbol = AMBBTC
Symbol does not contain XRP, Symbol =  AMBETH
FirstId is not above 0, Symbol = AMBETH
Count is not above 0, Symbol = AMBETH
Symbol does not contain XRP, Symbol =  AMBBNB
FirstId is not above 0, Symbol = AMBBNB
Count is not above 0, Symbol = AMBBNB
Symbol does not contain XRP, Symbol =  BCCETH
FirstId is not above 0, Symbol = BCCETH
Count is not above 0, Symbol = BCCETH
Symbol does not contain XRP, Symbol =  BCCUSDT
FirstId is not above 0, Symbol = BCCUSDT
Count is not above 0, Symbol = BCCUSDT
Symbol does not contain XRP, Symbol =  BCCBNB
FirstId is not above 0, Symbol = BCCBNB
Count is not above 0, Symbol = BCCBNB
Symbol does not contain XRP, Symbol =  BATBTC
Symbol does not contain XRP, Symbol =  BATETH
FirstId is not above 0, Symbol = BATETH
Count is not above 0, Symbol = BATETH
Symbol does not contain XRP, Symbol =  BATBNB
FirstId is not above 0, Symbol = BATBNB
Count is not above 0, Symbol = BATBNB
Symbol does not contain XRP, Symbol =  BCPTBTC
FirstId is not above 0, Symbol = BCPTBTC
Count is not above 0, Symbol = BCPTBTC
Symbol does not contain XRP, Symbol =  BCPTETH
FirstId is not above 0, Symbol = BCPTETH
Count is not above 0, Symbol = BCPTETH
Symbol does not contain XRP, Symbol =  BCPTBNB
FirstId is not above 0, Symbol = BCPTBNB
Count is not above 0, Symbol = BCPTBNB
Symbol does not contain XRP, Symbol =  ARNBTC
FirstId is not above 0, Symbol = ARNBTC
Count is not above 0, Symbol = ARNBTC
Symbol does not contain XRP, Symbol =  ARNETH
FirstId is not above 0, Symbol = ARNETH
Count is not above 0, Symbol = ARNETH
Symbol does not contain XRP, Symbol =  GVTBTC
FirstId is not above 0, Symbol = GVTBTC
Count is not above 0, Symbol = GVTBTC
Symbol does not contain XRP, Symbol =  GVTETH
FirstId is not above 0, Symbol = GVTETH
Count is not above 0, Symbol = GVTETH
Symbol does not contain XRP, Symbol =  CDTBTC
FirstId is not above 0, Symbol = CDTBTC
Count is not above 0, Symbol = CDTBTC
Symbol does not contain XRP, Symbol =  CDTETH
FirstId is not above 0, Symbol = CDTETH
Count is not above 0, Symbol = CDTETH
Symbol does not contain XRP, Symbol =  GXSBTC
FirstId is not above 0, Symbol = GXSBTC
Count is not above 0, Symbol = GXSBTC
Symbol does not contain XRP, Symbol =  GXSETH
FirstId is not above 0, Symbol = GXSETH
Count is not above 0, Symbol = GXSETH
Symbol does not contain XRP, Symbol =  NEOUSDT
Symbol does not contain XRP, Symbol =  NEOBNB
FirstId is not above 0, Symbol = NEOBNB
Count is not above 0, Symbol = NEOBNB
Symbol does not contain XRP, Symbol =  POEBTC
FirstId is not above 0, Symbol = POEBTC
Count is not above 0, Symbol = POEBTC
Symbol does not contain XRP, Symbol =  POEETH
FirstId is not above 0, Symbol = POEETH
Count is not above 0, Symbol = POEETH
Symbol does not contain XRP, Symbol =  QSPBTC
FirstId is not above 0, Symbol = QSPBTC
Count is not above 0, Symbol = QSPBTC
Symbol does not contain XRP, Symbol =  QSPETH
FirstId is not above 0, Symbol = QSPETH
Count is not above 0, Symbol = QSPETH
Symbol does not contain XRP, Symbol =  QSPBNB
FirstId is not above 0, Symbol = QSPBNB
Count is not above 0, Symbol = QSPBNB
Symbol does not contain XRP, Symbol =  BTSBTC
FirstId is not above 0, Symbol = BTSBTC
Count is not above 0, Symbol = BTSBTC
Symbol does not contain XRP, Symbol =  BTSETH
FirstId is not above 0, Symbol = BTSETH
Count is not above 0, Symbol = BTSETH
Symbol does not contain XRP, Symbol =  BTSBNB
FirstId is not above 0, Symbol = BTSBNB
Count is not above 0, Symbol = BTSBNB
Symbol does not contain XRP, Symbol =  XZCBTC
FirstId is not above 0, Symbol = XZCBTC
Count is not above 0, Symbol = XZCBTC
Symbol does not contain XRP, Symbol =  XZCETH
FirstId is not above 0, Symbol = XZCETH
Count is not above 0, Symbol = XZCETH
Symbol does not contain XRP, Symbol =  XZCBNB
FirstId is not above 0, Symbol = XZCBNB
Count is not above 0, Symbol = XZCBNB
Symbol does not contain XRP, Symbol =  LSKBTC
Symbol does not contain XRP, Symbol =  LSKETH
Symbol does not contain XRP, Symbol =  LSKBNB
FirstId is not above 0, Symbol = LSKBNB
Count is not above 0, Symbol = LSKBNB
Symbol does not contain XRP, Symbol =  TNTBTC
FirstId is not above 0, Symbol = TNTBTC
Count is not above 0, Symbol = TNTBTC
Symbol does not contain XRP, Symbol =  TNTETH
FirstId is not above 0, Symbol = TNTETH
Count is not above 0, Symbol = TNTETH
Symbol does not contain XRP, Symbol =  FUELBTC
FirstId is not above 0, Symbol = FUELBTC
Count is not above 0, Symbol = FUELBTC
Symbol does not contain XRP, Symbol =  FUELETH
FirstId is not above 0, Symbol = FUELETH
Count is not above 0, Symbol = FUELETH
Symbol does not contain XRP, Symbol =  MANABTC
Symbol does not contain XRP, Symbol =  MANAETH
Symbol does not contain XRP, Symbol =  BCDBTC
FirstId is not above 0, Symbol = BCDBTC
Count is not above 0, Symbol = BCDBTC
Symbol does not contain XRP, Symbol =  BCDETH
FirstId is not above 0, Symbol = BCDETH
Count is not above 0, Symbol = BCDETH
Symbol does not contain XRP, Symbol =  DGDBTC
FirstId is not above 0, Symbol = DGDBTC
Count is not above 0, Symbol = DGDBTC
Symbol does not contain XRP, Symbol =  DGDETH
FirstId is not above 0, Symbol = DGDETH
Count is not above 0, Symbol = DGDETH
Symbol does not contain XRP, Symbol =  IOTABNB
FirstId is not above 0, Symbol = IOTABNB
Count is not above 0, Symbol = IOTABNB
Symbol does not contain XRP, Symbol =  ADXBTC
Symbol does not contain XRP, Symbol =  ADXETH
Symbol does not contain XRP, Symbol =  ADXBNB
FirstId is not above 0, Symbol = ADXBNB
Count is not above 0, Symbol = ADXBNB
Symbol does not contain XRP, Symbol =  ADABTC
Symbol does not contain XRP, Symbol =  ADAETH
Symbol does not contain XRP, Symbol =  PPTBTC
FirstId is not above 0, Symbol = PPTBTC
Count is not above 0, Symbol = PPTBTC
Symbol does not contain XRP, Symbol =  PPTETH
FirstId is not above 0, Symbol = PPTETH
Count is not above 0, Symbol = PPTETH
Symbol does not contain XRP, Symbol =  CMTBTC
FirstId is not above 0, Symbol = CMTBTC
Count is not above 0, Symbol = CMTBTC
Symbol does not contain XRP, Symbol =  CMTETH
FirstId is not above 0, Symbol = CMTETH
Count is not above 0, Symbol = CMTETH
Symbol does not contain XRP, Symbol =  CMTBNB
FirstId is not above 0, Symbol = CMTBNB
Count is not above 0, Symbol = CMTBNB
Symbol does not contain XRP, Symbol =  XLMBTC
Symbol does not contain XRP, Symbol =  XLMETH
Symbol does not contain XRP, Symbol =  XLMBNB
FirstId is not above 0, Symbol = XLMBNB
Count is not above 0, Symbol = XLMBNB
Symbol does not contain XRP, Symbol =  CNDBTC
FirstId is not above 0, Symbol = CNDBTC
Count is not above 0, Symbol = CNDBTC
Symbol does not contain XRP, Symbol =  CNDETH
FirstId is not above 0, Symbol = CNDETH
Count is not above 0, Symbol = CNDETH
Symbol does not contain XRP, Symbol =  CNDBNB
FirstId is not above 0, Symbol = CNDBNB
Count is not above 0, Symbol = CNDBNB
Symbol does not contain XRP, Symbol =  LENDBTC
FirstId is not above 0, Symbol = LENDBTC
Count is not above 0, Symbol = LENDBTC
Symbol does not contain XRP, Symbol =  LENDETH
FirstId is not above 0, Symbol = LENDETH
Count is not above 0, Symbol = LENDETH
Symbol does not contain XRP, Symbol =  WABIBTC
FirstId is not above 0, Symbol = WABIBTC
Count is not above 0, Symbol = WABIBTC
Symbol does not contain XRP, Symbol =  WABIETH
FirstId is not above 0, Symbol = WABIETH
Count is not above 0, Symbol = WABIETH
Symbol does not contain XRP, Symbol =  WABIBNB
FirstId is not above 0, Symbol = WABIBNB
Count is not above 0, Symbol = WABIBNB
Symbol does not contain XRP, Symbol =  LTCETH
Symbol does not contain XRP, Symbol =  LTCUSDT
Symbol does not contain XRP, Symbol =  LTCBNB
Symbol does not contain XRP, Symbol =  TNBBTC
FirstId is not above 0, Symbol = TNBBTC
Count is not above 0, Symbol = TNBBTC
Symbol does not contain XRP, Symbol =  TNBETH
FirstId is not above 0, Symbol = TNBETH
Count is not above 0, Symbol = TNBETH
Symbol does not contain XRP, Symbol =  WAVESBTC
FirstId is not above 0, Symbol = WAVESBTC
Count is not above 0, Symbol = WAVESBTC
Symbol does not contain XRP, Symbol =  WAVESETH
FirstId is not above 0, Symbol = WAVESETH
Count is not above 0, Symbol = WAVESETH
Symbol does not contain XRP, Symbol =  WAVESBNB
FirstId is not above 0, Symbol = WAVESBNB
Count is not above 0, Symbol = WAVESBNB
Symbol does not contain XRP, Symbol =  GTOBTC
FirstId is not above 0, Symbol = GTOBTC
Count is not above 0, Symbol = GTOBTC
Symbol does not contain XRP, Symbol =  GTOETH
FirstId is not above 0, Symbol = GTOETH
Count is not above 0, Symbol = GTOETH
Symbol does not contain XRP, Symbol =  GTOBNB
FirstId is not above 0, Symbol = GTOBNB
Count is not above 0, Symbol = GTOBNB
Symbol does not contain XRP, Symbol =  ICXBTC
Symbol does not contain XRP, Symbol =  ICXETH
FirstId is not above 0, Symbol = ICXETH
Count is not above 0, Symbol = ICXETH
Symbol does not contain XRP, Symbol =  ICXBNB
FirstId is not above 0, Symbol = ICXBNB
Count is not above 0, Symbol = ICXBNB
Symbol does not contain XRP, Symbol =  OSTBTC
FirstId is not above 0, Symbol = OSTBTC
Count is not above 0, Symbol = OSTBTC
Symbol does not contain XRP, Symbol =  OSTETH
FirstId is not above 0, Symbol = OSTETH
Count is not above 0, Symbol = OSTETH
Symbol does not contain XRP, Symbol =  OSTBNB
FirstId is not above 0, Symbol = OSTBNB
Count is not above 0, Symbol = OSTBNB
Symbol does not contain XRP, Symbol =  ELFBTC
Symbol does not contain XRP, Symbol =  ELFETH
Symbol does not contain XRP, Symbol =  AIONBTC
FirstId is not above 0, Symbol = AIONBTC
Count is not above 0, Symbol = AIONBTC
Symbol does not contain XRP, Symbol =  AIONETH
FirstId is not above 0, Symbol = AIONETH
Count is not above 0, Symbol = AIONETH
Symbol does not contain XRP, Symbol =  AIONBNB
FirstId is not above 0, Symbol = AIONBNB
Count is not above 0, Symbol = AIONBNB
Symbol does not contain XRP, Symbol =  NEBLBTC
FirstId is not above 0, Symbol = NEBLBTC
Count is not above 0, Symbol = NEBLBTC
Symbol does not contain XRP, Symbol =  NEBLBNB
FirstId is not above 0, Symbol = NEBLBNB
Count is not above 0, Symbol = NEBLBNB
Symbol does not contain XRP, Symbol =  BRDBTC
FirstId is not above 0, Symbol = BRDBTC
Count is not above 0, Symbol = BRDBTC
Symbol does not contain XRP, Symbol =  BRDETH
FirstId is not above 0, Symbol = BRDETH
Count is not above 0, Symbol = BRDETH
Symbol does not contain XRP, Symbol =  BRDBNB
FirstId is not above 0, Symbol = BRDBNB
Count is not above 0, Symbol = BRDBNB
Symbol does not contain XRP, Symbol =  MCOBNB
FirstId is not above 0, Symbol = MCOBNB
Count is not above 0, Symbol = MCOBNB
Symbol does not contain XRP, Symbol =  EDOBTC
FirstId is not above 0, Symbol = EDOBTC
Count is not above 0, Symbol = EDOBTC
Symbol does not contain XRP, Symbol =  EDOETH
FirstId is not above 0, Symbol = EDOETH
Count is not above 0, Symbol = EDOETH
Symbol does not contain XRP, Symbol =  WINGSBTC
FirstId is not above 0, Symbol = WINGSBTC
Count is not above 0, Symbol = WINGSBTC
Symbol does not contain XRP, Symbol =  WINGSETH
FirstId is not above 0, Symbol = WINGSETH
Count is not above 0, Symbol = WINGSETH
Symbol does not contain XRP, Symbol =  NAVBTC
FirstId is not above 0, Symbol = NAVBTC
Count is not above 0, Symbol = NAVBTC
Symbol does not contain XRP, Symbol =  NAVETH
FirstId is not above 0, Symbol = NAVETH
Count is not above 0, Symbol = NAVETH
Symbol does not contain XRP, Symbol =  NAVBNB
FirstId is not above 0, Symbol = NAVBNB
Count is not above 0, Symbol = NAVBNB
Symbol does not contain XRP, Symbol =  LUNBTC
FirstId is not above 0, Symbol = LUNBTC
Count is not above 0, Symbol = LUNBTC
Symbol does not contain XRP, Symbol =  LUNETH
FirstId is not above 0, Symbol = LUNETH
Count is not above 0, Symbol = LUNETH
Symbol does not contain XRP, Symbol =  TRIGBTC
FirstId is not above 0, Symbol = TRIGBTC
Count is not above 0, Symbol = TRIGBTC
Symbol does not contain XRP, Symbol =  TRIGETH
FirstId is not above 0, Symbol = TRIGETH
Count is not above 0, Symbol = TRIGETH
Symbol does not contain XRP, Symbol =  TRIGBNB
FirstId is not above 0, Symbol = TRIGBNB
Count is not above 0, Symbol = TRIGBNB
Symbol does not contain XRP, Symbol =  APPCBTC
FirstId is not above 0, Symbol = APPCBTC
Count is not above 0, Symbol = APPCBTC
Symbol does not contain XRP, Symbol =  APPCETH
FirstId is not above 0, Symbol = APPCETH
Count is not above 0, Symbol = APPCETH
Symbol does not contain XRP, Symbol =  APPCBNB
FirstId is not above 0, Symbol = APPCBNB
Count is not above 0, Symbol = APPCBNB
Symbol does not contain XRP, Symbol =  VIBEBTC
FirstId is not above 0, Symbol = VIBEBTC
Count is not above 0, Symbol = VIBEBTC
Symbol does not contain XRP, Symbol =  VIBEETH
FirstId is not above 0, Symbol = VIBEETH
Count is not above 0, Symbol = VIBEETH
Symbol does not contain XRP, Symbol =  RLCBTC
Symbol does not contain XRP, Symbol =  RLCETH
Symbol does not contain XRP, Symbol =  RLCBNB
FirstId is not above 0, Symbol = RLCBNB
Count is not above 0, Symbol = RLCBNB
Symbol does not contain XRP, Symbol =  INSBTC
FirstId is not above 0, Symbol = INSBTC
Count is not above 0, Symbol = INSBTC
Symbol does not contain XRP, Symbol =  INSETH
FirstId is not above 0, Symbol = INSETH
Count is not above 0, Symbol = INSETH
Symbol does not contain XRP, Symbol =  PIVXBTC
Symbol does not contain XRP, Symbol =  PIVXBNB
FirstId is not above 0, Symbol = PIVXBNB
Count is not above 0, Symbol = PIVXBNB
Symbol does not contain XRP, Symbol =  IOSTBTC
FirstId is not above 0, Symbol = IOSTBTC
Count is not above 0, Symbol = IOSTBTC
Symbol does not contain XRP, Symbol =  IOSTETH
FirstId is not above 0, Symbol = IOSTETH
Count is not above 0, Symbol = IOSTETH
Symbol does not contain XRP, Symbol =  CHATBTC
FirstId is not above 0, Symbol = CHATBTC
Count is not above 0, Symbol = CHATBTC
Symbol does not contain XRP, Symbol =  CHATETH
FirstId is not above 0, Symbol = CHATETH
Count is not above 0, Symbol = CHATETH
Symbol does not contain XRP, Symbol =  STEEMBTC
Symbol does not contain XRP, Symbol =  STEEMETH
Symbol does not contain XRP, Symbol =  STEEMBNB
FirstId is not above 0, Symbol = STEEMBNB
Count is not above 0, Symbol = STEEMBNB
Symbol does not contain XRP, Symbol =  NANOBTC
FirstId is not above 0, Symbol = NANOBTC
Count is not above 0, Symbol = NANOBTC
Symbol does not contain XRP, Symbol =  NANOETH
FirstId is not above 0, Symbol = NANOETH
Count is not above 0, Symbol = NANOETH
Symbol does not contain XRP, Symbol =  NANOBNB
FirstId is not above 0, Symbol = NANOBNB
Count is not above 0, Symbol = NANOBNB
Symbol does not contain XRP, Symbol =  VIABTC
FirstId is not above 0, Symbol = VIABTC
Count is not above 0, Symbol = VIABTC
Symbol does not contain XRP, Symbol =  VIAETH
FirstId is not above 0, Symbol = VIAETH
Count is not above 0, Symbol = VIAETH
Symbol does not contain XRP, Symbol =  VIABNB
FirstId is not above 0, Symbol = VIABNB
Count is not above 0, Symbol = VIABNB
Symbol does not contain XRP, Symbol =  BLZBTC
Symbol does not contain XRP, Symbol =  BLZETH
FirstId is not above 0, Symbol = BLZETH
Count is not above 0, Symbol = BLZETH
Symbol does not contain XRP, Symbol =  BLZBNB
FirstId is not above 0, Symbol = BLZBNB
Count is not above 0, Symbol = BLZBNB
Symbol does not contain XRP, Symbol =  AEBTC
FirstId is not above 0, Symbol = AEBTC
Count is not above 0, Symbol = AEBTC
Symbol does not contain XRP, Symbol =  AEETH
FirstId is not above 0, Symbol = AEETH
Count is not above 0, Symbol = AEETH
Symbol does not contain XRP, Symbol =  AEBNB
FirstId is not above 0, Symbol = AEBNB
Count is not above 0, Symbol = AEBNB
Symbol does not contain XRP, Symbol =  RPXBTC
FirstId is not above 0, Symbol = RPXBTC
Count is not above 0, Symbol = RPXBTC
Symbol does not contain XRP, Symbol =  RPXETH
FirstId is not above 0, Symbol = RPXETH
Count is not above 0, Symbol = RPXETH
Symbol does not contain XRP, Symbol =  RPXBNB
FirstId is not above 0, Symbol = RPXBNB
Count is not above 0, Symbol = RPXBNB
Symbol does not contain XRP, Symbol =  NCASHBTC
FirstId is not above 0, Symbol = NCASHBTC
Count is not above 0, Symbol = NCASHBTC
Symbol does not contain XRP, Symbol =  NCASHETH
FirstId is not above 0, Symbol = NCASHETH
Count is not above 0, Symbol = NCASHETH
Symbol does not contain XRP, Symbol =  NCASHBNB
FirstId is not above 0, Symbol = NCASHBNB
Count is not above 0, Symbol = NCASHBNB
Symbol does not contain XRP, Symbol =  POABTC
FirstId is not above 0, Symbol = POABTC
Count is not above 0, Symbol = POABTC
Symbol does not contain XRP, Symbol =  POAETH
FirstId is not above 0, Symbol = POAETH
Count is not above 0, Symbol = POAETH
Symbol does not contain XRP, Symbol =  POABNB
FirstId is not above 0, Symbol = POABNB
Count is not above 0, Symbol = POABNB
Symbol does not contain XRP, Symbol =  ZILBTC
Symbol does not contain XRP, Symbol =  ZILETH
Symbol does not contain XRP, Symbol =  ZILBNB
FirstId is not above 0, Symbol = ZILBNB
Count is not above 0, Symbol = ZILBNB
Symbol does not contain XRP, Symbol =  ONTBTC
Symbol does not contain XRP, Symbol =  ONTETH
FirstId is not above 0, Symbol = ONTETH
Count is not above 0, Symbol = ONTETH
Symbol does not contain XRP, Symbol =  ONTBNB
FirstId is not above 0, Symbol = ONTBNB
Count is not above 0, Symbol = ONTBNB
Symbol does not contain XRP, Symbol =  STORMBTC
FirstId is not above 0, Symbol = STORMBTC
Count is not above 0, Symbol = STORMBTC
Symbol does not contain XRP, Symbol =  STORMETH
FirstId is not above 0, Symbol = STORMETH
Count is not above 0, Symbol = STORMETH
Symbol does not contain XRP, Symbol =  STORMBNB
FirstId is not above 0, Symbol = STORMBNB
Count is not above 0, Symbol = STORMBNB
Symbol does not contain XRP, Symbol =  QTUMBNB
FirstId is not above 0, Symbol = QTUMBNB
Count is not above 0, Symbol = QTUMBNB
Symbol does not contain XRP, Symbol =  QTUMUSDT
Symbol does not contain XRP, Symbol =  XEMBTC
FirstId is not above 0, Symbol = XEMBTC
Count is not above 0, Symbol = XEMBTC
Symbol does not contain XRP, Symbol =  XEMETH
FirstId is not above 0, Symbol = XEMETH
Count is not above 0, Symbol = XEMETH
Symbol does not contain XRP, Symbol =  XEMBNB
FirstId is not above 0, Symbol = XEMBNB
Count is not above 0, Symbol = XEMBNB
Symbol does not contain XRP, Symbol =  WANBTC
Symbol does not contain XRP, Symbol =  WANETH
FirstId is not above 0, Symbol = WANETH
Count is not above 0, Symbol = WANETH
Symbol does not contain XRP, Symbol =  WANBNB
FirstId is not above 0, Symbol = WANBNB
Count is not above 0, Symbol = WANBNB
Symbol does not contain XRP, Symbol =  WPRBTC
FirstId is not above 0, Symbol = WPRBTC
Count is not above 0, Symbol = WPRBTC
Symbol does not contain XRP, Symbol =  WPRETH
FirstId is not above 0, Symbol = WPRETH
Count is not above 0, Symbol = WPRETH
Symbol does not contain XRP, Symbol =  QLCBTC
FirstId is not above 0, Symbol = QLCBTC
Count is not above 0, Symbol = QLCBTC
Symbol does not contain XRP, Symbol =  QLCETH
FirstId is not above 0, Symbol = QLCETH
Count is not above 0, Symbol = QLCETH
Symbol does not contain XRP, Symbol =  SYSBTC
Symbol does not contain XRP, Symbol =  SYSETH
FirstId is not above 0, Symbol = SYSETH
Count is not above 0, Symbol = SYSETH
Symbol does not contain XRP, Symbol =  SYSBNB
FirstId is not above 0, Symbol = SYSBNB
Count is not above 0, Symbol = SYSBNB
Symbol does not contain XRP, Symbol =  QLCBNB
FirstId is not above 0, Symbol = QLCBNB
Count is not above 0, Symbol = QLCBNB
Symbol does not contain XRP, Symbol =  GRSBTC
FirstId is not above 0, Symbol = GRSBTC
Count is not above 0, Symbol = GRSBTC
Symbol does not contain XRP, Symbol =  GRSETH
FirstId is not above 0, Symbol = GRSETH
Count is not above 0, Symbol = GRSETH
Symbol does not contain XRP, Symbol =  ADAUSDT
Symbol does not contain XRP, Symbol =  ADABNB
Symbol does not contain XRP, Symbol =  CLOAKBTC
FirstId is not above 0, Symbol = CLOAKBTC
Count is not above 0, Symbol = CLOAKBTC
Symbol does not contain XRP, Symbol =  CLOAKETH
FirstId is not above 0, Symbol = CLOAKETH
Count is not above 0, Symbol = CLOAKETH
Symbol does not contain XRP, Symbol =  GNTBTC
FirstId is not above 0, Symbol = GNTBTC
Count is not above 0, Symbol = GNTBTC
Symbol does not contain XRP, Symbol =  GNTETH
FirstId is not above 0, Symbol = GNTETH
Count is not above 0, Symbol = GNTETH
Symbol does not contain XRP, Symbol =  GNTBNB
FirstId is not above 0, Symbol = GNTBNB
Count is not above 0, Symbol = GNTBNB
Symbol does not contain XRP, Symbol =  LOOMBTC
Symbol does not contain XRP, Symbol =  LOOMETH
FirstId is not above 0, Symbol = LOOMETH
Count is not above 0, Symbol = LOOMETH
Symbol does not contain XRP, Symbol =  LOOMBNB
FirstId is not above 0, Symbol = LOOMBNB
Count is not above 0, Symbol = LOOMBNB
Conditions met: XRPUSDT
Symbol does not contain XRP, Symbol =  BCNBTC
FirstId is not above 0, Symbol = BCNBTC
Count is not above 0, Symbol = BCNBTC
Symbol does not contain XRP, Symbol =  BCNETH
FirstId is not above 0, Symbol = BCNETH
Count is not above 0, Symbol = BCNETH
Symbol does not contain XRP, Symbol =  BCNBNB
FirstId is not above 0, Symbol = BCNBNB
Count is not above 0, Symbol = BCNBNB
Symbol does not contain XRP, Symbol =  REPBTC
FirstId is not above 0, Symbol = REPBTC
Count is not above 0, Symbol = REPBTC
Symbol does not contain XRP, Symbol =  REPBNB
FirstId is not above 0, Symbol = REPBNB
Count is not above 0, Symbol = REPBNB
Symbol does not contain XRP, Symbol =  BTCTUSD
Symbol does not contain XRP, Symbol =  TUSDBTC
FirstId is not above 0, Symbol = TUSDBTC
Count is not above 0, Symbol = TUSDBTC
Symbol does not contain XRP, Symbol =  ETHTUSD
Symbol does not contain XRP, Symbol =  TUSDETH
FirstId is not above 0, Symbol = TUSDETH
Count is not above 0, Symbol = TUSDETH
Symbol does not contain XRP, Symbol =  TUSDBNB
FirstId is not above 0, Symbol = TUSDBNB
Count is not above 0, Symbol = TUSDBNB
Symbol does not contain XRP, Symbol =  ZENBTC
Symbol does not contain XRP, Symbol =  ZENETH
Symbol does not contain XRP, Symbol =  ZENBNB
FirstId is not above 0, Symbol = ZENBNB
Count is not above 0, Symbol = ZENBNB
Symbol does not contain XRP, Symbol =  SKYBTC
FirstId is not above 0, Symbol = SKYBTC
Count is not above 0, Symbol = SKYBTC
Symbol does not contain XRP, Symbol =  SKYETH
FirstId is not above 0, Symbol = SKYETH
Count is not above 0, Symbol = SKYETH
Symbol does not contain XRP, Symbol =  SKYBNB
FirstId is not above 0, Symbol = SKYBNB
Count is not above 0, Symbol = SKYBNB
Symbol does not contain XRP, Symbol =  EOSUSDT
Symbol does not contain XRP, Symbol =  EOSBNB
FirstId is not above 0, Symbol = EOSBNB
Count is not above 0, Symbol = EOSBNB
Symbol does not contain XRP, Symbol =  CVCBTC
FirstId is not above 0, Symbol = CVCBTC
Count is not above 0, Symbol = CVCBTC
Symbol does not contain XRP, Symbol =  CVCETH
FirstId is not above 0, Symbol = CVCETH
Count is not above 0, Symbol = CVCETH
Symbol does not contain XRP, Symbol =  CVCBNB
FirstId is not above 0, Symbol = CVCBNB
Count is not above 0, Symbol = CVCBNB
Symbol does not contain XRP, Symbol =  THETABTC
Symbol does not contain XRP, Symbol =  THETAETH
Symbol does not contain XRP, Symbol =  THETABNB
FirstId is not above 0, Symbol = THETABNB
Count is not above 0, Symbol = THETABNB
Conditions met: XRPBNB
Symbol does not contain XRP, Symbol =  TUSDUSDT
Symbol does not contain XRP, Symbol =  IOTAUSDT
Symbol does not contain XRP, Symbol =  XLMUSDT
Symbol does not contain XRP, Symbol =  IOTXBTC
Symbol does not contain XRP, Symbol =  IOTXETH
Symbol does not contain XRP, Symbol =  QKCBTC
Symbol does not contain XRP, Symbol =  QKCETH
FirstId is not above 0, Symbol = QKCETH
Count is not above 0, Symbol = QKCETH
Symbol does not contain XRP, Symbol =  AGIBTC
FirstId is not above 0, Symbol = AGIBTC
Count is not above 0, Symbol = AGIBTC
Symbol does not contain XRP, Symbol =  AGIETH
FirstId is not above 0, Symbol = AGIETH
Count is not above 0, Symbol = AGIETH
Symbol does not contain XRP, Symbol =  AGIBNB
FirstId is not above 0, Symbol = AGIBNB
Count is not above 0, Symbol = AGIBNB
Symbol does not contain XRP, Symbol =  NXSBTC
FirstId is not above 0, Symbol = NXSBTC
Count is not above 0, Symbol = NXSBTC
Symbol does not contain XRP, Symbol =  NXSETH
FirstId is not above 0, Symbol = NXSETH
Count is not above 0, Symbol = NXSETH
Symbol does not contain XRP, Symbol =  NXSBNB
FirstId is not above 0, Symbol = NXSBNB
Count is not above 0, Symbol = NXSBNB
Symbol does not contain XRP, Symbol =  ENJBNB
FirstId is not above 0, Symbol = ENJBNB
Count is not above 0, Symbol = ENJBNB
Symbol does not contain XRP, Symbol =  DATABTC
Symbol does not contain XRP, Symbol =  DATAETH
FirstId is not above 0, Symbol = DATAETH
Count is not above 0, Symbol = DATAETH
Symbol does not contain XRP, Symbol =  ONTUSDT
Symbol does not contain XRP, Symbol =  TRXBNB
Symbol does not contain XRP, Symbol =  TRXUSDT
Symbol does not contain XRP, Symbol =  ETCUSDT
Symbol does not contain XRP, Symbol =  ETCBNB
Symbol does not contain XRP, Symbol =  ICXUSDT
Symbol does not contain XRP, Symbol =  SCBTC
FirstId is not above 0, Symbol = SCBTC
Count is not above 0, Symbol = SCBTC
Symbol does not contain XRP, Symbol =  SCETH
Symbol does not contain XRP, Symbol =  NPXSBTC
FirstId is not above 0, Symbol = NPXSBTC
Count is not above 0, Symbol = NPXSBTC
Symbol does not contain XRP, Symbol =  NPXSETH
FirstId is not above 0, Symbol = NPXSETH
Count is not above 0, Symbol = NPXSETH
Symbol does not contain XRP, Symbol =  VENUSDT
FirstId is not above 0, Symbol = VENUSDT
Count is not above 0, Symbol = VENUSDT
Symbol does not contain XRP, Symbol =  KEYBTC
FirstId is not above 0, Symbol = KEYBTC
Count is not above 0, Symbol = KEYBTC
Symbol does not contain XRP, Symbol =  KEYETH
FirstId is not above 0, Symbol = KEYETH
Count is not above 0, Symbol = KEYETH
Symbol does not contain XRP, Symbol =  NASBTC
FirstId is not above 0, Symbol = NASBTC
Count is not above 0, Symbol = NASBTC
Symbol does not contain XRP, Symbol =  NASETH
FirstId is not above 0, Symbol = NASETH
Count is not above 0, Symbol = NASETH
Symbol does not contain XRP, Symbol =  NASBNB
FirstId is not above 0, Symbol = NASBNB
Count is not above 0, Symbol = NASBNB
Symbol does not contain XRP, Symbol =  MFTBTC
FirstId is not above 0, Symbol = MFTBTC
Count is not above 0, Symbol = MFTBTC
Symbol does not contain XRP, Symbol =  MFTETH
FirstId is not above 0, Symbol = MFTETH
Count is not above 0, Symbol = MFTETH
Symbol does not contain XRP, Symbol =  MFTBNB
FirstId is not above 0, Symbol = MFTBNB
Count is not above 0, Symbol = MFTBNB
Symbol does not contain XRP, Symbol =  DENTBTC
FirstId is not above 0, Symbol = DENTBTC
Count is not above 0, Symbol = DENTBTC
Symbol does not contain XRP, Symbol =  DENTETH
Symbol does not contain XRP, Symbol =  ARDRBTC
Symbol does not contain XRP, Symbol =  ARDRETH
FirstId is not above 0, Symbol = ARDRETH
Count is not above 0, Symbol = ARDRETH
Symbol does not contain XRP, Symbol =  ARDRBNB
FirstId is not above 0, Symbol = ARDRBNB
Count is not above 0, Symbol = ARDRBNB
Symbol does not contain XRP, Symbol =  NULSUSDT
Symbol does not contain XRP, Symbol =  HOTBTC
FirstId is not above 0, Symbol = HOTBTC
Count is not above 0, Symbol = HOTBTC
Symbol does not contain XRP, Symbol =  HOTETH
Symbol does not contain XRP, Symbol =  VETBTC
Symbol does not contain XRP, Symbol =  VETETH
Symbol does not contain XRP, Symbol =  VETUSDT
Symbol does not contain XRP, Symbol =  VETBNB
Symbol does not contain XRP, Symbol =  DOCKBTC
FirstId is not above 0, Symbol = DOCKBTC
Count is not above 0, Symbol = DOCKBTC
Symbol does not contain XRP, Symbol =  DOCKETH
FirstId is not above 0, Symbol = DOCKETH
Count is not above 0, Symbol = DOCKETH
Symbol does not contain XRP, Symbol =  POLYBTC
FirstId is not above 0, Symbol = POLYBTC
Count is not above 0, Symbol = POLYBTC
Symbol does not contain XRP, Symbol =  POLYBNB
FirstId is not above 0, Symbol = POLYBNB
Count is not above 0, Symbol = POLYBNB
Symbol does not contain XRP, Symbol =  PHXBTC
FirstId is not above 0, Symbol = PHXBTC
Count is not above 0, Symbol = PHXBTC
Symbol does not contain XRP, Symbol =  PHXETH
FirstId is not above 0, Symbol = PHXETH
Count is not above 0, Symbol = PHXETH
Symbol does not contain XRP, Symbol =  PHXBNB
FirstId is not above 0, Symbol = PHXBNB
Count is not above 0, Symbol = PHXBNB
Symbol does not contain XRP, Symbol =  HCBTC
FirstId is not above 0, Symbol = HCBTC
Count is not above 0, Symbol = HCBTC
Symbol does not contain XRP, Symbol =  HCETH
FirstId is not above 0, Symbol = HCETH
Count is not above 0, Symbol = HCETH
Symbol does not contain XRP, Symbol =  GOBTC
FirstId is not above 0, Symbol = GOBTC
Count is not above 0, Symbol = GOBTC
Symbol does not contain XRP, Symbol =  GOBNB
FirstId is not above 0, Symbol = GOBNB
Count is not above 0, Symbol = GOBNB
Symbol does not contain XRP, Symbol =  PAXBTC
FirstId is not above 0, Symbol = PAXBTC
Count is not above 0, Symbol = PAXBTC
Symbol does not contain XRP, Symbol =  PAXBNB
FirstId is not above 0, Symbol = PAXBNB
Count is not above 0, Symbol = PAXBNB
Symbol does not contain XRP, Symbol =  PAXUSDT
FirstId is not above 0, Symbol = PAXUSDT
Count is not above 0, Symbol = PAXUSDT
Symbol does not contain XRP, Symbol =  PAXETH
FirstId is not above 0, Symbol = PAXETH
Count is not above 0, Symbol = PAXETH
Symbol does not contain XRP, Symbol =  RVNBTC
Symbol does not contain XRP, Symbol =  DCRBTC
Symbol does not contain XRP, Symbol =  DCRBNB
FirstId is not above 0, Symbol = DCRBNB
Count is not above 0, Symbol = DCRBNB
Symbol does not contain XRP, Symbol =  USDCBNB
FirstId is not above 0, Symbol = USDCBNB
Count is not above 0, Symbol = USDCBNB
Symbol does not contain XRP, Symbol =  MITHBTC
FirstId is not above 0, Symbol = MITHBTC
Count is not above 0, Symbol = MITHBTC
Symbol does not contain XRP, Symbol =  MITHBNB
FirstId is not above 0, Symbol = MITHBNB
Count is not above 0, Symbol = MITHBNB
Symbol does not contain XRP, Symbol =  BCHABCBTC
FirstId is not above 0, Symbol = BCHABCBTC
Count is not above 0, Symbol = BCHABCBTC
Symbol does not contain XRP, Symbol =  BCHSVBTC
FirstId is not above 0, Symbol = BCHSVBTC
Count is not above 0, Symbol = BCHSVBTC
Symbol does not contain XRP, Symbol =  BCHABCUSDT
FirstId is not above 0, Symbol = BCHABCUSDT
Count is not above 0, Symbol = BCHABCUSDT
Symbol does not contain XRP, Symbol =  BCHSVUSDT
FirstId is not above 0, Symbol = BCHSVUSDT
Count is not above 0, Symbol = BCHSVUSDT
Symbol does not contain XRP, Symbol =  BNBPAX
FirstId is not above 0, Symbol = BNBPAX
Count is not above 0, Symbol = BNBPAX
Symbol does not contain XRP, Symbol =  BTCPAX
FirstId is not above 0, Symbol = BTCPAX
Count is not above 0, Symbol = BTCPAX
Symbol does not contain XRP, Symbol =  ETHPAX
FirstId is not above 0, Symbol = ETHPAX
Count is not above 0, Symbol = ETHPAX
FirstId is not above 0, Symbol = XRPPAX
Count is not above 0, Symbol = XRPPAX
Symbol does not contain XRP, Symbol =  EOSPAX
FirstId is not above 0, Symbol = EOSPAX
Count is not above 0, Symbol = EOSPAX
Symbol does not contain XRP, Symbol =  XLMPAX
FirstId is not above 0, Symbol = XLMPAX
Count is not above 0, Symbol = XLMPAX
Symbol does not contain XRP, Symbol =  RENBTC
Symbol does not contain XRP, Symbol =  RENBNB
FirstId is not above 0, Symbol = RENBNB
Count is not above 0, Symbol = RENBNB
Symbol does not contain XRP, Symbol =  BNBTUSD
Conditions met: XRPTUSD
Symbol does not contain XRP, Symbol =  EOSTUSD
FirstId is not above 0, Symbol = EOSTUSD
Count is not above 0, Symbol = EOSTUSD
Symbol does not contain XRP, Symbol =  XLMTUSD
FirstId is not above 0, Symbol = XLMTUSD
Count is not above 0, Symbol = XLMTUSD
Symbol does not contain XRP, Symbol =  BNBUSDC
Symbol does not contain XRP, Symbol =  BTCUSDC
Symbol does not contain XRP, Symbol =  ETHUSDC
Conditions met: XRPUSDC
Symbol does not contain XRP, Symbol =  EOSUSDC
Symbol does not contain XRP, Symbol =  XLMUSDC
FirstId is not above 0, Symbol = XLMUSDC
Count is not above 0, Symbol = XLMUSDC
Symbol does not contain XRP, Symbol =  USDCUSDT
Symbol does not contain XRP, Symbol =  ADATUSD
FirstId is not above 0, Symbol = ADATUSD
Count is not above 0, Symbol = ADATUSD
Symbol does not contain XRP, Symbol =  TRXTUSD
FirstId is not above 0, Symbol = TRXTUSD
Count is not above 0, Symbol = TRXTUSD
Symbol does not contain XRP, Symbol =  NEOTUSD
FirstId is not above 0, Symbol = NEOTUSD
Count is not above 0, Symbol = NEOTUSD
Conditions met: TRXXRP
FirstId is not above 0, Symbol = XZCXRP
Count is not above 0, Symbol = XZCXRP
Symbol does not contain XRP, Symbol =  PAXTUSD
FirstId is not above 0, Symbol = PAXTUSD
Count is not above 0, Symbol = PAXTUSD
Symbol does not contain XRP, Symbol =  USDCTUSD
FirstId is not above 0, Symbol = USDCTUSD
Count is not above 0, Symbol = USDCTUSD
Symbol does not contain XRP, Symbol =  USDCPAX
FirstId is not above 0, Symbol = USDCPAX
Count is not above 0, Symbol = USDCPAX
Symbol does not contain XRP, Symbol =  LINKUSDT
Symbol does not contain XRP, Symbol =  LINKTUSD
FirstId is not above 0, Symbol = LINKTUSD
Count is not above 0, Symbol = LINKTUSD
Symbol does not contain XRP, Symbol =  LINKPAX
FirstId is not above 0, Symbol = LINKPAX
Count is not above 0, Symbol = LINKPAX
Symbol does not contain XRP, Symbol =  LINKUSDC
Symbol does not contain XRP, Symbol =  WAVESUSDT
FirstId is not above 0, Symbol = WAVESUSDT
Count is not above 0, Symbol = WAVESUSDT
Symbol does not contain XRP, Symbol =  WAVESTUSD
FirstId is not above 0, Symbol = WAVESTUSD
Count is not above 0, Symbol = WAVESTUSD
Symbol does not contain XRP, Symbol =  WAVESPAX
FirstId is not above 0, Symbol = WAVESPAX
Count is not above 0, Symbol = WAVESPAX
Symbol does not contain XRP, Symbol =  WAVESUSDC
FirstId is not above 0, Symbol = WAVESUSDC
Count is not above 0, Symbol = WAVESUSDC
Symbol does not contain XRP, Symbol =  BCHABCTUSD
FirstId is not above 0, Symbol = BCHABCTUSD
Count is not above 0, Symbol = BCHABCTUSD
Symbol does not contain XRP, Symbol =  BCHABCPAX
FirstId is not above 0, Symbol = BCHABCPAX
Count is not above 0, Symbol = BCHABCPAX
Symbol does not contain XRP, Symbol =  BCHABCUSDC
FirstId is not above 0, Symbol = BCHABCUSDC
Count is not above 0, Symbol = BCHABCUSDC
Symbol does not contain XRP, Symbol =  BCHSVTUSD
FirstId is not above 0, Symbol = BCHSVTUSD
Count is not above 0, Symbol = BCHSVTUSD
Symbol does not contain XRP, Symbol =  BCHSVPAX
FirstId is not above 0, Symbol = BCHSVPAX
Count is not above 0, Symbol = BCHSVPAX
Symbol does not contain XRP, Symbol =  BCHSVUSDC
FirstId is not above 0, Symbol = BCHSVUSDC
Count is not above 0, Symbol = BCHSVUSDC
Symbol does not contain XRP, Symbol =  LTCTUSD
FirstId is not above 0, Symbol = LTCTUSD
Count is not above 0, Symbol = LTCTUSD
Symbol does not contain XRP, Symbol =  LTCPAX
FirstId is not above 0, Symbol = LTCPAX
Count is not above 0, Symbol = LTCPAX
Symbol does not contain XRP, Symbol =  LTCUSDC
Symbol does not contain XRP, Symbol =  TRXPAX
FirstId is not above 0, Symbol = TRXPAX
Count is not above 0, Symbol = TRXPAX
Symbol does not contain XRP, Symbol =  TRXUSDC
Symbol does not contain XRP, Symbol =  BTTBTC
FirstId is not above 0, Symbol = BTTBTC
Count is not above 0, Symbol = BTTBTC
Symbol does not contain XRP, Symbol =  BTTBNB
FirstId is not above 0, Symbol = BTTBNB
Count is not above 0, Symbol = BTTBNB
Symbol does not contain XRP, Symbol =  BTTUSDT
FirstId is not above 0, Symbol = BTTUSDT
Count is not above 0, Symbol = BTTUSDT
Symbol does not contain XRP, Symbol =  BNBUSDS
FirstId is not above 0, Symbol = BNBUSDS
Count is not above 0, Symbol = BNBUSDS
Symbol does not contain XRP, Symbol =  BTCUSDS
FirstId is not above 0, Symbol = BTCUSDS
Count is not above 0, Symbol = BTCUSDS
Symbol does not contain XRP, Symbol =  USDSUSDT
FirstId is not above 0, Symbol = USDSUSDT
Count is not above 0, Symbol = USDSUSDT
Symbol does not contain XRP, Symbol =  USDSPAX
FirstId is not above 0, Symbol = USDSPAX
Count is not above 0, Symbol = USDSPAX
Symbol does not contain XRP, Symbol =  USDSTUSD
FirstId is not above 0, Symbol = USDSTUSD
Count is not above 0, Symbol = USDSTUSD
Symbol does not contain XRP, Symbol =  USDSUSDC
FirstId is not above 0, Symbol = USDSUSDC
Count is not above 0, Symbol = USDSUSDC
Symbol does not contain XRP, Symbol =  BTTPAX
FirstId is not above 0, Symbol = BTTPAX
Count is not above 0, Symbol = BTTPAX
Symbol does not contain XRP, Symbol =  BTTTUSD
FirstId is not above 0, Symbol = BTTTUSD
Count is not above 0, Symbol = BTTTUSD
Symbol does not contain XRP, Symbol =  BTTUSDC
FirstId is not above 0, Symbol = BTTUSDC
Count is not above 0, Symbol = BTTUSDC
Symbol does not contain XRP, Symbol =  ONGBNB
FirstId is not above 0, Symbol = ONGBNB
Count is not above 0, Symbol = ONGBNB
Symbol does not contain XRP, Symbol =  ONGBTC
Symbol does not contain XRP, Symbol =  ONGUSDT
Symbol does not contain XRP, Symbol =  HOTBNB
FirstId is not above 0, Symbol = HOTBNB
Count is not above 0, Symbol = HOTBNB
Symbol does not contain XRP, Symbol =  HOTUSDT
Symbol does not contain XRP, Symbol =  ZILUSDT
Symbol does not contain XRP, Symbol =  ZRXBNB
FirstId is not above 0, Symbol = ZRXBNB
Count is not above 0, Symbol = ZRXBNB
Symbol does not contain XRP, Symbol =  ZRXUSDT
Symbol does not contain XRP, Symbol =  FETBNB
Symbol does not contain XRP, Symbol =  FETBTC
Symbol does not contain XRP, Symbol =  FETUSDT
Symbol does not contain XRP, Symbol =  BATUSDT
Symbol does not contain XRP, Symbol =  XMRBNB
FirstId is not above 0, Symbol = XMRBNB
Count is not above 0, Symbol = XMRBNB
Symbol does not contain XRP, Symbol =  XMRUSDT
FirstId is not above 0, Symbol = XMRUSDT
Count is not above 0, Symbol = XMRUSDT
Symbol does not contain XRP, Symbol =  ZECBNB
FirstId is not above 0, Symbol = ZECBNB
Count is not above 0, Symbol = ZECBNB
Symbol does not contain XRP, Symbol =  ZECUSDT
Symbol does not contain XRP, Symbol =  ZECPAX
FirstId is not above 0, Symbol = ZECPAX
Count is not above 0, Symbol = ZECPAX
Symbol does not contain XRP, Symbol =  ZECTUSD
FirstId is not above 0, Symbol = ZECTUSD
Count is not above 0, Symbol = ZECTUSD
Symbol does not contain XRP, Symbol =  ZECUSDC
FirstId is not above 0, Symbol = ZECUSDC
Count is not above 0, Symbol = ZECUSDC
Symbol does not contain XRP, Symbol =  IOSTUSDT
Symbol does not contain XRP, Symbol =  CELRBNB
FirstId is not above 0, Symbol = CELRBNB
Count is not above 0, Symbol = CELRBNB
Symbol does not contain XRP, Symbol =  CELRBTC
Symbol does not contain XRP, Symbol =  CELRUSDT
Symbol does not contain XRP, Symbol =  ADAPAX
FirstId is not above 0, Symbol = ADAPAX
Count is not above 0, Symbol = ADAPAX
Symbol does not contain XRP, Symbol =  ADAUSDC
Symbol does not contain XRP, Symbol =  NEOPAX
FirstId is not above 0, Symbol = NEOPAX
Count is not above 0, Symbol = NEOPAX
Symbol does not contain XRP, Symbol =  NEOUSDC
Symbol does not contain XRP, Symbol =  DASHBNB
FirstId is not above 0, Symbol = DASHBNB
Count is not above 0, Symbol = DASHBNB
Symbol does not contain XRP, Symbol =  DASHUSDT
Symbol does not contain XRP, Symbol =  NANOUSDT
FirstId is not above 0, Symbol = NANOUSDT
Count is not above 0, Symbol = NANOUSDT
Symbol does not contain XRP, Symbol =  OMGBNB
FirstId is not above 0, Symbol = OMGBNB
Count is not above 0, Symbol = OMGBNB
Symbol does not contain XRP, Symbol =  OMGUSDT
FirstId is not above 0, Symbol = OMGUSDT
Count is not above 0, Symbol = OMGUSDT
Symbol does not contain XRP, Symbol =  THETAUSDT
Symbol does not contain XRP, Symbol =  ENJUSDT
Symbol does not contain XRP, Symbol =  MITHUSDT
FirstId is not above 0, Symbol = MITHUSDT
Count is not above 0, Symbol = MITHUSDT
Symbol does not contain XRP, Symbol =  MATICBNB
Symbol does not contain XRP, Symbol =  MATICBTC
Symbol does not contain XRP, Symbol =  MATICUSDT
Symbol does not contain XRP, Symbol =  ATOMBNB
Symbol does not contain XRP, Symbol =  ATOMBTC
Symbol does not contain XRP, Symbol =  ATOMUSDT
Symbol does not contain XRP, Symbol =  ATOMUSDC
Symbol does not contain XRP, Symbol =  ATOMPAX
FirstId is not above 0, Symbol = ATOMPAX
Count is not above 0, Symbol = ATOMPAX
Symbol does not contain XRP, Symbol =  ATOMTUSD
FirstId is not above 0, Symbol = ATOMTUSD
Count is not above 0, Symbol = ATOMTUSD
Symbol does not contain XRP, Symbol =  ETCUSDC
FirstId is not above 0, Symbol = ETCUSDC
Count is not above 0, Symbol = ETCUSDC
Symbol does not contain XRP, Symbol =  ETCPAX
FirstId is not above 0, Symbol = ETCPAX
Count is not above 0, Symbol = ETCPAX
Symbol does not contain XRP, Symbol =  ETCTUSD
FirstId is not above 0, Symbol = ETCTUSD
Count is not above 0, Symbol = ETCTUSD
Symbol does not contain XRP, Symbol =  BATUSDC
FirstId is not above 0, Symbol = BATUSDC
Count is not above 0, Symbol = BATUSDC
Symbol does not contain XRP, Symbol =  BATPAX
FirstId is not above 0, Symbol = BATPAX
Count is not above 0, Symbol = BATPAX
Symbol does not contain XRP, Symbol =  BATTUSD
FirstId is not above 0, Symbol = BATTUSD
Count is not above 0, Symbol = BATTUSD
Symbol does not contain XRP, Symbol =  PHBBNB
FirstId is not above 0, Symbol = PHBBNB
Count is not above 0, Symbol = PHBBNB
Symbol does not contain XRP, Symbol =  PHBBTC
Symbol does not contain XRP, Symbol =  PHBUSDC
FirstId is not above 0, Symbol = PHBUSDC
Count is not above 0, Symbol = PHBUSDC
Symbol does not contain XRP, Symbol =  PHBTUSD
FirstId is not above 0, Symbol = PHBTUSD
Count is not above 0, Symbol = PHBTUSD
Symbol does not contain XRP, Symbol =  PHBPAX
FirstId is not above 0, Symbol = PHBPAX
Count is not above 0, Symbol = PHBPAX
Symbol does not contain XRP, Symbol =  TFUELBNB
FirstId is not above 0, Symbol = TFUELBNB
Count is not above 0, Symbol = TFUELBNB
Symbol does not contain XRP, Symbol =  TFUELBTC
Symbol does not contain XRP, Symbol =  TFUELUSDT
Symbol does not contain XRP, Symbol =  TFUELUSDC
FirstId is not above 0, Symbol = TFUELUSDC
Count is not above 0, Symbol = TFUELUSDC
Symbol does not contain XRP, Symbol =  TFUELTUSD
FirstId is not above 0, Symbol = TFUELTUSD
Count is not above 0, Symbol = TFUELTUSD
Symbol does not contain XRP, Symbol =  TFUELPAX
FirstId is not above 0, Symbol = TFUELPAX
Count is not above 0, Symbol = TFUELPAX
Symbol does not contain XRP, Symbol =  ONEBNB
FirstId is not above 0, Symbol = ONEBNB
Count is not above 0, Symbol = ONEBNB
Symbol does not contain XRP, Symbol =  ONEBTC
Symbol does not contain XRP, Symbol =  ONEUSDT
Symbol does not contain XRP, Symbol =  ONETUSD
FirstId is not above 0, Symbol = ONETUSD
Count is not above 0, Symbol = ONETUSD
Symbol does not contain XRP, Symbol =  ONEPAX
FirstId is not above 0, Symbol = ONEPAX
Count is not above 0, Symbol = ONEPAX
Symbol does not contain XRP, Symbol =  ONEUSDC
FirstId is not above 0, Symbol = ONEUSDC
Count is not above 0, Symbol = ONEUSDC
Symbol does not contain XRP, Symbol =  FTMBNB
Symbol does not contain XRP, Symbol =  FTMBTC
Symbol does not contain XRP, Symbol =  FTMUSDT
Symbol does not contain XRP, Symbol =  FTMTUSD
FirstId is not above 0, Symbol = FTMTUSD
Count is not above 0, Symbol = FTMTUSD
Symbol does not contain XRP, Symbol =  FTMPAX
FirstId is not above 0, Symbol = FTMPAX
Count is not above 0, Symbol = FTMPAX
Symbol does not contain XRP, Symbol =  FTMUSDC
Symbol does not contain XRP, Symbol =  BTCBBTC
FirstId is not above 0, Symbol = BTCBBTC
Count is not above 0, Symbol = BTCBBTC
Symbol does not contain XRP, Symbol =  BCPTTUSD
FirstId is not above 0, Symbol = BCPTTUSD
Count is not above 0, Symbol = BCPTTUSD
Symbol does not contain XRP, Symbol =  BCPTPAX
FirstId is not above 0, Symbol = BCPTPAX
Count is not above 0, Symbol = BCPTPAX
Symbol does not contain XRP, Symbol =  BCPTUSDC
FirstId is not above 0, Symbol = BCPTUSDC
Count is not above 0, Symbol = BCPTUSDC
Symbol does not contain XRP, Symbol =  ALGOBNB
FirstId is not above 0, Symbol = ALGOBNB
Count is not above 0, Symbol = ALGOBNB
Symbol does not contain XRP, Symbol =  ALGOBTC
Symbol does not contain XRP, Symbol =  ALGOUSDT
Symbol does not contain XRP, Symbol =  ALGOTUSD
FirstId is not above 0, Symbol = ALGOTUSD
Count is not above 0, Symbol = ALGOTUSD
Symbol does not contain XRP, Symbol =  ALGOPAX
FirstId is not above 0, Symbol = ALGOPAX
Count is not above 0, Symbol = ALGOPAX
Symbol does not contain XRP, Symbol =  ALGOUSDC
Symbol does not contain XRP, Symbol =  USDSBUSDT
FirstId is not above 0, Symbol = USDSBUSDT
Count is not above 0, Symbol = USDSBUSDT
Symbol does not contain XRP, Symbol =  USDSBUSDS
FirstId is not above 0, Symbol = USDSBUSDS
Count is not above 0, Symbol = USDSBUSDS
Symbol does not contain XRP, Symbol =  GTOUSDT
FirstId is not above 0, Symbol = GTOUSDT
Count is not above 0, Symbol = GTOUSDT
Symbol does not contain XRP, Symbol =  GTOPAX
FirstId is not above 0, Symbol = GTOPAX
Count is not above 0, Symbol = GTOPAX
Symbol does not contain XRP, Symbol =  GTOTUSD
FirstId is not above 0, Symbol = GTOTUSD
Count is not above 0, Symbol = GTOTUSD
Symbol does not contain XRP, Symbol =  GTOUSDC
FirstId is not above 0, Symbol = GTOUSDC
Count is not above 0, Symbol = GTOUSDC
Symbol does not contain XRP, Symbol =  ERDBNB
FirstId is not above 0, Symbol = ERDBNB
Count is not above 0, Symbol = ERDBNB
Symbol does not contain XRP, Symbol =  ERDBTC
FirstId is not above 0, Symbol = ERDBTC
Count is not above 0, Symbol = ERDBTC
Symbol does not contain XRP, Symbol =  ERDUSDT
FirstId is not above 0, Symbol = ERDUSDT
Count is not above 0, Symbol = ERDUSDT
Symbol does not contain XRP, Symbol =  ERDPAX
FirstId is not above 0, Symbol = ERDPAX
Count is not above 0, Symbol = ERDPAX
Symbol does not contain XRP, Symbol =  ERDUSDC
FirstId is not above 0, Symbol = ERDUSDC
Count is not above 0, Symbol = ERDUSDC
Symbol does not contain XRP, Symbol =  DOGEBNB
FirstId is not above 0, Symbol = DOGEBNB
Count is not above 0, Symbol = DOGEBNB
Symbol does not contain XRP, Symbol =  DOGEBTC
Symbol does not contain XRP, Symbol =  DOGEUSDT
Symbol does not contain XRP, Symbol =  DOGEPAX
FirstId is not above 0, Symbol = DOGEPAX
Count is not above 0, Symbol = DOGEPAX
Symbol does not contain XRP, Symbol =  DOGEUSDC
Symbol does not contain XRP, Symbol =  DUSKBNB
FirstId is not above 0, Symbol = DUSKBNB
Count is not above 0, Symbol = DUSKBNB
Symbol does not contain XRP, Symbol =  DUSKBTC
Symbol does not contain XRP, Symbol =  DUSKUSDT
Symbol does not contain XRP, Symbol =  DUSKUSDC
FirstId is not above 0, Symbol = DUSKUSDC
Count is not above 0, Symbol = DUSKUSDC
Symbol does not contain XRP, Symbol =  DUSKPAX
FirstId is not above 0, Symbol = DUSKPAX
Count is not above 0, Symbol = DUSKPAX
Symbol does not contain XRP, Symbol =  BGBPUSDC
FirstId is not above 0, Symbol = BGBPUSDC
Count is not above 0, Symbol = BGBPUSDC
Symbol does not contain XRP, Symbol =  ANKRBNB
FirstId is not above 0, Symbol = ANKRBNB
Count is not above 0, Symbol = ANKRBNB
Symbol does not contain XRP, Symbol =  ANKRBTC
Symbol does not contain XRP, Symbol =  ANKRUSDT
Symbol does not contain XRP, Symbol =  ANKRTUSD
FirstId is not above 0, Symbol = ANKRTUSD
Count is not above 0, Symbol = ANKRTUSD
Symbol does not contain XRP, Symbol =  ANKRPAX
FirstId is not above 0, Symbol = ANKRPAX
Count is not above 0, Symbol = ANKRPAX
Symbol does not contain XRP, Symbol =  ANKRUSDC
FirstId is not above 0, Symbol = ANKRUSDC
Count is not above 0, Symbol = ANKRUSDC
Symbol does not contain XRP, Symbol =  ONTPAX
FirstId is not above 0, Symbol = ONTPAX
Count is not above 0, Symbol = ONTPAX
Symbol does not contain XRP, Symbol =  ONTUSDC
Symbol does not contain XRP, Symbol =  WINBNB
Symbol does not contain XRP, Symbol =  WINBTC
FirstId is not above 0, Symbol = WINBTC
Count is not above 0, Symbol = WINBTC
Symbol does not contain XRP, Symbol =  WINUSDT
Symbol does not contain XRP, Symbol =  WINUSDC
FirstId is not above 0, Symbol = WINUSDC
Count is not above 0, Symbol = WINUSDC
Symbol does not contain XRP, Symbol =  COSBNB
FirstId is not above 0, Symbol = COSBNB
Count is not above 0, Symbol = COSBNB
Symbol does not contain XRP, Symbol =  COSBTC
Symbol does not contain XRP, Symbol =  COSUSDT
Symbol does not contain XRP, Symbol =  TUSDBTUSD
FirstId is not above 0, Symbol = TUSDBTUSD
Count is not above 0, Symbol = TUSDBTUSD
Symbol does not contain XRP, Symbol =  NPXSUSDT
FirstId is not above 0, Symbol = NPXSUSDT
Count is not above 0, Symbol = NPXSUSDT
Symbol does not contain XRP, Symbol =  NPXSUSDC
FirstId is not above 0, Symbol = NPXSUSDC
Count is not above 0, Symbol = NPXSUSDC
Symbol does not contain XRP, Symbol =  COCOSBNB
FirstId is not above 0, Symbol = COCOSBNB
Count is not above 0, Symbol = COCOSBNB
Symbol does not contain XRP, Symbol =  COCOSBTC
FirstId is not above 0, Symbol = COCOSBTC
Count is not above 0, Symbol = COCOSBTC
Symbol does not contain XRP, Symbol =  COCOSUSDT
FirstId is not above 0, Symbol = COCOSUSDT
Count is not above 0, Symbol = COCOSUSDT
Symbol does not contain XRP, Symbol =  MTLUSDT
Symbol does not contain XRP, Symbol =  TOMOBNB
FirstId is not above 0, Symbol = TOMOBNB
Count is not above 0, Symbol = TOMOBNB
Symbol does not contain XRP, Symbol =  TOMOBTC
FirstId is not above 0, Symbol = TOMOBTC
Count is not above 0, Symbol = TOMOBTC
Symbol does not contain XRP, Symbol =  TOMOUSDT
FirstId is not above 0, Symbol = TOMOUSDT
Count is not above 0, Symbol = TOMOUSDT
Symbol does not contain XRP, Symbol =  TOMOUSDC
FirstId is not above 0, Symbol = TOMOUSDC
Count is not above 0, Symbol = TOMOUSDC
Symbol does not contain XRP, Symbol =  PERLBNB
FirstId is not above 0, Symbol = PERLBNB
Count is not above 0, Symbol = PERLBNB
Symbol does not contain XRP, Symbol =  PERLBTC
FirstId is not above 0, Symbol = PERLBTC
Count is not above 0, Symbol = PERLBTC
Symbol does not contain XRP, Symbol =  PERLUSDC
FirstId is not above 0, Symbol = PERLUSDC
Count is not above 0, Symbol = PERLUSDC
Symbol does not contain XRP, Symbol =  PERLUSDT
FirstId is not above 0, Symbol = PERLUSDT
Count is not above 0, Symbol = PERLUSDT
Symbol does not contain XRP, Symbol =  DENTUSDT
Symbol does not contain XRP, Symbol =  MFTUSDT
FirstId is not above 0, Symbol = MFTUSDT
Count is not above 0, Symbol = MFTUSDT
Symbol does not contain XRP, Symbol =  KEYUSDT
Symbol does not contain XRP, Symbol =  STORMUSDT
FirstId is not above 0, Symbol = STORMUSDT
Count is not above 0, Symbol = STORMUSDT
Symbol does not contain XRP, Symbol =  DOCKUSDT
FirstId is not above 0, Symbol = DOCKUSDT
Count is not above 0, Symbol = DOCKUSDT
Symbol does not contain XRP, Symbol =  WANUSDT
Symbol does not contain XRP, Symbol =  FUNUSDT
Symbol does not contain XRP, Symbol =  CVCUSDT
Symbol does not contain XRP, Symbol =  BTTTRX
FirstId is not above 0, Symbol = BTTTRX
Count is not above 0, Symbol = BTTTRX
Symbol does not contain XRP, Symbol =  WINTRX
Symbol does not contain XRP, Symbol =  CHZBNB
Symbol does not contain XRP, Symbol =  CHZBTC
Symbol does not contain XRP, Symbol =  CHZUSDT
Symbol does not contain XRP, Symbol =  BANDBNB
FirstId is not above 0, Symbol = BANDBNB
Count is not above 0, Symbol = BANDBNB
Symbol does not contain XRP, Symbol =  BANDBTC
Symbol does not contain XRP, Symbol =  BANDUSDT
Symbol does not contain XRP, Symbol =  BNBBUSD
FirstId is not above 0, Symbol = BNBBUSD
Count is not above 0, Symbol = BNBBUSD
Symbol does not contain XRP, Symbol =  BTCBUSD
FirstId is not above 0, Symbol = BTCBUSD
Count is not above 0, Symbol = BTCBUSD
Symbol does not contain XRP, Symbol =  BUSDUSDT
FirstId is not above 0, Symbol = BUSDUSDT
Count is not above 0, Symbol = BUSDUSDT
Symbol does not contain XRP, Symbol =  BEAMBNB
FirstId is not above 0, Symbol = BEAMBNB
Count is not above 0, Symbol = BEAMBNB
Symbol does not contain XRP, Symbol =  BEAMBTC
FirstId is not above 0, Symbol = BEAMBTC
Count is not above 0, Symbol = BEAMBTC
Symbol does not contain XRP, Symbol =  BEAMUSDT
FirstId is not above 0, Symbol = BEAMUSDT
Count is not above 0, Symbol = BEAMUSDT
Symbol does not contain XRP, Symbol =  XTZBNB
FirstId is not above 0, Symbol = XTZBNB
Count is not above 0, Symbol = XTZBNB
Symbol does not contain XRP, Symbol =  XTZBTC
Symbol does not contain XRP, Symbol =  XTZUSDT
Symbol does not contain XRP, Symbol =  RENUSDT
Symbol does not contain XRP, Symbol =  RVNUSDT
Symbol does not contain XRP, Symbol =  HCUSDT
FirstId is not above 0, Symbol = HCUSDT
Count is not above 0, Symbol = HCUSDT
Symbol does not contain XRP, Symbol =  HBARBNB
Symbol does not contain XRP, Symbol =  HBARBTC
Symbol does not contain XRP, Symbol =  HBARUSDT
Symbol does not contain XRP, Symbol =  NKNBNB
FirstId is not above 0, Symbol = NKNBNB
Count is not above 0, Symbol = NKNBNB
Symbol does not contain XRP, Symbol =  NKNBTC
Symbol does not contain XRP, Symbol =  NKNUSDT
FirstId is not above 0, Symbol = XRPBUSD
Count is not above 0, Symbol = XRPBUSD
Symbol does not contain XRP, Symbol =  ETHBUSD
FirstId is not above 0, Symbol = ETHBUSD
Count is not above 0, Symbol = ETHBUSD
Symbol does not contain XRP, Symbol =  BCHABCBUSD
FirstId is not above 0, Symbol = BCHABCBUSD
Count is not above 0, Symbol = BCHABCBUSD
Symbol does not contain XRP, Symbol =  LTCBUSD
FirstId is not above 0, Symbol = LTCBUSD
Count is not above 0, Symbol = LTCBUSD
Symbol does not contain XRP, Symbol =  LINKBUSD
FirstId is not above 0, Symbol = LINKBUSD
Count is not above 0, Symbol = LINKBUSD
Symbol does not contain XRP, Symbol =  ETCBUSD
FirstId is not above 0, Symbol = ETCBUSD
Count is not above 0, Symbol = ETCBUSD
Symbol does not contain XRP, Symbol =  STXBNB
Symbol does not contain XRP, Symbol =  STXBTC
Symbol does not contain XRP, Symbol =  STXUSDT
Symbol does not contain XRP, Symbol =  KAVABNB
FirstId is not above 0, Symbol = KAVABNB
Count is not above 0, Symbol = KAVABNB
Symbol does not contain XRP, Symbol =  KAVABTC
Symbol does not contain XRP, Symbol =  KAVAUSDT
Symbol does not contain XRP, Symbol =  BUSDNGN
FirstId is not above 0, Symbol = BUSDNGN
Count is not above 0, Symbol = BUSDNGN
Symbol does not contain XRP, Symbol =  BNBNGN
FirstId is not above 0, Symbol = BNBNGN
Count is not above 0, Symbol = BNBNGN
Symbol does not contain XRP, Symbol =  BTCNGN
FirstId is not above 0, Symbol = BTCNGN
Count is not above 0, Symbol = BTCNGN
Symbol does not contain XRP, Symbol =  ARPABNB
FirstId is not above 0, Symbol = ARPABNB
Count is not above 0, Symbol = ARPABNB
Symbol does not contain XRP, Symbol =  ARPABTC
Symbol does not contain XRP, Symbol =  ARPAUSDT
Symbol does not contain XRP, Symbol =  TRXBUSD
FirstId is not above 0, Symbol = TRXBUSD
Count is not above 0, Symbol = TRXBUSD
Symbol does not contain XRP, Symbol =  EOSBUSD
FirstId is not above 0, Symbol = EOSBUSD
Count is not above 0, Symbol = EOSBUSD
Symbol does not contain XRP, Symbol =  IOTXUSDT
Symbol does not contain XRP, Symbol =  RLCUSDT
Symbol does not contain XRP, Symbol =  MCOUSDT
FirstId is not above 0, Symbol = MCOUSDT
Count is not above 0, Symbol = MCOUSDT
Symbol does not contain XRP, Symbol =  XLMBUSD
FirstId is not above 0, Symbol = XLMBUSD
Count is not above 0, Symbol = XLMBUSD
Symbol does not contain XRP, Symbol =  ADABUSD
FirstId is not above 0, Symbol = ADABUSD
Count is not above 0, Symbol = ADABUSD
Symbol does not contain XRP, Symbol =  CTXCBNB
FirstId is not above 0, Symbol = CTXCBNB
Count is not above 0, Symbol = CTXCBNB
Symbol does not contain XRP, Symbol =  CTXCBTC
Symbol does not contain XRP, Symbol =  CTXCUSDT
Symbol does not contain XRP, Symbol =  BCHBNB
Symbol does not contain XRP, Symbol =  BCHBTC
Symbol does not contain XRP, Symbol =  BCHUSDT
Symbol does not contain XRP, Symbol =  BCHUSDC
Symbol does not contain XRP, Symbol =  BCHTUSD
Symbol does not contain XRP, Symbol =  BCHPAX
FirstId is not above 0, Symbol = BCHPAX
Count is not above 0, Symbol = BCHPAX
Symbol does not contain XRP, Symbol =  BCHBUSD
FirstId is not above 0, Symbol = BCHBUSD
Count is not above 0, Symbol = BCHBUSD
Symbol does not contain XRP, Symbol =  BTCRUB
FirstId is not above 0, Symbol = BTCRUB
Count is not above 0, Symbol = BTCRUB
Symbol does not contain XRP, Symbol =  ETHRUB
FirstId is not above 0, Symbol = ETHRUB
Count is not above 0, Symbol = ETHRUB
FirstId is not above 0, Symbol = XRPRUB
Count is not above 0, Symbol = XRPRUB
Symbol does not contain XRP, Symbol =  BNBRUB
FirstId is not above 0, Symbol = BNBRUB
Count is not above 0, Symbol = BNBRUB
Symbol does not contain XRP, Symbol =  TROYBNB
FirstId is not above 0, Symbol = TROYBNB
Count is not above 0, Symbol = TROYBNB
Symbol does not contain XRP, Symbol =  TROYBTC
FirstId is not above 0, Symbol = TROYBTC
Count is not above 0, Symbol = TROYBTC
Symbol does not contain XRP, Symbol =  TROYUSDT
Symbol does not contain XRP, Symbol =  BUSDRUB
FirstId is not above 0, Symbol = BUSDRUB
Count is not above 0, Symbol = BUSDRUB
Symbol does not contain XRP, Symbol =  QTUMBUSD
FirstId is not above 0, Symbol = QTUMBUSD
Count is not above 0, Symbol = QTUMBUSD
Symbol does not contain XRP, Symbol =  VETBUSD
FirstId is not above 0, Symbol = VETBUSD
Count is not above 0, Symbol = VETBUSD
Symbol does not contain XRP, Symbol =  VITEBNB
FirstId is not above 0, Symbol = VITEBNB
Count is not above 0, Symbol = VITEBNB
Symbol does not contain XRP, Symbol =  VITEBTC
Symbol does not contain XRP, Symbol =  VITEUSDT
Symbol does not contain XRP, Symbol =  FTTBNB
FirstId is not above 0, Symbol = FTTBNB
Count is not above 0, Symbol = FTTBNB
Symbol does not contain XRP, Symbol =  FTTBTC
FirstId is not above 0, Symbol = FTTBTC
Count is not above 0, Symbol = FTTBTC
Symbol does not contain XRP, Symbol =  FTTUSDT
Symbol does not contain XRP, Symbol =  BTCTRY
Symbol does not contain XRP, Symbol =  BNBTRY
Symbol does not contain XRP, Symbol =  BUSDTRY
FirstId is not above 0, Symbol = BUSDTRY
Count is not above 0, Symbol = BUSDTRY
Symbol does not contain XRP, Symbol =  ETHTRY
Conditions met: XRPTRY
Symbol does not contain XRP, Symbol =  USDTTRY
Symbol does not contain XRP, Symbol =  USDTRUB
FirstId is not above 0, Symbol = USDTRUB
Count is not above 0, Symbol = USDTRUB
Symbol does not contain XRP, Symbol =  BTCEUR
Symbol does not contain XRP, Symbol =  ETHEUR
Symbol does not contain XRP, Symbol =  BNBEUR
Conditions met: XRPEUR
Symbol does not contain XRP, Symbol =  EURBUSD
FirstId is not above 0, Symbol = EURBUSD
Count is not above 0, Symbol = EURBUSD
Symbol does not contain XRP, Symbol =  EURUSDT
Symbol does not contain XRP, Symbol =  OGNBNB
FirstId is not above 0, Symbol = OGNBNB
Count is not above 0, Symbol = OGNBNB
Symbol does not contain XRP, Symbol =  OGNBTC
Symbol does not contain XRP, Symbol =  OGNUSDT
Symbol does not contain XRP, Symbol =  DREPBNB
FirstId is not above 0, Symbol = DREPBNB
Count is not above 0, Symbol = DREPBNB
Symbol does not contain XRP, Symbol =  DREPBTC
FirstId is not above 0, Symbol = DREPBTC
Count is not above 0, Symbol = DREPBTC
Symbol does not contain XRP, Symbol =  DREPUSDT
FirstId is not above 0, Symbol = DREPUSDT
Count is not above 0, Symbol = DREPUSDT
Symbol does not contain XRP, Symbol =  BULLUSDT
FirstId is not above 0, Symbol = BULLUSDT
Count is not above 0, Symbol = BULLUSDT
Symbol does not contain XRP, Symbol =  BULLBUSD
FirstId is not above 0, Symbol = BULLBUSD
Count is not above 0, Symbol = BULLBUSD
Symbol does not contain XRP, Symbol =  BEARUSDT
FirstId is not above 0, Symbol = BEARUSDT
Count is not above 0, Symbol = BEARUSDT
Symbol does not contain XRP, Symbol =  BEARBUSD
FirstId is not above 0, Symbol = BEARBUSD
Count is not above 0, Symbol = BEARBUSD
Symbol does not contain XRP, Symbol =  ETHBULLUSDT
FirstId is not above 0, Symbol = ETHBULLUSDT
Count is not above 0, Symbol = ETHBULLUSDT
Symbol does not contain XRP, Symbol =  ETHBULLBUSD
FirstId is not above 0, Symbol = ETHBULLBUSD
Count is not above 0, Symbol = ETHBULLBUSD
Symbol does not contain XRP, Symbol =  ETHBEARUSDT
FirstId is not above 0, Symbol = ETHBEARUSDT
Count is not above 0, Symbol = ETHBEARUSDT
Symbol does not contain XRP, Symbol =  ETHBEARBUSD
FirstId is not above 0, Symbol = ETHBEARBUSD
Count is not above 0, Symbol = ETHBEARBUSD
Symbol does not contain XRP, Symbol =  TCTBNB
FirstId is not above 0, Symbol = TCTBNB
Count is not above 0, Symbol = TCTBNB
Symbol does not contain XRP, Symbol =  TCTBTC
FirstId is not above 0, Symbol = TCTBTC
Count is not above 0, Symbol = TCTBTC
Symbol does not contain XRP, Symbol =  TCTUSDT
FirstId is not above 0, Symbol = TCTUSDT
Count is not above 0, Symbol = TCTUSDT
Symbol does not contain XRP, Symbol =  WRXBNB
FirstId is not above 0, Symbol = WRXBNB
Count is not above 0, Symbol = WRXBNB
Symbol does not contain XRP, Symbol =  WRXBTC
FirstId is not above 0, Symbol = WRXBTC
Count is not above 0, Symbol = WRXBTC
Symbol does not contain XRP, Symbol =  WRXUSDT
Symbol does not contain XRP, Symbol =  ICXBUSD
FirstId is not above 0, Symbol = ICXBUSD
Count is not above 0, Symbol = ICXBUSD
Symbol does not contain XRP, Symbol =  BTSUSDT
FirstId is not above 0, Symbol = BTSUSDT
Count is not above 0, Symbol = BTSUSDT
Symbol does not contain XRP, Symbol =  BTSBUSD
FirstId is not above 0, Symbol = BTSBUSD
Count is not above 0, Symbol = BTSBUSD
Symbol does not contain XRP, Symbol =  LSKUSDT
Symbol does not contain XRP, Symbol =  BNTUSDT
Symbol does not contain XRP, Symbol =  BNTBUSD
FirstId is not above 0, Symbol = BNTBUSD
Count is not above 0, Symbol = BNTBUSD
Symbol does not contain XRP, Symbol =  LTOBNB
FirstId is not above 0, Symbol = LTOBNB
Count is not above 0, Symbol = LTOBNB
Symbol does not contain XRP, Symbol =  LTOBTC
Symbol does not contain XRP, Symbol =  LTOUSDT
Symbol does not contain XRP, Symbol =  ATOMBUSD
FirstId is not above 0, Symbol = ATOMBUSD
Count is not above 0, Symbol = ATOMBUSD
Symbol does not contain XRP, Symbol =  DASHBUSD
FirstId is not above 0, Symbol = DASHBUSD
Count is not above 0, Symbol = DASHBUSD
Symbol does not contain XRP, Symbol =  NEOBUSD
FirstId is not above 0, Symbol = NEOBUSD
Count is not above 0, Symbol = NEOBUSD
Symbol does not contain XRP, Symbol =  WAVESBUSD
FirstId is not above 0, Symbol = WAVESBUSD
Count is not above 0, Symbol = WAVESBUSD
Symbol does not contain XRP, Symbol =  XTZBUSD
FirstId is not above 0, Symbol = XTZBUSD
Count is not above 0, Symbol = XTZBUSD
Symbol does not contain XRP, Symbol =  EOSBULLUSDT
FirstId is not above 0, Symbol = EOSBULLUSDT
Count is not above 0, Symbol = EOSBULLUSDT
Symbol does not contain XRP, Symbol =  EOSBULLBUSD
FirstId is not above 0, Symbol = EOSBULLBUSD
Count is not above 0, Symbol = EOSBULLBUSD
Symbol does not contain XRP, Symbol =  EOSBEARUSDT
FirstId is not above 0, Symbol = EOSBEARUSDT
Count is not above 0, Symbol = EOSBEARUSDT
Symbol does not contain XRP, Symbol =  EOSBEARBUSD
FirstId is not above 0, Symbol = EOSBEARBUSD
Count is not above 0, Symbol = EOSBEARBUSD
FirstId is not above 0, Symbol = XRPBULLUSDT
Count is not above 0, Symbol = XRPBULLUSDT
FirstId is not above 0, Symbol = XRPBULLBUSD
Count is not above 0, Symbol = XRPBULLBUSD
FirstId is not above 0, Symbol = XRPBEARUSDT
Count is not above 0, Symbol = XRPBEARUSDT
FirstId is not above 0, Symbol = XRPBEARBUSD
Count is not above 0, Symbol = XRPBEARBUSD
Symbol does not contain XRP, Symbol =  BATBUSD
FirstId is not above 0, Symbol = BATBUSD
Count is not above 0, Symbol = BATBUSD
Symbol does not contain XRP, Symbol =  ENJBUSD
FirstId is not above 0, Symbol = ENJBUSD
Count is not above 0, Symbol = ENJBUSD
Symbol does not contain XRP, Symbol =  NANOBUSD
FirstId is not above 0, Symbol = NANOBUSD
Count is not above 0, Symbol = NANOBUSD
Symbol does not contain XRP, Symbol =  ONTBUSD
FirstId is not above 0, Symbol = ONTBUSD
Count is not above 0, Symbol = ONTBUSD
Symbol does not contain XRP, Symbol =  RVNBUSD
FirstId is not above 0, Symbol = RVNBUSD
Count is not above 0, Symbol = RVNBUSD
Symbol does not contain XRP, Symbol =  STRATBUSD
FirstId is not above 0, Symbol = STRATBUSD
Count is not above 0, Symbol = STRATBUSD
Symbol does not contain XRP, Symbol =  STRATBNB
FirstId is not above 0, Symbol = STRATBNB
Count is not above 0, Symbol = STRATBNB
Symbol does not contain XRP, Symbol =  STRATUSDT
FirstId is not above 0, Symbol = STRATUSDT
Count is not above 0, Symbol = STRATUSDT
Symbol does not contain XRP, Symbol =  AIONBUSD
FirstId is not above 0, Symbol = AIONBUSD
Count is not above 0, Symbol = AIONBUSD
Symbol does not contain XRP, Symbol =  AIONUSDT
FirstId is not above 0, Symbol = AIONUSDT
Count is not above 0, Symbol = AIONUSDT
Symbol does not contain XRP, Symbol =  MBLBNB
FirstId is not above 0, Symbol = MBLBNB
Count is not above 0, Symbol = MBLBNB
Symbol does not contain XRP, Symbol =  MBLBTC
FirstId is not above 0, Symbol = MBLBTC
Count is not above 0, Symbol = MBLBTC
Symbol does not contain XRP, Symbol =  MBLUSDT
Symbol does not contain XRP, Symbol =  COTIBNB
FirstId is not above 0, Symbol = COTIBNB
Count is not above 0, Symbol = COTIBNB
Symbol does not contain XRP, Symbol =  COTIBTC
Symbol does not contain XRP, Symbol =  COTIUSDT
Symbol does not contain XRP, Symbol =  ALGOBUSD
FirstId is not above 0, Symbol = ALGOBUSD
Count is not above 0, Symbol = ALGOBUSD
Symbol does not contain XRP, Symbol =  BTTBUSD
FirstId is not above 0, Symbol = BTTBUSD
Count is not above 0, Symbol = BTTBUSD
Symbol does not contain XRP, Symbol =  TOMOBUSD
FirstId is not above 0, Symbol = TOMOBUSD
Count is not above 0, Symbol = TOMOBUSD
Symbol does not contain XRP, Symbol =  XMRBUSD
FirstId is not above 0, Symbol = XMRBUSD
Count is not above 0, Symbol = XMRBUSD
Symbol does not contain XRP, Symbol =  ZECBUSD
FirstId is not above 0, Symbol = ZECBUSD
Count is not above 0, Symbol = ZECBUSD
Symbol does not contain XRP, Symbol =  BNBBULLUSDT
FirstId is not above 0, Symbol = BNBBULLUSDT
Count is not above 0, Symbol = BNBBULLUSDT
Symbol does not contain XRP, Symbol =  BNBBULLBUSD
FirstId is not above 0, Symbol = BNBBULLBUSD
Count is not above 0, Symbol = BNBBULLBUSD
Symbol does not contain XRP, Symbol =  BNBBEARUSDT
FirstId is not above 0, Symbol = BNBBEARUSDT
Count is not above 0, Symbol = BNBBEARUSDT
Symbol does not contain XRP, Symbol =  BNBBEARBUSD
FirstId is not above 0, Symbol = BNBBEARBUSD
Count is not above 0, Symbol = BNBBEARBUSD
Symbol does not contain XRP, Symbol =  STPTBNB
FirstId is not above 0, Symbol = STPTBNB
Count is not above 0, Symbol = STPTBNB
Symbol does not contain XRP, Symbol =  STPTBTC
Symbol does not contain XRP, Symbol =  STPTUSDT
Symbol does not contain XRP, Symbol =  BTCZAR
Symbol does not contain XRP, Symbol =  ETHZAR
Symbol does not contain XRP, Symbol =  BNBZAR
FirstId is not above 0, Symbol = BNBZAR
Count is not above 0, Symbol = BNBZAR
Symbol does not contain XRP, Symbol =  USDTZAR
Symbol does not contain XRP, Symbol =  BUSDZAR
FirstId is not above 0, Symbol = BUSDZAR
Count is not above 0, Symbol = BUSDZAR
Symbol does not contain XRP, Symbol =  BTCBKRW
FirstId is not above 0, Symbol = BTCBKRW
Count is not above 0, Symbol = BTCBKRW
Symbol does not contain XRP, Symbol =  ETHBKRW
FirstId is not above 0, Symbol = ETHBKRW
Count is not above 0, Symbol = ETHBKRW
Symbol does not contain XRP, Symbol =  BNBBKRW
FirstId is not above 0, Symbol = BNBBKRW
Count is not above 0, Symbol = BNBBKRW
Symbol does not contain XRP, Symbol =  WTCUSDT
FirstId is not above 0, Symbol = WTCUSDT
Count is not above 0, Symbol = WTCUSDT
Symbol does not contain XRP, Symbol =  DATABUSD
FirstId is not above 0, Symbol = DATABUSD
Count is not above 0, Symbol = DATABUSD
Symbol does not contain XRP, Symbol =  DATAUSDT
Symbol does not contain XRP, Symbol =  XZCUSDT
FirstId is not above 0, Symbol = XZCUSDT
Count is not above 0, Symbol = XZCUSDT
Symbol does not contain XRP, Symbol =  SOLBNB
Symbol does not contain XRP, Symbol =  SOLBTC
Symbol does not contain XRP, Symbol =  SOLUSDT
Symbol does not contain XRP, Symbol =  SOLBUSD
FirstId is not above 0, Symbol = SOLBUSD
Count is not above 0, Symbol = SOLBUSD
Symbol does not contain XRP, Symbol =  BTCIDRT
FirstId is not above 0, Symbol = BTCIDRT
Count is not above 0, Symbol = BTCIDRT
Symbol does not contain XRP, Symbol =  BNBIDRT
FirstId is not above 0, Symbol = BNBIDRT
Count is not above 0, Symbol = BNBIDRT
Symbol does not contain XRP, Symbol =  USDTIDRT
Symbol does not contain XRP, Symbol =  BUSDIDRT
FirstId is not above 0, Symbol = BUSDIDRT
Count is not above 0, Symbol = BUSDIDRT
Symbol does not contain XRP, Symbol =  CTSIBTC
Symbol does not contain XRP, Symbol =  CTSIUSDT
Symbol does not contain XRP, Symbol =  CTSIBNB
FirstId is not above 0, Symbol = CTSIBNB
Count is not above 0, Symbol = CTSIBNB
Symbol does not contain XRP, Symbol =  CTSIBUSD
FirstId is not above 0, Symbol = CTSIBUSD
Count is not above 0, Symbol = CTSIBUSD
Symbol does not contain XRP, Symbol =  HIVEBNB
FirstId is not above 0, Symbol = HIVEBNB
Count is not above 0, Symbol = HIVEBNB
Symbol does not contain XRP, Symbol =  HIVEBTC
Symbol does not contain XRP, Symbol =  HIVEUSDT
Symbol does not contain XRP, Symbol =  CHRBNB
FirstId is not above 0, Symbol = CHRBNB
Count is not above 0, Symbol = CHRBNB
Symbol does not contain XRP, Symbol =  CHRBTC
Symbol does not contain XRP, Symbol =  CHRUSDT
Symbol does not contain XRP, Symbol =  BTCUPUSDT
FirstId is not above 0, Symbol = BTCUPUSDT
Count is not above 0, Symbol = BTCUPUSDT
Symbol does not contain XRP, Symbol =  BTCDOWNUSDT
FirstId is not above 0, Symbol = BTCDOWNUSDT
Count is not above 0, Symbol = BTCDOWNUSDT
Symbol does not contain XRP, Symbol =  GXSUSDT
FirstId is not above 0, Symbol = GXSUSDT
Count is not above 0, Symbol = GXSUSDT
Symbol does not contain XRP, Symbol =  ARDRUSDT
Symbol does not contain XRP, Symbol =  ERDBUSD
FirstId is not above 0, Symbol = ERDBUSD
Count is not above 0, Symbol = ERDBUSD
Symbol does not contain XRP, Symbol =  LENDUSDT
FirstId is not above 0, Symbol = LENDUSDT
Count is not above 0, Symbol = LENDUSDT
Symbol does not contain XRP, Symbol =  HBARBUSD
FirstId is not above 0, Symbol = HBARBUSD
Count is not above 0, Symbol = HBARBUSD
Symbol does not contain XRP, Symbol =  MATICBUSD
FirstId is not above 0, Symbol = MATICBUSD
Count is not above 0, Symbol = MATICBUSD
Symbol does not contain XRP, Symbol =  WRXBUSD
FirstId is not above 0, Symbol = WRXBUSD
Count is not above 0, Symbol = WRXBUSD
Symbol does not contain XRP, Symbol =  ZILBUSD
FirstId is not above 0, Symbol = ZILBUSD
Count is not above 0, Symbol = ZILBUSD
Symbol does not contain XRP, Symbol =  MDTBNB
FirstId is not above 0, Symbol = MDTBNB
Count is not above 0, Symbol = MDTBNB
Symbol does not contain XRP, Symbol =  MDTBTC
Symbol does not contain XRP, Symbol =  MDTUSDT
Symbol does not contain XRP, Symbol =  STMXBTC
FirstId is not above 0, Symbol = STMXBTC
Count is not above 0, Symbol = STMXBTC
Symbol does not contain XRP, Symbol =  STMXETH
FirstId is not above 0, Symbol = STMXETH
Count is not above 0, Symbol = STMXETH
Symbol does not contain XRP, Symbol =  STMXUSDT
Symbol does not contain XRP, Symbol =  KNCBUSD
FirstId is not above 0, Symbol = KNCBUSD
Count is not above 0, Symbol = KNCBUSD
Symbol does not contain XRP, Symbol =  KNCUSDT
Symbol does not contain XRP, Symbol =  REPBUSD
FirstId is not above 0, Symbol = REPBUSD
Count is not above 0, Symbol = REPBUSD
Symbol does not contain XRP, Symbol =  REPUSDT
FirstId is not above 0, Symbol = REPUSDT
Count is not above 0, Symbol = REPUSDT
Symbol does not contain XRP, Symbol =  LRCBUSD
FirstId is not above 0, Symbol = LRCBUSD
Count is not above 0, Symbol = LRCBUSD
Symbol does not contain XRP, Symbol =  LRCUSDT
Symbol does not contain XRP, Symbol =  IQBNB
FirstId is not above 0, Symbol = IQBNB
Count is not above 0, Symbol = IQBNB
Symbol does not contain XRP, Symbol =  IQBUSD
FirstId is not above 0, Symbol = IQBUSD
Count is not above 0, Symbol = IQBUSD
Symbol does not contain XRP, Symbol =  PNTBTC
FirstId is not above 0, Symbol = PNTBTC
Count is not above 0, Symbol = PNTBTC
Symbol does not contain XRP, Symbol =  PNTUSDT
FirstId is not above 0, Symbol = PNTUSDT
Count is not above 0, Symbol = PNTUSDT
Symbol does not contain XRP, Symbol =  BTCGBP
FirstId is not above 0, Symbol = BTCGBP
Count is not above 0, Symbol = BTCGBP
Symbol does not contain XRP, Symbol =  ETHGBP
FirstId is not above 0, Symbol = ETHGBP
Count is not above 0, Symbol = ETHGBP
FirstId is not above 0, Symbol = XRPGBP
Count is not above 0, Symbol = XRPGBP
Symbol does not contain XRP, Symbol =  BNBGBP
FirstId is not above 0, Symbol = BNBGBP
Count is not above 0, Symbol = BNBGBP
Symbol does not contain XRP, Symbol =  GBPBUSD
FirstId is not above 0, Symbol = GBPBUSD
Count is not above 0, Symbol = GBPBUSD
Symbol does not contain XRP, Symbol =  DGBBTC
Symbol does not contain XRP, Symbol =  DGBBUSD
FirstId is not above 0, Symbol = DGBBUSD
Count is not above 0, Symbol = DGBBUSD
Symbol does not contain XRP, Symbol =  BTCUAH
Symbol does not contain XRP, Symbol =  USDTUAH
Symbol does not contain XRP, Symbol =  COMPBTC
Symbol does not contain XRP, Symbol =  COMPBNB
FirstId is not above 0, Symbol = COMPBNB
Count is not above 0, Symbol = COMPBNB
Symbol does not contain XRP, Symbol =  COMPBUSD
FirstId is not above 0, Symbol = COMPBUSD
Count is not above 0, Symbol = COMPBUSD
Symbol does not contain XRP, Symbol =  COMPUSDT
Symbol does not contain XRP, Symbol =  BTCBIDR
FirstId is not above 0, Symbol = BTCBIDR
Count is not above 0, Symbol = BTCBIDR
Symbol does not contain XRP, Symbol =  ETHBIDR
FirstId is not above 0, Symbol = ETHBIDR
Count is not above 0, Symbol = ETHBIDR
Symbol does not contain XRP, Symbol =  BNBBIDR
FirstId is not above 0, Symbol = BNBBIDR
Count is not above 0, Symbol = BNBBIDR
Symbol does not contain XRP, Symbol =  BUSDBIDR
FirstId is not above 0, Symbol = BUSDBIDR
Count is not above 0, Symbol = BUSDBIDR
Symbol does not contain XRP, Symbol =  USDTBIDR
FirstId is not above 0, Symbol = USDTBIDR
Count is not above 0, Symbol = USDTBIDR
Symbol does not contain XRP, Symbol =  BKRWUSDT
FirstId is not above 0, Symbol = BKRWUSDT
Count is not above 0, Symbol = BKRWUSDT
Symbol does not contain XRP, Symbol =  BKRWBUSD
FirstId is not above 0, Symbol = BKRWBUSD
Count is not above 0, Symbol = BKRWBUSD
Symbol does not contain XRP, Symbol =  SCUSDT
Symbol does not contain XRP, Symbol =  ZENUSDT
Symbol does not contain XRP, Symbol =  SXPBTC
Symbol does not contain XRP, Symbol =  SXPBNB
FirstId is not above 0, Symbol = SXPBNB
Count is not above 0, Symbol = SXPBNB
Symbol does not contain XRP, Symbol =  SXPBUSD
FirstId is not above 0, Symbol = SXPBUSD
Count is not above 0, Symbol = SXPBUSD
Symbol does not contain XRP, Symbol =  SNXBTC
Symbol does not contain XRP, Symbol =  SNXBNB
FirstId is not above 0, Symbol = SNXBNB
Count is not above 0, Symbol = SNXBNB
Symbol does not contain XRP, Symbol =  SNXBUSD
FirstId is not above 0, Symbol = SNXBUSD
Count is not above 0, Symbol = SNXBUSD
Symbol does not contain XRP, Symbol =  SNXUSDT
Symbol does not contain XRP, Symbol =  ETHUPUSDT
FirstId is not above 0, Symbol = ETHUPUSDT
Count is not above 0, Symbol = ETHUPUSDT
Symbol does not contain XRP, Symbol =  ETHDOWNUSDT
FirstId is not above 0, Symbol = ETHDOWNUSDT
Count is not above 0, Symbol = ETHDOWNUSDT
Symbol does not contain XRP, Symbol =  ADAUPUSDT
FirstId is not above 0, Symbol = ADAUPUSDT
Count is not above 0, Symbol = ADAUPUSDT
Symbol does not contain XRP, Symbol =  ADADOWNUSDT
FirstId is not above 0, Symbol = ADADOWNUSDT
Count is not above 0, Symbol = ADADOWNUSDT
Symbol does not contain XRP, Symbol =  LINKUPUSDT
FirstId is not above 0, Symbol = LINKUPUSDT
Count is not above 0, Symbol = LINKUPUSDT
Symbol does not contain XRP, Symbol =  LINKDOWNUSDT
FirstId is not above 0, Symbol = LINKDOWNUSDT
Count is not above 0, Symbol = LINKDOWNUSDT
Symbol does not contain XRP, Symbol =  VTHOBNB
FirstId is not above 0, Symbol = VTHOBNB
Count is not above 0, Symbol = VTHOBNB
Symbol does not contain XRP, Symbol =  VTHOBUSD
FirstId is not above 0, Symbol = VTHOBUSD
Count is not above 0, Symbol = VTHOBUSD
Symbol does not contain XRP, Symbol =  VTHOUSDT
Symbol does not contain XRP, Symbol =  DCRBUSD
FirstId is not above 0, Symbol = DCRBUSD
Count is not above 0, Symbol = DCRBUSD
Symbol does not contain XRP, Symbol =  DGBUSDT
Symbol does not contain XRP, Symbol =  GBPUSDT
FirstId is not above 0, Symbol = GBPUSDT
Count is not above 0, Symbol = GBPUSDT
Symbol does not contain XRP, Symbol =  STORJBUSD
FirstId is not above 0, Symbol = STORJBUSD
Count is not above 0, Symbol = STORJBUSD
Symbol does not contain XRP, Symbol =  SXPUSDT
Symbol does not contain XRP, Symbol =  IRISBNB
FirstId is not above 0, Symbol = IRISBNB
Count is not above 0, Symbol = IRISBNB
Symbol does not contain XRP, Symbol =  IRISBTC
Symbol does not contain XRP, Symbol =  IRISBUSD
FirstId is not above 0, Symbol = IRISBUSD
Count is not above 0, Symbol = IRISBUSD
Symbol does not contain XRP, Symbol =  MKRBNB
FirstId is not above 0, Symbol = MKRBNB
Count is not above 0, Symbol = MKRBNB
Symbol does not contain XRP, Symbol =  MKRBTC
Symbol does not contain XRP, Symbol =  MKRUSDT
Symbol does not contain XRP, Symbol =  MKRBUSD
FirstId is not above 0, Symbol = MKRBUSD
Count is not above 0, Symbol = MKRBUSD
Symbol does not contain XRP, Symbol =  DAIBNB
FirstId is not above 0, Symbol = DAIBNB
Count is not above 0, Symbol = DAIBNB
Symbol does not contain XRP, Symbol =  DAIBTC
FirstId is not above 0, Symbol = DAIBTC
Count is not above 0, Symbol = DAIBTC
Symbol does not contain XRP, Symbol =  DAIUSDT
FirstId is not above 0, Symbol = DAIUSDT
Count is not above 0, Symbol = DAIUSDT
Symbol does not contain XRP, Symbol =  DAIBUSD
FirstId is not above 0, Symbol = DAIBUSD
Count is not above 0, Symbol = DAIBUSD
Symbol does not contain XRP, Symbol =  RUNEBNB
Symbol does not contain XRP, Symbol =  RUNEBTC
Symbol does not contain XRP, Symbol =  RUNEBUSD
FirstId is not above 0, Symbol = RUNEBUSD
Count is not above 0, Symbol = RUNEBUSD
Symbol does not contain XRP, Symbol =  MANABUSD
FirstId is not above 0, Symbol = MANABUSD
Count is not above 0, Symbol = MANABUSD
Symbol does not contain XRP, Symbol =  DOGEBUSD
FirstId is not above 0, Symbol = DOGEBUSD
Count is not above 0, Symbol = DOGEBUSD
Symbol does not contain XRP, Symbol =  LENDBUSD
FirstId is not above 0, Symbol = LENDBUSD
Count is not above 0, Symbol = LENDBUSD
Symbol does not contain XRP, Symbol =  ZRXBUSD
FirstId is not above 0, Symbol = ZRXBUSD
Count is not above 0, Symbol = ZRXBUSD
Symbol does not contain XRP, Symbol =  DCRUSDT
Symbol does not contain XRP, Symbol =  STORJUSDT
FirstId is not above 0, Symbol = XRPBKRW
Count is not above 0, Symbol = XRPBKRW
Symbol does not contain XRP, Symbol =  ADABKRW
FirstId is not above 0, Symbol = ADABKRW
Count is not above 0, Symbol = ADABKRW
Symbol does not contain XRP, Symbol =  BTCAUD
FirstId is not above 0, Symbol = BTCAUD
Count is not above 0, Symbol = BTCAUD
Symbol does not contain XRP, Symbol =  ETHAUD
FirstId is not above 0, Symbol = ETHAUD
Count is not above 0, Symbol = ETHAUD
Symbol does not contain XRP, Symbol =  AUDBUSD
FirstId is not above 0, Symbol = AUDBUSD
Count is not above 0, Symbol = AUDBUSD
Symbol does not contain XRP, Symbol =  FIOBNB
FirstId is not above 0, Symbol = FIOBNB
Count is not above 0, Symbol = FIOBNB
Symbol does not contain XRP, Symbol =  FIOBTC
Symbol does not contain XRP, Symbol =  FIOBUSD
FirstId is not above 0, Symbol = FIOBUSD
Count is not above 0, Symbol = FIOBUSD
Symbol does not contain XRP, Symbol =  BNBUPUSDT
FirstId is not above 0, Symbol = BNBUPUSDT
Count is not above 0, Symbol = BNBUPUSDT
Symbol does not contain XRP, Symbol =  BNBDOWNUSDT
FirstId is not above 0, Symbol = BNBDOWNUSDT
Count is not above 0, Symbol = BNBDOWNUSDT
Symbol does not contain XRP, Symbol =  XTZUPUSDT
FirstId is not above 0, Symbol = XTZUPUSDT
Count is not above 0, Symbol = XTZUPUSDT
Symbol does not contain XRP, Symbol =  XTZDOWNUSDT
FirstId is not above 0, Symbol = XTZDOWNUSDT
Count is not above 0, Symbol = XTZDOWNUSDT
Symbol does not contain XRP, Symbol =  AVABNB
FirstId is not above 0, Symbol = AVABNB
Count is not above 0, Symbol = AVABNB
Symbol does not contain XRP, Symbol =  AVABTC
Symbol does not contain XRP, Symbol =  AVABUSD
FirstId is not above 0, Symbol = AVABUSD
Count is not above 0, Symbol = AVABUSD
Symbol does not contain XRP, Symbol =  USDTBKRW
FirstId is not above 0, Symbol = USDTBKRW
Count is not above 0, Symbol = USDTBKRW
Symbol does not contain XRP, Symbol =  BUSDBKRW
FirstId is not above 0, Symbol = BUSDBKRW
Count is not above 0, Symbol = BUSDBKRW
Symbol does not contain XRP, Symbol =  IOTABUSD
FirstId is not above 0, Symbol = IOTABUSD
Count is not above 0, Symbol = IOTABUSD
Symbol does not contain XRP, Symbol =  MANAUSDT
FirstId is not above 0, Symbol = XRPAUD
Count is not above 0, Symbol = XRPAUD
Symbol does not contain XRP, Symbol =  BNBAUD
FirstId is not above 0, Symbol = BNBAUD
Count is not above 0, Symbol = BNBAUD
Symbol does not contain XRP, Symbol =  AUDUSDT
FirstId is not above 0, Symbol = AUDUSDT
Count is not above 0, Symbol = AUDUSDT
Symbol does not contain XRP, Symbol =  BALBNB
FirstId is not above 0, Symbol = BALBNB
Count is not above 0, Symbol = BALBNB
Symbol does not contain XRP, Symbol =  BALBTC
Symbol does not contain XRP, Symbol =  BALBUSD
FirstId is not above 0, Symbol = BALBUSD
Count is not above 0, Symbol = BALBUSD
Symbol does not contain XRP, Symbol =  YFIBNB
FirstId is not above 0, Symbol = YFIBNB
Count is not above 0, Symbol = YFIBNB
Symbol does not contain XRP, Symbol =  YFIBTC
Symbol does not contain XRP, Symbol =  YFIBUSD
FirstId is not above 0, Symbol = YFIBUSD
Count is not above 0, Symbol = YFIBUSD
Symbol does not contain XRP, Symbol =  YFIUSDT
Symbol does not contain XRP, Symbol =  BLZBUSD
FirstId is not above 0, Symbol = BLZBUSD
Count is not above 0, Symbol = BLZBUSD
Symbol does not contain XRP, Symbol =  KMDBUSD
FirstId is not above 0, Symbol = KMDBUSD
Count is not above 0, Symbol = KMDBUSD
Symbol does not contain XRP, Symbol =  BALUSDT
Symbol does not contain XRP, Symbol =  BLZUSDT
Symbol does not contain XRP, Symbol =  IRISUSDT
Symbol does not contain XRP, Symbol =  KMDUSDT
Symbol does not contain XRP, Symbol =  BTCDAI
Symbol does not contain XRP, Symbol =  ETHDAI
Symbol does not contain XRP, Symbol =  BNBDAI
Symbol does not contain XRP, Symbol =  USDTDAI
Symbol does not contain XRP, Symbol =  BUSDDAI
FirstId is not above 0, Symbol = BUSDDAI
Count is not above 0, Symbol = BUSDDAI
Symbol does not contain XRP, Symbol =  JSTBNB
FirstId is not above 0, Symbol = JSTBNB
Count is not above 0, Symbol = JSTBNB
Symbol does not contain XRP, Symbol =  JSTBTC
Symbol does not contain XRP, Symbol =  JSTBUSD
FirstId is not above 0, Symbol = JSTBUSD
Count is not above 0, Symbol = JSTBUSD
Symbol does not contain XRP, Symbol =  JSTUSDT
Symbol does not contain XRP, Symbol =  SRMBNB
FirstId is not above 0, Symbol = SRMBNB
Count is not above 0, Symbol = SRMBNB
Symbol does not contain XRP, Symbol =  SRMBTC
FirstId is not above 0, Symbol = SRMBTC
Count is not above 0, Symbol = SRMBTC
Symbol does not contain XRP, Symbol =  SRMBUSD
FirstId is not above 0, Symbol = SRMBUSD
Count is not above 0, Symbol = SRMBUSD
Symbol does not contain XRP, Symbol =  SRMUSDT
FirstId is not above 0, Symbol = SRMUSDT
Count is not above 0, Symbol = SRMUSDT
Symbol does not contain XRP, Symbol =  ANTBNB
FirstId is not above 0, Symbol = ANTBNB
Count is not above 0, Symbol = ANTBNB
Symbol does not contain XRP, Symbol =  ANTBTC
FirstId is not above 0, Symbol = ANTBTC
Count is not above 0, Symbol = ANTBTC
Symbol does not contain XRP, Symbol =  ANTBUSD
FirstId is not above 0, Symbol = ANTBUSD
Count is not above 0, Symbol = ANTBUSD
Symbol does not contain XRP, Symbol =  ANTUSDT
FirstId is not above 0, Symbol = ANTUSDT
Count is not above 0, Symbol = ANTUSDT
Symbol does not contain XRP, Symbol =  CRVBNB
FirstId is not above 0, Symbol = CRVBNB
Count is not above 0, Symbol = CRVBNB
Symbol does not contain XRP, Symbol =  CRVBTC
Symbol does not contain XRP, Symbol =  CRVBUSD
FirstId is not above 0, Symbol = CRVBUSD
Count is not above 0, Symbol = CRVBUSD
Symbol does not contain XRP, Symbol =  CRVUSDT
Symbol does not contain XRP, Symbol =  SANDBNB
FirstId is not above 0, Symbol = SANDBNB
Count is not above 0, Symbol = SANDBNB
Symbol does not contain XRP, Symbol =  SANDBTC
Symbol does not contain XRP, Symbol =  SANDUSDT
Symbol does not contain XRP, Symbol =  SANDBUSD
FirstId is not above 0, Symbol = SANDBUSD
Count is not above 0, Symbol = SANDBUSD
Symbol does not contain XRP, Symbol =  OCEANBNB
FirstId is not above 0, Symbol = OCEANBNB
Count is not above 0, Symbol = OCEANBNB
Symbol does not contain XRP, Symbol =  OCEANBTC
FirstId is not above 0, Symbol = OCEANBTC
Count is not above 0, Symbol = OCEANBTC
Symbol does not contain XRP, Symbol =  OCEANBUSD
FirstId is not above 0, Symbol = OCEANBUSD
Count is not above 0, Symbol = OCEANBUSD
Symbol does not contain XRP, Symbol =  OCEANUSDT
FirstId is not above 0, Symbol = OCEANUSDT
Count is not above 0, Symbol = OCEANUSDT
Symbol does not contain XRP, Symbol =  NMRBTC
Symbol does not contain XRP, Symbol =  NMRBUSD
FirstId is not above 0, Symbol = NMRBUSD
Count is not above 0, Symbol = NMRBUSD
Symbol does not contain XRP, Symbol =  NMRUSDT
Symbol does not contain XRP, Symbol =  DOTBNB
Symbol does not contain XRP, Symbol =  DOTBTC
Symbol does not contain XRP, Symbol =  DOTBUSD
FirstId is not above 0, Symbol = DOTBUSD
Count is not above 0, Symbol = DOTBUSD
Symbol does not contain XRP, Symbol =  DOTUSDT
Symbol does not contain XRP, Symbol =  LUNABNB
FirstId is not above 0, Symbol = LUNABNB
Count is not above 0, Symbol = LUNABNB
Symbol does not contain XRP, Symbol =  LUNABTC
FirstId is not above 0, Symbol = LUNABTC
Count is not above 0, Symbol = LUNABTC
Symbol does not contain XRP, Symbol =  LUNABUSD
FirstId is not above 0, Symbol = LUNABUSD
Count is not above 0, Symbol = LUNABUSD
Symbol does not contain XRP, Symbol =  LUNAUSDT
Symbol does not contain XRP, Symbol =  IDEXBTC
Symbol does not contain XRP, Symbol =  IDEXBUSD
FirstId is not above 0, Symbol = IDEXBUSD
Count is not above 0, Symbol = IDEXBUSD
Symbol does not contain XRP, Symbol =  RSRBNB
FirstId is not above 0, Symbol = RSRBNB
Count is not above 0, Symbol = RSRBNB
Symbol does not contain XRP, Symbol =  RSRBTC
FirstId is not above 0, Symbol = RSRBTC
Count is not above 0, Symbol = RSRBTC
Symbol does not contain XRP, Symbol =  RSRBUSD
FirstId is not above 0, Symbol = RSRBUSD
Count is not above 0, Symbol = RSRBUSD
Symbol does not contain XRP, Symbol =  RSRUSDT
Symbol does not contain XRP, Symbol =  PAXGBNB
FirstId is not above 0, Symbol = PAXGBNB
Count is not above 0, Symbol = PAXGBNB
Symbol does not contain XRP, Symbol =  PAXGBTC
Symbol does not contain XRP, Symbol =  PAXGBUSD
FirstId is not above 0, Symbol = PAXGBUSD
Count is not above 0, Symbol = PAXGBUSD
Symbol does not contain XRP, Symbol =  PAXGUSDT
Symbol does not contain XRP, Symbol =  WNXMBNB
FirstId is not above 0, Symbol = WNXMBNB
Count is not above 0, Symbol = WNXMBNB
Symbol does not contain XRP, Symbol =  WNXMBTC
FirstId is not above 0, Symbol = WNXMBTC
Count is not above 0, Symbol = WNXMBTC
Symbol does not contain XRP, Symbol =  WNXMBUSD
FirstId is not above 0, Symbol = WNXMBUSD
Count is not above 0, Symbol = WNXMBUSD
Symbol does not contain XRP, Symbol =  WNXMUSDT
FirstId is not above 0, Symbol = WNXMUSDT
Count is not above 0, Symbol = WNXMUSDT
Symbol does not contain XRP, Symbol =  TRBBNB
FirstId is not above 0, Symbol = TRBBNB
Count is not above 0, Symbol = TRBBNB
Symbol does not contain XRP, Symbol =  TRBBTC
Symbol does not contain XRP, Symbol =  TRBBUSD
FirstId is not above 0, Symbol = TRBBUSD
Count is not above 0, Symbol = TRBBUSD
Symbol does not contain XRP, Symbol =  TRBUSDT
Symbol does not contain XRP, Symbol =  ETHNGN
FirstId is not above 0, Symbol = ETHNGN
Count is not above 0, Symbol = ETHNGN
Symbol does not contain XRP, Symbol =  DOTBIDR
FirstId is not above 0, Symbol = DOTBIDR
Count is not above 0, Symbol = DOTBIDR
Symbol does not contain XRP, Symbol =  LINKAUD
FirstId is not above 0, Symbol = LINKAUD
Count is not above 0, Symbol = LINKAUD
Symbol does not contain XRP, Symbol =  SXPAUD
FirstId is not above 0, Symbol = SXPAUD
Count is not above 0, Symbol = SXPAUD
Symbol does not contain XRP, Symbol =  BZRXBNB
FirstId is not above 0, Symbol = BZRXBNB
Count is not above 0, Symbol = BZRXBNB
Symbol does not contain XRP, Symbol =  BZRXBTC
FirstId is not above 0, Symbol = BZRXBTC
Count is not above 0, Symbol = BZRXBTC
Symbol does not contain XRP, Symbol =  BZRXBUSD
FirstId is not above 0, Symbol = BZRXBUSD
Count is not above 0, Symbol = BZRXBUSD
Symbol does not contain XRP, Symbol =  BZRXUSDT
FirstId is not above 0, Symbol = BZRXUSDT
Count is not above 0, Symbol = BZRXUSDT
Symbol does not contain XRP, Symbol =  WBTCBTC
Symbol does not contain XRP, Symbol =  WBTCETH
Symbol does not contain XRP, Symbol =  SUSHIBNB
FirstId is not above 0, Symbol = SUSHIBNB
Count is not above 0, Symbol = SUSHIBNB
Symbol does not contain XRP, Symbol =  SUSHIBTC
Symbol does not contain XRP, Symbol =  SUSHIBUSD
FirstId is not above 0, Symbol = SUSHIBUSD
Count is not above 0, Symbol = SUSHIBUSD
Symbol does not contain XRP, Symbol =  SUSHIUSDT
Symbol does not contain XRP, Symbol =  YFIIBNB
FirstId is not above 0, Symbol = YFIIBNB
Count is not above 0, Symbol = YFIIBNB
Symbol does not contain XRP, Symbol =  YFIIBTC
FirstId is not above 0, Symbol = YFIIBTC
Count is not above 0, Symbol = YFIIBTC
Symbol does not contain XRP, Symbol =  YFIIBUSD
FirstId is not above 0, Symbol = YFIIBUSD
Count is not above 0, Symbol = YFIIBUSD
Symbol does not contain XRP, Symbol =  YFIIUSDT
FirstId is not above 0, Symbol = YFIIUSDT
Count is not above 0, Symbol = YFIIUSDT
Symbol does not contain XRP, Symbol =  KSMBNB
FirstId is not above 0, Symbol = KSMBNB
Count is not above 0, Symbol = KSMBNB
Symbol does not contain XRP, Symbol =  KSMBTC
Symbol does not contain XRP, Symbol =  KSMBUSD
FirstId is not above 0, Symbol = KSMBUSD
Count is not above 0, Symbol = KSMBUSD
Symbol does not contain XRP, Symbol =  KSMUSDT
Symbol does not contain XRP, Symbol =  EGLDBNB
Symbol does not contain XRP, Symbol =  EGLDBTC
Symbol does not contain XRP, Symbol =  EGLDBUSD
FirstId is not above 0, Symbol = EGLDBUSD
Count is not above 0, Symbol = EGLDBUSD
Symbol does not contain XRP, Symbol =  EGLDUSDT
Symbol does not contain XRP, Symbol =  DIABNB
FirstId is not above 0, Symbol = DIABNB
Count is not above 0, Symbol = DIABNB
Symbol does not contain XRP, Symbol =  DIABTC
Symbol does not contain XRP, Symbol =  DIABUSD
FirstId is not above 0, Symbol = DIABUSD
Count is not above 0, Symbol = DIABUSD
Symbol does not contain XRP, Symbol =  DIAUSDT
Symbol does not contain XRP, Symbol =  RUNEUSDT
Symbol does not contain XRP, Symbol =  FIOUSDT
Symbol does not contain XRP, Symbol =  UMABTC
Symbol does not contain XRP, Symbol =  UMAUSDT
Symbol does not contain XRP, Symbol =  EOSUPUSDT
FirstId is not above 0, Symbol = EOSUPUSDT
Count is not above 0, Symbol = EOSUPUSDT
Symbol does not contain XRP, Symbol =  EOSDOWNUSDT
FirstId is not above 0, Symbol = EOSDOWNUSDT
Count is not above 0, Symbol = EOSDOWNUSDT
Symbol does not contain XRP, Symbol =  TRXUPUSDT
FirstId is not above 0, Symbol = TRXUPUSDT
Count is not above 0, Symbol = TRXUPUSDT
Symbol does not contain XRP, Symbol =  TRXDOWNUSDT
FirstId is not above 0, Symbol = TRXDOWNUSDT
Count is not above 0, Symbol = TRXDOWNUSDT
FirstId is not above 0, Symbol = XRPUPUSDT
Count is not above 0, Symbol = XRPUPUSDT
FirstId is not above 0, Symbol = XRPDOWNUSDT
Count is not above 0, Symbol = XRPDOWNUSDT
Symbol does not contain XRP, Symbol =  DOTUPUSDT
FirstId is not above 0, Symbol = DOTUPUSDT
Count is not above 0, Symbol = DOTUPUSDT
Symbol does not contain XRP, Symbol =  DOTDOWNUSDT
FirstId is not above 0, Symbol = DOTDOWNUSDT
Count is not above 0, Symbol = DOTDOWNUSDT
Symbol does not contain XRP, Symbol =  SRMBIDR
FirstId is not above 0, Symbol = SRMBIDR
Count is not above 0, Symbol = SRMBIDR
Symbol does not contain XRP, Symbol =  ONEBIDR
FirstId is not above 0, Symbol = ONEBIDR
Count is not above 0, Symbol = ONEBIDR
Symbol does not contain XRP, Symbol =  LINKTRY
Symbol does not contain XRP, Symbol =  USDTNGN
FirstId is not above 0, Symbol = USDTNGN
Count is not above 0, Symbol = USDTNGN
Symbol does not contain XRP, Symbol =  BELBNB
FirstId is not above 0, Symbol = BELBNB
Count is not above 0, Symbol = BELBNB
Symbol does not contain XRP, Symbol =  BELBTC
Symbol does not contain XRP, Symbol =  BELBUSD
FirstId is not above 0, Symbol = BELBUSD
Count is not above 0, Symbol = BELBUSD
Symbol does not contain XRP, Symbol =  BELUSDT
Symbol does not contain XRP, Symbol =  WINGBNB
FirstId is not above 0, Symbol = WINGBNB
Count is not above 0, Symbol = WINGBNB
Symbol does not contain XRP, Symbol =  WINGBTC
FirstId is not above 0, Symbol = WINGBTC
Count is not above 0, Symbol = WINGBTC
Symbol does not contain XRP, Symbol =  SWRVBNB
FirstId is not above 0, Symbol = SWRVBNB
Count is not above 0, Symbol = SWRVBNB
Symbol does not contain XRP, Symbol =  SWRVBUSD
FirstId is not above 0, Symbol = SWRVBUSD
Count is not above 0, Symbol = SWRVBUSD
Symbol does not contain XRP, Symbol =  WINGBUSD
FirstId is not above 0, Symbol = WINGBUSD
Count is not above 0, Symbol = WINGBUSD
Symbol does not contain XRP, Symbol =  WINGUSDT
Symbol does not contain XRP, Symbol =  LTCUPUSDT
FirstId is not above 0, Symbol = LTCUPUSDT
Count is not above 0, Symbol = LTCUPUSDT
Symbol does not contain XRP, Symbol =  LTCDOWNUSDT
FirstId is not above 0, Symbol = LTCDOWNUSDT
Count is not above 0, Symbol = LTCDOWNUSDT
Symbol does not contain XRP, Symbol =  LENDBKRW
FirstId is not above 0, Symbol = LENDBKRW
Count is not above 0, Symbol = LENDBKRW
Symbol does not contain XRP, Symbol =  SXPEUR
FirstId is not above 0, Symbol = SXPEUR
Count is not above 0, Symbol = SXPEUR
Symbol does not contain XRP, Symbol =  CREAMBNB
FirstId is not above 0, Symbol = CREAMBNB
Count is not above 0, Symbol = CREAMBNB
Symbol does not contain XRP, Symbol =  CREAMBUSD
FirstId is not above 0, Symbol = CREAMBUSD
Count is not above 0, Symbol = CREAMBUSD
Symbol does not contain XRP, Symbol =  UNIBNB
FirstId is not above 0, Symbol = UNIBNB
Count is not above 0, Symbol = UNIBNB
Symbol does not contain XRP, Symbol =  UNIBTC
Symbol does not contain XRP, Symbol =  UNIBUSD
FirstId is not above 0, Symbol = UNIBUSD
Count is not above 0, Symbol = UNIBUSD
Symbol does not contain XRP, Symbol =  UNIUSDT
Symbol does not contain XRP, Symbol =  NBSBTC
FirstId is not above 0, Symbol = NBSBTC
Count is not above 0, Symbol = NBSBTC
Symbol does not contain XRP, Symbol =  NBSUSDT
FirstId is not above 0, Symbol = NBSUSDT
Count is not above 0, Symbol = NBSUSDT
Symbol does not contain XRP, Symbol =  OXTBTC
Symbol does not contain XRP, Symbol =  OXTUSDT
Symbol does not contain XRP, Symbol =  SUNBTC
FirstId is not above 0, Symbol = SUNBTC
Count is not above 0, Symbol = SUNBTC
Symbol does not contain XRP, Symbol =  SUNUSDT
Symbol does not contain XRP, Symbol =  AVAXBNB
Symbol does not contain XRP, Symbol =  AVAXBTC
Symbol does not contain XRP, Symbol =  AVAXBUSD
FirstId is not above 0, Symbol = AVAXBUSD
Count is not above 0, Symbol = AVAXBUSD
Symbol does not contain XRP, Symbol =  AVAXUSDT
Symbol does not contain XRP, Symbol =  HNTBTC
FirstId is not above 0, Symbol = HNTBTC
Count is not above 0, Symbol = HNTBTC
Symbol does not contain XRP, Symbol =  HNTUSDT
FirstId is not above 0, Symbol = HNTUSDT
Count is not above 0, Symbol = HNTUSDT
Symbol does not contain XRP, Symbol =  BAKEBNB
FirstId is not above 0, Symbol = BAKEBNB
Count is not above 0, Symbol = BAKEBNB
Symbol does not contain XRP, Symbol =  BURGERBNB
FirstId is not above 0, Symbol = BURGERBNB
Count is not above 0, Symbol = BURGERBNB
Symbol does not contain XRP, Symbol =  SXPBIDR
FirstId is not above 0, Symbol = SXPBIDR
Count is not above 0, Symbol = SXPBIDR
Symbol does not contain XRP, Symbol =  LINKBKRW
FirstId is not above 0, Symbol = LINKBKRW
Count is not above 0, Symbol = LINKBKRW
Symbol does not contain XRP, Symbol =  FLMBNB
FirstId is not above 0, Symbol = FLMBNB
Count is not above 0, Symbol = FLMBNB
Symbol does not contain XRP, Symbol =  FLMBTC
Symbol does not contain XRP, Symbol =  FLMBUSD
FirstId is not above 0, Symbol = FLMBUSD
Count is not above 0, Symbol = FLMBUSD
Symbol does not contain XRP, Symbol =  FLMUSDT
Symbol does not contain XRP, Symbol =  SCRTBTC
Symbol does not contain XRP, Symbol =  SCRTETH
FirstId is not above 0, Symbol = SCRTETH
Count is not above 0, Symbol = SCRTETH
Symbol does not contain XRP, Symbol =  CAKEBNB
Symbol does not contain XRP, Symbol =  CAKEBUSD
FirstId is not above 0, Symbol = CAKEBUSD
Count is not above 0, Symbol = CAKEBUSD
Symbol does not contain XRP, Symbol =  SPARTABNB
FirstId is not above 0, Symbol = SPARTABNB
Count is not above 0, Symbol = SPARTABNB
Symbol does not contain XRP, Symbol =  UNIUPUSDT
FirstId is not above 0, Symbol = UNIUPUSDT
Count is not above 0, Symbol = UNIUPUSDT
Symbol does not contain XRP, Symbol =  UNIDOWNUSDT
FirstId is not above 0, Symbol = UNIDOWNUSDT
Count is not above 0, Symbol = UNIDOWNUSDT
Symbol does not contain XRP, Symbol =  ORNBTC
Symbol does not contain XRP, Symbol =  ORNUSDT
Symbol does not contain XRP, Symbol =  TRXNGN
FirstId is not above 0, Symbol = TRXNGN
Count is not above 0, Symbol = TRXNGN
Symbol does not contain XRP, Symbol =  SXPTRY
Symbol does not contain XRP, Symbol =  UTKBTC
Symbol does not contain XRP, Symbol =  UTKUSDT
Symbol does not contain XRP, Symbol =  XVSBNB
Symbol does not contain XRP, Symbol =  XVSBTC
Symbol does not contain XRP, Symbol =  XVSBUSD
FirstId is not above 0, Symbol = XVSBUSD
Count is not above 0, Symbol = XVSBUSD
Symbol does not contain XRP, Symbol =  XVSUSDT
Symbol does not contain XRP, Symbol =  ALPHABNB
FirstId is not above 0, Symbol = ALPHABNB
Count is not above 0, Symbol = ALPHABNB
Symbol does not contain XRP, Symbol =  ALPHABTC
Symbol does not contain XRP, Symbol =  ALPHABUSD
FirstId is not above 0, Symbol = ALPHABUSD
Count is not above 0, Symbol = ALPHABUSD
Symbol does not contain XRP, Symbol =  ALPHAUSDT
Symbol does not contain XRP, Symbol =  VIDTBTC
Symbol does not contain XRP, Symbol =  VIDTBUSD
FirstId is not above 0, Symbol = VIDTBUSD
Count is not above 0, Symbol = VIDTBUSD
Symbol does not contain XRP, Symbol =  AAVEBNB
FirstId is not above 0, Symbol = AAVEBNB
Count is not above 0, Symbol = AAVEBNB
Symbol does not contain XRP, Symbol =  BTCBRL
Symbol does not contain XRP, Symbol =  USDTBRL
Symbol does not contain XRP, Symbol =  AAVEBTC
Symbol does not contain XRP, Symbol =  AAVEETH
Symbol does not contain XRP, Symbol =  AAVEBUSD
FirstId is not above 0, Symbol = AAVEBUSD
Count is not above 0, Symbol = AAVEBUSD
Symbol does not contain XRP, Symbol =  AAVEUSDT
Symbol does not contain XRP, Symbol =  AAVEBKRW
FirstId is not above 0, Symbol = AAVEBKRW
Count is not above 0, Symbol = AAVEBKRW
Symbol does not contain XRP, Symbol =  NEARBNB
Symbol does not contain XRP, Symbol =  NEARBTC
Symbol does not contain XRP, Symbol =  NEARBUSD
FirstId is not above 0, Symbol = NEARBUSD
Count is not above 0, Symbol = NEARBUSD
Symbol does not contain XRP, Symbol =  NEARUSDT
Symbol does not contain XRP, Symbol =  SXPUPUSDT
FirstId is not above 0, Symbol = SXPUPUSDT
Count is not above 0, Symbol = SXPUPUSDT
Symbol does not contain XRP, Symbol =  SXPDOWNUSDT
FirstId is not above 0, Symbol = SXPDOWNUSDT
Count is not above 0, Symbol = SXPDOWNUSDT
Symbol does not contain XRP, Symbol =  DOTBKRW
FirstId is not above 0, Symbol = DOTBKRW
Count is not above 0, Symbol = DOTBKRW
Symbol does not contain XRP, Symbol =  SXPGBP
FirstId is not above 0, Symbol = SXPGBP
Count is not above 0, Symbol = SXPGBP
Symbol does not contain XRP, Symbol =  FILBNB
Symbol does not contain XRP, Symbol =  FILBTC
Symbol does not contain XRP, Symbol =  FILBUSD
FirstId is not above 0, Symbol = FILBUSD
Count is not above 0, Symbol = FILBUSD
Symbol does not contain XRP, Symbol =  FILUSDT
Symbol does not contain XRP, Symbol =  FILUPUSDT
FirstId is not above 0, Symbol = FILUPUSDT
Count is not above 0, Symbol = FILUPUSDT
Symbol does not contain XRP, Symbol =  FILDOWNUSDT
FirstId is not above 0, Symbol = FILDOWNUSDT
Count is not above 0, Symbol = FILDOWNUSDT
Symbol does not contain XRP, Symbol =  YFIUPUSDT
FirstId is not above 0, Symbol = YFIUPUSDT
Count is not above 0, Symbol = YFIUPUSDT
Symbol does not contain XRP, Symbol =  YFIDOWNUSDT
FirstId is not above 0, Symbol = YFIDOWNUSDT
Count is not above 0, Symbol = YFIDOWNUSDT
Symbol does not contain XRP, Symbol =  INJBNB
Symbol does not contain XRP, Symbol =  INJBTC
Symbol does not contain XRP, Symbol =  INJBUSD
FirstId is not above 0, Symbol = INJBUSD
Count is not above 0, Symbol = INJBUSD
Symbol does not contain XRP, Symbol =  INJUSDT
Symbol does not contain XRP, Symbol =  AERGOBTC
FirstId is not above 0, Symbol = AERGOBTC
Count is not above 0, Symbol = AERGOBTC
Symbol does not contain XRP, Symbol =  AERGOBUSD
FirstId is not above 0, Symbol = AERGOBUSD
Count is not above 0, Symbol = AERGOBUSD
Symbol does not contain XRP, Symbol =  LINKEUR
Symbol does not contain XRP, Symbol =  ONEBUSD
FirstId is not above 0, Symbol = ONEBUSD
Count is not above 0, Symbol = ONEBUSD
Symbol does not contain XRP, Symbol =  EASYETH
FirstId is not above 0, Symbol = EASYETH
Count is not above 0, Symbol = EASYETH
Symbol does not contain XRP, Symbol =  AUDIOBTC
Symbol does not contain XRP, Symbol =  AUDIOBUSD
FirstId is not above 0, Symbol = AUDIOBUSD
Count is not above 0, Symbol = AUDIOBUSD
Symbol does not contain XRP, Symbol =  AUDIOUSDT
Symbol does not contain XRP, Symbol =  CTKBNB
Symbol does not contain XRP, Symbol =  CTKBTC
Symbol does not contain XRP, Symbol =  CTKBUSD
FirstId is not above 0, Symbol = CTKBUSD
Count is not above 0, Symbol = CTKBUSD
Symbol does not contain XRP, Symbol =  CTKUSDT
Symbol does not contain XRP, Symbol =  BCHUPUSDT
FirstId is not above 0, Symbol = BCHUPUSDT
Count is not above 0, Symbol = BCHUPUSDT
Symbol does not contain XRP, Symbol =  BCHDOWNUSDT
FirstId is not above 0, Symbol = BCHDOWNUSDT
Count is not above 0, Symbol = BCHDOWNUSDT
Symbol does not contain XRP, Symbol =  BOTBTC
FirstId is not above 0, Symbol = BOTBTC
Count is not above 0, Symbol = BOTBTC
Symbol does not contain XRP, Symbol =  BOTBUSD
FirstId is not above 0, Symbol = BOTBUSD
Count is not above 0, Symbol = BOTBUSD
Symbol does not contain XRP, Symbol =  ETHBRL
Symbol does not contain XRP, Symbol =  DOTEUR
Symbol does not contain XRP, Symbol =  AKROBTC
FirstId is not above 0, Symbol = AKROBTC
Count is not above 0, Symbol = AKROBTC
Symbol does not contain XRP, Symbol =  AKROUSDT
Symbol does not contain XRP, Symbol =  KP3RBNB
FirstId is not above 0, Symbol = KP3RBNB
Count is not above 0, Symbol = KP3RBNB
Symbol does not contain XRP, Symbol =  KP3RBUSD
FirstId is not above 0, Symbol = KP3RBUSD
Count is not above 0, Symbol = KP3RBUSD
Symbol does not contain XRP, Symbol =  AXSBNB
Symbol does not contain XRP, Symbol =  AXSBTC
Symbol does not contain XRP, Symbol =  AXSBUSD
FirstId is not above 0, Symbol = AXSBUSD
Count is not above 0, Symbol = AXSBUSD
Symbol does not contain XRP, Symbol =  AXSUSDT
Symbol does not contain XRP, Symbol =  HARDBNB
FirstId is not above 0, Symbol = HARDBNB
Count is not above 0, Symbol = HARDBNB
Symbol does not contain XRP, Symbol =  HARDBTC
FirstId is not above 0, Symbol = HARDBTC
Count is not above 0, Symbol = HARDBTC
Symbol does not contain XRP, Symbol =  HARDBUSD
FirstId is not above 0, Symbol = HARDBUSD
Count is not above 0, Symbol = HARDBUSD
Symbol does not contain XRP, Symbol =  HARDUSDT
Symbol does not contain XRP, Symbol =  BNBBRL
Symbol does not contain XRP, Symbol =  LTCEUR
Symbol does not contain XRP, Symbol =  RENBTCBTC
FirstId is not above 0, Symbol = RENBTCBTC
Count is not above 0, Symbol = RENBTCBTC
Symbol does not contain XRP, Symbol =  RENBTCETH
FirstId is not above 0, Symbol = RENBTCETH
Count is not above 0, Symbol = RENBTCETH
Symbol does not contain XRP, Symbol =  DNTBUSD
FirstId is not above 0, Symbol = DNTBUSD
Count is not above 0, Symbol = DNTBUSD
Symbol does not contain XRP, Symbol =  DNTUSDT
FirstId is not above 0, Symbol = DNTUSDT
Count is not above 0, Symbol = DNTUSDT
Symbol does not contain XRP, Symbol =  SLPETH
Symbol does not contain XRP, Symbol =  ADAEUR
Symbol does not contain XRP, Symbol =  LTCNGN
FirstId is not above 0, Symbol = LTCNGN
Count is not above 0, Symbol = LTCNGN
Symbol does not contain XRP, Symbol =  CVPETH
FirstId is not above 0, Symbol = CVPETH
Count is not above 0, Symbol = CVPETH
Symbol does not contain XRP, Symbol =  CVPBUSD
FirstId is not above 0, Symbol = CVPBUSD
Count is not above 0, Symbol = CVPBUSD
Symbol does not contain XRP, Symbol =  STRAXBTC
Symbol does not contain XRP, Symbol =  STRAXETH
FirstId is not above 0, Symbol = STRAXETH
Count is not above 0, Symbol = STRAXETH
Symbol does not contain XRP, Symbol =  STRAXBUSD
FirstId is not above 0, Symbol = STRAXBUSD
Count is not above 0, Symbol = STRAXBUSD
Symbol does not contain XRP, Symbol =  STRAXUSDT
Symbol does not contain XRP, Symbol =  FORBTC
Symbol does not contain XRP, Symbol =  FORBUSD
FirstId is not above 0, Symbol = FORBUSD
Count is not above 0, Symbol = FORBUSD
Symbol does not contain XRP, Symbol =  UNFIBNB
FirstId is not above 0, Symbol = UNFIBNB
Count is not above 0, Symbol = UNFIBNB
Symbol does not contain XRP, Symbol =  UNFIBTC
Symbol does not contain XRP, Symbol =  UNFIBUSD
FirstId is not above 0, Symbol = UNFIBUSD
Count is not above 0, Symbol = UNFIBUSD
Symbol does not contain XRP, Symbol =  UNFIUSDT
Symbol does not contain XRP, Symbol =  FRONTETH
FirstId is not above 0, Symbol = FRONTETH
Count is not above 0, Symbol = FRONTETH
Symbol does not contain XRP, Symbol =  FRONTBUSD
FirstId is not above 0, Symbol = FRONTBUSD
Count is not above 0, Symbol = FRONTBUSD
Symbol does not contain XRP, Symbol =  BCHABUSD
FirstId is not above 0, Symbol = BCHABUSD
Count is not above 0, Symbol = BCHABUSD
Symbol does not contain XRP, Symbol =  ROSEBTC
Symbol does not contain XRP, Symbol =  ROSEBUSD
FirstId is not above 0, Symbol = ROSEBUSD
Count is not above 0, Symbol = ROSEBUSD
Symbol does not contain XRP, Symbol =  ROSEUSDT
Symbol does not contain XRP, Symbol =  AVAXTRY
Symbol does not contain XRP, Symbol =  BUSDBRL
FirstId is not above 0, Symbol = BUSDBRL
Count is not above 0, Symbol = BUSDBRL
Symbol does not contain XRP, Symbol =  AVAUSDT
Symbol does not contain XRP, Symbol =  SYSBUSD
FirstId is not above 0, Symbol = SYSBUSD
Count is not above 0, Symbol = SYSBUSD
Symbol does not contain XRP, Symbol =  XEMUSDT
FirstId is not above 0, Symbol = XEMUSDT
Count is not above 0, Symbol = XEMUSDT
Symbol does not contain XRP, Symbol =  HEGICETH
FirstId is not above 0, Symbol = HEGICETH
Count is not above 0, Symbol = HEGICETH
Symbol does not contain XRP, Symbol =  HEGICBUSD
FirstId is not above 0, Symbol = HEGICBUSD
Count is not above 0, Symbol = HEGICBUSD
Symbol does not contain XRP, Symbol =  AAVEUPUSDT
FirstId is not above 0, Symbol = AAVEUPUSDT
Count is not above 0, Symbol = AAVEUPUSDT
Symbol does not contain XRP, Symbol =  AAVEDOWNUSDT
FirstId is not above 0, Symbol = AAVEDOWNUSDT
Count is not above 0, Symbol = AAVEDOWNUSDT
Symbol does not contain XRP, Symbol =  PROMBNB
FirstId is not above 0, Symbol = PROMBNB
Count is not above 0, Symbol = PROMBNB
Symbol does not contain XRP, Symbol =  PROMBUSD
FirstId is not above 0, Symbol = PROMBUSD
Count is not above 0, Symbol = PROMBUSD
Conditions met: XRPBRL
FirstId is not above 0, Symbol = XRPNGN
Count is not above 0, Symbol = XRPNGN
Symbol does not contain XRP, Symbol =  SKLBTC
Symbol does not contain XRP, Symbol =  SKLBUSD
FirstId is not above 0, Symbol = SKLBUSD
Count is not above 0, Symbol = SKLBUSD
Symbol does not contain XRP, Symbol =  SKLUSDT
Symbol does not contain XRP, Symbol =  BCHEUR
Symbol does not contain XRP, Symbol =  YFIEUR
FirstId is not above 0, Symbol = YFIEUR
Count is not above 0, Symbol = YFIEUR
Symbol does not contain XRP, Symbol =  ZILBIDR
FirstId is not above 0, Symbol = ZILBIDR
Count is not above 0, Symbol = ZILBIDR
Symbol does not contain XRP, Symbol =  SUSDBTC
FirstId is not above 0, Symbol = SUSDBTC
Count is not above 0, Symbol = SUSDBTC
Symbol does not contain XRP, Symbol =  SUSDETH
FirstId is not above 0, Symbol = SUSDETH
Count is not above 0, Symbol = SUSDETH
Symbol does not contain XRP, Symbol =  SUSDUSDT
FirstId is not above 0, Symbol = SUSDUSDT
Count is not above 0, Symbol = SUSDUSDT
Symbol does not contain XRP, Symbol =  COVERETH
FirstId is not above 0, Symbol = COVERETH
Count is not above 0, Symbol = COVERETH
Symbol does not contain XRP, Symbol =  COVERBUSD
FirstId is not above 0, Symbol = COVERBUSD
Count is not above 0, Symbol = COVERBUSD
Symbol does not contain XRP, Symbol =  GLMBTC
Symbol does not contain XRP, Symbol =  GLMETH
FirstId is not above 0, Symbol = GLMETH
Count is not above 0, Symbol = GLMETH
Symbol does not contain XRP, Symbol =  GHSTETH
FirstId is not above 0, Symbol = GHSTETH
Count is not above 0, Symbol = GHSTETH
Symbol does not contain XRP, Symbol =  GHSTBUSD
FirstId is not above 0, Symbol = GHSTBUSD
Count is not above 0, Symbol = GHSTBUSD
Symbol does not contain XRP, Symbol =  SUSHIUPUSDT
FirstId is not above 0, Symbol = SUSHIUPUSDT
Count is not above 0, Symbol = SUSHIUPUSDT
Symbol does not contain XRP, Symbol =  SUSHIDOWNUSDT
FirstId is not above 0, Symbol = SUSHIDOWNUSDT
Count is not above 0, Symbol = SUSHIDOWNUSDT
Symbol does not contain XRP, Symbol =  XLMUPUSDT
FirstId is not above 0, Symbol = XLMUPUSDT
Count is not above 0, Symbol = XLMUPUSDT
Symbol does not contain XRP, Symbol =  XLMDOWNUSDT
FirstId is not above 0, Symbol = XLMDOWNUSDT
Count is not above 0, Symbol = XLMDOWNUSDT
Symbol does not contain XRP, Symbol =  LINKBRL
Symbol does not contain XRP, Symbol =  LINKNGN
FirstId is not above 0, Symbol = LINKNGN
Count is not above 0, Symbol = LINKNGN
Symbol does not contain XRP, Symbol =  LTCRUB
FirstId is not above 0, Symbol = LTCRUB
Count is not above 0, Symbol = LTCRUB
Symbol does not contain XRP, Symbol =  TRXTRY
Symbol does not contain XRP, Symbol =  XLMEUR
Symbol does not contain XRP, Symbol =  DFETH
FirstId is not above 0, Symbol = DFETH
Count is not above 0, Symbol = DFETH
Symbol does not contain XRP, Symbol =  DFBUSD
FirstId is not above 0, Symbol = DFBUSD
Count is not above 0, Symbol = DFBUSD
Symbol does not contain XRP, Symbol =  GRTBTC
Symbol does not contain XRP, Symbol =  GRTETH
Symbol does not contain XRP, Symbol =  GRTUSDT
Symbol does not contain XRP, Symbol =  JUVBTC
FirstId is not above 0, Symbol = JUVBTC
Count is not above 0, Symbol = JUVBTC
Symbol does not contain XRP, Symbol =  JUVBUSD
FirstId is not above 0, Symbol = JUVBUSD
Count is not above 0, Symbol = JUVBUSD
Symbol does not contain XRP, Symbol =  JUVUSDT
Symbol does not contain XRP, Symbol =  PSGBTC
FirstId is not above 0, Symbol = PSGBTC
Count is not above 0, Symbol = PSGBTC
Symbol does not contain XRP, Symbol =  PSGBUSD
FirstId is not above 0, Symbol = PSGBUSD
Count is not above 0, Symbol = PSGBUSD
Symbol does not contain XRP, Symbol =  PSGUSDT
Symbol does not contain XRP, Symbol =  BUSDBVND
FirstId is not above 0, Symbol = BUSDBVND
Count is not above 0, Symbol = BUSDBVND
Symbol does not contain XRP, Symbol =  USDTBVND
FirstId is not above 0, Symbol = USDTBVND
Count is not above 0, Symbol = USDTBVND
Symbol does not contain XRP, Symbol =  1INCHBTC
Symbol does not contain XRP, Symbol =  1INCHUSDT
Symbol does not contain XRP, Symbol =  REEFBTC
FirstId is not above 0, Symbol = REEFBTC
Count is not above 0, Symbol = REEFBTC
Symbol does not contain XRP, Symbol =  REEFUSDT
Symbol does not contain XRP, Symbol =  OGBTC
Symbol does not contain XRP, Symbol =  OGUSDT
Symbol does not contain XRP, Symbol =  ATMBTC
FirstId is not above 0, Symbol = ATMBTC
Count is not above 0, Symbol = ATMBTC
Symbol does not contain XRP, Symbol =  ATMUSDT
Symbol does not contain XRP, Symbol =  ASRBTC
FirstId is not above 0, Symbol = ASRBTC
Count is not above 0, Symbol = ASRBTC
Symbol does not contain XRP, Symbol =  ASRUSDT
Symbol does not contain XRP, Symbol =  CELOBTC
Symbol does not contain XRP, Symbol =  CELOUSDT
Symbol does not contain XRP, Symbol =  RIFBTC
Symbol does not contain XRP, Symbol =  RIFUSDT
Symbol does not contain XRP, Symbol =  CHZTRY
Symbol does not contain XRP, Symbol =  XLMTRY
Symbol does not contain XRP, Symbol =  LINKGBP
FirstId is not above 0, Symbol = LINKGBP
Count is not above 0, Symbol = LINKGBP
Symbol does not contain XRP, Symbol =  GRTEUR
Symbol does not contain XRP, Symbol =  BTCSTBTC
FirstId is not above 0, Symbol = BTCSTBTC
Count is not above 0, Symbol = BTCSTBTC
Symbol does not contain XRP, Symbol =  BTCSTBUSD
FirstId is not above 0, Symbol = BTCSTBUSD
Count is not above 0, Symbol = BTCSTBUSD
Symbol does not contain XRP, Symbol =  BTCSTUSDT
FirstId is not above 0, Symbol = BTCSTUSDT
Count is not above 0, Symbol = BTCSTUSDT
Symbol does not contain XRP, Symbol =  TRUBTC
Symbol does not contain XRP, Symbol =  TRUBUSD
FirstId is not above 0, Symbol = TRUBUSD
Count is not above 0, Symbol = TRUBUSD
Symbol does not contain XRP, Symbol =  TRUUSDT
Symbol does not contain XRP, Symbol =  DEXEETH
FirstId is not above 0, Symbol = DEXEETH
Count is not above 0, Symbol = DEXEETH
Symbol does not contain XRP, Symbol =  DEXEBUSD
FirstId is not above 0, Symbol = DEXEBUSD
Count is not above 0, Symbol = DEXEBUSD
Symbol does not contain XRP, Symbol =  EOSEUR
FirstId is not above 0, Symbol = EOSEUR
Count is not above 0, Symbol = EOSEUR
Symbol does not contain XRP, Symbol =  LTCBRL
Symbol does not contain XRP, Symbol =  USDCBUSD
FirstId is not above 0, Symbol = USDCBUSD
Count is not above 0, Symbol = USDCBUSD
Symbol does not contain XRP, Symbol =  TUSDBUSD
FirstId is not above 0, Symbol = TUSDBUSD
Count is not above 0, Symbol = TUSDBUSD
Symbol does not contain XRP, Symbol =  PAXBUSD
FirstId is not above 0, Symbol = PAXBUSD
Count is not above 0, Symbol = PAXBUSD
Symbol does not contain XRP, Symbol =  CKBBTC
FirstId is not above 0, Symbol = CKBBTC
Count is not above 0, Symbol = CKBBTC
Symbol does not contain XRP, Symbol =  CKBBUSD
FirstId is not above 0, Symbol = CKBBUSD
Count is not above 0, Symbol = CKBBUSD
Symbol does not contain XRP, Symbol =  CKBUSDT
Symbol does not contain XRP, Symbol =  TWTBTC
Symbol does not contain XRP, Symbol =  TWTBUSD
FirstId is not above 0, Symbol = TWTBUSD
Count is not above 0, Symbol = TWTBUSD
Symbol does not contain XRP, Symbol =  TWTUSDT
Symbol does not contain XRP, Symbol =  FIROBTC
Symbol does not contain XRP, Symbol =  FIROETH
FirstId is not above 0, Symbol = FIROETH
Count is not above 0, Symbol = FIROETH
Symbol does not contain XRP, Symbol =  FIROUSDT
Symbol does not contain XRP, Symbol =  BETHETH
FirstId is not above 0, Symbol = BETHETH
Count is not above 0, Symbol = BETHETH
Symbol does not contain XRP, Symbol =  DOGEEUR
Symbol does not contain XRP, Symbol =  DOGETRY
Symbol does not contain XRP, Symbol =  DOGEAUD
FirstId is not above 0, Symbol = DOGEAUD
Count is not above 0, Symbol = DOGEAUD
Symbol does not contain XRP, Symbol =  DOGEBRL
Symbol does not contain XRP, Symbol =  DOTNGN
FirstId is not above 0, Symbol = DOTNGN
Count is not above 0, Symbol = DOTNGN
Symbol does not contain XRP, Symbol =  PROSETH
FirstId is not above 0, Symbol = PROSETH
Count is not above 0, Symbol = PROSETH
Symbol does not contain XRP, Symbol =  LITBTC
Symbol does not contain XRP, Symbol =  LITBUSD
FirstId is not above 0, Symbol = LITBUSD
Count is not above 0, Symbol = LITBUSD
Symbol does not contain XRP, Symbol =  LITUSDT
Symbol does not contain XRP, Symbol =  BTCVAI
FirstId is not above 0, Symbol = BTCVAI
Count is not above 0, Symbol = BTCVAI
Symbol does not contain XRP, Symbol =  BUSDVAI
FirstId is not above 0, Symbol = BUSDVAI
Count is not above 0, Symbol = BUSDVAI
Symbol does not contain XRP, Symbol =  SFPBTC
Symbol does not contain XRP, Symbol =  SFPBUSD
FirstId is not above 0, Symbol = SFPBUSD
Count is not above 0, Symbol = SFPBUSD
Symbol does not contain XRP, Symbol =  SFPUSDT
Symbol does not contain XRP, Symbol =  DOGEGBP
FirstId is not above 0, Symbol = DOGEGBP
Count is not above 0, Symbol = DOGEGBP
Symbol does not contain XRP, Symbol =  DOTTRY
Symbol does not contain XRP, Symbol =  FXSBTC
Symbol does not contain XRP, Symbol =  FXSBUSD
FirstId is not above 0, Symbol = FXSBUSD
Count is not above 0, Symbol = FXSBUSD
Symbol does not contain XRP, Symbol =  DODOBTC
Symbol does not contain XRP, Symbol =  DODOBUSD
FirstId is not above 0, Symbol = DODOBUSD
Count is not above 0, Symbol = DODOBUSD
Symbol does not contain XRP, Symbol =  DODOUSDT
Symbol does not contain XRP, Symbol =  FRONTBTC
Symbol does not contain XRP, Symbol =  EASYBTC
FirstId is not above 0, Symbol = EASYBTC
Count is not above 0, Symbol = EASYBTC
Symbol does not contain XRP, Symbol =  CAKEBTC
Symbol does not contain XRP, Symbol =  CAKEUSDT
Symbol does not contain XRP, Symbol =  BAKEBUSD
FirstId is not above 0, Symbol = BAKEBUSD
Count is not above 0, Symbol = BAKEBUSD
Symbol does not contain XRP, Symbol =  UFTETH
FirstId is not above 0, Symbol = UFTETH
Count is not above 0, Symbol = UFTETH
Symbol does not contain XRP, Symbol =  UFTBUSD
FirstId is not above 0, Symbol = UFTBUSD
Count is not above 0, Symbol = UFTBUSD
Symbol does not contain XRP, Symbol =  1INCHBUSD
FirstId is not above 0, Symbol = 1INCHBUSD
Count is not above 0, Symbol = 1INCHBUSD
Symbol does not contain XRP, Symbol =  BANDBUSD
FirstId is not above 0, Symbol = BANDBUSD
Count is not above 0, Symbol = BANDBUSD
Symbol does not contain XRP, Symbol =  GRTBUSD
FirstId is not above 0, Symbol = GRTBUSD
Count is not above 0, Symbol = GRTBUSD
Symbol does not contain XRP, Symbol =  IOSTBUSD
FirstId is not above 0, Symbol = IOSTBUSD
Count is not above 0, Symbol = IOSTBUSD
Symbol does not contain XRP, Symbol =  OMGBUSD
FirstId is not above 0, Symbol = OMGBUSD
Count is not above 0, Symbol = OMGBUSD
Symbol does not contain XRP, Symbol =  REEFBUSD
FirstId is not above 0, Symbol = REEFBUSD
Count is not above 0, Symbol = REEFBUSD
Symbol does not contain XRP, Symbol =  ACMBTC
FirstId is not above 0, Symbol = ACMBTC
Count is not above 0, Symbol = ACMBTC
Symbol does not contain XRP, Symbol =  ACMBUSD
FirstId is not above 0, Symbol = ACMBUSD
Count is not above 0, Symbol = ACMBUSD
Symbol does not contain XRP, Symbol =  ACMUSDT
Symbol does not contain XRP, Symbol =  AUCTIONBTC
Symbol does not contain XRP, Symbol =  AUCTIONBUSD
FirstId is not above 0, Symbol = AUCTIONBUSD
Count is not above 0, Symbol = AUCTIONBUSD
Symbol does not contain XRP, Symbol =  PHABTC
Symbol does not contain XRP, Symbol =  PHABUSD
FirstId is not above 0, Symbol = PHABUSD
Count is not above 0, Symbol = PHABUSD
Symbol does not contain XRP, Symbol =  DOTGBP
FirstId is not above 0, Symbol = DOTGBP
Count is not above 0, Symbol = DOTGBP
Symbol does not contain XRP, Symbol =  ADATRY
Symbol does not contain XRP, Symbol =  ADABRL
Symbol does not contain XRP, Symbol =  ADAGBP
FirstId is not above 0, Symbol = ADAGBP
Count is not above 0, Symbol = ADAGBP
Symbol does not contain XRP, Symbol =  TVKBTC
FirstId is not above 0, Symbol = TVKBTC
Count is not above 0, Symbol = TVKBTC
Symbol does not contain XRP, Symbol =  TVKBUSD
FirstId is not above 0, Symbol = TVKBUSD
Count is not above 0, Symbol = TVKBUSD
Symbol does not contain XRP, Symbol =  BADGERBTC
Symbol does not contain XRP, Symbol =  BADGERBUSD
FirstId is not above 0, Symbol = BADGERBUSD
Count is not above 0, Symbol = BADGERBUSD
Symbol does not contain XRP, Symbol =  BADGERUSDT
Symbol does not contain XRP, Symbol =  FISBTC
Symbol does not contain XRP, Symbol =  FISBUSD
FirstId is not above 0, Symbol = FISBUSD
Count is not above 0, Symbol = FISBUSD
Symbol does not contain XRP, Symbol =  FISUSDT
Symbol does not contain XRP, Symbol =  DOTBRL
Symbol does not contain XRP, Symbol =  ADAAUD
FirstId is not above 0, Symbol = ADAAUD
Count is not above 0, Symbol = ADAAUD
Symbol does not contain XRP, Symbol =  HOTTRY
Symbol does not contain XRP, Symbol =  EGLDEUR
Symbol does not contain XRP, Symbol =  OMBTC
Symbol does not contain XRP, Symbol =  OMBUSD
FirstId is not above 0, Symbol = OMBUSD
Count is not above 0, Symbol = OMBUSD
Symbol does not contain XRP, Symbol =  OMUSDT
Symbol does not contain XRP, Symbol =  PONDBTC
Symbol does not contain XRP, Symbol =  PONDBUSD
FirstId is not above 0, Symbol = PONDBUSD
Count is not above 0, Symbol = PONDBUSD
Symbol does not contain XRP, Symbol =  PONDUSDT
Symbol does not contain XRP, Symbol =  DEGOBTC
FirstId is not above 0, Symbol = DEGOBTC
Count is not above 0, Symbol = DEGOBTC
Symbol does not contain XRP, Symbol =  DEGOBUSD
FirstId is not above 0, Symbol = DEGOBUSD
Count is not above 0, Symbol = DEGOBUSD
Symbol does not contain XRP, Symbol =  DEGOUSDT
Symbol does not contain XRP, Symbol =  AVAXEUR
Symbol does not contain XRP, Symbol =  BTTTRY
FirstId is not above 0, Symbol = BTTTRY
Count is not above 0, Symbol = BTTTRY
Symbol does not contain XRP, Symbol =  CHZBRL
Symbol does not contain XRP, Symbol =  UNIEUR
FirstId is not above 0, Symbol = UNIEUR
Count is not above 0, Symbol = UNIEUR
Symbol does not contain XRP, Symbol =  ALICEBTC
Symbol does not contain XRP, Symbol =  ALICEBUSD
FirstId is not above 0, Symbol = ALICEBUSD
Count is not above 0, Symbol = ALICEBUSD
Symbol does not contain XRP, Symbol =  ALICEUSDT
Symbol does not contain XRP, Symbol =  CHZBUSD
FirstId is not above 0, Symbol = CHZBUSD
Count is not above 0, Symbol = CHZBUSD
Symbol does not contain XRP, Symbol =  CHZEUR
Symbol does not contain XRP, Symbol =  CHZGBP
FirstId is not above 0, Symbol = CHZGBP
Count is not above 0, Symbol = CHZGBP
Symbol does not contain XRP, Symbol =  BIFIBNB
FirstId is not above 0, Symbol = BIFIBNB
Count is not above 0, Symbol = BIFIBNB
Symbol does not contain XRP, Symbol =  BIFIBUSD
FirstId is not above 0, Symbol = BIFIBUSD
Count is not above 0, Symbol = BIFIBUSD
Symbol does not contain XRP, Symbol =  LINABTC
FirstId is not above 0, Symbol = LINABTC
Count is not above 0, Symbol = LINABTC
Symbol does not contain XRP, Symbol =  LINABUSD
FirstId is not above 0, Symbol = LINABUSD
Count is not above 0, Symbol = LINABUSD
Symbol does not contain XRP, Symbol =  LINAUSDT
Symbol does not contain XRP, Symbol =  ADARUB
FirstId is not above 0, Symbol = ADARUB
Count is not above 0, Symbol = ADARUB
Symbol does not contain XRP, Symbol =  ENJBRL
FirstId is not above 0, Symbol = ENJBRL
Count is not above 0, Symbol = ENJBRL
Symbol does not contain XRP, Symbol =  ENJEUR
FirstId is not above 0, Symbol = ENJEUR
Count is not above 0, Symbol = ENJEUR
Symbol does not contain XRP, Symbol =  MATICEUR
Symbol does not contain XRP, Symbol =  NEOTRY
Symbol does not contain XRP, Symbol =  PERPBTC
Symbol does not contain XRP, Symbol =  PERPBUSD
FirstId is not above 0, Symbol = PERPBUSD
Count is not above 0, Symbol = PERPBUSD
Symbol does not contain XRP, Symbol =  PERPUSDT
Symbol does not contain XRP, Symbol =  RAMPBTC
FirstId is not above 0, Symbol = RAMPBTC
Count is not above 0, Symbol = RAMPBTC
Symbol does not contain XRP, Symbol =  RAMPBUSD
FirstId is not above 0, Symbol = RAMPBUSD
Count is not above 0, Symbol = RAMPBUSD
Symbol does not contain XRP, Symbol =  RAMPUSDT
FirstId is not above 0, Symbol = RAMPUSDT
Count is not above 0, Symbol = RAMPUSDT
Symbol does not contain XRP, Symbol =  SUPERBTC
Symbol does not contain XRP, Symbol =  SUPERBUSD
FirstId is not above 0, Symbol = SUPERBUSD
Count is not above 0, Symbol = SUPERBUSD
Symbol does not contain XRP, Symbol =  SUPERUSDT
Symbol does not contain XRP, Symbol =  CFXBTC
Symbol does not contain XRP, Symbol =  CFXBUSD
FirstId is not above 0, Symbol = CFXBUSD
Count is not above 0, Symbol = CFXBUSD
Symbol does not contain XRP, Symbol =  CFXUSDT
Symbol does not contain XRP, Symbol =  ENJGBP
FirstId is not above 0, Symbol = ENJGBP
Count is not above 0, Symbol = ENJGBP
Symbol does not contain XRP, Symbol =  EOSTRY
Symbol does not contain XRP, Symbol =  LTCGBP
FirstId is not above 0, Symbol = LTCGBP
Count is not above 0, Symbol = LTCGBP
Symbol does not contain XRP, Symbol =  LUNAEUR
FirstId is not above 0, Symbol = LUNAEUR
Count is not above 0, Symbol = LUNAEUR
Symbol does not contain XRP, Symbol =  RVNTRY
Symbol does not contain XRP, Symbol =  THETAEUR
FirstId is not above 0, Symbol = THETAEUR
Count is not above 0, Symbol = THETAEUR
Symbol does not contain XRP, Symbol =  XVGBUSD
FirstId is not above 0, Symbol = XVGBUSD
Count is not above 0, Symbol = XVGBUSD
Symbol does not contain XRP, Symbol =  EPSBTC
FirstId is not above 0, Symbol = EPSBTC
Count is not above 0, Symbol = EPSBTC
Symbol does not contain XRP, Symbol =  EPSBUSD
FirstId is not above 0, Symbol = EPSBUSD
Count is not above 0, Symbol = EPSBUSD
Symbol does not contain XRP, Symbol =  EPSUSDT
FirstId is not above 0, Symbol = EPSUSDT
Count is not above 0, Symbol = EPSUSDT
Symbol does not contain XRP, Symbol =  AUTOBTC
FirstId is not above 0, Symbol = AUTOBTC
Count is not above 0, Symbol = AUTOBTC
Symbol does not contain XRP, Symbol =  AUTOBUSD
FirstId is not above 0, Symbol = AUTOBUSD
Count is not above 0, Symbol = AUTOBUSD
Symbol does not contain XRP, Symbol =  AUTOUSDT
FirstId is not above 0, Symbol = AUTOUSDT
Count is not above 0, Symbol = AUTOUSDT
Symbol does not contain XRP, Symbol =  TKOBTC
Symbol does not contain XRP, Symbol =  TKOBIDR
FirstId is not above 0, Symbol = TKOBIDR
Count is not above 0, Symbol = TKOBIDR
Symbol does not contain XRP, Symbol =  TKOBUSD
FirstId is not above 0, Symbol = TKOBUSD
Count is not above 0, Symbol = TKOBUSD
Symbol does not contain XRP, Symbol =  TKOUSDT
Symbol does not contain XRP, Symbol =  PUNDIXETH
FirstId is not above 0, Symbol = PUNDIXETH
Count is not above 0, Symbol = PUNDIXETH
Symbol does not contain XRP, Symbol =  PUNDIXUSDT
Symbol does not contain XRP, Symbol =  BTTBRL
FirstId is not above 0, Symbol = BTTBRL
Count is not above 0, Symbol = BTTBRL
Symbol does not contain XRP, Symbol =  BTTEUR
FirstId is not above 0, Symbol = BTTEUR
Count is not above 0, Symbol = BTTEUR
Symbol does not contain XRP, Symbol =  HOTEUR
FirstId is not above 0, Symbol = HOTEUR
Count is not above 0, Symbol = HOTEUR
Symbol does not contain XRP, Symbol =  WINEUR
Symbol does not contain XRP, Symbol =  TLMBTC
Symbol does not contain XRP, Symbol =  TLMBUSD
FirstId is not above 0, Symbol = TLMBUSD
Count is not above 0, Symbol = TLMBUSD
Symbol does not contain XRP, Symbol =  TLMUSDT
Symbol does not contain XRP, Symbol =  1INCHUPUSDT
FirstId is not above 0, Symbol = 1INCHUPUSDT
Count is not above 0, Symbol = 1INCHUPUSDT
Symbol does not contain XRP, Symbol =  1INCHDOWNUSDT
FirstId is not above 0, Symbol = 1INCHDOWNUSDT
Count is not above 0, Symbol = 1INCHDOWNUSDT
Symbol does not contain XRP, Symbol =  BTGBUSD
FirstId is not above 0, Symbol = BTGBUSD
Count is not above 0, Symbol = BTGBUSD
Symbol does not contain XRP, Symbol =  BTGUSDT
FirstId is not above 0, Symbol = BTGUSDT
Count is not above 0, Symbol = BTGUSDT
Symbol does not contain XRP, Symbol =  HOTBUSD
FirstId is not above 0, Symbol = HOTBUSD
Count is not above 0, Symbol = HOTBUSD
Symbol does not contain XRP, Symbol =  BNBUAH
Symbol does not contain XRP, Symbol =  ONTTRY
Symbol does not contain XRP, Symbol =  VETEUR
Symbol does not contain XRP, Symbol =  VETGBP
FirstId is not above 0, Symbol = VETGBP
Count is not above 0, Symbol = VETGBP
Symbol does not contain XRP, Symbol =  WINBRL
FirstId is not above 0, Symbol = WINBRL
Count is not above 0, Symbol = WINBRL
Symbol does not contain XRP, Symbol =  MIRBTC
FirstId is not above 0, Symbol = MIRBTC
Count is not above 0, Symbol = MIRBTC
Symbol does not contain XRP, Symbol =  MIRBUSD
FirstId is not above 0, Symbol = MIRBUSD
Count is not above 0, Symbol = MIRBUSD
Symbol does not contain XRP, Symbol =  MIRUSDT
FirstId is not above 0, Symbol = MIRUSDT
Count is not above 0, Symbol = MIRUSDT
Symbol does not contain XRP, Symbol =  BARBTC
FirstId is not above 0, Symbol = BARBTC
Count is not above 0, Symbol = BARBTC
Symbol does not contain XRP, Symbol =  BARBUSD
FirstId is not above 0, Symbol = BARBUSD
Count is not above 0, Symbol = BARBUSD
Symbol does not contain XRP, Symbol =  BARUSDT
Symbol does not contain XRP, Symbol =  FORTHBTC
Symbol does not contain XRP, Symbol =  FORTHBUSD
FirstId is not above 0, Symbol = FORTHBUSD
Count is not above 0, Symbol = FORTHBUSD
Symbol does not contain XRP, Symbol =  FORTHUSDT
Symbol does not contain XRP, Symbol =  CAKEGBP
FirstId is not above 0, Symbol = CAKEGBP
Count is not above 0, Symbol = CAKEGBP
Symbol does not contain XRP, Symbol =  DOGERUB
FirstId is not above 0, Symbol = DOGERUB
Count is not above 0, Symbol = DOGERUB
Symbol does not contain XRP, Symbol =  HOTBRL
FirstId is not above 0, Symbol = HOTBRL
Count is not above 0, Symbol = HOTBRL
Symbol does not contain XRP, Symbol =  WRXEUR
FirstId is not above 0, Symbol = WRXEUR
Count is not above 0, Symbol = WRXEUR
Symbol does not contain XRP, Symbol =  EZBTC
FirstId is not above 0, Symbol = EZBTC
Count is not above 0, Symbol = EZBTC
Symbol does not contain XRP, Symbol =  EZETH
FirstId is not above 0, Symbol = EZETH
Count is not above 0, Symbol = EZETH
Symbol does not contain XRP, Symbol =  BAKEUSDT
Symbol does not contain XRP, Symbol =  BURGERBUSD
FirstId is not above 0, Symbol = BURGERBUSD
Count is not above 0, Symbol = BURGERBUSD
Symbol does not contain XRP, Symbol =  BURGERUSDT
Symbol does not contain XRP, Symbol =  SLPBUSD
FirstId is not above 0, Symbol = SLPBUSD
Count is not above 0, Symbol = SLPBUSD
Symbol does not contain XRP, Symbol =  SLPUSDT
Symbol does not contain XRP, Symbol =  TRXAUD
FirstId is not above 0, Symbol = TRXAUD
Count is not above 0, Symbol = TRXAUD
Symbol does not contain XRP, Symbol =  TRXEUR
Symbol does not contain XRP, Symbol =  VETTRY
Symbol does not contain XRP, Symbol =  SHIBUSDT
Symbol does not contain XRP, Symbol =  SHIBBUSD
FirstId is not above 0, Symbol = SHIBBUSD
Count is not above 0, Symbol = SHIBBUSD
Symbol does not contain XRP, Symbol =  ICPBTC
Symbol does not contain XRP, Symbol =  ICPBNB
FirstId is not above 0, Symbol = ICPBNB
Count is not above 0, Symbol = ICPBNB
Symbol does not contain XRP, Symbol =  ICPBUSD
FirstId is not above 0, Symbol = ICPBUSD
Count is not above 0, Symbol = ICPBUSD
Symbol does not contain XRP, Symbol =  ICPUSDT
Symbol does not contain XRP, Symbol =  SHIBEUR
Symbol does not contain XRP, Symbol =  SHIBRUB
FirstId is not above 0, Symbol = SHIBRUB
Count is not above 0, Symbol = SHIBRUB
Symbol does not contain XRP, Symbol =  ETCEUR
FirstId is not above 0, Symbol = ETCEUR
Count is not above 0, Symbol = ETCEUR
Symbol does not contain XRP, Symbol =  ETCBRL
FirstId is not above 0, Symbol = ETCBRL
Count is not above 0, Symbol = ETCBRL
Symbol does not contain XRP, Symbol =  DOGEBIDR
FirstId is not above 0, Symbol = DOGEBIDR
Count is not above 0, Symbol = DOGEBIDR
Symbol does not contain XRP, Symbol =  ARBTC
Symbol does not contain XRP, Symbol =  ARBNB
FirstId is not above 0, Symbol = ARBNB
Count is not above 0, Symbol = ARBNB
Symbol does not contain XRP, Symbol =  ARBUSD
FirstId is not above 0, Symbol = ARBUSD
Count is not above 0, Symbol = ARBUSD
Symbol does not contain XRP, Symbol =  ARUSDT
Symbol does not contain XRP, Symbol =  POLSBTC
FirstId is not above 0, Symbol = POLSBTC
Count is not above 0, Symbol = POLSBTC
Symbol does not contain XRP, Symbol =  POLSBNB
FirstId is not above 0, Symbol = POLSBNB
Count is not above 0, Symbol = POLSBNB
Symbol does not contain XRP, Symbol =  POLSBUSD
FirstId is not above 0, Symbol = POLSBUSD
Count is not above 0, Symbol = POLSBUSD
Symbol does not contain XRP, Symbol =  POLSUSDT
FirstId is not above 0, Symbol = POLSUSDT
Count is not above 0, Symbol = POLSUSDT
Symbol does not contain XRP, Symbol =  MDXBTC
FirstId is not above 0, Symbol = MDXBTC
Count is not above 0, Symbol = MDXBTC
Symbol does not contain XRP, Symbol =  MDXBNB
FirstId is not above 0, Symbol = MDXBNB
Count is not above 0, Symbol = MDXBNB
Symbol does not contain XRP, Symbol =  MDXBUSD
FirstId is not above 0, Symbol = MDXBUSD
Count is not above 0, Symbol = MDXBUSD
Symbol does not contain XRP, Symbol =  MDXUSDT
FirstId is not above 0, Symbol = MDXUSDT
Count is not above 0, Symbol = MDXUSDT
Symbol does not contain XRP, Symbol =  MASKBNB
Symbol does not contain XRP, Symbol =  MASKBUSD
FirstId is not above 0, Symbol = MASKBUSD
Count is not above 0, Symbol = MASKBUSD
Symbol does not contain XRP, Symbol =  MASKUSDT
Symbol does not contain XRP, Symbol =  LPTBTC
Symbol does not contain XRP, Symbol =  LPTBNB
Symbol does not contain XRP, Symbol =  LPTBUSD
FirstId is not above 0, Symbol = LPTBUSD
Count is not above 0, Symbol = LPTBUSD
Symbol does not contain XRP, Symbol =  LPTUSDT
Symbol does not contain XRP, Symbol =  ETHUAH
Symbol does not contain XRP, Symbol =  MATICBRL
Symbol does not contain XRP, Symbol =  SOLEUR
Symbol does not contain XRP, Symbol =  SHIBBRL
Symbol does not contain XRP, Symbol =  AGIXBTC
FirstId is not above 0, Symbol = AGIXBTC
Count is not above 0, Symbol = AGIXBTC
Symbol does not contain XRP, Symbol =  ICPEUR
Symbol does not contain XRP, Symbol =  MATICGBP
FirstId is not above 0, Symbol = MATICGBP
Count is not above 0, Symbol = MATICGBP
Symbol does not contain XRP, Symbol =  SHIBTRY
Symbol does not contain XRP, Symbol =  MATICBIDR
FirstId is not above 0, Symbol = MATICBIDR
Count is not above 0, Symbol = MATICBIDR
Symbol does not contain XRP, Symbol =  MATICRUB
FirstId is not above 0, Symbol = MATICRUB
Count is not above 0, Symbol = MATICRUB
Symbol does not contain XRP, Symbol =  NUBTC
FirstId is not above 0, Symbol = NUBTC
Count is not above 0, Symbol = NUBTC
Symbol does not contain XRP, Symbol =  NUBNB
FirstId is not above 0, Symbol = NUBNB
Count is not above 0, Symbol = NUBNB
Symbol does not contain XRP, Symbol =  NUBUSD
FirstId is not above 0, Symbol = NUBUSD
Count is not above 0, Symbol = NUBUSD
Symbol does not contain XRP, Symbol =  NUUSDT
FirstId is not above 0, Symbol = NUUSDT
Count is not above 0, Symbol = NUUSDT
Symbol does not contain XRP, Symbol =  XVGUSDT
Symbol does not contain XRP, Symbol =  RLCBUSD
FirstId is not above 0, Symbol = RLCBUSD
Count is not above 0, Symbol = RLCBUSD
Symbol does not contain XRP, Symbol =  CELRBUSD
FirstId is not above 0, Symbol = CELRBUSD
Count is not above 0, Symbol = CELRBUSD
Symbol does not contain XRP, Symbol =  ATMBUSD
FirstId is not above 0, Symbol = ATMBUSD
Count is not above 0, Symbol = ATMBUSD
Symbol does not contain XRP, Symbol =  ZENBUSD
FirstId is not above 0, Symbol = ZENBUSD
Count is not above 0, Symbol = ZENBUSD
Symbol does not contain XRP, Symbol =  FTMBUSD
FirstId is not above 0, Symbol = FTMBUSD
Count is not above 0, Symbol = FTMBUSD
Symbol does not contain XRP, Symbol =  THETABUSD
FirstId is not above 0, Symbol = THETABUSD
Count is not above 0, Symbol = THETABUSD
Symbol does not contain XRP, Symbol =  WINBUSD
FirstId is not above 0, Symbol = WINBUSD
Count is not above 0, Symbol = WINBUSD
Symbol does not contain XRP, Symbol =  KAVABUSD
FirstId is not above 0, Symbol = KAVABUSD
Count is not above 0, Symbol = KAVABUSD
Symbol does not contain XRP, Symbol =  XEMBUSD
FirstId is not above 0, Symbol = XEMBUSD
Count is not above 0, Symbol = XEMBUSD
Symbol does not contain XRP, Symbol =  ATABTC
Symbol does not contain XRP, Symbol =  ATABNB
FirstId is not above 0, Symbol = ATABNB
Count is not above 0, Symbol = ATABNB
Symbol does not contain XRP, Symbol =  ATABUSD
FirstId is not above 0, Symbol = ATABUSD
Count is not above 0, Symbol = ATABUSD
Symbol does not contain XRP, Symbol =  ATAUSDT
Symbol does not contain XRP, Symbol =  GTCBTC
Symbol does not contain XRP, Symbol =  GTCBNB
FirstId is not above 0, Symbol = GTCBNB
Count is not above 0, Symbol = GTCBNB
Symbol does not contain XRP, Symbol =  GTCBUSD
FirstId is not above 0, Symbol = GTCBUSD
Count is not above 0, Symbol = GTCBUSD
Symbol does not contain XRP, Symbol =  GTCUSDT
Symbol does not contain XRP, Symbol =  TORNBTC
FirstId is not above 0, Symbol = TORNBTC
Count is not above 0, Symbol = TORNBTC
Symbol does not contain XRP, Symbol =  TORNBNB
FirstId is not above 0, Symbol = TORNBNB
Count is not above 0, Symbol = TORNBNB
Symbol does not contain XRP, Symbol =  TORNBUSD
FirstId is not above 0, Symbol = TORNBUSD
Count is not above 0, Symbol = TORNBUSD
Symbol does not contain XRP, Symbol =  TORNUSDT
FirstId is not above 0, Symbol = TORNUSDT
Count is not above 0, Symbol = TORNUSDT
Symbol does not contain XRP, Symbol =  MATICTRY
Symbol does not contain XRP, Symbol =  ETCGBP
FirstId is not above 0, Symbol = ETCGBP
Count is not above 0, Symbol = ETCGBP
Symbol does not contain XRP, Symbol =  SOLGBP
FirstId is not above 0, Symbol = SOLGBP
Count is not above 0, Symbol = SOLGBP
Symbol does not contain XRP, Symbol =  BAKEBTC
Symbol does not contain XRP, Symbol =  COTIBUSD
FirstId is not above 0, Symbol = COTIBUSD
Count is not above 0, Symbol = COTIBUSD
Symbol does not contain XRP, Symbol =  KEEPBTC
FirstId is not above 0, Symbol = KEEPBTC
Count is not above 0, Symbol = KEEPBTC
Symbol does not contain XRP, Symbol =  KEEPBNB
FirstId is not above 0, Symbol = KEEPBNB
Count is not above 0, Symbol = KEEPBNB
Symbol does not contain XRP, Symbol =  KEEPBUSD
FirstId is not above 0, Symbol = KEEPBUSD
Count is not above 0, Symbol = KEEPBUSD
Symbol does not contain XRP, Symbol =  KEEPUSDT
FirstId is not above 0, Symbol = KEEPUSDT
Count is not above 0, Symbol = KEEPUSDT
Symbol does not contain XRP, Symbol =  SOLTRY
Symbol does not contain XRP, Symbol =  RUNEGBP
FirstId is not above 0, Symbol = RUNEGBP
Count is not above 0, Symbol = RUNEGBP
Symbol does not contain XRP, Symbol =  SOLBRL
Symbol does not contain XRP, Symbol =  SCBUSD
FirstId is not above 0, Symbol = SCBUSD
Count is not above 0, Symbol = SCBUSD
Symbol does not contain XRP, Symbol =  CHRBUSD
FirstId is not above 0, Symbol = CHRBUSD
Count is not above 0, Symbol = CHRBUSD
Symbol does not contain XRP, Symbol =  STMXBUSD
FirstId is not above 0, Symbol = STMXBUSD
Count is not above 0, Symbol = STMXBUSD
Symbol does not contain XRP, Symbol =  HNTBUSD
FirstId is not above 0, Symbol = HNTBUSD
Count is not above 0, Symbol = HNTBUSD
Symbol does not contain XRP, Symbol =  FTTBUSD
FirstId is not above 0, Symbol = FTTBUSD
Count is not above 0, Symbol = FTTBUSD
Symbol does not contain XRP, Symbol =  DOCKBUSD
FirstId is not above 0, Symbol = DOCKBUSD
Count is not above 0, Symbol = DOCKBUSD
Symbol does not contain XRP, Symbol =  ADABIDR
FirstId is not above 0, Symbol = ADABIDR
Count is not above 0, Symbol = ADABIDR
Symbol does not contain XRP, Symbol =  ERNBNB
FirstId is not above 0, Symbol = ERNBNB
Count is not above 0, Symbol = ERNBNB
Symbol does not contain XRP, Symbol =  ERNBUSD
FirstId is not above 0, Symbol = ERNBUSD
Count is not above 0, Symbol = ERNBUSD
Symbol does not contain XRP, Symbol =  ERNUSDT
Symbol does not contain XRP, Symbol =  KLAYBTC
Symbol does not contain XRP, Symbol =  KLAYBNB
FirstId is not above 0, Symbol = KLAYBNB
Count is not above 0, Symbol = KLAYBNB
Symbol does not contain XRP, Symbol =  KLAYBUSD
FirstId is not above 0, Symbol = KLAYBUSD
Count is not above 0, Symbol = KLAYBUSD
Symbol does not contain XRP, Symbol =  KLAYUSDT
Symbol does not contain XRP, Symbol =  RUNEEUR
FirstId is not above 0, Symbol = RUNEEUR
Count is not above 0, Symbol = RUNEEUR
Symbol does not contain XRP, Symbol =  MATICAUD
FirstId is not above 0, Symbol = MATICAUD
Count is not above 0, Symbol = MATICAUD
Symbol does not contain XRP, Symbol =  DOTRUB
FirstId is not above 0, Symbol = DOTRUB
Count is not above 0, Symbol = DOTRUB
Symbol does not contain XRP, Symbol =  UTKBUSD
FirstId is not above 0, Symbol = UTKBUSD
Count is not above 0, Symbol = UTKBUSD
Symbol does not contain XRP, Symbol =  IOTXBUSD
FirstId is not above 0, Symbol = IOTXBUSD
Count is not above 0, Symbol = IOTXBUSD
Symbol does not contain XRP, Symbol =  PHAUSDT
Symbol does not contain XRP, Symbol =  SOLRUB
FirstId is not above 0, Symbol = SOLRUB
Count is not above 0, Symbol = SOLRUB
Symbol does not contain XRP, Symbol =  RUNEAUD
FirstId is not above 0, Symbol = RUNEAUD
Count is not above 0, Symbol = RUNEAUD
Symbol does not contain XRP, Symbol =  BUSDUAH
FirstId is not above 0, Symbol = BUSDUAH
Count is not above 0, Symbol = BUSDUAH
Symbol does not contain XRP, Symbol =  BONDBTC
FirstId is not above 0, Symbol = BONDBTC
Count is not above 0, Symbol = BONDBTC
Symbol does not contain XRP, Symbol =  BONDBNB
FirstId is not above 0, Symbol = BONDBNB
Count is not above 0, Symbol = BONDBNB
Symbol does not contain XRP, Symbol =  BONDBUSD
FirstId is not above 0, Symbol = BONDBUSD
Count is not above 0, Symbol = BONDBUSD
Symbol does not contain XRP, Symbol =  BONDUSDT
FirstId is not above 0, Symbol = BONDUSDT
Count is not above 0, Symbol = BONDUSDT
Symbol does not contain XRP, Symbol =  MLNBTC
Symbol does not contain XRP, Symbol =  MLNBNB
FirstId is not above 0, Symbol = MLNBNB
Count is not above 0, Symbol = MLNBNB
Symbol does not contain XRP, Symbol =  MLNBUSD
FirstId is not above 0, Symbol = MLNBUSD
Count is not above 0, Symbol = MLNBUSD
Symbol does not contain XRP, Symbol =  MLNUSDT
Symbol does not contain XRP, Symbol =  GRTTRY
Symbol does not contain XRP, Symbol =  CAKEBRL
FirstId is not above 0, Symbol = CAKEBRL
Count is not above 0, Symbol = CAKEBRL
Symbol does not contain XRP, Symbol =  ICPRUB
FirstId is not above 0, Symbol = ICPRUB
Count is not above 0, Symbol = ICPRUB
Symbol does not contain XRP, Symbol =  DOTAUD
FirstId is not above 0, Symbol = DOTAUD
Count is not above 0, Symbol = DOTAUD
Symbol does not contain XRP, Symbol =  AAVEBRL
FirstId is not above 0, Symbol = AAVEBRL
Count is not above 0, Symbol = AAVEBRL
Symbol does not contain XRP, Symbol =  EOSAUD
FirstId is not above 0, Symbol = EOSAUD
Count is not above 0, Symbol = EOSAUD
Symbol does not contain XRP, Symbol =  DEXEUSDT
Symbol does not contain XRP, Symbol =  LTOBUSD
FirstId is not above 0, Symbol = LTOBUSD
Count is not above 0, Symbol = LTOBUSD
Symbol does not contain XRP, Symbol =  ADXBUSD
FirstId is not above 0, Symbol = ADXBUSD
Count is not above 0, Symbol = ADXBUSD
Symbol does not contain XRP, Symbol =  QUICKBTC
FirstId is not above 0, Symbol = QUICKBTC
Count is not above 0, Symbol = QUICKBTC
Symbol does not contain XRP, Symbol =  QUICKBNB
FirstId is not above 0, Symbol = QUICKBNB
Count is not above 0, Symbol = QUICKBNB
Symbol does not contain XRP, Symbol =  QUICKBUSD
FirstId is not above 0, Symbol = QUICKBUSD
Count is not above 0, Symbol = QUICKBUSD
Symbol does not contain XRP, Symbol =  C98USDT
Symbol does not contain XRP, Symbol =  C98BUSD
FirstId is not above 0, Symbol = C98BUSD
Count is not above 0, Symbol = C98BUSD
Symbol does not contain XRP, Symbol =  C98BNB
FirstId is not above 0, Symbol = C98BNB
Count is not above 0, Symbol = C98BNB
Symbol does not contain XRP, Symbol =  C98BTC
Symbol does not contain XRP, Symbol =  CLVBTC
Symbol does not contain XRP, Symbol =  CLVBNB
FirstId is not above 0, Symbol = CLVBNB
Count is not above 0, Symbol = CLVBNB
Symbol does not contain XRP, Symbol =  CLVBUSD
FirstId is not above 0, Symbol = CLVBUSD
Count is not above 0, Symbol = CLVBUSD
Symbol does not contain XRP, Symbol =  CLVUSDT
Symbol does not contain XRP, Symbol =  QNTBTC
Symbol does not contain XRP, Symbol =  QNTBNB
FirstId is not above 0, Symbol = QNTBNB
Count is not above 0, Symbol = QNTBNB
Symbol does not contain XRP, Symbol =  QNTBUSD
FirstId is not above 0, Symbol = QNTBUSD
Count is not above 0, Symbol = QNTBUSD
Symbol does not contain XRP, Symbol =  QNTUSDT
Symbol does not contain XRP, Symbol =  FLOWBTC
Symbol does not contain XRP, Symbol =  FLOWBNB
FirstId is not above 0, Symbol = FLOWBNB
Count is not above 0, Symbol = FLOWBNB
Symbol does not contain XRP, Symbol =  FLOWBUSD
FirstId is not above 0, Symbol = FLOWBUSD
Count is not above 0, Symbol = FLOWBUSD
Symbol does not contain XRP, Symbol =  FLOWUSDT
Symbol does not contain XRP, Symbol =  XECBUSD
FirstId is not above 0, Symbol = XECBUSD
Count is not above 0, Symbol = XECBUSD
Symbol does not contain XRP, Symbol =  AXSBRL
FirstId is not above 0, Symbol = AXSBRL
Count is not above 0, Symbol = AXSBRL
Symbol does not contain XRP, Symbol =  AXSAUD
FirstId is not above 0, Symbol = AXSAUD
Count is not above 0, Symbol = AXSAUD
Symbol does not contain XRP, Symbol =  TVKUSDT
FirstId is not above 0, Symbol = TVKUSDT
Count is not above 0, Symbol = TVKUSDT
Symbol does not contain XRP, Symbol =  MINABTC
Symbol does not contain XRP, Symbol =  MINABNB
FirstId is not above 0, Symbol = MINABNB
Count is not above 0, Symbol = MINABNB
Symbol does not contain XRP, Symbol =  MINABUSD
FirstId is not above 0, Symbol = MINABUSD
Count is not above 0, Symbol = MINABUSD
Symbol does not contain XRP, Symbol =  MINAUSDT
Symbol does not contain XRP, Symbol =  RAYBNB
Symbol does not contain XRP, Symbol =  RAYBUSD
FirstId is not above 0, Symbol = RAYBUSD
Count is not above 0, Symbol = RAYBUSD
Symbol does not contain XRP, Symbol =  RAYUSDT
Symbol does not contain XRP, Symbol =  FARMBTC
FirstId is not above 0, Symbol = FARMBTC
Count is not above 0, Symbol = FARMBTC
Symbol does not contain XRP, Symbol =  FARMBNB
FirstId is not above 0, Symbol = FARMBNB
Count is not above 0, Symbol = FARMBNB
Symbol does not contain XRP, Symbol =  FARMBUSD
FirstId is not above 0, Symbol = FARMBUSD
Count is not above 0, Symbol = FARMBUSD
Symbol does not contain XRP, Symbol =  FARMUSDT
Symbol does not contain XRP, Symbol =  ALPACABTC
FirstId is not above 0, Symbol = ALPACABTC
Count is not above 0, Symbol = ALPACABTC
Symbol does not contain XRP, Symbol =  ALPACABNB
FirstId is not above 0, Symbol = ALPACABNB
Count is not above 0, Symbol = ALPACABNB
Symbol does not contain XRP, Symbol =  ALPACABUSD
FirstId is not above 0, Symbol = ALPACABUSD
Count is not above 0, Symbol = ALPACABUSD
Symbol does not contain XRP, Symbol =  ALPACAUSDT
Symbol does not contain XRP, Symbol =  TLMTRY
Symbol does not contain XRP, Symbol =  QUICKUSDT
Symbol does not contain XRP, Symbol =  ORNBUSD
FirstId is not above 0, Symbol = ORNBUSD
Count is not above 0, Symbol = ORNBUSD
Symbol does not contain XRP, Symbol =  MBOXBTC
Symbol does not contain XRP, Symbol =  MBOXBNB
FirstId is not above 0, Symbol = MBOXBNB
Count is not above 0, Symbol = MBOXBNB
Symbol does not contain XRP, Symbol =  MBOXBUSD
FirstId is not above 0, Symbol = MBOXBUSD
Count is not above 0, Symbol = MBOXBUSD
Symbol does not contain XRP, Symbol =  MBOXUSDT
Symbol does not contain XRP, Symbol =  VGXBTC
FirstId is not above 0, Symbol = VGXBTC
Count is not above 0, Symbol = VGXBTC
Symbol does not contain XRP, Symbol =  VGXETH
FirstId is not above 0, Symbol = VGXETH
Count is not above 0, Symbol = VGXETH
Symbol does not contain XRP, Symbol =  FORUSDT
Symbol does not contain XRP, Symbol =  REQUSDT
Symbol does not contain XRP, Symbol =  GHSTUSDT
Symbol does not contain XRP, Symbol =  TRURUB
FirstId is not above 0, Symbol = TRURUB
Count is not above 0, Symbol = TRURUB
Symbol does not contain XRP, Symbol =  FISBRL
FirstId is not above 0, Symbol = FISBRL
Count is not above 0, Symbol = FISBRL
Symbol does not contain XRP, Symbol =  WAXPUSDT
Symbol does not contain XRP, Symbol =  WAXPBUSD
FirstId is not above 0, Symbol = WAXPBUSD
Count is not above 0, Symbol = WAXPBUSD
Symbol does not contain XRP, Symbol =  WAXPBNB
FirstId is not above 0, Symbol = WAXPBNB
Count is not above 0, Symbol = WAXPBNB
Symbol does not contain XRP, Symbol =  WAXPBTC
Symbol does not contain XRP, Symbol =  TRIBEBTC
FirstId is not above 0, Symbol = TRIBEBTC
Count is not above 0, Symbol = TRIBEBTC
Symbol does not contain XRP, Symbol =  TRIBEBNB
FirstId is not above 0, Symbol = TRIBEBNB
Count is not above 0, Symbol = TRIBEBNB
Symbol does not contain XRP, Symbol =  TRIBEBUSD
FirstId is not above 0, Symbol = TRIBEBUSD
Count is not above 0, Symbol = TRIBEBUSD
Symbol does not contain XRP, Symbol =  TRIBEUSDT
FirstId is not above 0, Symbol = TRIBEUSDT
Count is not above 0, Symbol = TRIBEUSDT
Symbol does not contain XRP, Symbol =  GNOUSDT
Symbol does not contain XRP, Symbol =  GNOBUSD
FirstId is not above 0, Symbol = GNOBUSD
Count is not above 0, Symbol = GNOBUSD
Symbol does not contain XRP, Symbol =  GNOBNB
FirstId is not above 0, Symbol = GNOBNB
Count is not above 0, Symbol = GNOBNB
Symbol does not contain XRP, Symbol =  GNOBTC
FirstId is not above 0, Symbol = GNOBTC
Count is not above 0, Symbol = GNOBTC
Symbol does not contain XRP, Symbol =  ARPATRY
Symbol does not contain XRP, Symbol =  PROMBTC
Symbol does not contain XRP, Symbol =  MTLBUSD
FirstId is not above 0, Symbol = MTLBUSD
Count is not above 0, Symbol = MTLBUSD
Symbol does not contain XRP, Symbol =  OGNBUSD
FirstId is not above 0, Symbol = OGNBUSD
Count is not above 0, Symbol = OGNBUSD
Symbol does not contain XRP, Symbol =  XECUSDT
Symbol does not contain XRP, Symbol =  C98BRL
FirstId is not above 0, Symbol = C98BRL
Count is not above 0, Symbol = C98BRL
Symbol does not contain XRP, Symbol =  SOLAUD
FirstId is not above 0, Symbol = SOLAUD
Count is not above 0, Symbol = SOLAUD
FirstId is not above 0, Symbol = XRPBIDR
Count is not above 0, Symbol = XRPBIDR
Symbol does not contain XRP, Symbol =  POLYBUSD
FirstId is not above 0, Symbol = POLYBUSD
Count is not above 0, Symbol = POLYBUSD
Symbol does not contain XRP, Symbol =  ELFUSDT
Symbol does not contain XRP, Symbol =  DYDXUSDT
Symbol does not contain XRP, Symbol =  DYDXBUSD
FirstId is not above 0, Symbol = DYDXBUSD
Count is not above 0, Symbol = DYDXBUSD
Symbol does not contain XRP, Symbol =  DYDXBNB
FirstId is not above 0, Symbol = DYDXBNB
Count is not above 0, Symbol = DYDXBNB
Symbol does not contain XRP, Symbol =  DYDXBTC
Symbol does not contain XRP, Symbol =  ELFBUSD
FirstId is not above 0, Symbol = ELFBUSD
Count is not above 0, Symbol = ELFBUSD
Symbol does not contain XRP, Symbol =  POLYUSDT
FirstId is not above 0, Symbol = POLYUSDT
Count is not above 0, Symbol = POLYUSDT
Symbol does not contain XRP, Symbol =  IDEXUSDT
Symbol does not contain XRP, Symbol =  VIDTUSDT
Symbol does not contain XRP, Symbol =  SOLBIDR
FirstId is not above 0, Symbol = SOLBIDR
Count is not above 0, Symbol = SOLBIDR
Symbol does not contain XRP, Symbol =  AXSBIDR
FirstId is not above 0, Symbol = AXSBIDR
Count is not above 0, Symbol = AXSBIDR
Symbol does not contain XRP, Symbol =  BTCUSDP
FirstId is not above 0, Symbol = BTCUSDP
Count is not above 0, Symbol = BTCUSDP
Symbol does not contain XRP, Symbol =  ETHUSDP
FirstId is not above 0, Symbol = ETHUSDP
Count is not above 0, Symbol = ETHUSDP
Symbol does not contain XRP, Symbol =  BNBUSDP
FirstId is not above 0, Symbol = BNBUSDP
Count is not above 0, Symbol = BNBUSDP
Symbol does not contain XRP, Symbol =  USDPBUSD
FirstId is not above 0, Symbol = USDPBUSD
Count is not above 0, Symbol = USDPBUSD
Symbol does not contain XRP, Symbol =  USDPUSDT
Symbol does not contain XRP, Symbol =  GALAUSDT
Symbol does not contain XRP, Symbol =  GALABUSD
FirstId is not above 0, Symbol = GALABUSD
Count is not above 0, Symbol = GALABUSD
Symbol does not contain XRP, Symbol =  GALABNB
Symbol does not contain XRP, Symbol =  GALABTC
Symbol does not contain XRP, Symbol =  FTMBIDR
FirstId is not above 0, Symbol = FTMBIDR
Count is not above 0, Symbol = FTMBIDR
Symbol does not contain XRP, Symbol =  ALGOBIDR
FirstId is not above 0, Symbol = ALGOBIDR
Count is not above 0, Symbol = ALGOBIDR
Symbol does not contain XRP, Symbol =  CAKEAUD
FirstId is not above 0, Symbol = CAKEAUD
Count is not above 0, Symbol = CAKEAUD
Symbol does not contain XRP, Symbol =  KSMAUD
FirstId is not above 0, Symbol = KSMAUD
Count is not above 0, Symbol = KSMAUD
Symbol does not contain XRP, Symbol =  WAVESRUB
FirstId is not above 0, Symbol = WAVESRUB
Count is not above 0, Symbol = WAVESRUB
Symbol does not contain XRP, Symbol =  SUNBUSD
FirstId is not above 0, Symbol = SUNBUSD
Count is not above 0, Symbol = SUNBUSD
Symbol does not contain XRP, Symbol =  ILVUSDT
Symbol does not contain XRP, Symbol =  ILVBUSD
FirstId is not above 0, Symbol = ILVBUSD
Count is not above 0, Symbol = ILVBUSD
Symbol does not contain XRP, Symbol =  ILVBNB
FirstId is not above 0, Symbol = ILVBNB
Count is not above 0, Symbol = ILVBNB
Symbol does not contain XRP, Symbol =  ILVBTC
Symbol does not contain XRP, Symbol =  RENBUSD
FirstId is not above 0, Symbol = RENBUSD
Count is not above 0, Symbol = RENBUSD
Symbol does not contain XRP, Symbol =  YGGUSDT
Symbol does not contain XRP, Symbol =  YGGBUSD
FirstId is not above 0, Symbol = YGGBUSD
Count is not above 0, Symbol = YGGBUSD
Symbol does not contain XRP, Symbol =  YGGBNB
FirstId is not above 0, Symbol = YGGBNB
Count is not above 0, Symbol = YGGBNB
Symbol does not contain XRP, Symbol =  YGGBTC
Symbol does not contain XRP, Symbol =  STXBUSD
FirstId is not above 0, Symbol = STXBUSD
Count is not above 0, Symbol = STXBUSD
Symbol does not contain XRP, Symbol =  SYSUSDT
Symbol does not contain XRP, Symbol =  DFUSDT
Symbol does not contain XRP, Symbol =  SOLUSDC
Symbol does not contain XRP, Symbol =  ARPARUB
FirstId is not above 0, Symbol = ARPARUB
Count is not above 0, Symbol = ARPARUB
Symbol does not contain XRP, Symbol =  LTCUAH
FirstId is not above 0, Symbol = LTCUAH
Count is not above 0, Symbol = LTCUAH
Symbol does not contain XRP, Symbol =  FETBUSD
FirstId is not above 0, Symbol = FETBUSD
Count is not above 0, Symbol = FETBUSD
Symbol does not contain XRP, Symbol =  ARPABUSD
FirstId is not above 0, Symbol = ARPABUSD
Count is not above 0, Symbol = ARPABUSD
Symbol does not contain XRP, Symbol =  LSKBUSD
FirstId is not above 0, Symbol = LSKBUSD
Count is not above 0, Symbol = LSKBUSD
Symbol does not contain XRP, Symbol =  AVAXBIDR
FirstId is not above 0, Symbol = AVAXBIDR
Count is not above 0, Symbol = AVAXBIDR
Symbol does not contain XRP, Symbol =  ALICEBIDR
FirstId is not above 0, Symbol = ALICEBIDR
Count is not above 0, Symbol = ALICEBIDR
Symbol does not contain XRP, Symbol =  FIDAUSDT
Symbol does not contain XRP, Symbol =  FIDABUSD
FirstId is not above 0, Symbol = FIDABUSD
Count is not above 0, Symbol = FIDABUSD
Symbol does not contain XRP, Symbol =  FIDABNB
FirstId is not above 0, Symbol = FIDABNB
Count is not above 0, Symbol = FIDABNB
Symbol does not contain XRP, Symbol =  FIDABTC
Symbol does not contain XRP, Symbol =  DENTBUSD
FirstId is not above 0, Symbol = DENTBUSD
Count is not above 0, Symbol = DENTBUSD
Symbol does not contain XRP, Symbol =  FRONTUSDT
Symbol does not contain XRP, Symbol =  CVPUSDT
Symbol does not contain XRP, Symbol =  AGLDBTC
Symbol does not contain XRP, Symbol =  AGLDBNB
FirstId is not above 0, Symbol = AGLDBNB
Count is not above 0, Symbol = AGLDBNB
Symbol does not contain XRP, Symbol =  AGLDBUSD
FirstId is not above 0, Symbol = AGLDBUSD
Count is not above 0, Symbol = AGLDBUSD
Symbol does not contain XRP, Symbol =  AGLDUSDT
Symbol does not contain XRP, Symbol =  RADBTC
Symbol does not contain XRP, Symbol =  RADBNB
FirstId is not above 0, Symbol = RADBNB
Count is not above 0, Symbol = RADBNB
Symbol does not contain XRP, Symbol =  RADBUSD
FirstId is not above 0, Symbol = RADBUSD
Count is not above 0, Symbol = RADBUSD
Symbol does not contain XRP, Symbol =  RADUSDT
Symbol does not contain XRP, Symbol =  UNIAUD
FirstId is not above 0, Symbol = UNIAUD
Count is not above 0, Symbol = UNIAUD
Symbol does not contain XRP, Symbol =  HIVEBUSD
FirstId is not above 0, Symbol = HIVEBUSD
Count is not above 0, Symbol = HIVEBUSD
Symbol does not contain XRP, Symbol =  STPTBUSD
FirstId is not above 0, Symbol = STPTBUSD
Count is not above 0, Symbol = STPTBUSD
Symbol does not contain XRP, Symbol =  BETABTC
FirstId is not above 0, Symbol = BETABTC
Count is not above 0, Symbol = BETABTC
Symbol does not contain XRP, Symbol =  BETABNB
FirstId is not above 0, Symbol = BETABNB
Count is not above 0, Symbol = BETABNB
Symbol does not contain XRP, Symbol =  BETABUSD
FirstId is not above 0, Symbol = BETABUSD
Count is not above 0, Symbol = BETABUSD
Symbol does not contain XRP, Symbol =  BETAUSDT
Symbol does not contain XRP, Symbol =  SHIBAUD
FirstId is not above 0, Symbol = SHIBAUD
Count is not above 0, Symbol = SHIBAUD
Symbol does not contain XRP, Symbol =  RAREBTC
Symbol does not contain XRP, Symbol =  RAREBNB
FirstId is not above 0, Symbol = RAREBNB
Count is not above 0, Symbol = RAREBNB
Symbol does not contain XRP, Symbol =  RAREBUSD
FirstId is not above 0, Symbol = RAREBUSD
Count is not above 0, Symbol = RAREBUSD
Symbol does not contain XRP, Symbol =  RAREUSDT
Symbol does not contain XRP, Symbol =  AVAXBRL
Symbol does not contain XRP, Symbol =  AVAXAUD
FirstId is not above 0, Symbol = AVAXAUD
Count is not above 0, Symbol = AVAXAUD
Symbol does not contain XRP, Symbol =  LUNAAUD
FirstId is not above 0, Symbol = LUNAAUD
Count is not above 0, Symbol = LUNAAUD
Symbol does not contain XRP, Symbol =  TROYBUSD
FirstId is not above 0, Symbol = TROYBUSD
Count is not above 0, Symbol = TROYBUSD
Symbol does not contain XRP, Symbol =  AXSETH
Symbol does not contain XRP, Symbol =  FTMETH
Symbol does not contain XRP, Symbol =  SOLETH
Symbol does not contain XRP, Symbol =  SSVBTC
Symbol does not contain XRP, Symbol =  SSVETH
Symbol does not contain XRP, Symbol =  LAZIOTRY
Symbol does not contain XRP, Symbol =  LAZIOEUR
FirstId is not above 0, Symbol = LAZIOEUR
Count is not above 0, Symbol = LAZIOEUR
Symbol does not contain XRP, Symbol =  LAZIOBTC
FirstId is not above 0, Symbol = LAZIOBTC
Count is not above 0, Symbol = LAZIOBTC
Symbol does not contain XRP, Symbol =  LAZIOUSDT
Symbol does not contain XRP, Symbol =  CHESSBTC
FirstId is not above 0, Symbol = CHESSBTC
Count is not above 0, Symbol = CHESSBTC
Symbol does not contain XRP, Symbol =  CHESSBNB
FirstId is not above 0, Symbol = CHESSBNB
Count is not above 0, Symbol = CHESSBNB
Symbol does not contain XRP, Symbol =  CHESSBUSD
FirstId is not above 0, Symbol = CHESSBUSD
Count is not above 0, Symbol = CHESSBUSD
Symbol does not contain XRP, Symbol =  CHESSUSDT
Symbol does not contain XRP, Symbol =  FTMAUD
FirstId is not above 0, Symbol = FTMAUD
Count is not above 0, Symbol = FTMAUD
Symbol does not contain XRP, Symbol =  FTMBRL
FirstId is not above 0, Symbol = FTMBRL
Count is not above 0, Symbol = FTMBRL
Symbol does not contain XRP, Symbol =  SCRTBUSD
FirstId is not above 0, Symbol = SCRTBUSD
Count is not above 0, Symbol = SCRTBUSD
Symbol does not contain XRP, Symbol =  ADXUSDT
Symbol does not contain XRP, Symbol =  AUCTIONUSDT
Symbol does not contain XRP, Symbol =  CELOBUSD
FirstId is not above 0, Symbol = CELOBUSD
Count is not above 0, Symbol = CELOBUSD
Symbol does not contain XRP, Symbol =  FTMRUB
FirstId is not above 0, Symbol = FTMRUB
Count is not above 0, Symbol = FTMRUB
Symbol does not contain XRP, Symbol =  NUAUD
FirstId is not above 0, Symbol = NUAUD
Count is not above 0, Symbol = NUAUD
Symbol does not contain XRP, Symbol =  NURUB
FirstId is not above 0, Symbol = NURUB
Count is not above 0, Symbol = NURUB
Symbol does not contain XRP, Symbol =  REEFTRY
Symbol does not contain XRP, Symbol =  REEFBIDR
FirstId is not above 0, Symbol = REEFBIDR
Count is not above 0, Symbol = REEFBIDR
Symbol does not contain XRP, Symbol =  SHIBDOGE
Symbol does not contain XRP, Symbol =  DARUSDT
Symbol does not contain XRP, Symbol =  DARBUSD
FirstId is not above 0, Symbol = DARBUSD
Count is not above 0, Symbol = DARBUSD
Symbol does not contain XRP, Symbol =  DARBNB
FirstId is not above 0, Symbol = DARBNB
Count is not above 0, Symbol = DARBNB
Symbol does not contain XRP, Symbol =  DARBTC
Symbol does not contain XRP, Symbol =  BNXBTC
Symbol does not contain XRP, Symbol =  BNXBNB
FirstId is not above 0, Symbol = BNXBNB
Count is not above 0, Symbol = BNXBNB
Symbol does not contain XRP, Symbol =  BNXBUSD
FirstId is not above 0, Symbol = BNXBUSD
Count is not above 0, Symbol = BNXBUSD
Symbol does not contain XRP, Symbol =  BNXUSDT
Symbol does not contain XRP, Symbol =  RGTUSDT
FirstId is not above 0, Symbol = RGTUSDT
Count is not above 0, Symbol = RGTUSDT
Symbol does not contain XRP, Symbol =  RGTBTC
FirstId is not above 0, Symbol = RGTBTC
Count is not above 0, Symbol = RGTBTC
Symbol does not contain XRP, Symbol =  RGTBUSD
FirstId is not above 0, Symbol = RGTBUSD
Count is not above 0, Symbol = RGTBUSD
Symbol does not contain XRP, Symbol =  RGTBNB
FirstId is not above 0, Symbol = RGTBNB
Count is not above 0, Symbol = RGTBNB
Symbol does not contain XRP, Symbol =  LAZIOBUSD
FirstId is not above 0, Symbol = LAZIOBUSD
Count is not above 0, Symbol = LAZIOBUSD
Symbol does not contain XRP, Symbol =  OXTBUSD
FirstId is not above 0, Symbol = OXTBUSD
Count is not above 0, Symbol = OXTBUSD
Symbol does not contain XRP, Symbol =  MANATRY
Symbol does not contain XRP, Symbol =  ALGORUB
FirstId is not above 0, Symbol = ALGORUB
Count is not above 0, Symbol = ALGORUB
Symbol does not contain XRP, Symbol =  SHIBUAH
FirstId is not above 0, Symbol = SHIBUAH
Count is not above 0, Symbol = SHIBUAH
Symbol does not contain XRP, Symbol =  LUNABIDR
FirstId is not above 0, Symbol = LUNABIDR
Count is not above 0, Symbol = LUNABIDR
Symbol does not contain XRP, Symbol =  AUDUSDC
FirstId is not above 0, Symbol = AUDUSDC
Count is not above 0, Symbol = AUDUSDC
Symbol does not contain XRP, Symbol =  MOVRBTC
Symbol does not contain XRP, Symbol =  MOVRBNB
FirstId is not above 0, Symbol = MOVRBNB
Count is not above 0, Symbol = MOVRBNB
Symbol does not contain XRP, Symbol =  MOVRBUSD
FirstId is not above 0, Symbol = MOVRBUSD
Count is not above 0, Symbol = MOVRBUSD
Symbol does not contain XRP, Symbol =  MOVRUSDT
Symbol does not contain XRP, Symbol =  CITYBTC
FirstId is not above 0, Symbol = CITYBTC
Count is not above 0, Symbol = CITYBTC
Symbol does not contain XRP, Symbol =  CITYBNB
FirstId is not above 0, Symbol = CITYBNB
Count is not above 0, Symbol = CITYBNB
Symbol does not contain XRP, Symbol =  CITYBUSD
FirstId is not above 0, Symbol = CITYBUSD
Count is not above 0, Symbol = CITYBUSD
Symbol does not contain XRP, Symbol =  CITYUSDT
Symbol does not contain XRP, Symbol =  ENSBTC
Symbol does not contain XRP, Symbol =  ENSBNB
FirstId is not above 0, Symbol = ENSBNB
Count is not above 0, Symbol = ENSBNB
Symbol does not contain XRP, Symbol =  ENSBUSD
FirstId is not above 0, Symbol = ENSBUSD
Count is not above 0, Symbol = ENSBUSD
Symbol does not contain XRP, Symbol =  ENSUSDT
Symbol does not contain XRP, Symbol =  SANDETH
FirstId is not above 0, Symbol = SANDETH
Count is not above 0, Symbol = SANDETH
Symbol does not contain XRP, Symbol =  DOTETH
Symbol does not contain XRP, Symbol =  MATICETH
Symbol does not contain XRP, Symbol =  ANKRBUSD
FirstId is not above 0, Symbol = ANKRBUSD
Count is not above 0, Symbol = ANKRBUSD
Symbol does not contain XRP, Symbol =  SANDTRY
Symbol does not contain XRP, Symbol =  MANABRL
FirstId is not above 0, Symbol = MANABRL
Count is not above 0, Symbol = MANABRL
Symbol does not contain XRP, Symbol =  KP3RUSDT
Symbol does not contain XRP, Symbol =  QIUSDT
Symbol does not contain XRP, Symbol =  QIBUSD
FirstId is not above 0, Symbol = QIBUSD
Count is not above 0, Symbol = QIBUSD
Symbol does not contain XRP, Symbol =  QIBNB
FirstId is not above 0, Symbol = QIBNB
Count is not above 0, Symbol = QIBNB
Symbol does not contain XRP, Symbol =  QIBTC
Symbol does not contain XRP, Symbol =  PORTOBTC
FirstId is not above 0, Symbol = PORTOBTC
Count is not above 0, Symbol = PORTOBTC
Symbol does not contain XRP, Symbol =  PORTOUSDT
Symbol does not contain XRP, Symbol =  PORTOTRY
Symbol does not contain XRP, Symbol =  PORTOEUR
FirstId is not above 0, Symbol = PORTOEUR
Count is not above 0, Symbol = PORTOEUR
Symbol does not contain XRP, Symbol =  POWRUSDT
Symbol does not contain XRP, Symbol =  POWRBUSD
FirstId is not above 0, Symbol = POWRBUSD
Count is not above 0, Symbol = POWRBUSD
Symbol does not contain XRP, Symbol =  AVAXETH
Symbol does not contain XRP, Symbol =  SLPTRY
Symbol does not contain XRP, Symbol =  FISTRY
FirstId is not above 0, Symbol = FISTRY
Count is not above 0, Symbol = FISTRY
Symbol does not contain XRP, Symbol =  LRCTRY
Symbol does not contain XRP, Symbol =  CHRETH
Symbol does not contain XRP, Symbol =  FISBIDR
FirstId is not above 0, Symbol = FISBIDR
Count is not above 0, Symbol = FISBIDR
Symbol does not contain XRP, Symbol =  VGXUSDT
Symbol does not contain XRP, Symbol =  GALAETH
Symbol does not contain XRP, Symbol =  JASMYUSDT
Symbol does not contain XRP, Symbol =  JASMYBUSD
FirstId is not above 0, Symbol = JASMYBUSD
Count is not above 0, Symbol = JASMYBUSD
Symbol does not contain XRP, Symbol =  JASMYBNB
FirstId is not above 0, Symbol = JASMYBNB
Count is not above 0, Symbol = JASMYBNB
Symbol does not contain XRP, Symbol =  JASMYBTC
FirstId is not above 0, Symbol = JASMYBTC
Count is not above 0, Symbol = JASMYBTC
Symbol does not contain XRP, Symbol =  AMPBTC
FirstId is not above 0, Symbol = AMPBTC
Count is not above 0, Symbol = AMPBTC
Symbol does not contain XRP, Symbol =  AMPBNB
FirstId is not above 0, Symbol = AMPBNB
Count is not above 0, Symbol = AMPBNB
Symbol does not contain XRP, Symbol =  AMPBUSD
FirstId is not above 0, Symbol = AMPBUSD
Count is not above 0, Symbol = AMPBUSD
Symbol does not contain XRP, Symbol =  AMPUSDT
Symbol does not contain XRP, Symbol =  PLABTC
FirstId is not above 0, Symbol = PLABTC
Count is not above 0, Symbol = PLABTC
Symbol does not contain XRP, Symbol =  PLABNB
FirstId is not above 0, Symbol = PLABNB
Count is not above 0, Symbol = PLABNB
Symbol does not contain XRP, Symbol =  PLABUSD
FirstId is not above 0, Symbol = PLABUSD
Count is not above 0, Symbol = PLABUSD
Symbol does not contain XRP, Symbol =  PLAUSDT
FirstId is not above 0, Symbol = PLAUSDT
Count is not above 0, Symbol = PLAUSDT
Symbol does not contain XRP, Symbol =  PYRBTC
Symbol does not contain XRP, Symbol =  PYRBUSD
FirstId is not above 0, Symbol = PYRBUSD
Count is not above 0, Symbol = PYRBUSD
Symbol does not contain XRP, Symbol =  PYRUSDT
Symbol does not contain XRP, Symbol =  RNDRBTC
FirstId is not above 0, Symbol = RNDRBTC
Count is not above 0, Symbol = RNDRBTC
Symbol does not contain XRP, Symbol =  RNDRUSDT
FirstId is not above 0, Symbol = RNDRUSDT
Count is not above 0, Symbol = RNDRUSDT
Symbol does not contain XRP, Symbol =  RNDRBUSD
FirstId is not above 0, Symbol = RNDRBUSD
Count is not above 0, Symbol = RNDRBUSD
Symbol does not contain XRP, Symbol =  ALCXBTC
Symbol does not contain XRP, Symbol =  ALCXBUSD
FirstId is not above 0, Symbol = ALCXBUSD
Count is not above 0, Symbol = ALCXBUSD
Symbol does not contain XRP, Symbol =  ALCXUSDT
Symbol does not contain XRP, Symbol =  SANTOSBTC
Symbol does not contain XRP, Symbol =  SANTOSUSDT
Symbol does not contain XRP, Symbol =  SANTOSBRL
FirstId is not above 0, Symbol = SANTOSBRL
Count is not above 0, Symbol = SANTOSBRL
Symbol does not contain XRP, Symbol =  SANTOSTRY
Symbol does not contain XRP, Symbol =  MCBTC
FirstId is not above 0, Symbol = MCBTC
Count is not above 0, Symbol = MCBTC
Symbol does not contain XRP, Symbol =  MCBUSD
FirstId is not above 0, Symbol = MCBUSD
Count is not above 0, Symbol = MCBUSD
Symbol does not contain XRP, Symbol =  MCUSDT
FirstId is not above 0, Symbol = MCUSDT
Count is not above 0, Symbol = MCUSDT
Symbol does not contain XRP, Symbol =  BELTRY
Symbol does not contain XRP, Symbol =  COCOSBUSD
FirstId is not above 0, Symbol = COCOSBUSD
Count is not above 0, Symbol = COCOSBUSD
Symbol does not contain XRP, Symbol =  DENTTRY
Symbol does not contain XRP, Symbol =  ENJTRY
Symbol does not contain XRP, Symbol =  NEORUB
FirstId is not above 0, Symbol = NEORUB
Count is not above 0, Symbol = NEORUB
Symbol does not contain XRP, Symbol =  SANDAUD
FirstId is not above 0, Symbol = SANDAUD
Count is not above 0, Symbol = SANDAUD
Symbol does not contain XRP, Symbol =  SLPBIDR
FirstId is not above 0, Symbol = SLPBIDR
Count is not above 0, Symbol = SLPBIDR
Symbol does not contain XRP, Symbol =  ANYBTC
FirstId is not above 0, Symbol = ANYBTC
Count is not above 0, Symbol = ANYBTC
Symbol does not contain XRP, Symbol =  ANYBUSD
FirstId is not above 0, Symbol = ANYBUSD
Count is not above 0, Symbol = ANYBUSD
Symbol does not contain XRP, Symbol =  ANYUSDT
FirstId is not above 0, Symbol = ANYUSDT
Count is not above 0, Symbol = ANYUSDT
Symbol does not contain XRP, Symbol =  BICOBTC
Symbol does not contain XRP, Symbol =  BICOBUSD
FirstId is not above 0, Symbol = BICOBUSD
Count is not above 0, Symbol = BICOBUSD
Symbol does not contain XRP, Symbol =  BICOUSDT
Symbol does not contain XRP, Symbol =  FLUXBTC
Symbol does not contain XRP, Symbol =  FLUXBUSD
FirstId is not above 0, Symbol = FLUXBUSD
Count is not above 0, Symbol = FLUXBUSD
Symbol does not contain XRP, Symbol =  FLUXUSDT
Symbol does not contain XRP, Symbol =  ALICETRY
Symbol does not contain XRP, Symbol =  FXSUSDT
Symbol does not contain XRP, Symbol =  GALABRL
Symbol does not contain XRP, Symbol =  GALATRY
Symbol does not contain XRP, Symbol =  LUNATRY
Symbol does not contain XRP, Symbol =  REQBUSD
FirstId is not above 0, Symbol = REQBUSD
Count is not above 0, Symbol = REQBUSD
Symbol does not contain XRP, Symbol =  SANDBRL
FirstId is not above 0, Symbol = SANDBRL
Count is not above 0, Symbol = SANDBRL
Symbol does not contain XRP, Symbol =  MANABIDR
FirstId is not above 0, Symbol = MANABIDR
Count is not above 0, Symbol = MANABIDR
Symbol does not contain XRP, Symbol =  SANDBIDR
FirstId is not above 0, Symbol = SANDBIDR
Count is not above 0, Symbol = SANDBIDR
Symbol does not contain XRP, Symbol =  VOXELBTC
FirstId is not above 0, Symbol = VOXELBTC
Count is not above 0, Symbol = VOXELBTC
Symbol does not contain XRP, Symbol =  VOXELBNB
FirstId is not above 0, Symbol = VOXELBNB
Count is not above 0, Symbol = VOXELBNB
Symbol does not contain XRP, Symbol =  VOXELBUSD
FirstId is not above 0, Symbol = VOXELBUSD
Count is not above 0, Symbol = VOXELBUSD
Symbol does not contain XRP, Symbol =  VOXELUSDT
Symbol does not contain XRP, Symbol =  COSBUSD
FirstId is not above 0, Symbol = COSBUSD
Count is not above 0, Symbol = COSBUSD
Symbol does not contain XRP, Symbol =  CTXCBUSD
FirstId is not above 0, Symbol = CTXCBUSD
Count is not above 0, Symbol = CTXCBUSD
Symbol does not contain XRP, Symbol =  FTMTRY
Symbol does not contain XRP, Symbol =  MANABNB
FirstId is not above 0, Symbol = MANABNB
Count is not above 0, Symbol = MANABNB
Symbol does not contain XRP, Symbol =  MINATRY
Symbol does not contain XRP, Symbol =  XTZTRY
FirstId is not above 0, Symbol = XTZTRY
Count is not above 0, Symbol = XTZTRY
Symbol does not contain XRP, Symbol =  HIGHBTC
Symbol does not contain XRP, Symbol =  HIGHBUSD
FirstId is not above 0, Symbol = HIGHBUSD
Count is not above 0, Symbol = HIGHBUSD
Symbol does not contain XRP, Symbol =  HIGHUSDT
Symbol does not contain XRP, Symbol =  CVXBTC
FirstId is not above 0, Symbol = CVXBTC
Count is not above 0, Symbol = CVXBTC
Symbol does not contain XRP, Symbol =  CVXBUSD
FirstId is not above 0, Symbol = CVXBUSD
Count is not above 0, Symbol = CVXBUSD
Symbol does not contain XRP, Symbol =  CVXUSDT
Symbol does not contain XRP, Symbol =  PEOPLEBTC
Symbol does not contain XRP, Symbol =  PEOPLEBUSD
FirstId is not above 0, Symbol = PEOPLEBUSD
Count is not above 0, Symbol = PEOPLEBUSD
Symbol does not contain XRP, Symbol =  PEOPLEUSDT
Symbol does not contain XRP, Symbol =  OOKIBUSD
FirstId is not above 0, Symbol = OOKIBUSD
Count is not above 0, Symbol = OOKIBUSD
Symbol does not contain XRP, Symbol =  OOKIUSDT
Symbol does not contain XRP, Symbol =  COCOSTRY
FirstId is not above 0, Symbol = COCOSTRY
Count is not above 0, Symbol = COCOSTRY
Symbol does not contain XRP, Symbol =  GXSBNB
FirstId is not above 0, Symbol = GXSBNB
Count is not above 0, Symbol = GXSBNB
Symbol does not contain XRP, Symbol =  LINKBNB
Symbol does not contain XRP, Symbol =  LUNAETH
FirstId is not above 0, Symbol = LUNAETH
Count is not above 0, Symbol = LUNAETH
Symbol does not contain XRP, Symbol =  MDTBUSD
FirstId is not above 0, Symbol = MDTBUSD
Count is not above 0, Symbol = MDTBUSD
Symbol does not contain XRP, Symbol =  NULSBUSD
FirstId is not above 0, Symbol = NULSBUSD
Count is not above 0, Symbol = NULSBUSD
Symbol does not contain XRP, Symbol =  SPELLBTC
FirstId is not above 0, Symbol = SPELLBTC
Count is not above 0, Symbol = SPELLBTC
Symbol does not contain XRP, Symbol =  SPELLUSDT
Symbol does not contain XRP, Symbol =  SPELLBUSD
FirstId is not above 0, Symbol = SPELLBUSD
Count is not above 0, Symbol = SPELLBUSD
Symbol does not contain XRP, Symbol =  USTBTC
FirstId is not above 0, Symbol = USTBTC
Count is not above 0, Symbol = USTBTC
Symbol does not contain XRP, Symbol =  USTBUSD
FirstId is not above 0, Symbol = USTBUSD
Count is not above 0, Symbol = USTBUSD
Symbol does not contain XRP, Symbol =  USTUSDT
FirstId is not above 0, Symbol = USTUSDT
Count is not above 0, Symbol = USTUSDT
Symbol does not contain XRP, Symbol =  JOEBTC
Symbol does not contain XRP, Symbol =  JOEBUSD
FirstId is not above 0, Symbol = JOEBUSD
Count is not above 0, Symbol = JOEBUSD
Symbol does not contain XRP, Symbol =  JOEUSDT
Symbol does not contain XRP, Symbol =  ATOMETH
Symbol does not contain XRP, Symbol =  DUSKBUSD
FirstId is not above 0, Symbol = DUSKBUSD
Count is not above 0, Symbol = DUSKBUSD
Symbol does not contain XRP, Symbol =  EGLDETH
Symbol does not contain XRP, Symbol =  ICPETH
Symbol does not contain XRP, Symbol =  LUNABRL
FirstId is not above 0, Symbol = LUNABRL
Count is not above 0, Symbol = LUNABRL
Symbol does not contain XRP, Symbol =  LUNAUST
FirstId is not above 0, Symbol = LUNAUST
Count is not above 0, Symbol = LUNAUST
Symbol does not contain XRP, Symbol =  NEARETH
Symbol does not contain XRP, Symbol =  ROSEBNB
FirstId is not above 0, Symbol = ROSEBNB
Count is not above 0, Symbol = ROSEBNB
Symbol does not contain XRP, Symbol =  VOXELETH
FirstId is not above 0, Symbol = VOXELETH
Count is not above 0, Symbol = VOXELETH
Symbol does not contain XRP, Symbol =  ALICEBNB
FirstId is not above 0, Symbol = ALICEBNB
Count is not above 0, Symbol = ALICEBNB
Symbol does not contain XRP, Symbol =  ATOMTRY
Symbol does not contain XRP, Symbol =  ETHUST
FirstId is not above 0, Symbol = ETHUST
Count is not above 0, Symbol = ETHUST
Symbol does not contain XRP, Symbol =  GALAAUD
FirstId is not above 0, Symbol = GALAAUD
Count is not above 0, Symbol = GALAAUD
Symbol does not contain XRP, Symbol =  LRCBNB
FirstId is not above 0, Symbol = LRCBNB
Count is not above 0, Symbol = LRCBNB
Symbol does not contain XRP, Symbol =  ONEETH
FirstId is not above 0, Symbol = ONEETH
Count is not above 0, Symbol = ONEETH
Symbol does not contain XRP, Symbol =  OOKIBNB
FirstId is not above 0, Symbol = OOKIBNB
Count is not above 0, Symbol = OOKIBNB
Symbol does not contain XRP, Symbol =  ACHBTC
Symbol does not contain XRP, Symbol =  ACHBUSD
FirstId is not above 0, Symbol = ACHBUSD
Count is not above 0, Symbol = ACHBUSD
Symbol does not contain XRP, Symbol =  ACHUSDT
Symbol does not contain XRP, Symbol =  IMXBTC
Symbol does not contain XRP, Symbol =  IMXBUSD
FirstId is not above 0, Symbol = IMXBUSD
Count is not above 0, Symbol = IMXBUSD
Symbol does not contain XRP, Symbol =  IMXUSDT
Symbol does not contain XRP, Symbol =  GLMRBTC
Symbol does not contain XRP, Symbol =  GLMRBUSD
FirstId is not above 0, Symbol = GLMRBUSD
Count is not above 0, Symbol = GLMRBUSD
Symbol does not contain XRP, Symbol =  GLMRUSDT
Symbol does not contain XRP, Symbol =  ATOMBIDR
FirstId is not above 0, Symbol = ATOMBIDR
Count is not above 0, Symbol = ATOMBIDR
Symbol does not contain XRP, Symbol =  DYDXETH
FirstId is not above 0, Symbol = DYDXETH
Count is not above 0, Symbol = DYDXETH
Symbol does not contain XRP, Symbol =  FARMETH
FirstId is not above 0, Symbol = FARMETH
Count is not above 0, Symbol = FARMETH
Symbol does not contain XRP, Symbol =  FORBNB
FirstId is not above 0, Symbol = FORBNB
Count is not above 0, Symbol = FORBNB
Symbol does not contain XRP, Symbol =  ICPTRY
Symbol does not contain XRP, Symbol =  JASMYETH
FirstId is not above 0, Symbol = JASMYETH
Count is not above 0, Symbol = JASMYETH
Symbol does not contain XRP, Symbol =  LINABNB
FirstId is not above 0, Symbol = LINABNB
Count is not above 0, Symbol = LINABNB
Symbol does not contain XRP, Symbol =  OOKIETH
FirstId is not above 0, Symbol = OOKIETH
Count is not above 0, Symbol = OOKIETH
Symbol does not contain XRP, Symbol =  ROSEETH
Symbol does not contain XRP, Symbol =  UMABUSD
FirstId is not above 0, Symbol = UMABUSD
Count is not above 0, Symbol = UMABUSD
Symbol does not contain XRP, Symbol =  UNIETH
Symbol does not contain XRP, Symbol =  XTZETH
FirstId is not above 0, Symbol = XTZETH
Count is not above 0, Symbol = XTZETH
Symbol does not contain XRP, Symbol =  LOKABTC
Symbol does not contain XRP, Symbol =  LOKABNB
FirstId is not above 0, Symbol = LOKABNB
Count is not above 0, Symbol = LOKABNB
Symbol does not contain XRP, Symbol =  LOKABUSD
FirstId is not above 0, Symbol = LOKABUSD
Count is not above 0, Symbol = LOKABUSD
Symbol does not contain XRP, Symbol =  LOKAUSDT
Symbol does not contain XRP, Symbol =  ATOMBRL
FirstId is not above 0, Symbol = ATOMBRL
Count is not above 0, Symbol = ATOMBRL
Symbol does not contain XRP, Symbol =  BNBUST
FirstId is not above 0, Symbol = BNBUST
Count is not above 0, Symbol = BNBUST
Symbol does not contain XRP, Symbol =  CRVETH
FirstId is not above 0, Symbol = CRVETH
Count is not above 0, Symbol = CRVETH
Symbol does not contain XRP, Symbol =  HIGHBNB
FirstId is not above 0, Symbol = HIGHBNB
Count is not above 0, Symbol = HIGHBNB
Symbol does not contain XRP, Symbol =  NEARRUB
FirstId is not above 0, Symbol = NEARRUB
Count is not above 0, Symbol = NEARRUB
Symbol does not contain XRP, Symbol =  ROSETRY
Symbol does not contain XRP, Symbol =  SCRTUSDT
Symbol does not contain XRP, Symbol =  API3BTC
Symbol does not contain XRP, Symbol =  API3BUSD
FirstId is not above 0, Symbol = API3BUSD
Count is not above 0, Symbol = API3BUSD
Symbol does not contain XRP, Symbol =  API3USDT
Symbol does not contain XRP, Symbol =  BTTCUSDT
Symbol does not contain XRP, Symbol =  BTTCUSDC
FirstId is not above 0, Symbol = BTTCUSDC
Count is not above 0, Symbol = BTTCUSDC
Symbol does not contain XRP, Symbol =  BTTCTRY
Symbol does not contain XRP, Symbol =  ACABTC
Symbol does not contain XRP, Symbol =  ACABUSD
FirstId is not above 0, Symbol = ACABUSD
Count is not above 0, Symbol = ACABUSD
Symbol does not contain XRP, Symbol =  ACAUSDT
Symbol does not contain XRP, Symbol =  ANCBTC
FirstId is not above 0, Symbol = ANCBTC
Count is not above 0, Symbol = ANCBTC
Symbol does not contain XRP, Symbol =  ANCBUSD
FirstId is not above 0, Symbol = ANCBUSD
Count is not above 0, Symbol = ANCBUSD
Symbol does not contain XRP, Symbol =  ANCUSDT
FirstId is not above 0, Symbol = ANCUSDT
Count is not above 0, Symbol = ANCUSDT
Symbol does not contain XRP, Symbol =  BDOTDOT
FirstId is not above 0, Symbol = BDOTDOT
Count is not above 0, Symbol = BDOTDOT
Symbol does not contain XRP, Symbol =  XNOBTC
Symbol does not contain XRP, Symbol =  XNOETH
FirstId is not above 0, Symbol = XNOETH
Count is not above 0, Symbol = XNOETH
Symbol does not contain XRP, Symbol =  XNOBUSD
FirstId is not above 0, Symbol = XNOBUSD
Count is not above 0, Symbol = XNOBUSD
Symbol does not contain XRP, Symbol =  XNOUSDT
Symbol does not contain XRP, Symbol =  COSTRY
Symbol does not contain XRP, Symbol =  KAVAETH
FirstId is not above 0, Symbol = KAVAETH
Count is not above 0, Symbol = KAVAETH
Symbol does not contain XRP, Symbol =  MCBNB
FirstId is not above 0, Symbol = MCBNB
Count is not above 0, Symbol = MCBNB
Symbol does not contain XRP, Symbol =  ONETRY
Symbol does not contain XRP, Symbol =  WOOBTC
Symbol does not contain XRP, Symbol =  WOOBNB
FirstId is not above 0, Symbol = WOOBNB
Count is not above 0, Symbol = WOOBNB
Symbol does not contain XRP, Symbol =  WOOBUSD
FirstId is not above 0, Symbol = WOOBUSD
Count is not above 0, Symbol = WOOBUSD
Symbol does not contain XRP, Symbol =  WOOUSDT
Symbol does not contain XRP, Symbol =  CELRETH
FirstId is not above 0, Symbol = CELRETH
Count is not above 0, Symbol = CELRETH
Symbol does not contain XRP, Symbol =  PEOPLEBNB
FirstId is not above 0, Symbol = PEOPLEBNB
Count is not above 0, Symbol = PEOPLEBNB
Symbol does not contain XRP, Symbol =  SLPBNB
FirstId is not above 0, Symbol = SLPBNB
Count is not above 0, Symbol = SLPBNB
Symbol does not contain XRP, Symbol =  SPELLBNB
FirstId is not above 0, Symbol = SPELLBNB
Count is not above 0, Symbol = SPELLBNB
Symbol does not contain XRP, Symbol =  SPELLTRY
Symbol does not contain XRP, Symbol =  TFUELBUSD
FirstId is not above 0, Symbol = TFUELBUSD
Count is not above 0, Symbol = TFUELBUSD
Symbol does not contain XRP, Symbol =  AXSTRY
Symbol does not contain XRP, Symbol =  DARTRY
Symbol does not contain XRP, Symbol =  NEARTRY
Symbol does not contain XRP, Symbol =  IDEXBNB
FirstId is not above 0, Symbol = IDEXBNB
Count is not above 0, Symbol = IDEXBNB
Symbol does not contain XRP, Symbol =  ALPINEEUR
FirstId is not above 0, Symbol = ALPINEEUR
Count is not above 0, Symbol = ALPINEEUR
Symbol does not contain XRP, Symbol =  ALPINETRY
Symbol does not contain XRP, Symbol =  ALPINEUSDT
Symbol does not contain XRP, Symbol =  ALPINEBTC
FirstId is not above 0, Symbol = ALPINEBTC
Count is not above 0, Symbol = ALPINEBTC
Symbol does not contain XRP, Symbol =  TUSDT
Symbol does not contain XRP, Symbol =  TBUSD
FirstId is not above 0, Symbol = TBUSD
Count is not above 0, Symbol = TBUSD
Symbol does not contain XRP, Symbol =  API3BNB
FirstId is not above 0, Symbol = API3BNB
Count is not above 0, Symbol = API3BNB
Symbol does not contain XRP, Symbol =  BETAETH
FirstId is not above 0, Symbol = BETAETH
Count is not above 0, Symbol = BETAETH
Symbol does not contain XRP, Symbol =  INJTRY
Symbol does not contain XRP, Symbol =  TLMBNB
FirstId is not above 0, Symbol = TLMBNB
Count is not above 0, Symbol = TLMBNB
Symbol does not contain XRP, Symbol =  ASTRBUSD
FirstId is not above 0, Symbol = ASTRBUSD
Count is not above 0, Symbol = ASTRBUSD
Symbol does not contain XRP, Symbol =  ASTRUSDT
Symbol does not contain XRP, Symbol =  API3TRY
Symbol does not contain XRP, Symbol =  GLMRBNB
FirstId is not above 0, Symbol = GLMRBNB
Count is not above 0, Symbol = GLMRBNB
Symbol does not contain XRP, Symbol =  MBOXTRY
Symbol does not contain XRP, Symbol =  NBTBIDR
FirstId is not above 0, Symbol = NBTBIDR
Count is not above 0, Symbol = NBTBIDR
Symbol does not contain XRP, Symbol =  NBTUSDT
FirstId is not above 0, Symbol = NBTUSDT
Count is not above 0, Symbol = NBTUSDT
Symbol does not contain XRP, Symbol =  GMTBTC
Symbol does not contain XRP, Symbol =  GMTBNB
FirstId is not above 0, Symbol = GMTBNB
Count is not above 0, Symbol = GMTBNB
Symbol does not contain XRP, Symbol =  GMTBUSD
FirstId is not above 0, Symbol = GMTBUSD
Count is not above 0, Symbol = GMTBUSD
Symbol does not contain XRP, Symbol =  GMTUSDT
Symbol does not contain XRP, Symbol =  ANCBNB
FirstId is not above 0, Symbol = ANCBNB
Count is not above 0, Symbol = ANCBNB
Symbol does not contain XRP, Symbol =  ATOMEUR
Symbol does not contain XRP, Symbol =  GALAEUR
Symbol does not contain XRP, Symbol =  KSMETH
FirstId is not above 0, Symbol = KSMETH
Count is not above 0, Symbol = KSMETH
Symbol does not contain XRP, Symbol =  UMATRY
Symbol does not contain XRP, Symbol =  KDABTC
Symbol does not contain XRP, Symbol =  KDABUSD
FirstId is not above 0, Symbol = KDABUSD
Count is not above 0, Symbol = KDABUSD
Symbol does not contain XRP, Symbol =  KDAUSDT
Symbol does not contain XRP, Symbol =  APEUSDT
Symbol does not contain XRP, Symbol =  APEBUSD
FirstId is not above 0, Symbol = APEBUSD
Count is not above 0, Symbol = APEBUSD
Symbol does not contain XRP, Symbol =  APEBTC
Symbol does not contain XRP, Symbol =  ALPINEBUSD
FirstId is not above 0, Symbol = ALPINEBUSD
Count is not above 0, Symbol = ALPINEBUSD
Symbol does not contain XRP, Symbol =  LUNAGBP
FirstId is not above 0, Symbol = LUNAGBP
Count is not above 0, Symbol = LUNAGBP
Symbol does not contain XRP, Symbol =  NEAREUR
Symbol does not contain XRP, Symbol =  TWTTRY
Symbol does not contain XRP, Symbol =  WAVESEUR
FirstId is not above 0, Symbol = WAVESEUR
Count is not above 0, Symbol = WAVESEUR
Symbol does not contain XRP, Symbol =  APEEUR
FirstId is not above 0, Symbol = APEEUR
Count is not above 0, Symbol = APEEUR
Symbol does not contain XRP, Symbol =  APEGBP
FirstId is not above 0, Symbol = APEGBP
Count is not above 0, Symbol = APEGBP
Symbol does not contain XRP, Symbol =  APETRY
Symbol does not contain XRP, Symbol =  BSWUSDT
Symbol does not contain XRP, Symbol =  BSWBUSD
FirstId is not above 0, Symbol = BSWBUSD
Count is not above 0, Symbol = BSWBUSD
Symbol does not contain XRP, Symbol =  BSWBNB
FirstId is not above 0, Symbol = BSWBNB
Count is not above 0, Symbol = BSWBNB
Symbol does not contain XRP, Symbol =  APEBNB
FirstId is not above 0, Symbol = APEBNB
Count is not above 0, Symbol = APEBNB
Symbol does not contain XRP, Symbol =  GMTBRL
FirstId is not above 0, Symbol = GMTBRL
Count is not above 0, Symbol = GMTBRL
Symbol does not contain XRP, Symbol =  GMTETH
FirstId is not above 0, Symbol = GMTETH
Count is not above 0, Symbol = GMTETH
Symbol does not contain XRP, Symbol =  JASMYTRY
Symbol does not contain XRP, Symbol =  SANTOSBUSD
FirstId is not above 0, Symbol = SANTOSBUSD
Count is not above 0, Symbol = SANTOSBUSD
Symbol does not contain XRP, Symbol =  APEAUD
FirstId is not above 0, Symbol = APEAUD
Count is not above 0, Symbol = APEAUD
Symbol does not contain XRP, Symbol =  BIFIUSDT
Symbol does not contain XRP, Symbol =  GMTEUR
Symbol does not contain XRP, Symbol =  IMXBNB
FirstId is not above 0, Symbol = IMXBNB
Count is not above 0, Symbol = IMXBNB
Symbol does not contain XRP, Symbol =  RUNEETH
Symbol does not contain XRP, Symbol =  AVAXGBP
FirstId is not above 0, Symbol = AVAXGBP
Count is not above 0, Symbol = AVAXGBP
Symbol does not contain XRP, Symbol =  MULTIBTC
FirstId is not above 0, Symbol = MULTIBTC
Count is not above 0, Symbol = MULTIBTC
Symbol does not contain XRP, Symbol =  MULTIBUSD
FirstId is not above 0, Symbol = MULTIBUSD
Count is not above 0, Symbol = MULTIBUSD
Symbol does not contain XRP, Symbol =  MULTIUSDT
FirstId is not above 0, Symbol = MULTIUSDT
Count is not above 0, Symbol = MULTIUSDT
Symbol does not contain XRP, Symbol =  APEETH
Symbol does not contain XRP, Symbol =  BSWETH
FirstId is not above 0, Symbol = BSWETH
Count is not above 0, Symbol = BSWETH
Symbol does not contain XRP, Symbol =  FILTRY
Symbol does not contain XRP, Symbol =  FTMEUR
Symbol does not contain XRP, Symbol =  GMTGBP
FirstId is not above 0, Symbol = GMTGBP
Count is not above 0, Symbol = GMTGBP
Symbol does not contain XRP, Symbol =  ZILTRY
Symbol does not contain XRP, Symbol =  GMTTRY
Symbol does not contain XRP, Symbol =  WAVESTRY
FirstId is not above 0, Symbol = WAVESTRY
Count is not above 0, Symbol = WAVESTRY
Symbol does not contain XRP, Symbol =  BTCUST
FirstId is not above 0, Symbol = BTCUST
Count is not above 0, Symbol = BTCUST
Symbol does not contain XRP, Symbol =  ASTRBTC
Symbol does not contain XRP, Symbol =  ASTRETH
FirstId is not above 0, Symbol = ASTRETH
Count is not above 0, Symbol = ASTRETH
Symbol does not contain XRP, Symbol =  BSWTRY
Symbol does not contain XRP, Symbol =  FTTETH
FirstId is not above 0, Symbol = FTTETH
Count is not above 0, Symbol = FTTETH
Symbol does not contain XRP, Symbol =  FUNBNB
FirstId is not above 0, Symbol = FUNBNB
Count is not above 0, Symbol = FUNBNB
Symbol does not contain XRP, Symbol =  PORTOBUSD
FirstId is not above 0, Symbol = PORTOBUSD
Count is not above 0, Symbol = PORTOBUSD
Symbol does not contain XRP, Symbol =  STEEMUSDT
Symbol does not contain XRP, Symbol =  ZILEUR
FirstId is not above 0, Symbol = ZILEUR
Count is not above 0, Symbol = ZILEUR
Symbol does not contain XRP, Symbol =  APEBRL
FirstId is not above 0, Symbol = APEBRL
Count is not above 0, Symbol = APEBRL
Symbol does not contain XRP, Symbol =  AUDIOTRY
Symbol does not contain XRP, Symbol =  BTTCBUSD
FirstId is not above 0, Symbol = BTTCBUSD
Count is not above 0, Symbol = BTTCBUSD
Symbol does not contain XRP, Symbol =  GMTAUD
FirstId is not above 0, Symbol = GMTAUD
Count is not above 0, Symbol = GMTAUD
Symbol does not contain XRP, Symbol =  MBLBUSD
FirstId is not above 0, Symbol = MBLBUSD
Count is not above 0, Symbol = MBLBUSD
Symbol does not contain XRP, Symbol =  MOBUSDT
FirstId is not above 0, Symbol = MOBUSDT
Count is not above 0, Symbol = MOBUSDT
Symbol does not contain XRP, Symbol =  MOBBUSD
FirstId is not above 0, Symbol = MOBBUSD
Count is not above 0, Symbol = MOBBUSD
Symbol does not contain XRP, Symbol =  MOBBTC
FirstId is not above 0, Symbol = MOBBTC
Count is not above 0, Symbol = MOBBTC
Symbol does not contain XRP, Symbol =  NEXOUSDT
Symbol does not contain XRP, Symbol =  NEXOBUSD
FirstId is not above 0, Symbol = NEXOBUSD
Count is not above 0, Symbol = NEXOBUSD
Symbol does not contain XRP, Symbol =  NEXOBTC
Symbol does not contain XRP, Symbol =  REIUSDT
Symbol does not contain XRP, Symbol =  REIBNB
FirstId is not above 0, Symbol = REIBNB
Count is not above 0, Symbol = REIBNB
Symbol does not contain XRP, Symbol =  REIETH
FirstId is not above 0, Symbol = REIETH
Count is not above 0, Symbol = REIETH
Symbol does not contain XRP, Symbol =  GALUSDT
FirstId is not above 0, Symbol = GALUSDT
Count is not above 0, Symbol = GALUSDT
Symbol does not contain XRP, Symbol =  GALBUSD
FirstId is not above 0, Symbol = GALBUSD
Count is not above 0, Symbol = GALBUSD
Symbol does not contain XRP, Symbol =  GALBNB
FirstId is not above 0, Symbol = GALBNB
Count is not above 0, Symbol = GALBNB
Symbol does not contain XRP, Symbol =  GALBTC
FirstId is not above 0, Symbol = GALBTC
Count is not above 0, Symbol = GALBTC
Symbol does not contain XRP, Symbol =  JASMYEUR
FirstId is not above 0, Symbol = JASMYEUR
Count is not above 0, Symbol = JASMYEUR
Symbol does not contain XRP, Symbol =  KNCBNB
FirstId is not above 0, Symbol = KNCBNB
Count is not above 0, Symbol = KNCBNB
Symbol does not contain XRP, Symbol =  SHIBGBP
FirstId is not above 0, Symbol = SHIBGBP
Count is not above 0, Symbol = SHIBGBP
Symbol does not contain XRP, Symbol =  GALEUR
FirstId is not above 0, Symbol = GALEUR
Count is not above 0, Symbol = GALEUR
Symbol does not contain XRP, Symbol =  GALTRY
FirstId is not above 0, Symbol = GALTRY
Count is not above 0, Symbol = GALTRY
Symbol does not contain XRP, Symbol =  LDOBUSD
FirstId is not above 0, Symbol = LDOBUSD
Count is not above 0, Symbol = LDOBUSD
Symbol does not contain XRP, Symbol =  LDOUSDT
Symbol does not contain XRP, Symbol =  LDOBTC
Symbol does not contain XRP, Symbol =  ENSTRY
Symbol does not contain XRP, Symbol =  DAREUR
FirstId is not above 0, Symbol = DAREUR
Count is not above 0, Symbol = DAREUR
Symbol does not contain XRP, Symbol =  DARETH
FirstId is not above 0, Symbol = DARETH
Count is not above 0, Symbol = DARETH
Symbol does not contain XRP, Symbol =  ALGOETH
FirstId is not above 0, Symbol = ALGOETH
Count is not above 0, Symbol = ALGOETH
Symbol does not contain XRP, Symbol =  ALGOTRY
Symbol does not contain XRP, Symbol =  GALETH
FirstId is not above 0, Symbol = GALETH
Count is not above 0, Symbol = GALETH
Symbol does not contain XRP, Symbol =  EPXUSDT
Symbol does not contain XRP, Symbol =  EPXBUSD
FirstId is not above 0, Symbol = EPXBUSD
Count is not above 0, Symbol = EPXBUSD
Symbol does not contain XRP, Symbol =  RUNETRY
FirstId is not above 0, Symbol = RUNETRY
Count is not above 0, Symbol = RUNETRY
Symbol does not contain XRP, Symbol =  GALBRL
FirstId is not above 0, Symbol = GALBRL
Count is not above 0, Symbol = GALBRL
Symbol does not contain XRP, Symbol =  STEEMBUSD
FirstId is not above 0, Symbol = STEEMBUSD
Count is not above 0, Symbol = STEEMBUSD
Symbol does not contain XRP, Symbol =  CVCBUSD
FirstId is not above 0, Symbol = CVCBUSD
Count is not above 0, Symbol = CVCBUSD
Symbol does not contain XRP, Symbol =  REIBUSD
FirstId is not above 0, Symbol = REIBUSD
Count is not above 0, Symbol = REIBUSD
Symbol does not contain XRP, Symbol =  DREPBUSD
FirstId is not above 0, Symbol = DREPBUSD
Count is not above 0, Symbol = DREPBUSD
Symbol does not contain XRP, Symbol =  AKROBUSD
FirstId is not above 0, Symbol = AKROBUSD
Count is not above 0, Symbol = AKROBUSD
Symbol does not contain XRP, Symbol =  PUNDIXBUSD
FirstId is not above 0, Symbol = PUNDIXBUSD
Count is not above 0, Symbol = PUNDIXBUSD
Symbol does not contain XRP, Symbol =  LUNCBUSD
FirstId is not above 0, Symbol = LUNCBUSD
Count is not above 0, Symbol = LUNCBUSD
Symbol does not contain XRP, Symbol =  USTCBUSD
FirstId is not above 0, Symbol = USTCBUSD
Count is not above 0, Symbol = USTCBUSD
Symbol does not contain XRP, Symbol =  OPBTC
Symbol does not contain XRP, Symbol =  OPBUSD
FirstId is not above 0, Symbol = OPBUSD
Count is not above 0, Symbol = OPBUSD
Symbol does not contain XRP, Symbol =  OPUSDT
Symbol does not contain XRP, Symbol =  OGBUSD
FirstId is not above 0, Symbol = OGBUSD
Count is not above 0, Symbol = OGBUSD
Symbol does not contain XRP, Symbol =  KEYBUSD
FirstId is not above 0, Symbol = KEYBUSD
Count is not above 0, Symbol = KEYBUSD
Symbol does not contain XRP, Symbol =  ASRBUSD
FirstId is not above 0, Symbol = ASRBUSD
Count is not above 0, Symbol = ASRBUSD
Symbol does not contain XRP, Symbol =  FIROBUSD
FirstId is not above 0, Symbol = FIROBUSD
Count is not above 0, Symbol = FIROBUSD
Symbol does not contain XRP, Symbol =  NKNBUSD
FirstId is not above 0, Symbol = NKNBUSD
Count is not above 0, Symbol = NKNBUSD
Symbol does not contain XRP, Symbol =  OPBNB
Symbol does not contain XRP, Symbol =  OPEUR
Symbol does not contain XRP, Symbol =  GTOBUSD
FirstId is not above 0, Symbol = GTOBUSD
Count is not above 0, Symbol = GTOBUSD
Symbol does not contain XRP, Symbol =  SNXETH
FirstId is not above 0, Symbol = SNXETH
Count is not above 0, Symbol = SNXETH
Symbol does not contain XRP, Symbol =  WBTCBUSD
FirstId is not above 0, Symbol = WBTCBUSD
Count is not above 0, Symbol = WBTCBUSD
Symbol does not contain XRP, Symbol =  BELETH
FirstId is not above 0, Symbol = BELETH
Count is not above 0, Symbol = BELETH
Symbol does not contain XRP, Symbol =  LITETH
FirstId is not above 0, Symbol = LITETH
Count is not above 0, Symbol = LITETH
Symbol does not contain XRP, Symbol =  LEVERUSDT
Symbol does not contain XRP, Symbol =  LEVERBUSD
FirstId is not above 0, Symbol = LEVERBUSD
Count is not above 0, Symbol = LEVERBUSD
Symbol does not contain XRP, Symbol =  BURGERETH
FirstId is not above 0, Symbol = BURGERETH
Count is not above 0, Symbol = BURGERETH
Symbol does not contain XRP, Symbol =  PEOPLEETH
FirstId is not above 0, Symbol = PEOPLEETH
Count is not above 0, Symbol = PEOPLEETH
Symbol does not contain XRP, Symbol =  UNFIETH
FirstId is not above 0, Symbol = UNFIETH
Count is not above 0, Symbol = UNFIETH
Symbol does not contain XRP, Symbol =  BONDETH
FirstId is not above 0, Symbol = BONDETH
Count is not above 0, Symbol = BONDETH
Symbol does not contain XRP, Symbol =  STORJTRY
Symbol does not contain XRP, Symbol =  OPETH
Symbol does not contain XRP, Symbol =  ETCTRY
Symbol does not contain XRP, Symbol =  WINGETH
FirstId is not above 0, Symbol = WINGETH
Count is not above 0, Symbol = WINGETH
Symbol does not contain XRP, Symbol =  FILETH
Symbol does not contain XRP, Symbol =  GLMBUSD
FirstId is not above 0, Symbol = GLMBUSD
Count is not above 0, Symbol = GLMBUSD
Symbol does not contain XRP, Symbol =  SSVBUSD
FirstId is not above 0, Symbol = SSVBUSD
Count is not above 0, Symbol = SSVBUSD
Symbol does not contain XRP, Symbol =  STGBTC
Symbol does not contain XRP, Symbol =  STGBUSD
FirstId is not above 0, Symbol = STGBUSD
Count is not above 0, Symbol = STGBUSD
Symbol does not contain XRP, Symbol =  STGUSDT
Symbol does not contain XRP, Symbol =  ANKRTRY
Symbol does not contain XRP, Symbol =  ARKBUSD
FirstId is not above 0, Symbol = ARKBUSD
Count is not above 0, Symbol = ARKBUSD
Symbol does not contain XRP, Symbol =  BETHBUSD
FirstId is not above 0, Symbol = BETHBUSD
Count is not above 0, Symbol = BETHBUSD
Symbol does not contain XRP, Symbol =  LOOMBUSD
FirstId is not above 0, Symbol = LOOMBUSD
Count is not above 0, Symbol = LOOMBUSD
Symbol does not contain XRP, Symbol =  SNMBUSD
FirstId is not above 0, Symbol = SNMBUSD
Count is not above 0, Symbol = SNMBUSD
Symbol does not contain XRP, Symbol =  AMBBUSD
FirstId is not above 0, Symbol = AMBBUSD
Count is not above 0, Symbol = AMBBUSD
Symbol does not contain XRP, Symbol =  LUNCUSDT
Symbol does not contain XRP, Symbol =  PHBBUSD
FirstId is not above 0, Symbol = PHBBUSD
Count is not above 0, Symbol = PHBBUSD
Symbol does not contain XRP, Symbol =  GASBUSD
FirstId is not above 0, Symbol = GASBUSD
Count is not above 0, Symbol = GASBUSD
Symbol does not contain XRP, Symbol =  NEBLBUSD
FirstId is not above 0, Symbol = NEBLBUSD
Count is not above 0, Symbol = NEBLBUSD
Symbol does not contain XRP, Symbol =  PROSBUSD
FirstId is not above 0, Symbol = PROSBUSD
Count is not above 0, Symbol = PROSBUSD
Symbol does not contain XRP, Symbol =  VIBBUSD
FirstId is not above 0, Symbol = VIBBUSD
Count is not above 0, Symbol = VIBBUSD
Symbol does not contain XRP, Symbol =  GMXBTC
Symbol does not contain XRP, Symbol =  GMXBUSD
FirstId is not above 0, Symbol = GMXBUSD
Count is not above 0, Symbol = GMXBUSD
Symbol does not contain XRP, Symbol =  GMXUSDT
Symbol does not contain XRP, Symbol =  AGIXBUSD
FirstId is not above 0, Symbol = AGIXBUSD
Count is not above 0, Symbol = AGIXBUSD
Symbol does not contain XRP, Symbol =  NEBLUSDT
FirstId is not above 0, Symbol = NEBLUSDT
Count is not above 0, Symbol = NEBLUSDT
Symbol does not contain XRP, Symbol =  SNTBUSD
FirstId is not above 0, Symbol = SNTBUSD
Count is not above 0, Symbol = SNTBUSD
Symbol does not contain XRP, Symbol =  POLYXBTC
Symbol does not contain XRP, Symbol =  POLYXBUSD
FirstId is not above 0, Symbol = POLYXBUSD
Count is not above 0, Symbol = POLYXBUSD
Symbol does not contain XRP, Symbol =  POLYXUSDT
Symbol does not contain XRP, Symbol =  APTBTC
Symbol does not contain XRP, Symbol =  APTUSDT
Symbol does not contain XRP, Symbol =  APTBUSD
FirstId is not above 0, Symbol = APTBUSD
Count is not above 0, Symbol = APTBUSD
Symbol does not contain XRP, Symbol =  BTCPLN
Symbol does not contain XRP, Symbol =  ETHPLN
Symbol does not contain XRP, Symbol =  BUSDPLN
FirstId is not above 0, Symbol = BUSDPLN
Count is not above 0, Symbol = BUSDPLN
Symbol does not contain XRP, Symbol =  APTEUR
Symbol does not contain XRP, Symbol =  APTTRY
Symbol does not contain XRP, Symbol =  APTBRL
FirstId is not above 0, Symbol = APTBRL
Count is not above 0, Symbol = APTBRL
Symbol does not contain XRP, Symbol =  QKCBUSD
FirstId is not above 0, Symbol = QKCBUSD
Count is not above 0, Symbol = QKCBUSD
Symbol does not contain XRP, Symbol =  OSMOBTC
FirstId is not above 0, Symbol = OSMOBTC
Count is not above 0, Symbol = OSMOBTC
Symbol does not contain XRP, Symbol =  OSMOUSDT
Symbol does not contain XRP, Symbol =  OSMOBUSD
FirstId is not above 0, Symbol = OSMOBUSD
Count is not above 0, Symbol = OSMOBUSD
Symbol does not contain XRP, Symbol =  HFTBTC
Symbol does not contain XRP, Symbol =  HFTBUSD
FirstId is not above 0, Symbol = HFTBUSD
Count is not above 0, Symbol = HFTBUSD
Symbol does not contain XRP, Symbol =  HFTUSDT
Symbol does not contain XRP, Symbol =  ARPAETH
FirstId is not above 0, Symbol = ARPAETH
Count is not above 0, Symbol = ARPAETH
Symbol does not contain XRP, Symbol =  PHBUSDT
Symbol does not contain XRP, Symbol =  VITEBUSD
FirstId is not above 0, Symbol = VITEBUSD
Count is not above 0, Symbol = VITEBUSD
Symbol does not contain XRP, Symbol =  HOOKBTC
Symbol does not contain XRP, Symbol =  HOOKUSDT
Symbol does not contain XRP, Symbol =  HOOKBUSD
FirstId is not above 0, Symbol = HOOKBUSD
Count is not above 0, Symbol = HOOKBUSD
Symbol does not contain XRP, Symbol =  HOOKBNB
FirstId is not above 0, Symbol = HOOKBNB
Count is not above 0, Symbol = HOOKBNB
Symbol does not contain XRP, Symbol =  MAGICBTC
Symbol does not contain XRP, Symbol =  MAGICBUSD
FirstId is not above 0, Symbol = MAGICBUSD
Count is not above 0, Symbol = MAGICBUSD
Symbol does not contain XRP, Symbol =  MAGICUSDT
Symbol does not contain XRP, Symbol =  BUSDRON
FirstId is not above 0, Symbol = BUSDRON
Count is not above 0, Symbol = BUSDRON
Symbol does not contain XRP, Symbol =  HIFIETH
FirstId is not above 0, Symbol = HIFIETH
Count is not above 0, Symbol = HIFIETH
Symbol does not contain XRP, Symbol =  HIFIUSDT
Symbol does not contain XRP, Symbol =  RPLBTC
FirstId is not above 0, Symbol = RPLBTC
Count is not above 0, Symbol = RPLBTC
Symbol does not contain XRP, Symbol =  RPLBUSD
FirstId is not above 0, Symbol = RPLBUSD
Count is not above 0, Symbol = RPLBUSD
Symbol does not contain XRP, Symbol =  RPLUSDT
Symbol does not contain XRP, Symbol =  PROSUSDT
Symbol does not contain XRP, Symbol =  FETTRY
Symbol does not contain XRP, Symbol =  GFTBUSD
FirstId is not above 0, Symbol = GFTBUSD
Count is not above 0, Symbol = GFTBUSD
Symbol does not contain XRP, Symbol =  AGIXUSDT
FirstId is not above 0, Symbol = AGIXUSDT
Count is not above 0, Symbol = AGIXUSDT
Symbol does not contain XRP, Symbol =  APTETH
Symbol does not contain XRP, Symbol =  BTCRON
Symbol does not contain XRP, Symbol =  GNSUSDT
Symbol does not contain XRP, Symbol =  GNSBTC
FirstId is not above 0, Symbol = GNSBTC
Count is not above 0, Symbol = GNSBTC
Symbol does not contain XRP, Symbol =  SYNBTC
FirstId is not above 0, Symbol = SYNBTC
Count is not above 0, Symbol = SYNBTC
Symbol does not contain XRP, Symbol =  SYNUSDT
Symbol does not contain XRP, Symbol =  VIBUSDT
Symbol does not contain XRP, Symbol =  SSVUSDT
Symbol does not contain XRP, Symbol =  LQTYUSDT
Symbol does not contain XRP, Symbol =  LQTYBTC
Symbol does not contain XRP, Symbol =  AMBUSDT
Symbol does not contain XRP, Symbol =  BETHUSDT
FirstId is not above 0, Symbol = BETHUSDT
Count is not above 0, Symbol = BETHUSDT
Symbol does not contain XRP, Symbol =  CFXTRY
Symbol does not contain XRP, Symbol =  STXTRY
Symbol does not contain XRP, Symbol =  USTCUSDT
Symbol does not contain XRP, Symbol =  GASUSDT
Symbol does not contain XRP, Symbol =  GLMUSDT
Symbol does not contain XRP, Symbol =  PROMUSDT
Symbol does not contain XRP, Symbol =  QKCUSDT
Symbol does not contain XRP, Symbol =  UFTUSDT
Symbol does not contain XRP, Symbol =  IDBTC
Symbol does not contain XRP, Symbol =  IDBNB
FirstId is not above 0, Symbol = IDBNB
Count is not above 0, Symbol = IDBNB
Symbol does not contain XRP, Symbol =  IDUSDT
Symbol does not contain XRP, Symbol =  ARBBTC
Symbol does not contain XRP, Symbol =  ARBUSDT
Symbol does not contain XRP, Symbol =  AGIXTRY
FirstId is not above 0, Symbol = AGIXTRY
Count is not above 0, Symbol = AGIXTRY
Symbol does not contain XRP, Symbol =  LOOMUSDT
Symbol does not contain XRP, Symbol =  OAXUSDT
Symbol does not contain XRP, Symbol =  ARBTUSD
Symbol does not contain XRP, Symbol =  ARBTRY
Symbol does not contain XRP, Symbol =  ARBEUR
Symbol does not contain XRP, Symbol =  IDTUSD
FirstId is not above 0, Symbol = IDTUSD
Count is not above 0, Symbol = IDTUSD
Symbol does not contain XRP, Symbol =  IDTRY
Symbol does not contain XRP, Symbol =  IDEUR
FirstId is not above 0, Symbol = IDEUR
Count is not above 0, Symbol = IDEUR
Symbol does not contain XRP, Symbol =  LDOTUSD
FirstId is not above 0, Symbol = LDOTUSD
Count is not above 0, Symbol = LDOTUSD
Symbol does not contain XRP, Symbol =  MATICTUSD
FirstId is not above 0, Symbol = MATICTUSD
Count is not above 0, Symbol = MATICTUSD
Symbol does not contain XRP, Symbol =  OPTUSD
FirstId is not above 0, Symbol = OPTUSD
Count is not above 0, Symbol = OPTUSD
Symbol does not contain XRP, Symbol =  SOLTUSD
Symbol does not contain XRP, Symbol =  SSVTUSD
FirstId is not above 0, Symbol = SSVTUSD
Count is not above 0, Symbol = SSVTUSD
Symbol does not contain XRP, Symbol =  RDNTBTC
Symbol does not contain XRP, Symbol =  RDNTUSDT
Symbol does not contain XRP, Symbol =  RDNTTUSD
FirstId is not above 0, Symbol = RDNTTUSD
Count is not above 0, Symbol = RDNTTUSD
Symbol does not contain XRP, Symbol =  ARBRUB
FirstId is not above 0, Symbol = ARBRUB
Count is not above 0, Symbol = ARBRUB
Symbol does not contain XRP, Symbol =  JOETRY
Symbol does not contain XRP, Symbol =  MAGICTRY
Symbol does not contain XRP, Symbol =  USDTPLN
Symbol does not contain XRP, Symbol =  ACHTRY
Symbol does not contain XRP, Symbol =  XVSTRY
Symbol does not contain XRP, Symbol =  EGLDRON
Symbol does not contain XRP, Symbol =  USDTRON
Symbol does not contain XRP, Symbol =  USDTARS
Symbol does not contain XRP, Symbol =  DOGETUSD
Symbol does not contain XRP, Symbol =  WBTCUSDT
Symbol does not contain XRP, Symbol =  EDUUSDT
Symbol does not contain XRP, Symbol =  EDUTUSD
FirstId is not above 0, Symbol = EDUTUSD
Count is not above 0, Symbol = EDUTUSD
Symbol does not contain XRP, Symbol =  EDUBNB
FirstId is not above 0, Symbol = EDUBNB
Count is not above 0, Symbol = EDUBNB
Symbol does not contain XRP, Symbol =  EDUBTC
Symbol does not contain XRP, Symbol =  EDUEUR
FirstId is not above 0, Symbol = EDUEUR
Count is not above 0, Symbol = EDUEUR
Symbol does not contain XRP, Symbol =  EDUTRY
Symbol does not contain XRP, Symbol =  SUIUSDT
Symbol does not contain XRP, Symbol =  SUITUSD
Symbol does not contain XRP, Symbol =  SUIBTC
Symbol does not contain XRP, Symbol =  SUIBNB
Symbol does not contain XRP, Symbol =  SUIEUR
Symbol does not contain XRP, Symbol =  SUITRY
Symbol does not contain XRP, Symbol =  AERGOUSDT
Symbol does not contain XRP, Symbol =  RNDRTRY
FirstId is not above 0, Symbol = RNDRTRY
Count is not above 0, Symbol = RNDRTRY
Symbol does not contain XRP, Symbol =  PEPEUSDT
Symbol does not contain XRP, Symbol =  PEPETUSD
Symbol does not contain XRP, Symbol =  FLOKIUSDT
Symbol does not contain XRP, Symbol =  FLOKITUSD
FirstId is not above 0, Symbol = FLOKITUSD
Count is not above 0, Symbol = FLOKITUSD
Symbol does not contain XRP, Symbol =  OGTRY
Symbol does not contain XRP, Symbol =  PEPETRY
Symbol does not contain XRP, Symbol =  WBETHETH
Symbol does not contain XRP, Symbol =  ASTUSDT
Symbol does not contain XRP, Symbol =  SNTUSDT
Symbol does not contain XRP, Symbol =  FLOKITRY
Symbol does not contain XRP, Symbol =  CITYTRY
Symbol does not contain XRP, Symbol =  COMBOUSDT
Symbol does not contain XRP, Symbol =  COMBOBNB
FirstId is not above 0, Symbol = COMBOBNB
Count is not above 0, Symbol = COMBOBNB
Symbol does not contain XRP, Symbol =  COMBOTRY
Symbol does not contain XRP, Symbol =  LTCTRY
Symbol does not contain XRP, Symbol =  RADTRY
Symbol does not contain XRP, Symbol =  BTCARS
Symbol does not contain XRP, Symbol =  OPTRY
Symbol does not contain XRP, Symbol =  PAXGTRY
Symbol does not contain XRP, Symbol =  MAVBTC
Symbol does not contain XRP, Symbol =  MAVUSDT
Symbol does not contain XRP, Symbol =  MAVTUSD
FirstId is not above 0, Symbol = MAVTUSD
Count is not above 0, Symbol = MAVTUSD
Symbol does not contain XRP, Symbol =  CFXTUSD
FirstId is not above 0, Symbol = CFXTUSD
Count is not above 0, Symbol = CFXTUSD
Symbol does not contain XRP, Symbol =  PENDLEBTC
Symbol does not contain XRP, Symbol =  PENDLEUSDT
Symbol does not contain XRP, Symbol =  PENDLETUSD
FirstId is not above 0, Symbol = PENDLETUSD
Count is not above 0, Symbol = PENDLETUSD
Symbol does not contain XRP, Symbol =  MAVTRY
Symbol does not contain XRP, Symbol =  OCEANTRY
FirstId is not above 0, Symbol = OCEANTRY
Count is not above 0, Symbol = OCEANTRY
Symbol does not contain XRP, Symbol =  TUSDTRY
Symbol does not contain XRP, Symbol =  ARBETH
Symbol does not contain XRP, Symbol =  BCHTRY
Symbol does not contain XRP, Symbol =  XVGTRY
Symbol does not contain XRP, Symbol =  XVGTUSD
FirstId is not above 0, Symbol = XVGTUSD
Count is not above 0, Symbol = XVGTUSD
Symbol does not contain XRP, Symbol =  ARKMUSDT
Symbol does not contain XRP, Symbol =  ARKMTUSD
Symbol does not contain XRP, Symbol =  ARKMTRY
Symbol does not contain XRP, Symbol =  ARKMBNB
Symbol does not contain XRP, Symbol =  ARKMBTC
Symbol does not contain XRP, Symbol =  WBETHUSDT
Symbol does not contain XRP, Symbol =  ACATRY
Symbol does not contain XRP, Symbol =  AVAXTUSD
FirstId is not above 0, Symbol = AVAXTUSD
Count is not above 0, Symbol = AVAXTUSD
Symbol does not contain XRP, Symbol =  COMPTUSD
FirstId is not above 0, Symbol = COMPTUSD
Count is not above 0, Symbol = COMPTUSD
Symbol does not contain XRP, Symbol =  COMPTRY
Symbol does not contain XRP, Symbol =  XECTRY
Symbol does not contain XRP, Symbol =  QUICKTUSD
FirstId is not above 0, Symbol = QUICKTUSD
Count is not above 0, Symbol = QUICKTUSD
Symbol does not contain XRP, Symbol =  WLDUSDT
Symbol does not contain XRP, Symbol =  WLDBTC
Symbol does not contain XRP, Symbol =  BNBFDUSD
Symbol does not contain XRP, Symbol =  FDUSDBUSD
FirstId is not above 0, Symbol = FDUSDBUSD
Count is not above 0, Symbol = FDUSDBUSD
Symbol does not contain XRP, Symbol =  FDUSDUSDT
Symbol does not contain XRP, Symbol =  ARKMRUB
FirstId is not above 0, Symbol = ARKMRUB
Count is not above 0, Symbol = ARKMRUB
Symbol does not contain XRP, Symbol =  WLDTRY
Symbol does not contain XRP, Symbol =  WLDRUB
FirstId is not above 0, Symbol = WLDRUB
Count is not above 0, Symbol = WLDRUB
Symbol does not contain XRP, Symbol =  AMPTRY
Symbol does not contain XRP, Symbol =  OGNTRY
Symbol does not contain XRP, Symbol =  BTCFDUSD
Symbol does not contain XRP, Symbol =  ETHFDUSD
Symbol does not contain XRP, Symbol =  ASRTRY
Symbol does not contain XRP, Symbol =  ATMTRY
Symbol does not contain XRP, Symbol =  ACMTRY
Symbol does not contain XRP, Symbol =  BARTRY
Symbol does not contain XRP, Symbol =  JUVTRY
Symbol does not contain XRP, Symbol =  PSGTRY
Symbol does not contain XRP, Symbol =  SEIBNB
Symbol does not contain XRP, Symbol =  SEIBTC
Symbol does not contain XRP, Symbol =  SEIFDUSD
Symbol does not contain XRP, Symbol =  SEITRY
Symbol does not contain XRP, Symbol =  SEIUSDT
Symbol does not contain XRP, Symbol =  CYBERBNB
Symbol does not contain XRP, Symbol =  CYBERBTC
Symbol does not contain XRP, Symbol =  CYBERFDUSD
Symbol does not contain XRP, Symbol =  CYBERTRY
Symbol does not contain XRP, Symbol =  CYBERUSDT
Symbol does not contain XRP, Symbol =  CYBERTUSD
Symbol does not contain XRP, Symbol =  SEITUSD
FirstId is not above 0, Symbol = SEITUSD
Count is not above 0, Symbol = SEITUSD
Symbol does not contain XRP, Symbol =  LPTTRY
Symbol does not contain XRP, Symbol =  UNITRY
Symbol does not contain XRP, Symbol =  SOLFDUSD
Symbol does not contain XRP, Symbol =  TOMOTRY
FirstId is not above 0, Symbol = TOMOTRY
Count is not above 0, Symbol = TOMOTRY
Symbol does not contain XRP, Symbol =  UNFITRY
Conditions met: XRPFDUSD
Symbol does not contain XRP, Symbol =  DOGEFDUSD
Symbol does not contain XRP, Symbol =  CYBERETH
Symbol does not contain XRP, Symbol =  MTLTRY
Symbol does not contain XRP, Symbol =  ARKUSDT
Symbol does not contain XRP, Symbol =  CREAMUSDT
Symbol does not contain XRP, Symbol =  GFTUSDT
Symbol does not contain XRP, Symbol =  IQUSDT
Symbol does not contain XRP, Symbol =  USDTVAI
FirstId is not above 0, Symbol = USDTVAI
Count is not above 0, Symbol = USDTVAI
Symbol does not contain XRP, Symbol =  ARBFDUSD
Symbol does not contain XRP, Symbol =  FDUSDTRY
Symbol does not contain XRP, Symbol =  FRONTTRY
Symbol does not contain XRP, Symbol =  SUIFDUSD
Symbol does not contain XRP, Symbol =  NTRNBTC
Symbol does not contain XRP, Symbol =  NTRNUSDT
Symbol does not contain XRP, Symbol =  NTRNBNB
Symbol does not contain XRP, Symbol =  FILFDUSD
Symbol does not contain XRP, Symbol =  FRONTTUSD
FirstId is not above 0, Symbol = FRONTTUSD
Count is not above 0, Symbol = FRONTTUSD
Symbol does not contain XRP, Symbol =  LEVERTRY
Symbol does not contain XRP, Symbol =  LTCFDUSD
Symbol does not contain XRP, Symbol =  ADAFDUSD
Symbol does not contain XRP, Symbol =  RUNETUSD
FirstId is not above 0, Symbol = RUNETUSD
Count is not above 0, Symbol = RUNETUSD
Symbol does not contain XRP, Symbol =  TRBTRY
Symbol does not contain XRP, Symbol =  ATOMFDUSD
Symbol does not contain XRP, Symbol =  AVAXFDUSD
Symbol does not contain XRP, Symbol =  BANDTRY
Symbol does not contain XRP, Symbol =  BCHFDUSD
Symbol does not contain XRP, Symbol =  LOOMTRY
Symbol does not contain XRP, Symbol =  MATICFDUSD
Symbol does not contain XRP, Symbol =  ALGOFDUSD
Symbol does not contain XRP, Symbol =  DOTFDUSD
Symbol does not contain XRP, Symbol =  FTMFDUSD
Symbol does not contain XRP, Symbol =  LINKFDUSD
Symbol does not contain XRP, Symbol =  NEARFDUSD
Symbol does not contain XRP, Symbol =  STRAXTRY
Symbol does not contain XRP, Symbol =  TIABTC
Symbol does not contain XRP, Symbol =  TIAUSDT
Symbol does not contain XRP, Symbol =  TIATRY
Symbol does not contain XRP, Symbol =  MEMEBNB
FirstId is not above 0, Symbol = MEMEBNB
Count is not above 0, Symbol = MEMEBNB
Symbol does not contain XRP, Symbol =  MEMEUSDT
Symbol does not contain XRP, Symbol =  MEMEFDUSD
Symbol does not contain XRP, Symbol =  MEMETUSD
FirstId is not above 0, Symbol = MEMETUSD
Count is not above 0, Symbol = MEMETUSD
Symbol does not contain XRP, Symbol =  MEMETRY
Symbol does not contain XRP, Symbol =  ORDIBTC
Symbol does not contain XRP, Symbol =  ORDIUSDT
Symbol does not contain XRP, Symbol =  ORDITRY
Symbol does not contain XRP, Symbol =  EGLDFDUSD
Symbol does not contain XRP, Symbol =  FETFDUSD
Symbol does not contain XRP, Symbol =  GASFDUSD
FirstId is not above 0, Symbol = GASFDUSD
Count is not above 0, Symbol = GASFDUSD
Symbol does not contain XRP, Symbol =  INJETH
Symbol does not contain XRP, Symbol =  INJTUSD
FirstId is not above 0, Symbol = INJTUSD
Count is not above 0, Symbol = INJTUSD
Symbol does not contain XRP, Symbol =  OPFDUSD
Symbol does not contain XRP, Symbol =  ORDIFDUSD
Symbol does not contain XRP, Symbol =  ORDITUSD
FirstId is not above 0, Symbol = ORDITUSD
Count is not above 0, Symbol = ORDITUSD
Symbol does not contain XRP, Symbol =  RNDRFDUSD
FirstId is not above 0, Symbol = RNDRFDUSD
Count is not above 0, Symbol = RNDRFDUSD
Symbol does not contain XRP, Symbol =  SHIBTUSD
FirstId is not above 0, Symbol = SHIBTUSD
Count is not above 0, Symbol = SHIBTUSD
Symbol does not contain XRP, Symbol =  BEAMXUSDT
Symbol does not contain XRP, Symbol =  ARKTRY
Symbol does not contain XRP, Symbol =  BEAMXTRY
Symbol does not contain XRP, Symbol =  CAKETRY
Symbol does not contain XRP, Symbol =  CAKETUSD
FirstId is not above 0, Symbol = CAKETUSD
Count is not above 0, Symbol = CAKETUSD
Symbol does not contain XRP, Symbol =  DYDXFDUSD
Symbol does not contain XRP, Symbol =  PIVXUSDT
Symbol does not contain XRP, Symbol =  RUNEFDUSD
Symbol does not contain XRP, Symbol =  TIATUSD
FirstId is not above 0, Symbol = TIATUSD
Count is not above 0, Symbol = TIATUSD
Symbol does not contain XRP, Symbol =  DOTTUSD
FirstId is not above 0, Symbol = DOTTUSD
Count is not above 0, Symbol = DOTTUSD
Symbol does not contain XRP, Symbol =  GALAFDUSD
Symbol does not contain XRP, Symbol =  WLDFDUSD
Symbol does not contain XRP, Symbol =  GASTRY
Symbol does not contain XRP, Symbol =  NTRNTRY
Symbol does not contain XRP, Symbol =  VICBTC
Symbol does not contain XRP, Symbol =  VICUSDT
Symbol does not contain XRP, Symbol =  VICTRY
Symbol does not contain XRP, Symbol =  BLURBTC
Symbol does not contain XRP, Symbol =  BLURUSDT
Symbol does not contain XRP, Symbol =  BLURTRY
Symbol does not contain XRP, Symbol =  BLURFDUSD
FirstId is not above 0, Symbol = BLURFDUSD
Count is not above 0, Symbol = BLURFDUSD
Symbol does not contain XRP, Symbol =  SUPERFDUSD
Symbol does not contain XRP, Symbol =  USTCFDUSD
Symbol does not contain XRP, Symbol =  USTCTRY
Symbol does not contain XRP, Symbol =  DYDXTRY
Symbol does not contain XRP, Symbol =  VANRYUSDT
Symbol does not contain XRP, Symbol =  VANRYBTC
Symbol does not contain XRP, Symbol =  BTCAEUR
FirstId is not above 0, Symbol = BTCAEUR
Count is not above 0, Symbol = BTCAEUR
Symbol does not contain XRP, Symbol =  AEURUSDT
Symbol does not contain XRP, Symbol =  ETHAEUR
FirstId is not above 0, Symbol = ETHAEUR
Count is not above 0, Symbol = ETHAEUR
Symbol does not contain XRP, Symbol =  EURAEUR
Symbol does not contain XRP, Symbol =  AUCTIONFDUSD
Symbol does not contain XRP, Symbol =  IOTAFDUSD
Symbol does not contain XRP, Symbol =  LUNCTRY
Symbol does not contain XRP, Symbol =  SUPERTRY
Symbol does not contain XRP, Symbol =  JTOUSDT
Symbol does not contain XRP, Symbol =  JTOFDUSD
Symbol does not contain XRP, Symbol =  JTOTRY
Symbol does not contain XRP, Symbol =  1000SATSUSDT
Symbol does not contain XRP, Symbol =  1000SATSFDUSD
Symbol does not contain XRP, Symbol =  1000SATSTRY
Symbol does not contain XRP, Symbol =  SHIBFDUSD
Symbol does not contain XRP, Symbol =  SANDFDUSD
Symbol does not contain XRP, Symbol =  MEMEETH
FirstId is not above 0, Symbol = MEMEETH
Count is not above 0, Symbol = MEMEETH
Symbol does not contain XRP, Symbol =  IOTATRY
Symbol does not contain XRP, Symbol =  INJFDUSD
Symbol does not contain XRP, Symbol =  FIDATRY
Symbol does not contain XRP, Symbol =  BONKUSDT
Symbol does not contain XRP, Symbol =  BONKFDUSD
Symbol does not contain XRP, Symbol =  BONKTRY
Symbol does not contain XRP, Symbol =  ACEFDUSD
Symbol does not contain XRP, Symbol =  ACEUSDT
Symbol does not contain XRP, Symbol =  ACEBNB
FirstId is not above 0, Symbol = ACEBNB
Count is not above 0, Symbol = ACEBNB
Symbol does not contain XRP, Symbol =  ACEBTC
Symbol does not contain XRP, Symbol =  ACETRY
Symbol does not contain XRP, Symbol =  BLZFDUSD
FirstId is not above 0, Symbol = BLZFDUSD
Count is not above 0, Symbol = BLZFDUSD
Symbol does not contain XRP, Symbol =  RARETRY
Symbol does not contain XRP, Symbol =  VANRYTRY
Symbol does not contain XRP, Symbol =  NFPBTC
Symbol does not contain XRP, Symbol =  NFPUSDT
Symbol does not contain XRP, Symbol =  NFPBNB
FirstId is not above 0, Symbol = NFPBNB
Count is not above 0, Symbol = NFPBNB
Symbol does not contain XRP, Symbol =  NFPFDUSD
Symbol does not contain XRP, Symbol =  NFPTUSD
FirstId is not above 0, Symbol = NFPTUSD
Count is not above 0, Symbol = NFPTUSD
Symbol does not contain XRP, Symbol =  NFPTRY
Symbol does not contain XRP, Symbol =  ARBUSDC
Symbol does not contain XRP, Symbol =  AVAXUSDC
Symbol does not contain XRP, Symbol =  DOTUSDC
Symbol does not contain XRP, Symbol =  INJUSDC
Symbol does not contain XRP, Symbol =  MATICUSDC
Symbol does not contain XRP, Symbol =  OPUSDC
Symbol does not contain XRP, Symbol =  ORDIUSDC
Symbol does not contain XRP, Symbol =  AIBTC
Symbol does not contain XRP, Symbol =  AIUSDT
Symbol does not contain XRP, Symbol =  AIBNB
Symbol does not contain XRP, Symbol =  AIFDUSD
Symbol does not contain XRP, Symbol =  AITUSD
FirstId is not above 0, Symbol = AITUSD
Count is not above 0, Symbol = AITUSD
Symbol does not contain XRP, Symbol =  AITRY
Symbol does not contain XRP, Symbol =  ICPFDUSD
Symbol does not contain XRP, Symbol =  LDOFDUSD
Symbol does not contain XRP, Symbol =  MOVRTRY
Symbol does not contain XRP, Symbol =  XAIBTC
Symbol does not contain XRP, Symbol =  XAIUSDT
Symbol does not contain XRP, Symbol =  XAIBNB
FirstId is not above 0, Symbol = XAIBNB
Count is not above 0, Symbol = XAIBNB
Symbol does not contain XRP, Symbol =  XAIFDUSD
Symbol does not contain XRP, Symbol =  XAITUSD
FirstId is not above 0, Symbol = XAITUSD
Count is not above 0, Symbol = XAITUSD
Symbol does not contain XRP, Symbol =  XAITRY
Symbol does not contain XRP, Symbol =  SKLTRY
Symbol does not contain XRP, Symbol =  STXFDUSD
Symbol does not contain XRP, Symbol =  TIAFDUSD
Symbol does not contain XRP, Symbol =  MANTABTC
Symbol does not contain XRP, Symbol =  MANTAUSDT
Symbol does not contain XRP, Symbol =  MANTABNB
FirstId is not above 0, Symbol = MANTABNB
Count is not above 0, Symbol = MANTABNB
Symbol does not contain XRP, Symbol =  MANTAFDUSD
Symbol does not contain XRP, Symbol =  MANTATRY
Symbol does not contain XRP, Symbol =  ENSFDUSD
Symbol does not contain XRP, Symbol =  ETCFDUSD
Symbol does not contain XRP, Symbol =  SUIUSDC
Symbol does not contain XRP, Symbol =  TIAUSDC
Symbol does not contain XRP, Symbol =  CHZFDUSD
Symbol does not contain XRP, Symbol =  MANTAUSDC
Symbol does not contain XRP, Symbol =  ALTBTC
Symbol does not contain XRP, Symbol =  ALTUSDT
Symbol does not contain XRP, Symbol =  ALTBNB
Symbol does not contain XRP, Symbol =  ALTFDUSD
Symbol does not contain XRP, Symbol =  ALTTRY
Symbol does not contain XRP, Symbol =  APTFDUSD
Symbol does not contain XRP, Symbol =  BLURUSDC
Symbol does not contain XRP, Symbol =  JUPUSDT
Symbol does not contain XRP, Symbol =  JUPFDUSD
Symbol does not contain XRP, Symbol =  JUPTRY
Symbol does not contain XRP, Symbol =  ALTUSDC
Symbol does not contain XRP, Symbol =  MAGICFDUSD
FirstId is not above 0, Symbol = MAGICFDUSD
Count is not above 0, Symbol = MAGICFDUSD
Symbol does not contain XRP, Symbol =  SEIUSDC
Symbol does not contain XRP, Symbol =  PYTHBTC
Symbol does not contain XRP, Symbol =  PYTHUSDT
Symbol does not contain XRP, Symbol =  PYTHFDUSD
Symbol does not contain XRP, Symbol =  PYTHTRY
Symbol does not contain XRP, Symbol =  RONINBTC
Symbol does not contain XRP, Symbol =  RONINUSDT
Symbol does not contain XRP, Symbol =  RONINFDUSD
Symbol does not contain XRP, Symbol =  RONINTRY
Symbol does not contain XRP, Symbol =  DYMBTC
Symbol does not contain XRP, Symbol =  DYMUSDT
Symbol does not contain XRP, Symbol =  DYMFDUSD
FirstId is not above 0, Symbol = DYMFDUSD
Count is not above 0, Symbol = DYMFDUSD
Symbol does not contain XRP, Symbol =  DYMTRY
Symbol does not contain XRP, Symbol =  JUPUSDC
Symbol does not contain XRP, Symbol =  PENDLEFDUSD
Symbol does not contain XRP, Symbol =  PIXELBTC
Symbol does not contain XRP, Symbol =  PIXELBNB
Symbol does not contain XRP, Symbol =  PIXELUSDT
Symbol does not contain XRP, Symbol =  PIXELFDUSD
Symbol does not contain XRP, Symbol =  PIXELTRY
Symbol does not contain XRP, Symbol =  STRKBTC
Symbol does not contain XRP, Symbol =  STRKUSDT
Symbol does not contain XRP, Symbol =  STRKFDUSD
Symbol does not contain XRP, Symbol =  STRKTRY
Symbol does not contain XRP, Symbol =  FILUSDC
Symbol does not contain XRP, Symbol =  HBARTRY
Symbol does not contain XRP, Symbol =  PENDLETRY
Symbol does not contain XRP, Symbol =  WLDUSDC
Symbol does not contain XRP, Symbol =  CKBTRY
Symbol does not contain XRP, Symbol =  COTITRY
Symbol does not contain XRP, Symbol =  LDOTRY
Symbol does not contain XRP, Symbol =  UNIUSDC
Symbol does not contain XRP, Symbol =  PORTALBTC
Symbol does not contain XRP, Symbol =  PORTALUSDT
Symbol does not contain XRP, Symbol =  PORTALBNB
Symbol does not contain XRP, Symbol =  PORTALFDUSD
Symbol does not contain XRP, Symbol =  PORTALTRY
Symbol does not contain XRP, Symbol =  PDABTC
Symbol does not contain XRP, Symbol =  PDAUSDT
Symbol does not contain XRP, Symbol =  AXLBTC
Symbol does not contain XRP, Symbol =  AXLUSDT
Symbol does not contain XRP, Symbol =  AXLFDUSD
Symbol does not contain XRP, Symbol =  AXLTRY
Symbol does not contain XRP, Symbol =  PEPEFDUSD
Symbol does not contain XRP, Symbol =  PIXELUSDC
Symbol does not contain XRP, Symbol =  STRKUSDC
Symbol does not contain XRP, Symbol =  UNIFDUSD
Symbol does not contain XRP, Symbol =  OMTRY
Symbol does not contain XRP, Symbol =  THETATRY
Symbol does not contain XRP, Symbol =  WIFBTC
Symbol does not contain XRP, Symbol =  WIFUSDT
Symbol does not contain XRP, Symbol =  WIFFDUSD
Symbol does not contain XRP, Symbol =  WIFTRY
Symbol does not contain XRP, Symbol =  AGIXFDUSD
FirstId is not above 0, Symbol = AGIXFDUSD
Count is not above 0, Symbol = AGIXFDUSD
Symbol does not contain XRP, Symbol =  PEPEUSDC
Symbol does not contain XRP, Symbol =  SHIBUSDC
Symbol does not contain XRP, Symbol =  THETAFDUSD
Symbol does not contain XRP, Symbol =  ARTRY
Symbol does not contain XRP, Symbol =  METISBTC
Symbol does not contain XRP, Symbol =  METISUSDT
Symbol does not contain XRP, Symbol =  METISFDUSD
FirstId is not above 0, Symbol = METISFDUSD
Count is not above 0, Symbol = METISFDUSD
Symbol does not contain XRP, Symbol =  METISTRY
Symbol does not contain XRP, Symbol =  BNBJPY
Symbol does not contain XRP, Symbol =  BTCJPY
Symbol does not contain XRP, Symbol =  ETHJPY
Symbol does not contain XRP, Symbol =  FLOKIFDUSD
Symbol does not contain XRP, Symbol =  GRTFDUSD
Symbol does not contain XRP, Symbol =  NEARUSDC
Symbol does not contain XRP, Symbol =  SNXTRY
Symbol does not contain XRP, Symbol =  AEVOBTC
Symbol does not contain XRP, Symbol =  AEVOUSDT
Symbol does not contain XRP, Symbol =  AEVOBNB
FirstId is not above 0, Symbol = AEVOBNB
Count is not above 0, Symbol = AEVOBNB
Symbol does not contain XRP, Symbol =  AEVOFDUSD
Symbol does not contain XRP, Symbol =  AEVOTRY
Symbol does not contain XRP, Symbol =  FETUSDC
Symbol does not contain XRP, Symbol =  IMXTRY
FirstId is not above 0, Symbol = IMXTRY
Count is not above 0, Symbol = IMXTRY
Symbol does not contain XRP, Symbol =  EURUSDC
Symbol does not contain XRP, Symbol =  BOMETRY
Symbol does not contain XRP, Symbol =  BOMEBTC
Symbol does not contain XRP, Symbol =  BOMEUSDT
Symbol does not contain XRP, Symbol =  BOMEFDUSD
Symbol does not contain XRP, Symbol =  ETHFIBTC
Symbol does not contain XRP, Symbol =  ETHFIUSDT
Symbol does not contain XRP, Symbol =  ETHFIBNB
Symbol does not contain XRP, Symbol =  ETHFIFDUSD
Symbol does not contain XRP, Symbol =  ETHFITRY
Symbol does not contain XRP, Symbol =  AAVETRY
Symbol does not contain XRP, Symbol =  ARKMFDUSD
Symbol does not contain XRP, Symbol =  CRVTRY
Symbol does not contain XRP, Symbol =  FETBRL
Symbol does not contain XRP, Symbol =  RAYFDUSD
Symbol does not contain XRP, Symbol =  RNDREUR
FirstId is not above 0, Symbol = RNDREUR
Count is not above 0, Symbol = RNDREUR
Symbol does not contain XRP, Symbol =  BONKUSDC
Symbol does not contain XRP, Symbol =  FLOKIUSDC
Symbol does not contain XRP, Symbol =  MKRTRY
Symbol does not contain XRP, Symbol =  RAYTRY
Symbol does not contain XRP, Symbol =  RNDRBRL
FirstId is not above 0, Symbol = RNDRBRL
Count is not above 0, Symbol = RNDRBRL
Symbol does not contain XRP, Symbol =  ENABTC
Symbol does not contain XRP, Symbol =  ENAUSDT
Symbol does not contain XRP, Symbol =  ENABNB
Symbol does not contain XRP, Symbol =  ENAFDUSD
Symbol does not contain XRP, Symbol =  ENATRY
Symbol does not contain XRP, Symbol =  LQTYFDUSD
FirstId is not above 0, Symbol = LQTYFDUSD
Count is not above 0, Symbol = LQTYFDUSD
Symbol does not contain XRP, Symbol =  MASKTRY
Symbol does not contain XRP, Symbol =  PENDLEUSDC
Symbol does not contain XRP, Symbol =  RDNTTRY
Symbol does not contain XRP, Symbol =  WBTC
Symbol does not contain XRP, Symbol =  WUSDT
Symbol does not contain XRP, Symbol =  WFDUSD
Symbol does not contain XRP, Symbol =  WTRY
Symbol does not contain XRP, Symbol =  BOMEUSDC
Symbol does not contain XRP, Symbol =  JTOUSDC
Symbol does not contain XRP, Symbol =  WIFUSDC
Symbol does not contain XRP, Symbol =  TNSRBTC
Symbol does not contain XRP, Symbol =  TNSRUSDT
Symbol does not contain XRP, Symbol =  TNSRFDUSD
Symbol does not contain XRP, Symbol =  TNSRTRY
Symbol does not contain XRP, Symbol =  SAGABTC
Symbol does not contain XRP, Symbol =  SAGAUSDT
Symbol does not contain XRP, Symbol =  SAGABNB
Symbol does not contain XRP, Symbol =  SAGAFDUSD
Symbol does not contain XRP, Symbol =  SAGATRY
Symbol does not contain XRP, Symbol =  USDTMXN
Symbol does not contain XRP, Symbol =  CKBUSDC
Symbol does not contain XRP, Symbol =  ENAUSDC
Symbol does not contain XRP, Symbol =  ETHFIUSDC
Symbol does not contain XRP, Symbol =  YGGUSDC
Symbol does not contain XRP, Symbol =  USDTCZK
Symbol does not contain XRP, Symbol =  TAOBTC
Symbol does not contain XRP, Symbol =  TAOUSDT
Symbol does not contain XRP, Symbol =  TAOFDUSD
Symbol does not contain XRP, Symbol =  TAOTRY
Symbol does not contain XRP, Symbol =  CFXUSDC
Symbol does not contain XRP, Symbol =  RNDRUSDC
FirstId is not above 0, Symbol = RNDRUSDC
Count is not above 0, Symbol = RNDRUSDC
Symbol does not contain XRP, Symbol =  RUNEUSDC
Symbol does not contain XRP, Symbol =  SAGAUSDC
Symbol does not contain XRP, Symbol =  POLYXTRY
Symbol does not contain XRP, Symbol =  OMNIBTC
Symbol does not contain XRP, Symbol =  OMNIUSDT
Symbol does not contain XRP, Symbol =  OMNIBNB
Symbol does not contain XRP, Symbol =  OMNIFDUSD
Symbol does not contain XRP, Symbol =  OMNITRY
Symbol does not contain XRP, Symbol =  APTUSDC
Symbol does not contain XRP, Symbol =  GALAUSDC
Symbol does not contain XRP, Symbol =  OMNIBRL
Symbol does not contain XRP, Symbol =  STXUSDC
Symbol does not contain XRP, Symbol =  ICPUSDC
Symbol does not contain XRP, Symbol =  OMNIUSDC
Symbol does not contain XRP, Symbol =  PEPEBRL
Symbol does not contain XRP, Symbol =  YGGTRY
Symbol does not contain XRP, Symbol =  ADAJPY
Symbol does not contain XRP, Symbol =  SHIBJPY
Symbol does not contain XRP, Symbol =  SOLJPY
Conditions met: XRPJPY
Symbol does not contain XRP, Symbol =  REZBTC
Symbol does not contain XRP, Symbol =  REZUSDT
Symbol does not contain XRP, Symbol =  REZBNB
Symbol does not contain XRP, Symbol =  REZFDUSD
Symbol does not contain XRP, Symbol =  REZTRY
Symbol does not contain XRP, Symbol =  EGLDTRY
Symbol does not contain XRP, Symbol =  PHBTRY
Symbol does not contain XRP, Symbol =  RSRTRY
Symbol does not contain XRP, Symbol =  BBBTC
Symbol does not contain XRP, Symbol =  BBUSDT
Symbol does not contain XRP, Symbol =  BBBNB
Symbol does not contain XRP, Symbol =  BBFDUSD
Symbol does not contain XRP, Symbol =  BBTRY
Symbol does not contain XRP, Symbol =  FRONTUSDC
Symbol does not contain XRP, Symbol =  PEOPLETRY
Symbol does not contain XRP, Symbol =  TRBUSDC
Symbol does not contain XRP, Symbol =  NOTUSDT
Symbol does not contain XRP, Symbol =  NOTBNB
Symbol does not contain XRP, Symbol =  NOTFDUSD
Symbol does not contain XRP, Symbol =  NOTTRY
Symbol does not contain XRP, Symbol =  ARKMUSDC
Symbol does not contain XRP, Symbol =  ARUSDC
Symbol does not contain XRP, Symbol =  BBUSDC
Symbol does not contain XRP, Symbol =  CRVUSDC
Symbol does not contain XRP, Symbol =  PEOPLEUSDC
Symbol does not contain XRP, Symbol =  ARFDUSD
Symbol does not contain XRP, Symbol =  ENAEUR
Symbol does not contain XRP, Symbol =  PEPEEUR
Symbol does not contain XRP, Symbol =  REZUSDC
Symbol does not contain XRP, Symbol =  TRBFDUSD
Symbol does not contain XRP, Symbol =  USDCTRY
Symbol does not contain XRP, Symbol =  BTCMXN
Conditions met: XRPMXN
Symbol does not contain XRP, Symbol =  ENSUSDC
Symbol does not contain XRP, Symbol =  LDOUSDC
Symbol does not contain XRP, Symbol =  NOTUSDC
Symbol does not contain XRP, Symbol =  NEARBRL
Symbol does not contain XRP, Symbol =  HIGHTRY
Symbol does not contain XRP, Symbol =  PEOPLEFDUSD
Symbol does not contain XRP, Symbol =  TNSRUSDC
Symbol does not contain XRP, Symbol =  USDTCOP
Symbol does not contain XRP, Symbol =  IOBTC
Symbol does not contain XRP, Symbol =  IOUSDT
Symbol does not contain XRP, Symbol =  IOBNB
Symbol does not contain XRP, Symbol =  IOFDUSD
Symbol does not contain XRP, Symbol =  IOTRY
Symbol does not contain XRP, Symbol =  NOTBRL
Symbol does not contain XRP, Symbol =  TRUTRY
Symbol does not contain XRP, Symbol =  WIFEUR
Symbol does not contain XRP, Symbol =  ZKBTC
Symbol does not contain XRP, Symbol =  ZKUSDT
Symbol does not contain XRP, Symbol =  ZKFDUSD
Symbol does not contain XRP, Symbol =  ZKTRY
Symbol does not contain XRP, Symbol =  LISTAUSDT
Symbol does not contain XRP, Symbol =  LISTABNB
Symbol does not contain XRP, Symbol =  LISTAFDUSD
Symbol does not contain XRP, Symbol =  LISTATRY
Symbol does not contain XRP, Symbol =  ZROBTC
Symbol does not contain XRP, Symbol =  ZROUSDT
Symbol does not contain XRP, Symbol =  ZROFDUSD
Symbol does not contain XRP, Symbol =  ZROTRY
Symbol does not contain XRP, Symbol =  LISTABRL
Symbol does not contain XRP, Symbol =  BAKETRY
Symbol does not contain XRP, Symbol =  WIFBRL
Symbol does not contain XRP, Symbol =  ZKUSDC
Symbol does not contain XRP, Symbol =  ZROUSDC
Symbol does not contain XRP, Symbol =  IOUSDC
Symbol does not contain XRP, Symbol =  1000SATSUSDC
Symbol does not contain XRP, Symbol =  BNXTRY
Symbol does not contain XRP, Symbol =  ETHARS
Symbol does not contain XRP, Symbol =  GUSDT
Symbol does not contain XRP, Symbol =  GTRY
Symbol does not contain XRP, Symbol =  BANANABTC
Symbol does not contain XRP, Symbol =  BANANAUSDT
Symbol does not contain XRP, Symbol =  BANANABNB
Symbol does not contain XRP, Symbol =  BANANAFDUSD
Symbol does not contain XRP, Symbol =  BANANATRY
Symbol does not contain XRP, Symbol =  RENDERBTC
Symbol does not contain XRP, Symbol =  RENDERUSDT
Symbol does not contain XRP, Symbol =  RENDERFDUSD
Symbol does not contain XRP, Symbol =  RENDERUSDC
Symbol does not contain XRP, Symbol =  RENDERTRY
Symbol does not contain XRP, Symbol =  RENDEREUR
Symbol does not contain XRP, Symbol =  RENDERBRL
Symbol does not contain XRP, Symbol =  TONBTC
Symbol does not contain XRP, Symbol =  TONUSDT
Symbol does not contain XRP, Symbol =  TONFDUSD
Symbol does not contain XRP, Symbol =  TONTRY
Symbol does not contain XRP, Symbol =  BONKBRL
Symbol does not contain XRP, Symbol =  NOTEUR
Symbol does not contain XRP, Symbol =  DOGEJPY
Symbol does not contain XRP, Symbol =  MATICJPY
Symbol does not contain XRP, Symbol =  NEARJPY
Symbol does not contain XRP, Symbol =  TONUSDC
Symbol does not contain XRP, Symbol =  AAVEFDUSD
Symbol does not contain XRP, Symbol =  DOGSUSDT
Symbol does not contain XRP, Symbol =  DOGSBNB
Symbol does not contain XRP, Symbol =  DOGSFDUSD
Symbol does not contain XRP, Symbol =  DOGSTRY
Symbol does not contain XRP, Symbol =  EUREURI
Symbol does not contain XRP, Symbol =  EURIUSDT
Symbol does not contain XRP, Symbol =  DOGSBRL
Symbol does not contain XRP, Symbol =  DOGSUSDC
Symbol does not contain XRP, Symbol =  RAREBRL
Symbol does not contain XRP, Symbol =  RAREUSDC
Symbol does not contain XRP, Symbol =  SLFBTC
Symbol does not contain XRP, Symbol =  SLFTRY
Symbol does not contain XRP, Symbol =  SLFUSDC
Symbol does not contain XRP, Symbol =  SLFUSDT
Symbol does not contain XRP, Symbol =  AAVEUSDC
Symbol does not contain XRP, Symbol =  SUNTRY
Symbol does not contain XRP, Symbol =  STMXTRY
Symbol does not contain XRP, Symbol =  POLBNB
Symbol does not contain XRP, Symbol =  POLBRL
Symbol does not contain XRP, Symbol =  POLBTC
Symbol does not contain XRP, Symbol =  POLETH
Symbol does not contain XRP, Symbol =  POLEUR
Symbol does not contain XRP, Symbol =  POLFDUSD
Symbol does not contain XRP, Symbol =  POLJPY
Symbol does not contain XRP, Symbol =  POLTRY
Symbol does not contain XRP, Symbol =  POLUSDC
Symbol does not contain XRP, Symbol =  POLUSDT
Symbol does not contain XRP, Symbol =  NEIROUSDT
Symbol does not contain XRP, Symbol =  TURBOUSDT
Symbol does not contain XRP, Symbol =  1MBABYDOGEUSDT
Symbol does not contain XRP, Symbol =  CATIUSDT
Symbol does not contain XRP, Symbol =  CATIBNB
Symbol does not contain XRP, Symbol =  CATIFDUSD
Symbol does not contain XRP, Symbol =  CATITRY
]]></system-out>
  </testcase>
  <testcase name="Verify if Symbol Name is a concatenation of baseAsset and quoteAsset" classname="Validating Ticker API and verifying it&apos;s response" time="1226.646">
    <system-out><![CDATA[Match found for symbol: ETHBTC
Match found for symbol: LTCBTC
Match found for symbol: BNBBTC
Match found for symbol: NEOBTC
Match found for symbol: QTUMETH
Match found for symbol: EOSETH
Match found for symbol: SNTETH
Match found for symbol: BNTETH
Match found for symbol: BCCBTC
Match found for symbol: GASBTC
Match found for symbol: BNBETH
Match found for symbol: BTCUSDT
Match found for symbol: ETHUSDT
Match found for symbol: HSRBTC
Match found for symbol: OAXETH
Match found for symbol: DNTETH
Match found for symbol: MCOETH
Match found for symbol: ICNETH
Match found for symbol: MCOBTC
Match found for symbol: WTCBTC
Match found for symbol: WTCETH
Match found for symbol: LRCBTC
Match found for symbol: LRCETH
Match found for symbol: QTUMBTC
Match found for symbol: YOYOBTC
Match found for symbol: OMGBTC
Match found for symbol: OMGETH
Match found for symbol: ZRXBTC
Match found for symbol: ZRXETH
Match found for symbol: STRATBTC
Match found for symbol: STRATETH
Match found for symbol: SNGLSBTC
Match found for symbol: SNGLSETH
Match found for symbol: BQXBTC
Match found for symbol: BQXETH
Match found for symbol: KNCBTC
Match found for symbol: KNCETH
Match found for symbol: FUNBTC
Match found for symbol: FUNETH
Match found for symbol: SNMBTC
Match found for symbol: SNMETH
Match found for symbol: NEOETH
Match found for symbol: IOTABTC
Match found for symbol: IOTAETH
Match found for symbol: LINKBTC
Match found for symbol: LINKETH
Match found for symbol: XVGBTC
Match found for symbol: XVGETH
Match found for symbol: SALTBTC
Match found for symbol: SALTETH
Match found for symbol: MDABTC
Match found for symbol: MDAETH
Match found for symbol: MTLBTC
Match found for symbol: MTLETH
Match found for symbol: SUBBTC
Match found for symbol: SUBETH
Match found for symbol: EOSBTC
Match found for symbol: SNTBTC
Match found for symbol: ETCETH
Match found for symbol: ETCBTC
Match found for symbol: MTHBTC
Match found for symbol: MTHETH
Match found for symbol: ENGBTC
Match found for symbol: ENGETH
Match found for symbol: DNTBTC
Match found for symbol: ZECBTC
Match found for symbol: ZECETH
Match found for symbol: BNTBTC
Match found for symbol: ASTBTC
Match found for symbol: ASTETH
Match found for symbol: DASHBTC
Match found for symbol: DASHETH
Match found for symbol: OAXBTC
Match found for symbol: ICNBTC
Match found for symbol: BTGBTC
Match found for symbol: BTGETH
Match found for symbol: EVXBTC
Match found for symbol: EVXETH
Match found for symbol: REQBTC
Match found for symbol: REQETH
Match found for symbol: VIBBTC
Match found for symbol: VIBETH
Match found for symbol: HSRETH
Match found for symbol: TRXBTC
Match found for symbol: TRXETH
Match found for symbol: POWRBTC
Match found for symbol: POWRETH
Match found for symbol: ARKBTC
Match found for symbol: ARKETH
Match found for symbol: YOYOETH
Match found for symbol: XRPBTC
Match found for symbol: XRPETH
Match found for symbol: MODBTC
Match found for symbol: MODETH
Match found for symbol: ENJBTC
Match found for symbol: ENJETH
Match found for symbol: STORJBTC
Match found for symbol: STORJETH
Match found for symbol: BNBUSDT
Match found for symbol: VENBNB
Match found for symbol: YOYOBNB
Match found for symbol: POWRBNB
Match found for symbol: VENBTC
Match found for symbol: VENETH
Match found for symbol: KMDBTC
Match found for symbol: KMDETH
Match found for symbol: NULSBNB
Match found for symbol: RCNBTC
Match found for symbol: RCNETH
Match found for symbol: RCNBNB
Match found for symbol: NULSBTC
Match found for symbol: NULSETH
Match found for symbol: RDNBTC
Match found for symbol: RDNETH
Match found for symbol: RDNBNB
Match found for symbol: XMRBTC
Match found for symbol: XMRETH
Match found for symbol: DLTBNB
Match found for symbol: WTCBNB
Match found for symbol: DLTBTC
Match found for symbol: DLTETH
Match found for symbol: AMBBTC
Match found for symbol: AMBETH
Match found for symbol: AMBBNB
Match found for symbol: BCCETH
Match found for symbol: BCCUSDT
Match found for symbol: BCCBNB
Match found for symbol: BATBTC
Match found for symbol: BATETH
Match found for symbol: BATBNB
Match found for symbol: BCPTBTC
Match found for symbol: BCPTETH
Match found for symbol: BCPTBNB
Match found for symbol: ARNBTC
Match found for symbol: ARNETH
Match found for symbol: GVTBTC
Match found for symbol: GVTETH
Match found for symbol: CDTBTC
Match found for symbol: CDTETH
Match found for symbol: GXSBTC
Match found for symbol: GXSETH
Match found for symbol: NEOUSDT
Match found for symbol: NEOBNB
Match found for symbol: POEBTC
Match found for symbol: POEETH
Match found for symbol: QSPBTC
Match found for symbol: QSPETH
Match found for symbol: QSPBNB
Match found for symbol: BTSBTC
Match found for symbol: BTSETH
Match found for symbol: BTSBNB
Match found for symbol: XZCBTC
Match found for symbol: XZCETH
Match found for symbol: XZCBNB
Match found for symbol: LSKBTC
Match found for symbol: LSKETH
Match found for symbol: LSKBNB
Match found for symbol: TNTBTC
Match found for symbol: TNTETH
Match found for symbol: FUELBTC
Match found for symbol: FUELETH
Match found for symbol: MANABTC
Match found for symbol: MANAETH
Match found for symbol: BCDBTC
Match found for symbol: BCDETH
Match found for symbol: DGDBTC
Match found for symbol: DGDETH
Match found for symbol: IOTABNB
Match found for symbol: ADXBTC
Match found for symbol: ADXETH
Match found for symbol: ADXBNB
Match found for symbol: ADABTC
Match found for symbol: ADAETH
Match found for symbol: PPTBTC
Match found for symbol: PPTETH
Match found for symbol: CMTBTC
Match found for symbol: CMTETH
Match found for symbol: CMTBNB
Match found for symbol: XLMBTC
Match found for symbol: XLMETH
Match found for symbol: XLMBNB
Match found for symbol: CNDBTC
Match found for symbol: CNDETH
Match found for symbol: CNDBNB
Match found for symbol: LENDBTC
Match found for symbol: LENDETH
Match found for symbol: WABIBTC
Match found for symbol: WABIETH
Match found for symbol: WABIBNB
Match found for symbol: LTCETH
Match found for symbol: LTCUSDT
Match found for symbol: LTCBNB
Match found for symbol: TNBBTC
Match found for symbol: TNBETH
Match found for symbol: WAVESBTC
Match found for symbol: WAVESETH
Match found for symbol: WAVESBNB
Match found for symbol: GTOBTC
Match found for symbol: GTOETH
Match found for symbol: GTOBNB
Match found for symbol: ICXBTC
Match found for symbol: ICXETH
Match found for symbol: ICXBNB
Match found for symbol: OSTBTC
Match found for symbol: OSTETH
Match found for symbol: OSTBNB
Match found for symbol: ELFBTC
Match found for symbol: ELFETH
Match found for symbol: AIONBTC
Match found for symbol: AIONETH
Match found for symbol: AIONBNB
Match found for symbol: NEBLBTC
Match found for symbol: NEBLBNB
Match found for symbol: BRDBTC
Match found for symbol: BRDETH
Match found for symbol: BRDBNB
Match found for symbol: MCOBNB
Match found for symbol: EDOBTC
Match found for symbol: EDOETH
Match found for symbol: WINGSBTC
Match found for symbol: WINGSETH
Match found for symbol: NAVBTC
Match found for symbol: NAVETH
Match found for symbol: NAVBNB
Match found for symbol: LUNBTC
Match found for symbol: LUNETH
Match found for symbol: TRIGBTC
Match found for symbol: TRIGETH
Match found for symbol: TRIGBNB
Match found for symbol: APPCBTC
Match found for symbol: APPCETH
Match found for symbol: APPCBNB
Match found for symbol: VIBEBTC
Match found for symbol: VIBEETH
Match found for symbol: RLCBTC
Match found for symbol: RLCETH
Match found for symbol: RLCBNB
Match found for symbol: INSBTC
Match found for symbol: INSETH
Match found for symbol: PIVXBTC
Match found for symbol: PIVXBNB
Match found for symbol: IOSTBTC
Match found for symbol: IOSTETH
Match found for symbol: CHATBTC
Match found for symbol: CHATETH
Match found for symbol: STEEMBTC
Match found for symbol: STEEMETH
Match found for symbol: STEEMBNB
Match found for symbol: NANOBTC
Match found for symbol: NANOETH
Match found for symbol: NANOBNB
Match found for symbol: VIABTC
Match found for symbol: VIAETH
Match found for symbol: VIABNB
Match found for symbol: BLZBTC
Match found for symbol: BLZETH
Match found for symbol: BLZBNB
Match found for symbol: AEBTC
Match found for symbol: AEETH
Match found for symbol: AEBNB
Match found for symbol: RPXBTC
Match found for symbol: RPXETH
Match found for symbol: RPXBNB
Match found for symbol: NCASHBTC
Match found for symbol: NCASHETH
Match found for symbol: NCASHBNB
Match found for symbol: POABTC
Match found for symbol: POAETH
Match found for symbol: POABNB
Match found for symbol: ZILBTC
Match found for symbol: ZILETH
Match found for symbol: ZILBNB
Match found for symbol: ONTBTC
Match found for symbol: ONTETH
Match found for symbol: ONTBNB
Match found for symbol: STORMBTC
Match found for symbol: STORMETH
Match found for symbol: STORMBNB
Match found for symbol: QTUMBNB
Match found for symbol: QTUMUSDT
Match found for symbol: XEMBTC
Match found for symbol: XEMETH
Match found for symbol: XEMBNB
Match found for symbol: WANBTC
Match found for symbol: WANETH
Match found for symbol: WANBNB
Match found for symbol: WPRBTC
Match found for symbol: WPRETH
Match found for symbol: QLCBTC
Match found for symbol: QLCETH
Match found for symbol: SYSBTC
Match found for symbol: SYSETH
Match found for symbol: SYSBNB
Match found for symbol: QLCBNB
Match found for symbol: GRSBTC
Match found for symbol: GRSETH
Match found for symbol: ADAUSDT
Match found for symbol: ADABNB
Match found for symbol: CLOAKBTC
Match found for symbol: CLOAKETH
Match found for symbol: GNTBTC
Match found for symbol: GNTETH
Match found for symbol: GNTBNB
Match found for symbol: LOOMBTC
Match found for symbol: LOOMETH
Match found for symbol: LOOMBNB
Match found for symbol: XRPUSDT
Match found for symbol: BCNBTC
Match found for symbol: BCNETH
Match found for symbol: BCNBNB
Match found for symbol: REPBTC
Match found for symbol: REPBNB
Match found for symbol: BTCTUSD
Match found for symbol: TUSDBTC
Match found for symbol: ETHTUSD
Match found for symbol: TUSDETH
Match found for symbol: TUSDBNB
Match found for symbol: ZENBTC
Match found for symbol: ZENETH
Match found for symbol: ZENBNB
Match found for symbol: SKYBTC
Match found for symbol: SKYETH
Match found for symbol: SKYBNB
Match found for symbol: EOSUSDT
Match found for symbol: EOSBNB
Match found for symbol: CVCBTC
Match found for symbol: CVCETH
Match found for symbol: CVCBNB
Match found for symbol: THETABTC
Match found for symbol: THETAETH
Match found for symbol: THETABNB
Match found for symbol: XRPBNB
Match found for symbol: TUSDUSDT
Match found for symbol: IOTAUSDT
Match found for symbol: XLMUSDT
Match found for symbol: IOTXBTC
Match found for symbol: IOTXETH
Match found for symbol: QKCBTC
Match found for symbol: QKCETH
Match found for symbol: AGIBTC
Match found for symbol: AGIETH
Match found for symbol: AGIBNB
Match found for symbol: NXSBTC
Match found for symbol: NXSETH
Match found for symbol: NXSBNB
Match found for symbol: ENJBNB
Match found for symbol: DATABTC
Match found for symbol: DATAETH
Match found for symbol: ONTUSDT
Match found for symbol: TRXBNB
Match found for symbol: TRXUSDT
Match found for symbol: ETCUSDT
Match found for symbol: ETCBNB
Match found for symbol: ICXUSDT
Match found for symbol: SCBTC
Match found for symbol: SCETH
Match found for symbol: NPXSBTC
Match found for symbol: NPXSETH
Match found for symbol: VENUSDT
Match found for symbol: KEYBTC
Match found for symbol: KEYETH
Match found for symbol: NASBTC
Match found for symbol: NASETH
Match found for symbol: NASBNB
Match found for symbol: MFTBTC
Match found for symbol: MFTETH
Match found for symbol: MFTBNB
Match found for symbol: DENTBTC
Match found for symbol: DENTETH
Match found for symbol: ARDRBTC
Match found for symbol: ARDRETH
Match found for symbol: ARDRBNB
Match found for symbol: NULSUSDT
Match found for symbol: HOTBTC
Match found for symbol: HOTETH
Match found for symbol: VETBTC
Match found for symbol: VETETH
Match found for symbol: VETUSDT
Match found for symbol: VETBNB
Match found for symbol: DOCKBTC
Match found for symbol: DOCKETH
Match found for symbol: POLYBTC
Match found for symbol: POLYBNB
Match found for symbol: PHXBTC
Match found for symbol: PHXETH
Match found for symbol: PHXBNB
Match found for symbol: HCBTC
Match found for symbol: HCETH
Match found for symbol: GOBTC
Match found for symbol: GOBNB
Match found for symbol: PAXBTC
Match found for symbol: PAXBNB
Match found for symbol: PAXUSDT
Match found for symbol: PAXETH
Match found for symbol: RVNBTC
Match found for symbol: DCRBTC
Match found for symbol: DCRBNB
Match found for symbol: USDCBNB
Match found for symbol: MITHBTC
Match found for symbol: MITHBNB
Match found for symbol: BCHABCBTC
Match found for symbol: BCHSVBTC
Match found for symbol: BCHABCUSDT
Match found for symbol: BCHSVUSDT
Match found for symbol: BNBPAX
Match found for symbol: BTCPAX
Match found for symbol: ETHPAX
Match found for symbol: XRPPAX
Match found for symbol: EOSPAX
Match found for symbol: XLMPAX
Match found for symbol: RENBTC
Match found for symbol: RENBNB
Match found for symbol: BNBTUSD
Match found for symbol: XRPTUSD
Match found for symbol: EOSTUSD
Match found for symbol: XLMTUSD
Match found for symbol: BNBUSDC
Match found for symbol: BTCUSDC
Match found for symbol: ETHUSDC
Match found for symbol: XRPUSDC
Match found for symbol: EOSUSDC
Match found for symbol: XLMUSDC
Match found for symbol: USDCUSDT
Match found for symbol: ADATUSD
Match found for symbol: TRXTUSD
Match found for symbol: NEOTUSD
Match found for symbol: TRXXRP
Match found for symbol: XZCXRP
Match found for symbol: PAXTUSD
Match found for symbol: USDCTUSD
Match found for symbol: USDCPAX
Match found for symbol: LINKUSDT
Match found for symbol: LINKTUSD
Match found for symbol: LINKPAX
Match found for symbol: LINKUSDC
Match found for symbol: WAVESUSDT
Match found for symbol: WAVESTUSD
Match found for symbol: WAVESPAX
Match found for symbol: WAVESUSDC
Match found for symbol: BCHABCTUSD
Match found for symbol: BCHABCPAX
Match found for symbol: BCHABCUSDC
Match found for symbol: BCHSVTUSD
Match found for symbol: BCHSVPAX
Match found for symbol: BCHSVUSDC
Match found for symbol: LTCTUSD
Match found for symbol: LTCPAX
Match found for symbol: LTCUSDC
Match found for symbol: TRXPAX
Match found for symbol: TRXUSDC
Match found for symbol: BTTBTC
Match found for symbol: BTTBNB
Match found for symbol: BTTUSDT
Match found for symbol: BNBUSDS
Match found for symbol: BTCUSDS
Match found for symbol: USDSUSDT
Match found for symbol: USDSPAX
Match found for symbol: USDSTUSD
Match found for symbol: USDSUSDC
Match found for symbol: BTTPAX
Match found for symbol: BTTTUSD
Match found for symbol: BTTUSDC
Match found for symbol: ONGBNB
Match found for symbol: ONGBTC
Match found for symbol: ONGUSDT
Match found for symbol: HOTBNB
Match found for symbol: HOTUSDT
Match found for symbol: ZILUSDT
Match found for symbol: ZRXBNB
Match found for symbol: ZRXUSDT
Match found for symbol: FETBNB
Match found for symbol: FETBTC
Match found for symbol: FETUSDT
Match found for symbol: BATUSDT
Match found for symbol: XMRBNB
Match found for symbol: XMRUSDT
Match found for symbol: ZECBNB
Match found for symbol: ZECUSDT
Match found for symbol: ZECPAX
Match found for symbol: ZECTUSD
Match found for symbol: ZECUSDC
Match found for symbol: IOSTUSDT
Match found for symbol: CELRBNB
Match found for symbol: CELRBTC
Match found for symbol: CELRUSDT
Match found for symbol: ADAPAX
Match found for symbol: ADAUSDC
Match found for symbol: NEOPAX
Match found for symbol: NEOUSDC
Match found for symbol: DASHBNB
Match found for symbol: DASHUSDT
Match found for symbol: NANOUSDT
Match found for symbol: OMGBNB
Match found for symbol: OMGUSDT
Match found for symbol: THETAUSDT
Match found for symbol: ENJUSDT
Match found for symbol: MITHUSDT
Match found for symbol: MATICBNB
Match found for symbol: MATICBTC
Match found for symbol: MATICUSDT
Match found for symbol: ATOMBNB
Match found for symbol: ATOMBTC
Match found for symbol: ATOMUSDT
Match found for symbol: ATOMUSDC
Match found for symbol: ATOMPAX
Match found for symbol: ATOMTUSD
Match found for symbol: ETCUSDC
Match found for symbol: ETCPAX
Match found for symbol: ETCTUSD
Match found for symbol: BATUSDC
Match found for symbol: BATPAX
Match found for symbol: BATTUSD
Match found for symbol: PHBBNB
Match found for symbol: PHBBTC
Match found for symbol: PHBUSDC
Match found for symbol: PHBTUSD
Match found for symbol: PHBPAX
Match found for symbol: TFUELBNB
Match found for symbol: TFUELBTC
Match found for symbol: TFUELUSDT
Match found for symbol: TFUELUSDC
Match found for symbol: TFUELTUSD
Match found for symbol: TFUELPAX
Match found for symbol: ONEBNB
Match found for symbol: ONEBTC
Match found for symbol: ONEUSDT
Match found for symbol: ONETUSD
Match found for symbol: ONEPAX
Match found for symbol: ONEUSDC
Match found for symbol: FTMBNB
Match found for symbol: FTMBTC
Match found for symbol: FTMUSDT
Match found for symbol: FTMTUSD
Match found for symbol: FTMPAX
Match found for symbol: FTMUSDC
Match found for symbol: BTCBBTC
Match found for symbol: BCPTTUSD
Match found for symbol: BCPTPAX
Match found for symbol: BCPTUSDC
Match found for symbol: ALGOBNB
Match found for symbol: ALGOBTC
Match found for symbol: ALGOUSDT
Match found for symbol: ALGOTUSD
Match found for symbol: ALGOPAX
Match found for symbol: ALGOUSDC
Match found for symbol: USDSBUSDT
Match found for symbol: USDSBUSDS
Match found for symbol: GTOUSDT
Match found for symbol: GTOPAX
Match found for symbol: GTOTUSD
Match found for symbol: GTOUSDC
Match found for symbol: ERDBNB
Match found for symbol: ERDBTC
Match found for symbol: ERDUSDT
Match found for symbol: ERDPAX
Match found for symbol: ERDUSDC
Match found for symbol: DOGEBNB
Match found for symbol: DOGEBTC
Match found for symbol: DOGEUSDT
Match found for symbol: DOGEPAX
Match found for symbol: DOGEUSDC
Match found for symbol: DUSKBNB
Match found for symbol: DUSKBTC
Match found for symbol: DUSKUSDT
Match found for symbol: DUSKUSDC
Match found for symbol: DUSKPAX
Match found for symbol: BGBPUSDC
Match found for symbol: ANKRBNB
Match found for symbol: ANKRBTC
Match found for symbol: ANKRUSDT
Match found for symbol: ANKRTUSD
Match found for symbol: ANKRPAX
Match found for symbol: ANKRUSDC
Match found for symbol: ONTPAX
Match found for symbol: ONTUSDC
Match found for symbol: WINBNB
Match found for symbol: WINBTC
Match found for symbol: WINUSDT
Match found for symbol: WINUSDC
Match found for symbol: COSBNB
Match found for symbol: COSBTC
Match found for symbol: COSUSDT
Match found for symbol: TUSDBTUSD
Match found for symbol: NPXSUSDT
Match found for symbol: NPXSUSDC
Match found for symbol: COCOSBNB
Match found for symbol: COCOSBTC
Match found for symbol: COCOSUSDT
Match found for symbol: MTLUSDT
Match found for symbol: TOMOBNB
Match found for symbol: TOMOBTC
Match found for symbol: TOMOUSDT
Match found for symbol: TOMOUSDC
Match found for symbol: PERLBNB
Match found for symbol: PERLBTC
Match found for symbol: PERLUSDC
Match found for symbol: PERLUSDT
Match found for symbol: DENTUSDT
Match found for symbol: MFTUSDT
Match found for symbol: KEYUSDT
Match found for symbol: STORMUSDT
Match found for symbol: DOCKUSDT
Match found for symbol: WANUSDT
Match found for symbol: FUNUSDT
Match found for symbol: CVCUSDT
Match found for symbol: BTTTRX
Match found for symbol: WINTRX
Match found for symbol: CHZBNB
Match found for symbol: CHZBTC
Match found for symbol: CHZUSDT
Match found for symbol: BANDBNB
Match found for symbol: BANDBTC
Match found for symbol: BANDUSDT
Match found for symbol: BNBBUSD
Match found for symbol: BTCBUSD
Match found for symbol: BUSDUSDT
Match found for symbol: BEAMBNB
Match found for symbol: BEAMBTC
Match found for symbol: BEAMUSDT
Match found for symbol: XTZBNB
Match found for symbol: XTZBTC
Match found for symbol: XTZUSDT
Match found for symbol: RENUSDT
Match found for symbol: RVNUSDT
Match found for symbol: HCUSDT
Match found for symbol: HBARBNB
Match found for symbol: HBARBTC
Match found for symbol: HBARUSDT
Match found for symbol: NKNBNB
Match found for symbol: NKNBTC
Match found for symbol: NKNUSDT
Match found for symbol: XRPBUSD
Match found for symbol: ETHBUSD
Match found for symbol: BCHABCBUSD
Match found for symbol: LTCBUSD
Match found for symbol: LINKBUSD
Match found for symbol: ETCBUSD
Match found for symbol: STXBNB
Match found for symbol: STXBTC
Match found for symbol: STXUSDT
Match found for symbol: KAVABNB
Match found for symbol: KAVABTC
Match found for symbol: KAVAUSDT
Match found for symbol: BUSDNGN
Match found for symbol: BNBNGN
Match found for symbol: BTCNGN
Match found for symbol: ARPABNB
Match found for symbol: ARPABTC
Match found for symbol: ARPAUSDT
Match found for symbol: TRXBUSD
Match found for symbol: EOSBUSD
Match found for symbol: IOTXUSDT
Match found for symbol: RLCUSDT
Match found for symbol: MCOUSDT
Match found for symbol: XLMBUSD
Match found for symbol: ADABUSD
Match found for symbol: CTXCBNB
Match found for symbol: CTXCBTC
Match found for symbol: CTXCUSDT
Match found for symbol: BCHBNB
Match found for symbol: BCHBTC
Match found for symbol: BCHUSDT
Match found for symbol: BCHUSDC
Match found for symbol: BCHTUSD
Match found for symbol: BCHPAX
Match found for symbol: BCHBUSD
Match found for symbol: BTCRUB
Match found for symbol: ETHRUB
Match found for symbol: XRPRUB
Match found for symbol: BNBRUB
Match found for symbol: TROYBNB
Match found for symbol: TROYBTC
Match found for symbol: TROYUSDT
Match found for symbol: BUSDRUB
Match found for symbol: QTUMBUSD
Match found for symbol: VETBUSD
Match found for symbol: VITEBNB
Match found for symbol: VITEBTC
Match found for symbol: VITEUSDT
Match found for symbol: FTTBNB
Match found for symbol: FTTBTC
Match found for symbol: FTTUSDT
Match found for symbol: BTCTRY
Match found for symbol: BNBTRY
Match found for symbol: BUSDTRY
Match found for symbol: ETHTRY
Match found for symbol: XRPTRY
Match found for symbol: USDTTRY
Match found for symbol: USDTRUB
Match found for symbol: BTCEUR
Match found for symbol: ETHEUR
Match found for symbol: BNBEUR
Match found for symbol: XRPEUR
Match found for symbol: EURBUSD
Match found for symbol: EURUSDT
Match found for symbol: OGNBNB
Match found for symbol: OGNBTC
Match found for symbol: OGNUSDT
Match found for symbol: DREPBNB
Match found for symbol: DREPBTC
Match found for symbol: DREPUSDT
Match found for symbol: BULLUSDT
Match found for symbol: BULLBUSD
Match found for symbol: BEARUSDT
Match found for symbol: BEARBUSD
Match found for symbol: ETHBULLUSDT
Match found for symbol: ETHBULLBUSD
Match found for symbol: ETHBEARUSDT
Match found for symbol: ETHBEARBUSD
Match found for symbol: TCTBNB
Match found for symbol: TCTBTC
Match found for symbol: TCTUSDT
Match found for symbol: WRXBNB
Match found for symbol: WRXBTC
Match found for symbol: WRXUSDT
Match found for symbol: ICXBUSD
Match found for symbol: BTSUSDT
Match found for symbol: BTSBUSD
Match found for symbol: LSKUSDT
Match found for symbol: BNTUSDT
Match found for symbol: BNTBUSD
Match found for symbol: LTOBNB
Match found for symbol: LTOBTC
Match found for symbol: LTOUSDT
Match found for symbol: ATOMBUSD
Match found for symbol: DASHBUSD
Match found for symbol: NEOBUSD
Match found for symbol: WAVESBUSD
Match found for symbol: XTZBUSD
Match found for symbol: EOSBULLUSDT
Match found for symbol: EOSBULLBUSD
Match found for symbol: EOSBEARUSDT
Match found for symbol: EOSBEARBUSD
Match found for symbol: XRPBULLUSDT
Match found for symbol: XRPBULLBUSD
Match found for symbol: XRPBEARUSDT
Match found for symbol: XRPBEARBUSD
Match found for symbol: BATBUSD
Match found for symbol: ENJBUSD
Match found for symbol: NANOBUSD
Match found for symbol: ONTBUSD
Match found for symbol: RVNBUSD
Match found for symbol: STRATBUSD
Match found for symbol: STRATBNB
Match found for symbol: STRATUSDT
Match found for symbol: AIONBUSD
Match found for symbol: AIONUSDT
Match found for symbol: MBLBNB
Match found for symbol: MBLBTC
Match found for symbol: MBLUSDT
Match found for symbol: COTIBNB
Match found for symbol: COTIBTC
Match found for symbol: COTIUSDT
Match found for symbol: ALGOBUSD
Match found for symbol: BTTBUSD
Match found for symbol: TOMOBUSD
Match found for symbol: XMRBUSD
Match found for symbol: ZECBUSD
Match found for symbol: BNBBULLUSDT
Match found for symbol: BNBBULLBUSD
Match found for symbol: BNBBEARUSDT
Match found for symbol: BNBBEARBUSD
Match found for symbol: STPTBNB
Match found for symbol: STPTBTC
Match found for symbol: STPTUSDT
Match found for symbol: BTCZAR
Match found for symbol: ETHZAR
Match found for symbol: BNBZAR
Match found for symbol: USDTZAR
Match found for symbol: BUSDZAR
Match found for symbol: BTCBKRW
Match found for symbol: ETHBKRW
Match found for symbol: BNBBKRW
Match found for symbol: WTCUSDT
Match found for symbol: DATABUSD
Match found for symbol: DATAUSDT
Match found for symbol: XZCUSDT
Match found for symbol: SOLBNB
Match found for symbol: SOLBTC
Match found for symbol: SOLUSDT
Match found for symbol: SOLBUSD
Match found for symbol: BTCIDRT
Match found for symbol: BNBIDRT
Match found for symbol: USDTIDRT
Match found for symbol: BUSDIDRT
Match found for symbol: CTSIBTC
Match found for symbol: CTSIUSDT
Match found for symbol: CTSIBNB
Match found for symbol: CTSIBUSD
Match found for symbol: HIVEBNB
Match found for symbol: HIVEBTC
Match found for symbol: HIVEUSDT
Match found for symbol: CHRBNB
Match found for symbol: CHRBTC
Match found for symbol: CHRUSDT
Match found for symbol: BTCUPUSDT
Match found for symbol: BTCDOWNUSDT
Match found for symbol: GXSUSDT
Match found for symbol: ARDRUSDT
Match found for symbol: ERDBUSD
Match found for symbol: LENDUSDT
Match found for symbol: HBARBUSD
Match found for symbol: MATICBUSD
Match found for symbol: WRXBUSD
Match found for symbol: ZILBUSD
Match found for symbol: MDTBNB
Match found for symbol: MDTBTC
Match found for symbol: MDTUSDT
Match found for symbol: STMXBTC
Match found for symbol: STMXETH
Match found for symbol: STMXUSDT
Match found for symbol: KNCBUSD
Match found for symbol: KNCUSDT
Match found for symbol: REPBUSD
Match found for symbol: REPUSDT
Match found for symbol: LRCBUSD
Match found for symbol: LRCUSDT
Match found for symbol: IQBNB
Match found for symbol: IQBUSD
Match found for symbol: PNTBTC
Match found for symbol: PNTUSDT
Match found for symbol: BTCGBP
Match found for symbol: ETHGBP
Match found for symbol: XRPGBP
Match found for symbol: BNBGBP
Match found for symbol: GBPBUSD
Match found for symbol: DGBBTC
Match found for symbol: DGBBUSD
Match found for symbol: BTCUAH
Match found for symbol: USDTUAH
Match found for symbol: COMPBTC
Match found for symbol: COMPBNB
Match found for symbol: COMPBUSD
Match found for symbol: COMPUSDT
Match found for symbol: BTCBIDR
Match found for symbol: ETHBIDR
Match found for symbol: BNBBIDR
Match found for symbol: BUSDBIDR
Match found for symbol: USDTBIDR
Match found for symbol: BKRWUSDT
Match found for symbol: BKRWBUSD
Match found for symbol: SCUSDT
Match found for symbol: ZENUSDT
Match found for symbol: SXPBTC
Match found for symbol: SXPBNB
Match found for symbol: SXPBUSD
Match found for symbol: SNXBTC
Match found for symbol: SNXBNB
Match found for symbol: SNXBUSD
Match found for symbol: SNXUSDT
Match found for symbol: ETHUPUSDT
Match found for symbol: ETHDOWNUSDT
Match found for symbol: ADAUPUSDT
Match found for symbol: ADADOWNUSDT
Match found for symbol: LINKUPUSDT
Match found for symbol: LINKDOWNUSDT
Match found for symbol: VTHOBNB
Match found for symbol: VTHOBUSD
Match found for symbol: VTHOUSDT
Match found for symbol: DCRBUSD
Match found for symbol: DGBUSDT
Match found for symbol: GBPUSDT
Match found for symbol: STORJBUSD
Match found for symbol: SXPUSDT
Match found for symbol: IRISBNB
Match found for symbol: IRISBTC
Match found for symbol: IRISBUSD
Match found for symbol: MKRBNB
Match found for symbol: MKRBTC
Match found for symbol: MKRUSDT
Match found for symbol: MKRBUSD
Match found for symbol: DAIBNB
Match found for symbol: DAIBTC
Match found for symbol: DAIUSDT
Match found for symbol: DAIBUSD
Match found for symbol: RUNEBNB
Match found for symbol: RUNEBTC
Match found for symbol: RUNEBUSD
Match found for symbol: MANABUSD
Match found for symbol: DOGEBUSD
Match found for symbol: LENDBUSD
Match found for symbol: ZRXBUSD
Match found for symbol: DCRUSDT
Match found for symbol: STORJUSDT
Match found for symbol: XRPBKRW
Match found for symbol: ADABKRW
Match found for symbol: BTCAUD
Match found for symbol: ETHAUD
Match found for symbol: AUDBUSD
Match found for symbol: FIOBNB
Match found for symbol: FIOBTC
Match found for symbol: FIOBUSD
Match found for symbol: BNBUPUSDT
Match found for symbol: BNBDOWNUSDT
Match found for symbol: XTZUPUSDT
Match found for symbol: XTZDOWNUSDT
Match found for symbol: AVABNB
Match found for symbol: AVABTC
Match found for symbol: AVABUSD
Match found for symbol: USDTBKRW
Match found for symbol: BUSDBKRW
Match found for symbol: IOTABUSD
Match found for symbol: MANAUSDT
Match found for symbol: XRPAUD
Match found for symbol: BNBAUD
Match found for symbol: AUDUSDT
Match found for symbol: BALBNB
Match found for symbol: BALBTC
Match found for symbol: BALBUSD
Match found for symbol: YFIBNB
Match found for symbol: YFIBTC
Match found for symbol: YFIBUSD
Match found for symbol: YFIUSDT
Match found for symbol: BLZBUSD
Match found for symbol: KMDBUSD
Match found for symbol: BALUSDT
Match found for symbol: BLZUSDT
Match found for symbol: IRISUSDT
Match found for symbol: KMDUSDT
Match found for symbol: BTCDAI
Match found for symbol: ETHDAI
Match found for symbol: BNBDAI
Match found for symbol: USDTDAI
Match found for symbol: BUSDDAI
Match found for symbol: JSTBNB
Match found for symbol: JSTBTC
Match found for symbol: JSTBUSD
Match found for symbol: JSTUSDT
Match found for symbol: SRMBNB
Match found for symbol: SRMBTC
Match found for symbol: SRMBUSD
Match found for symbol: SRMUSDT
Match found for symbol: ANTBNB
Match found for symbol: ANTBTC
Match found for symbol: ANTBUSD
Match found for symbol: ANTUSDT
Match found for symbol: CRVBNB
Match found for symbol: CRVBTC
Match found for symbol: CRVBUSD
Match found for symbol: CRVUSDT
Match found for symbol: SANDBNB
Match found for symbol: SANDBTC
Match found for symbol: SANDUSDT
Match found for symbol: SANDBUSD
Match found for symbol: OCEANBNB
Match found for symbol: OCEANBTC
Match found for symbol: OCEANBUSD
Match found for symbol: OCEANUSDT
Match found for symbol: NMRBTC
Match found for symbol: NMRBUSD
Match found for symbol: NMRUSDT
Match found for symbol: DOTBNB
Match found for symbol: DOTBTC
Match found for symbol: DOTBUSD
Match found for symbol: DOTUSDT
Match found for symbol: LUNABNB
Match found for symbol: LUNABTC
Match found for symbol: LUNABUSD
Match found for symbol: LUNAUSDT
Match found for symbol: IDEXBTC
Match found for symbol: IDEXBUSD
Match found for symbol: RSRBNB
Match found for symbol: RSRBTC
Match found for symbol: RSRBUSD
Match found for symbol: RSRUSDT
Match found for symbol: PAXGBNB
Match found for symbol: PAXGBTC
Match found for symbol: PAXGBUSD
Match found for symbol: PAXGUSDT
Match found for symbol: WNXMBNB
Match found for symbol: WNXMBTC
Match found for symbol: WNXMBUSD
Match found for symbol: WNXMUSDT
Match found for symbol: TRBBNB
Match found for symbol: TRBBTC
Match found for symbol: TRBBUSD
Match found for symbol: TRBUSDT
Match found for symbol: ETHNGN
Match found for symbol: DOTBIDR
Match found for symbol: LINKAUD
Match found for symbol: SXPAUD
Match found for symbol: BZRXBNB
Match found for symbol: BZRXBTC
Match found for symbol: BZRXBUSD
Match found for symbol: BZRXUSDT
Match found for symbol: WBTCBTC
Match found for symbol: WBTCETH
Match found for symbol: SUSHIBNB
Match found for symbol: SUSHIBTC
Match found for symbol: SUSHIBUSD
Match found for symbol: SUSHIUSDT
Match found for symbol: YFIIBNB
Match found for symbol: YFIIBTC
Match found for symbol: YFIIBUSD
Match found for symbol: YFIIUSDT
Match found for symbol: KSMBNB
Match found for symbol: KSMBTC
Match found for symbol: KSMBUSD
Match found for symbol: KSMUSDT
Match found for symbol: EGLDBNB
Match found for symbol: EGLDBTC
Match found for symbol: EGLDBUSD
Match found for symbol: EGLDUSDT
Match found for symbol: DIABNB
Match found for symbol: DIABTC
Match found for symbol: DIABUSD
Match found for symbol: DIAUSDT
Match found for symbol: RUNEUSDT
Match found for symbol: FIOUSDT
Match found for symbol: UMABTC
Match found for symbol: UMAUSDT
Match found for symbol: EOSUPUSDT
Match found for symbol: EOSDOWNUSDT
Match found for symbol: TRXUPUSDT
Match found for symbol: TRXDOWNUSDT
Match found for symbol: XRPUPUSDT
Match found for symbol: XRPDOWNUSDT
Match found for symbol: DOTUPUSDT
Match found for symbol: DOTDOWNUSDT
Match found for symbol: SRMBIDR
Match found for symbol: ONEBIDR
Match found for symbol: LINKTRY
Match found for symbol: USDTNGN
Match found for symbol: BELBNB
Match found for symbol: BELBTC
Match found for symbol: BELBUSD
Match found for symbol: BELUSDT
Match found for symbol: WINGBNB
Match found for symbol: WINGBTC
Match found for symbol: SWRVBNB
Match found for symbol: SWRVBUSD
Match found for symbol: WINGBUSD
Match found for symbol: WINGUSDT
Match found for symbol: LTCUPUSDT
Match found for symbol: LTCDOWNUSDT
Match found for symbol: LENDBKRW
Match found for symbol: SXPEUR
Match found for symbol: CREAMBNB
Match found for symbol: CREAMBUSD
Match found for symbol: UNIBNB
Match found for symbol: UNIBTC
Match found for symbol: UNIBUSD
Match found for symbol: UNIUSDT
Match found for symbol: NBSBTC
Match found for symbol: NBSUSDT
Match found for symbol: OXTBTC
Match found for symbol: OXTUSDT
Match found for symbol: SUNBTC
Match found for symbol: SUNUSDT
Match found for symbol: AVAXBNB
Match found for symbol: AVAXBTC
Match found for symbol: AVAXBUSD
Match found for symbol: AVAXUSDT
Match found for symbol: HNTBTC
Match found for symbol: HNTUSDT
Match found for symbol: BAKEBNB
Match found for symbol: BURGERBNB
Match found for symbol: SXPBIDR
Match found for symbol: LINKBKRW
Match found for symbol: FLMBNB
Match found for symbol: FLMBTC
Match found for symbol: FLMBUSD
Match found for symbol: FLMUSDT
Match found for symbol: SCRTBTC
Match found for symbol: SCRTETH
Match found for symbol: CAKEBNB
Match found for symbol: CAKEBUSD
Match found for symbol: SPARTABNB
Match found for symbol: UNIUPUSDT
Match found for symbol: UNIDOWNUSDT
Match found for symbol: ORNBTC
Match found for symbol: ORNUSDT
Match found for symbol: TRXNGN
Match found for symbol: SXPTRY
Match found for symbol: UTKBTC
Match found for symbol: UTKUSDT
Match found for symbol: XVSBNB
Match found for symbol: XVSBTC
Match found for symbol: XVSBUSD
Match found for symbol: XVSUSDT
Match found for symbol: ALPHABNB
Match found for symbol: ALPHABTC
Match found for symbol: ALPHABUSD
Match found for symbol: ALPHAUSDT
Match found for symbol: VIDTBTC
Match found for symbol: VIDTBUSD
Match found for symbol: AAVEBNB
Match found for symbol: BTCBRL
Match found for symbol: USDTBRL
Match found for symbol: AAVEBTC
Match found for symbol: AAVEETH
Match found for symbol: AAVEBUSD
Match found for symbol: AAVEUSDT
Match found for symbol: AAVEBKRW
Match found for symbol: NEARBNB
Match found for symbol: NEARBTC
Match found for symbol: NEARBUSD
Match found for symbol: NEARUSDT
Match found for symbol: SXPUPUSDT
Match found for symbol: SXPDOWNUSDT
Match found for symbol: DOTBKRW
Match found for symbol: SXPGBP
Match found for symbol: FILBNB
Match found for symbol: FILBTC
Match found for symbol: FILBUSD
Match found for symbol: FILUSDT
Match found for symbol: FILUPUSDT
Match found for symbol: FILDOWNUSDT
Match found for symbol: YFIUPUSDT
Match found for symbol: YFIDOWNUSDT
Match found for symbol: INJBNB
Match found for symbol: INJBTC
Match found for symbol: INJBUSD
Match found for symbol: INJUSDT
Match found for symbol: AERGOBTC
Match found for symbol: AERGOBUSD
Match found for symbol: LINKEUR
Match found for symbol: ONEBUSD
Match found for symbol: EASYETH
Match found for symbol: AUDIOBTC
Match found for symbol: AUDIOBUSD
Match found for symbol: AUDIOUSDT
Match found for symbol: CTKBNB
Match found for symbol: CTKBTC
Match found for symbol: CTKBUSD
Match found for symbol: CTKUSDT
Match found for symbol: BCHUPUSDT
Match found for symbol: BCHDOWNUSDT
Match found for symbol: BOTBTC
Match found for symbol: BOTBUSD
Match found for symbol: ETHBRL
Match found for symbol: DOTEUR
Match found for symbol: AKROBTC
Match found for symbol: AKROUSDT
Match found for symbol: KP3RBNB
Match found for symbol: KP3RBUSD
Match found for symbol: AXSBNB
Match found for symbol: AXSBTC
Match found for symbol: AXSBUSD
Match found for symbol: AXSUSDT
Match found for symbol: HARDBNB
Match found for symbol: HARDBTC
Match found for symbol: HARDBUSD
Match found for symbol: HARDUSDT
Match found for symbol: BNBBRL
Match found for symbol: LTCEUR
Match found for symbol: RENBTCBTC
Match found for symbol: RENBTCETH
Match found for symbol: DNTBUSD
Match found for symbol: DNTUSDT
Match found for symbol: SLPETH
Match found for symbol: ADAEUR
Match found for symbol: LTCNGN
Match found for symbol: CVPETH
Match found for symbol: CVPBUSD
Match found for symbol: STRAXBTC
Match found for symbol: STRAXETH
Match found for symbol: STRAXBUSD
Match found for symbol: STRAXUSDT
Match found for symbol: FORBTC
Match found for symbol: FORBUSD
Match found for symbol: UNFIBNB
Match found for symbol: UNFIBTC
Match found for symbol: UNFIBUSD
Match found for symbol: UNFIUSDT
Match found for symbol: FRONTETH
Match found for symbol: FRONTBUSD
Match found for symbol: BCHABUSD
Match found for symbol: ROSEBTC
Match found for symbol: ROSEBUSD
Match found for symbol: ROSEUSDT
Match found for symbol: AVAXTRY
Match found for symbol: BUSDBRL
Match found for symbol: AVAUSDT
Match found for symbol: SYSBUSD
Match found for symbol: XEMUSDT
Match found for symbol: HEGICETH
Match found for symbol: HEGICBUSD
Match found for symbol: AAVEUPUSDT
Match found for symbol: AAVEDOWNUSDT
Match found for symbol: PROMBNB
Match found for symbol: PROMBUSD
Match found for symbol: XRPBRL
Match found for symbol: XRPNGN
Match found for symbol: SKLBTC
Match found for symbol: SKLBUSD
Match found for symbol: SKLUSDT
Match found for symbol: BCHEUR
Match found for symbol: YFIEUR
Match found for symbol: ZILBIDR
Match found for symbol: SUSDBTC
Match found for symbol: SUSDETH
Match found for symbol: SUSDUSDT
Match found for symbol: COVERETH
Match found for symbol: COVERBUSD
Match found for symbol: GLMBTC
Match found for symbol: GLMETH
Match found for symbol: GHSTETH
Match found for symbol: GHSTBUSD
Match found for symbol: SUSHIUPUSDT
Match found for symbol: SUSHIDOWNUSDT
Match found for symbol: XLMUPUSDT
Match found for symbol: XLMDOWNUSDT
Match found for symbol: LINKBRL
Match found for symbol: LINKNGN
Match found for symbol: LTCRUB
Match found for symbol: TRXTRY
Match found for symbol: XLMEUR
Match found for symbol: DFETH
Match found for symbol: DFBUSD
Match found for symbol: GRTBTC
Match found for symbol: GRTETH
Match found for symbol: GRTUSDT
Match found for symbol: JUVBTC
Match found for symbol: JUVBUSD
Match found for symbol: JUVUSDT
Match found for symbol: PSGBTC
Match found for symbol: PSGBUSD
Match found for symbol: PSGUSDT
Match found for symbol: BUSDBVND
Match found for symbol: USDTBVND
Match found for symbol: 1INCHBTC
Match found for symbol: 1INCHUSDT
Match found for symbol: REEFBTC
Match found for symbol: REEFUSDT
Match found for symbol: OGBTC
Match found for symbol: OGUSDT
Match found for symbol: ATMBTC
Match found for symbol: ATMUSDT
Match found for symbol: ASRBTC
Match found for symbol: ASRUSDT
Match found for symbol: CELOBTC
Match found for symbol: CELOUSDT
Match found for symbol: RIFBTC
Match found for symbol: RIFUSDT
Match found for symbol: CHZTRY
Match found for symbol: XLMTRY
Match found for symbol: LINKGBP
Match found for symbol: GRTEUR
Match found for symbol: BTCSTBTC
Match found for symbol: BTCSTBUSD
Match found for symbol: BTCSTUSDT
Match found for symbol: TRUBTC
Match found for symbol: TRUBUSD
Match found for symbol: TRUUSDT
Match found for symbol: DEXEETH
Match found for symbol: DEXEBUSD
Match found for symbol: EOSEUR
Match found for symbol: LTCBRL
Match found for symbol: USDCBUSD
Match found for symbol: TUSDBUSD
Match found for symbol: PAXBUSD
Match found for symbol: CKBBTC
Match found for symbol: CKBBUSD
Match found for symbol: CKBUSDT
Match found for symbol: TWTBTC
Match found for symbol: TWTBUSD
Match found for symbol: TWTUSDT
Match found for symbol: FIROBTC
Match found for symbol: FIROETH
Match found for symbol: FIROUSDT
Match found for symbol: BETHETH
Match found for symbol: DOGEEUR
Match found for symbol: DOGETRY
Match found for symbol: DOGEAUD
Match found for symbol: DOGEBRL
Match found for symbol: DOTNGN
Match found for symbol: PROSETH
Match found for symbol: LITBTC
Match found for symbol: LITBUSD
Match found for symbol: LITUSDT
Match found for symbol: BTCVAI
Match found for symbol: BUSDVAI
Match found for symbol: SFPBTC
Match found for symbol: SFPBUSD
Match found for symbol: SFPUSDT
Match found for symbol: DOGEGBP
Match found for symbol: DOTTRY
Match found for symbol: FXSBTC
Match found for symbol: FXSBUSD
Match found for symbol: DODOBTC
Match found for symbol: DODOBUSD
Match found for symbol: DODOUSDT
Match found for symbol: FRONTBTC
Match found for symbol: EASYBTC
Match found for symbol: CAKEBTC
Match found for symbol: CAKEUSDT
Match found for symbol: BAKEBUSD
Match found for symbol: UFTETH
Match found for symbol: UFTBUSD
Match found for symbol: 1INCHBUSD
Match found for symbol: BANDBUSD
Match found for symbol: GRTBUSD
Match found for symbol: IOSTBUSD
Match found for symbol: OMGBUSD
Match found for symbol: REEFBUSD
Match found for symbol: ACMBTC
Match found for symbol: ACMBUSD
Match found for symbol: ACMUSDT
Match found for symbol: AUCTIONBTC
Match found for symbol: AUCTIONBUSD
Match found for symbol: PHABTC
Match found for symbol: PHABUSD
Match found for symbol: DOTGBP
Match found for symbol: ADATRY
Match found for symbol: ADABRL
Match found for symbol: ADAGBP
Match found for symbol: TVKBTC
Match found for symbol: TVKBUSD
Match found for symbol: BADGERBTC
Match found for symbol: BADGERBUSD
Match found for symbol: BADGERUSDT
Match found for symbol: FISBTC
Match found for symbol: FISBUSD
Match found for symbol: FISUSDT
Match found for symbol: DOTBRL
Match found for symbol: ADAAUD
Match found for symbol: HOTTRY
Match found for symbol: EGLDEUR
Match found for symbol: OMBTC
Match found for symbol: OMBUSD
Match found for symbol: OMUSDT
Match found for symbol: PONDBTC
Match found for symbol: PONDBUSD
Match found for symbol: PONDUSDT
Match found for symbol: DEGOBTC
Match found for symbol: DEGOBUSD
Match found for symbol: DEGOUSDT
Match found for symbol: AVAXEUR
Match found for symbol: BTTTRY
Match found for symbol: CHZBRL
Match found for symbol: UNIEUR
Match found for symbol: ALICEBTC
Match found for symbol: ALICEBUSD
Match found for symbol: ALICEUSDT
Match found for symbol: CHZBUSD
Match found for symbol: CHZEUR
Match found for symbol: CHZGBP
Match found for symbol: BIFIBNB
Match found for symbol: BIFIBUSD
Match found for symbol: LINABTC
Match found for symbol: LINABUSD
Match found for symbol: LINAUSDT
Match found for symbol: ADARUB
Match found for symbol: ENJBRL
Match found for symbol: ENJEUR
Match found for symbol: MATICEUR
Match found for symbol: NEOTRY
Match found for symbol: PERPBTC
Match found for symbol: PERPBUSD
Match found for symbol: PERPUSDT
Match found for symbol: RAMPBTC
Match found for symbol: RAMPBUSD
Match found for symbol: RAMPUSDT
Match found for symbol: SUPERBTC
Match found for symbol: SUPERBUSD
Match found for symbol: SUPERUSDT
Match found for symbol: CFXBTC
Match found for symbol: CFXBUSD
Match found for symbol: CFXUSDT
Match found for symbol: ENJGBP
Match found for symbol: EOSTRY
Match found for symbol: LTCGBP
Match found for symbol: LUNAEUR
Match found for symbol: RVNTRY
Match found for symbol: THETAEUR
Match found for symbol: XVGBUSD
Match found for symbol: EPSBTC
Match found for symbol: EPSBUSD
Match found for symbol: EPSUSDT
Match found for symbol: AUTOBTC
Match found for symbol: AUTOBUSD
Match found for symbol: AUTOUSDT
Match found for symbol: TKOBTC
Match found for symbol: TKOBIDR
Match found for symbol: TKOBUSD
Match found for symbol: TKOUSDT
Match found for symbol: PUNDIXETH
Match found for symbol: PUNDIXUSDT
Match found for symbol: BTTBRL
Match found for symbol: BTTEUR
Match found for symbol: HOTEUR
Match found for symbol: WINEUR
Match found for symbol: TLMBTC
Match found for symbol: TLMBUSD
Match found for symbol: TLMUSDT
Match found for symbol: 1INCHUPUSDT
Match found for symbol: 1INCHDOWNUSDT
Match found for symbol: BTGBUSD
Match found for symbol: BTGUSDT
Match found for symbol: HOTBUSD
Match found for symbol: BNBUAH
Match found for symbol: ONTTRY
Match found for symbol: VETEUR
Match found for symbol: VETGBP
Match found for symbol: WINBRL
Match found for symbol: MIRBTC
Match found for symbol: MIRBUSD
Match found for symbol: MIRUSDT
Match found for symbol: BARBTC
Match found for symbol: BARBUSD
Match found for symbol: BARUSDT
Match found for symbol: FORTHBTC
Match found for symbol: FORTHBUSD
Match found for symbol: FORTHUSDT
Match found for symbol: CAKEGBP
Match found for symbol: DOGERUB
Match found for symbol: HOTBRL
Match found for symbol: WRXEUR
Match found for symbol: EZBTC
Match found for symbol: EZETH
Match found for symbol: BAKEUSDT
Match found for symbol: BURGERBUSD
Match found for symbol: BURGERUSDT
Match found for symbol: SLPBUSD
Match found for symbol: SLPUSDT
Match found for symbol: TRXAUD
Match found for symbol: TRXEUR
Match found for symbol: VETTRY
Match found for symbol: SHIBUSDT
Match found for symbol: SHIBBUSD
Match found for symbol: ICPBTC
Match found for symbol: ICPBNB
Match found for symbol: ICPBUSD
Match found for symbol: ICPUSDT
Match found for symbol: SHIBEUR
Match found for symbol: SHIBRUB
Match found for symbol: ETCEUR
Match found for symbol: ETCBRL
Match found for symbol: DOGEBIDR
Match found for symbol: ARBTC
Match found for symbol: ARBNB
Match found for symbol: ARBUSD
Match found for symbol: ARUSDT
Match found for symbol: POLSBTC
Match found for symbol: POLSBNB
Match found for symbol: POLSBUSD
Match found for symbol: POLSUSDT
Match found for symbol: MDXBTC
Match found for symbol: MDXBNB
Match found for symbol: MDXBUSD
Match found for symbol: MDXUSDT
Match found for symbol: MASKBNB
Match found for symbol: MASKBUSD
Match found for symbol: MASKUSDT
Match found for symbol: LPTBTC
Match found for symbol: LPTBNB
Match found for symbol: LPTBUSD
Match found for symbol: LPTUSDT
Match found for symbol: ETHUAH
Match found for symbol: MATICBRL
Match found for symbol: SOLEUR
Match found for symbol: SHIBBRL
Match found for symbol: AGIXBTC
Match found for symbol: ICPEUR
Match found for symbol: MATICGBP
Match found for symbol: SHIBTRY
Match found for symbol: MATICBIDR
Match found for symbol: MATICRUB
Match found for symbol: NUBTC
Match found for symbol: NUBNB
Match found for symbol: NUBUSD
Match found for symbol: NUUSDT
Match found for symbol: XVGUSDT
Match found for symbol: RLCBUSD
Match found for symbol: CELRBUSD
Match found for symbol: ATMBUSD
Match found for symbol: ZENBUSD
Match found for symbol: FTMBUSD
Match found for symbol: THETABUSD
Match found for symbol: WINBUSD
Match found for symbol: KAVABUSD
Match found for symbol: XEMBUSD
Match found for symbol: ATABTC
Match found for symbol: ATABNB
Match found for symbol: ATABUSD
Match found for symbol: ATAUSDT
Match found for symbol: GTCBTC
Match found for symbol: GTCBNB
Match found for symbol: GTCBUSD
Match found for symbol: GTCUSDT
Match found for symbol: TORNBTC
Match found for symbol: TORNBNB
Match found for symbol: TORNBUSD
Match found for symbol: TORNUSDT
Match found for symbol: MATICTRY
Match found for symbol: ETCGBP
Match found for symbol: SOLGBP
Match found for symbol: BAKEBTC
Match found for symbol: COTIBUSD
Match found for symbol: KEEPBTC
Match found for symbol: KEEPBNB
Match found for symbol: KEEPBUSD
Match found for symbol: KEEPUSDT
Match found for symbol: SOLTRY
Match found for symbol: RUNEGBP
Match found for symbol: SOLBRL
Match found for symbol: SCBUSD
Match found for symbol: CHRBUSD
Match found for symbol: STMXBUSD
Match found for symbol: HNTBUSD
Match found for symbol: FTTBUSD
Match found for symbol: DOCKBUSD
Match found for symbol: ADABIDR
Match found for symbol: ERNBNB
Match found for symbol: ERNBUSD
Match found for symbol: ERNUSDT
Match found for symbol: KLAYBTC
Match found for symbol: KLAYBNB
Match found for symbol: KLAYBUSD
Match found for symbol: KLAYUSDT
Match found for symbol: RUNEEUR
Match found for symbol: MATICAUD
Match found for symbol: DOTRUB
Match found for symbol: UTKBUSD
Match found for symbol: IOTXBUSD
Match found for symbol: PHAUSDT
Match found for symbol: SOLRUB
Match found for symbol: RUNEAUD
Match found for symbol: BUSDUAH
Match found for symbol: BONDBTC
Match found for symbol: BONDBNB
Match found for symbol: BONDBUSD
Match found for symbol: BONDUSDT
Match found for symbol: MLNBTC
Match found for symbol: MLNBNB
Match found for symbol: MLNBUSD
Match found for symbol: MLNUSDT
Match found for symbol: GRTTRY
Match found for symbol: CAKEBRL
Match found for symbol: ICPRUB
Match found for symbol: DOTAUD
Match found for symbol: AAVEBRL
Match found for symbol: EOSAUD
Match found for symbol: DEXEUSDT
Match found for symbol: LTOBUSD
Match found for symbol: ADXBUSD
Match found for symbol: QUICKBTC
Match found for symbol: QUICKBNB
Match found for symbol: QUICKBUSD
Match found for symbol: C98USDT
Match found for symbol: C98BUSD
Match found for symbol: C98BNB
Match found for symbol: C98BTC
Match found for symbol: CLVBTC
Match found for symbol: CLVBNB
Match found for symbol: CLVBUSD
Match found for symbol: CLVUSDT
Match found for symbol: QNTBTC
Match found for symbol: QNTBNB
Match found for symbol: QNTBUSD
Match found for symbol: QNTUSDT
Match found for symbol: FLOWBTC
Match found for symbol: FLOWBNB
Match found for symbol: FLOWBUSD
Match found for symbol: FLOWUSDT
Match found for symbol: XECBUSD
Match found for symbol: AXSBRL
Match found for symbol: AXSAUD
Match found for symbol: TVKUSDT
Match found for symbol: MINABTC
Match found for symbol: MINABNB
Match found for symbol: MINABUSD
Match found for symbol: MINAUSDT
Match found for symbol: RAYBNB
Match found for symbol: RAYBUSD
Match found for symbol: RAYUSDT
Match found for symbol: FARMBTC
Match found for symbol: FARMBNB
Match found for symbol: FARMBUSD
Match found for symbol: FARMUSDT
Match found for symbol: ALPACABTC
Match found for symbol: ALPACABNB
Match found for symbol: ALPACABUSD
Match found for symbol: ALPACAUSDT
Match found for symbol: TLMTRY
Match found for symbol: QUICKUSDT
Match found for symbol: ORNBUSD
Match found for symbol: MBOXBTC
Match found for symbol: MBOXBNB
Match found for symbol: MBOXBUSD
Match found for symbol: MBOXUSDT
Match found for symbol: VGXBTC
Match found for symbol: VGXETH
Match found for symbol: FORUSDT
Match found for symbol: REQUSDT
Match found for symbol: GHSTUSDT
Match found for symbol: TRURUB
Match found for symbol: FISBRL
Match found for symbol: WAXPUSDT
Match found for symbol: WAXPBUSD
Match found for symbol: WAXPBNB
Match found for symbol: WAXPBTC
Match found for symbol: TRIBEBTC
Match found for symbol: TRIBEBNB
Match found for symbol: TRIBEBUSD
Match found for symbol: TRIBEUSDT
Match found for symbol: GNOUSDT
Match found for symbol: GNOBUSD
Match found for symbol: GNOBNB
Match found for symbol: GNOBTC
Match found for symbol: ARPATRY
Match found for symbol: PROMBTC
Match found for symbol: MTLBUSD
Match found for symbol: OGNBUSD
Match found for symbol: XECUSDT
Match found for symbol: C98BRL
Match found for symbol: SOLAUD
Match found for symbol: XRPBIDR
Match found for symbol: POLYBUSD
Match found for symbol: ELFUSDT
Match found for symbol: DYDXUSDT
Match found for symbol: DYDXBUSD
Match found for symbol: DYDXBNB
Match found for symbol: DYDXBTC
Match found for symbol: ELFBUSD
Match found for symbol: POLYUSDT
Match found for symbol: IDEXUSDT
Match found for symbol: VIDTUSDT
Match found for symbol: SOLBIDR
Match found for symbol: AXSBIDR
Match found for symbol: BTCUSDP
Match found for symbol: ETHUSDP
Match found for symbol: BNBUSDP
Match found for symbol: USDPBUSD
Match found for symbol: USDPUSDT
Match found for symbol: GALAUSDT
Match found for symbol: GALABUSD
Match found for symbol: GALABNB
Match found for symbol: GALABTC
Match found for symbol: FTMBIDR
Match found for symbol: ALGOBIDR
Match found for symbol: CAKEAUD
Match found for symbol: KSMAUD
Match found for symbol: WAVESRUB
Match found for symbol: SUNBUSD
Match found for symbol: ILVUSDT
Match found for symbol: ILVBUSD
Match found for symbol: ILVBNB
Match found for symbol: ILVBTC
Match found for symbol: RENBUSD
Match found for symbol: YGGUSDT
Match found for symbol: YGGBUSD
Match found for symbol: YGGBNB
Match found for symbol: YGGBTC
Match found for symbol: STXBUSD
Match found for symbol: SYSUSDT
Match found for symbol: DFUSDT
Match found for symbol: SOLUSDC
Match found for symbol: ARPARUB
Match found for symbol: LTCUAH
Match found for symbol: FETBUSD
Match found for symbol: ARPABUSD
Match found for symbol: LSKBUSD
Match found for symbol: AVAXBIDR
Match found for symbol: ALICEBIDR
Match found for symbol: FIDAUSDT
Match found for symbol: FIDABUSD
Match found for symbol: FIDABNB
Match found for symbol: FIDABTC
Match found for symbol: DENTBUSD
Match found for symbol: FRONTUSDT
Match found for symbol: CVPUSDT
Match found for symbol: AGLDBTC
Match found for symbol: AGLDBNB
Match found for symbol: AGLDBUSD
Match found for symbol: AGLDUSDT
Match found for symbol: RADBTC
Match found for symbol: RADBNB
Match found for symbol: RADBUSD
Match found for symbol: RADUSDT
Match found for symbol: UNIAUD
Match found for symbol: HIVEBUSD
Match found for symbol: STPTBUSD
Match found for symbol: BETABTC
Match found for symbol: BETABNB
Match found for symbol: BETABUSD
Match found for symbol: BETAUSDT
Match found for symbol: SHIBAUD
Match found for symbol: RAREBTC
Match found for symbol: RAREBNB
Match found for symbol: RAREBUSD
Match found for symbol: RAREUSDT
Match found for symbol: AVAXBRL
Match found for symbol: AVAXAUD
Match found for symbol: LUNAAUD
Match found for symbol: TROYBUSD
Match found for symbol: AXSETH
Match found for symbol: FTMETH
Match found for symbol: SOLETH
Match found for symbol: SSVBTC
Match found for symbol: SSVETH
Match found for symbol: LAZIOTRY
Match found for symbol: LAZIOEUR
Match found for symbol: LAZIOBTC
Match found for symbol: LAZIOUSDT
Match found for symbol: CHESSBTC
Match found for symbol: CHESSBNB
Match found for symbol: CHESSBUSD
Match found for symbol: CHESSUSDT
Match found for symbol: FTMAUD
Match found for symbol: FTMBRL
Match found for symbol: SCRTBUSD
Match found for symbol: ADXUSDT
Match found for symbol: AUCTIONUSDT
Match found for symbol: CELOBUSD
Match found for symbol: FTMRUB
Match found for symbol: NUAUD
Match found for symbol: NURUB
Match found for symbol: REEFTRY
Match found for symbol: REEFBIDR
Match found for symbol: SHIBDOGE
Match found for symbol: DARUSDT
Match found for symbol: DARBUSD
Match found for symbol: DARBNB
Match found for symbol: DARBTC
Match found for symbol: BNXBTC
Match found for symbol: BNXBNB
Match found for symbol: BNXBUSD
Match found for symbol: BNXUSDT
Match found for symbol: RGTUSDT
Match found for symbol: RGTBTC
Match found for symbol: RGTBUSD
Match found for symbol: RGTBNB
Match found for symbol: LAZIOBUSD
Match found for symbol: OXTBUSD
Match found for symbol: MANATRY
Match found for symbol: ALGORUB
Match found for symbol: SHIBUAH
Match found for symbol: LUNABIDR
Match found for symbol: AUDUSDC
Match found for symbol: MOVRBTC
Match found for symbol: MOVRBNB
Match found for symbol: MOVRBUSD
Match found for symbol: MOVRUSDT
Match found for symbol: CITYBTC
Match found for symbol: CITYBNB
Match found for symbol: CITYBUSD
Match found for symbol: CITYUSDT
Match found for symbol: ENSBTC
Match found for symbol: ENSBNB
Match found for symbol: ENSBUSD
Match found for symbol: ENSUSDT
Match found for symbol: SANDETH
Match found for symbol: DOTETH
Match found for symbol: MATICETH
Match found for symbol: ANKRBUSD
Match found for symbol: SANDTRY
Match found for symbol: MANABRL
Match found for symbol: KP3RUSDT
Match found for symbol: QIUSDT
Match found for symbol: QIBUSD
Match found for symbol: QIBNB
Match found for symbol: QIBTC
Match found for symbol: PORTOBTC
Match found for symbol: PORTOUSDT
Match found for symbol: PORTOTRY
Match found for symbol: PORTOEUR
Match found for symbol: POWRUSDT
Match found for symbol: POWRBUSD
Match found for symbol: AVAXETH
Match found for symbol: SLPTRY
Match found for symbol: FISTRY
Match found for symbol: LRCTRY
Match found for symbol: CHRETH
Match found for symbol: FISBIDR
Match found for symbol: VGXUSDT
Match found for symbol: GALAETH
Match found for symbol: JASMYUSDT
Match found for symbol: JASMYBUSD
Match found for symbol: JASMYBNB
Match found for symbol: JASMYBTC
Match found for symbol: AMPBTC
Match found for symbol: AMPBNB
Match found for symbol: AMPBUSD
Match found for symbol: AMPUSDT
Match found for symbol: PLABTC
Match found for symbol: PLABNB
Match found for symbol: PLABUSD
Match found for symbol: PLAUSDT
Match found for symbol: PYRBTC
Match found for symbol: PYRBUSD
Match found for symbol: PYRUSDT
Match found for symbol: RNDRBTC
Match found for symbol: RNDRUSDT
Match found for symbol: RNDRBUSD
Match found for symbol: ALCXBTC
Match found for symbol: ALCXBUSD
Match found for symbol: ALCXUSDT
Match found for symbol: SANTOSBTC
Match found for symbol: SANTOSUSDT
Match found for symbol: SANTOSBRL
Match found for symbol: SANTOSTRY
Match found for symbol: MCBTC
Match found for symbol: MCBUSD
Match found for symbol: MCUSDT
Match found for symbol: BELTRY
Match found for symbol: COCOSBUSD
Match found for symbol: DENTTRY
Match found for symbol: ENJTRY
Match found for symbol: NEORUB
Match found for symbol: SANDAUD
Match found for symbol: SLPBIDR
Match found for symbol: ANYBTC
Match found for symbol: ANYBUSD
Match found for symbol: ANYUSDT
Match found for symbol: BICOBTC
Match found for symbol: BICOBUSD
Match found for symbol: BICOUSDT
Match found for symbol: FLUXBTC
Match found for symbol: FLUXBUSD
Match found for symbol: FLUXUSDT
Match found for symbol: ALICETRY
Match found for symbol: FXSUSDT
Match found for symbol: GALABRL
Match found for symbol: GALATRY
Match found for symbol: LUNATRY
Match found for symbol: REQBUSD
Match found for symbol: SANDBRL
Match found for symbol: MANABIDR
Match found for symbol: SANDBIDR
Match found for symbol: VOXELBTC
Match found for symbol: VOXELBNB
Match found for symbol: VOXELBUSD
Match found for symbol: VOXELUSDT
Match found for symbol: COSBUSD
Match found for symbol: CTXCBUSD
Match found for symbol: FTMTRY
Match found for symbol: MANABNB
Match found for symbol: MINATRY
Match found for symbol: XTZTRY
Match found for symbol: HIGHBTC
Match found for symbol: HIGHBUSD
Match found for symbol: HIGHUSDT
Match found for symbol: CVXBTC
Match found for symbol: CVXBUSD
Match found for symbol: CVXUSDT
Match found for symbol: PEOPLEBTC
Match found for symbol: PEOPLEBUSD
Match found for symbol: PEOPLEUSDT
Match found for symbol: OOKIBUSD
Match found for symbol: OOKIUSDT
Match found for symbol: COCOSTRY
Match found for symbol: GXSBNB
Match found for symbol: LINKBNB
Match found for symbol: LUNAETH
Match found for symbol: MDTBUSD
Match found for symbol: NULSBUSD
Match found for symbol: SPELLBTC
Match found for symbol: SPELLUSDT
Match found for symbol: SPELLBUSD
Match found for symbol: USTBTC
Match found for symbol: USTBUSD
Match found for symbol: USTUSDT
Match found for symbol: JOEBTC
Match found for symbol: JOEBUSD
Match found for symbol: JOEUSDT
Match found for symbol: ATOMETH
Match found for symbol: DUSKBUSD
Match found for symbol: EGLDETH
Match found for symbol: ICPETH
Match found for symbol: LUNABRL
Match found for symbol: LUNAUST
Match found for symbol: NEARETH
Match found for symbol: ROSEBNB
Match found for symbol: VOXELETH
Match found for symbol: ALICEBNB
Match found for symbol: ATOMTRY
Match found for symbol: ETHUST
Match found for symbol: GALAAUD
Match found for symbol: LRCBNB
Match found for symbol: ONEETH
Match found for symbol: OOKIBNB
Match found for symbol: ACHBTC
Match found for symbol: ACHBUSD
Match found for symbol: ACHUSDT
Match found for symbol: IMXBTC
Match found for symbol: IMXBUSD
Match found for symbol: IMXUSDT
Match found for symbol: GLMRBTC
Match found for symbol: GLMRBUSD
Match found for symbol: GLMRUSDT
Match found for symbol: ATOMBIDR
Match found for symbol: DYDXETH
Match found for symbol: FARMETH
Match found for symbol: FORBNB
Match found for symbol: ICPTRY
Match found for symbol: JASMYETH
Match found for symbol: LINABNB
Match found for symbol: OOKIETH
Match found for symbol: ROSEETH
Match found for symbol: UMABUSD
Match found for symbol: UNIETH
Match found for symbol: XTZETH
Match found for symbol: LOKABTC
Match found for symbol: LOKABNB
Match found for symbol: LOKABUSD
Match found for symbol: LOKAUSDT
Match found for symbol: ATOMBRL
Match found for symbol: BNBUST
Match found for symbol: CRVETH
Match found for symbol: HIGHBNB
Match found for symbol: NEARRUB
Match found for symbol: ROSETRY
Match found for symbol: SCRTUSDT
Match found for symbol: API3BTC
Match found for symbol: API3BUSD
Match found for symbol: API3USDT
Match found for symbol: BTTCUSDT
Match found for symbol: BTTCUSDC
Match found for symbol: BTTCTRY
Match found for symbol: ACABTC
Match found for symbol: ACABUSD
Match found for symbol: ACAUSDT
Match found for symbol: ANCBTC
Match found for symbol: ANCBUSD
Match found for symbol: ANCUSDT
Match found for symbol: BDOTDOT
Match found for symbol: XNOBTC
Match found for symbol: XNOETH
Match found for symbol: XNOBUSD
Match found for symbol: XNOUSDT
Match found for symbol: COSTRY
Match found for symbol: KAVAETH
Match found for symbol: MCBNB
Match found for symbol: ONETRY
Match found for symbol: WOOBTC
Match found for symbol: WOOBNB
Match found for symbol: WOOBUSD
Match found for symbol: WOOUSDT
Match found for symbol: CELRETH
Match found for symbol: PEOPLEBNB
Match found for symbol: SLPBNB
Match found for symbol: SPELLBNB
Match found for symbol: SPELLTRY
Match found for symbol: TFUELBUSD
Match found for symbol: AXSTRY
Match found for symbol: DARTRY
Match found for symbol: NEARTRY
Match found for symbol: IDEXBNB
Match found for symbol: ALPINEEUR
Match found for symbol: ALPINETRY
Match found for symbol: ALPINEUSDT
Match found for symbol: ALPINEBTC
Match found for symbol: TUSDT
Match found for symbol: TBUSD
Match found for symbol: API3BNB
Match found for symbol: BETAETH
Match found for symbol: INJTRY
Match found for symbol: TLMBNB
Match found for symbol: ASTRBUSD
Match found for symbol: ASTRUSDT
Match found for symbol: API3TRY
Match found for symbol: GLMRBNB
Match found for symbol: MBOXTRY
Match found for symbol: NBTBIDR
Match found for symbol: NBTUSDT
Match found for symbol: GMTBTC
Match found for symbol: GMTBNB
Match found for symbol: GMTBUSD
Match found for symbol: GMTUSDT
Match found for symbol: ANCBNB
Match found for symbol: ATOMEUR
Match found for symbol: GALAEUR
Match found for symbol: KSMETH
Match found for symbol: UMATRY
Match found for symbol: KDABTC
Match found for symbol: KDABUSD
Match found for symbol: KDAUSDT
Match found for symbol: APEUSDT
Match found for symbol: APEBUSD
Match found for symbol: APEBTC
Match found for symbol: ALPINEBUSD
Match found for symbol: LUNAGBP
Match found for symbol: NEAREUR
Match found for symbol: TWTTRY
Match found for symbol: WAVESEUR
Match found for symbol: APEEUR
Match found for symbol: APEGBP
Match found for symbol: APETRY
Match found for symbol: BSWUSDT
Match found for symbol: BSWBUSD
Match found for symbol: BSWBNB
Match found for symbol: APEBNB
Match found for symbol: GMTBRL
Match found for symbol: GMTETH
Match found for symbol: JASMYTRY
Match found for symbol: SANTOSBUSD
Match found for symbol: APEAUD
Match found for symbol: BIFIUSDT
Match found for symbol: GMTEUR
Match found for symbol: IMXBNB
Match found for symbol: RUNEETH
Match found for symbol: AVAXGBP
Match found for symbol: MULTIBTC
Match found for symbol: MULTIBUSD
Match found for symbol: MULTIUSDT
Match found for symbol: APEETH
Match found for symbol: BSWETH
Match found for symbol: FILTRY
Match found for symbol: FTMEUR
Match found for symbol: GMTGBP
Match found for symbol: ZILTRY
Match found for symbol: GMTTRY
Match found for symbol: WAVESTRY
Match found for symbol: BTCUST
Match found for symbol: ASTRBTC
Match found for symbol: ASTRETH
Match found for symbol: BSWTRY
Match found for symbol: FTTETH
Match found for symbol: FUNBNB
Match found for symbol: PORTOBUSD
Match found for symbol: STEEMUSDT
Match found for symbol: ZILEUR
Match found for symbol: APEBRL
Match found for symbol: AUDIOTRY
Match found for symbol: BTTCBUSD
Match found for symbol: GMTAUD
Match found for symbol: MBLBUSD
Match found for symbol: MOBUSDT
Match found for symbol: MOBBUSD
Match found for symbol: MOBBTC
Match found for symbol: NEXOUSDT
Match found for symbol: NEXOBUSD
Match found for symbol: NEXOBTC
Match found for symbol: REIUSDT
Match found for symbol: REIBNB
Match found for symbol: REIETH
Match found for symbol: GALUSDT
Match found for symbol: GALBUSD
Match found for symbol: GALBNB
Match found for symbol: GALBTC
Match found for symbol: JASMYEUR
Match found for symbol: KNCBNB
Match found for symbol: SHIBGBP
Match found for symbol: GALEUR
Match found for symbol: GALTRY
Match found for symbol: LDOBUSD
Match found for symbol: LDOUSDT
Match found for symbol: LDOBTC
Match found for symbol: ENSTRY
Match found for symbol: DAREUR
Match found for symbol: DARETH
Match found for symbol: ALGOETH
Match found for symbol: ALGOTRY
Match found for symbol: GALETH
Match found for symbol: EPXUSDT
Match found for symbol: EPXBUSD
Match found for symbol: RUNETRY
Match found for symbol: GALBRL
Match found for symbol: STEEMBUSD
Match found for symbol: CVCBUSD
Match found for symbol: REIBUSD
Match found for symbol: DREPBUSD
Match found for symbol: AKROBUSD
Match found for symbol: PUNDIXBUSD
Match found for symbol: LUNCBUSD
Match found for symbol: USTCBUSD
Match found for symbol: OPBTC
Match found for symbol: OPBUSD
Match found for symbol: OPUSDT
Match found for symbol: OGBUSD
Match found for symbol: KEYBUSD
Match found for symbol: ASRBUSD
Match found for symbol: FIROBUSD
Match found for symbol: NKNBUSD
Match found for symbol: OPBNB
Match found for symbol: OPEUR
Match found for symbol: GTOBUSD
Match found for symbol: SNXETH
Match found for symbol: WBTCBUSD
Match found for symbol: BELETH
Match found for symbol: LITETH
Match found for symbol: LEVERUSDT
Match found for symbol: LEVERBUSD
Match found for symbol: BURGERETH
Match found for symbol: PEOPLEETH
Match found for symbol: UNFIETH
Match found for symbol: BONDETH
Match found for symbol: STORJTRY
Match found for symbol: OPETH
Match found for symbol: ETCTRY
Match found for symbol: WINGETH
Match found for symbol: FILETH
Match found for symbol: GLMBUSD
Match found for symbol: SSVBUSD
Match found for symbol: STGBTC
Match found for symbol: STGBUSD
Match found for symbol: STGUSDT
Match found for symbol: ANKRTRY
Match found for symbol: ARKBUSD
Match found for symbol: BETHBUSD
Match found for symbol: LOOMBUSD
Match found for symbol: SNMBUSD
Match found for symbol: AMBBUSD
Match found for symbol: LUNCUSDT
Match found for symbol: PHBBUSD
Match found for symbol: GASBUSD
Match found for symbol: NEBLBUSD
Match found for symbol: PROSBUSD
Match found for symbol: VIBBUSD
Match found for symbol: GMXBTC
Match found for symbol: GMXBUSD
Match found for symbol: GMXUSDT
Match found for symbol: AGIXBUSD
Match found for symbol: NEBLUSDT
Match found for symbol: SNTBUSD
Match found for symbol: POLYXBTC
Match found for symbol: POLYXBUSD
Match found for symbol: POLYXUSDT
Match found for symbol: APTBTC
Match found for symbol: APTUSDT
Match found for symbol: APTBUSD
Match found for symbol: BTCPLN
Match found for symbol: ETHPLN
Match found for symbol: BUSDPLN
Match found for symbol: APTEUR
Match found for symbol: APTTRY
Match found for symbol: APTBRL
Match found for symbol: QKCBUSD
Match found for symbol: OSMOBTC
Match found for symbol: OSMOUSDT
Match found for symbol: OSMOBUSD
Match found for symbol: HFTBTC
Match found for symbol: HFTBUSD
Match found for symbol: HFTUSDT
Match found for symbol: ARPAETH
Match found for symbol: PHBUSDT
Match found for symbol: VITEBUSD
Match found for symbol: HOOKBTC
Match found for symbol: HOOKUSDT
Match found for symbol: HOOKBUSD
Match found for symbol: HOOKBNB
Match found for symbol: MAGICBTC
Match found for symbol: MAGICBUSD
Match found for symbol: MAGICUSDT
Match found for symbol: BUSDRON
Match found for symbol: HIFIETH
Match found for symbol: HIFIUSDT
Match found for symbol: RPLBTC
Match found for symbol: RPLBUSD
Match found for symbol: RPLUSDT
Match found for symbol: PROSUSDT
Match found for symbol: FETTRY
Match found for symbol: GFTBUSD
Match found for symbol: AGIXUSDT
Match found for symbol: APTETH
Match found for symbol: BTCRON
Match found for symbol: GNSUSDT
Match found for symbol: GNSBTC
Match found for symbol: SYNBTC
Match found for symbol: SYNUSDT
Match found for symbol: VIBUSDT
Match found for symbol: SSVUSDT
Match found for symbol: LQTYUSDT
Match found for symbol: LQTYBTC
Match found for symbol: AMBUSDT
Match found for symbol: BETHUSDT
Match found for symbol: CFXTRY
Match found for symbol: STXTRY
Match found for symbol: USTCUSDT
Match found for symbol: GASUSDT
Match found for symbol: GLMUSDT
Match found for symbol: PROMUSDT
Match found for symbol: QKCUSDT
Match found for symbol: UFTUSDT
Match found for symbol: IDBTC
Match found for symbol: IDBNB
Match found for symbol: IDUSDT
Match found for symbol: ARBBTC
Match found for symbol: ARBUSDT
Match found for symbol: AGIXTRY
Match found for symbol: LOOMUSDT
Match found for symbol: OAXUSDT
Match found for symbol: ARBTUSD
Match found for symbol: ARBTRY
Match found for symbol: ARBEUR
Match found for symbol: IDTUSD
Match found for symbol: IDTRY
Match found for symbol: IDEUR
Match found for symbol: LDOTUSD
Match found for symbol: MATICTUSD
Match found for symbol: OPTUSD
Match found for symbol: SOLTUSD
Match found for symbol: SSVTUSD
Match found for symbol: RDNTBTC
Match found for symbol: RDNTUSDT
Match found for symbol: RDNTTUSD
Match found for symbol: ARBRUB
Match found for symbol: JOETRY
Match found for symbol: MAGICTRY
Match found for symbol: USDTPLN
Match found for symbol: ACHTRY
Match found for symbol: XVSTRY
Match found for symbol: EGLDRON
Match found for symbol: USDTRON
Match found for symbol: USDTARS
Match found for symbol: DOGETUSD
Match found for symbol: WBTCUSDT
Match found for symbol: EDUUSDT
Match found for symbol: EDUTUSD
Match found for symbol: EDUBNB
Match found for symbol: EDUBTC
Match found for symbol: EDUEUR
Match found for symbol: EDUTRY
Match found for symbol: SUIUSDT
Match found for symbol: SUITUSD
Match found for symbol: SUIBTC
Match found for symbol: SUIBNB
Match found for symbol: SUIEUR
Match found for symbol: SUITRY
Match found for symbol: AERGOUSDT
Match found for symbol: RNDRTRY
Match found for symbol: PEPEUSDT
Match found for symbol: PEPETUSD
Match found for symbol: FLOKIUSDT
Match found for symbol: FLOKITUSD
Match found for symbol: OGTRY
Match found for symbol: PEPETRY
Match found for symbol: WBETHETH
Match found for symbol: ASTUSDT
Match found for symbol: SNTUSDT
Match found for symbol: FLOKITRY
Match found for symbol: CITYTRY
Match found for symbol: COMBOUSDT
Match found for symbol: COMBOBNB
Match found for symbol: COMBOTRY
Match found for symbol: LTCTRY
Match found for symbol: RADTRY
Match found for symbol: BTCARS
Match found for symbol: OPTRY
Match found for symbol: PAXGTRY
Match found for symbol: MAVBTC
Match found for symbol: MAVUSDT
Match found for symbol: MAVTUSD
Match found for symbol: CFXTUSD
Match found for symbol: PENDLEBTC
Match found for symbol: PENDLEUSDT
Match found for symbol: PENDLETUSD
Match found for symbol: MAVTRY
Match found for symbol: OCEANTRY
Match found for symbol: TUSDTRY
Match found for symbol: ARBETH
Match found for symbol: BCHTRY
Match found for symbol: XVGTRY
Match found for symbol: XVGTUSD
Match found for symbol: ARKMUSDT
Match found for symbol: ARKMTUSD
Match found for symbol: ARKMTRY
Match found for symbol: ARKMBNB
Match found for symbol: ARKMBTC
Match found for symbol: WBETHUSDT
Match found for symbol: ACATRY
Match found for symbol: AVAXTUSD
Match found for symbol: COMPTUSD
Match found for symbol: COMPTRY
Match found for symbol: XECTRY
Match found for symbol: QUICKTUSD
Match found for symbol: WLDUSDT
Match found for symbol: WLDBTC
Match found for symbol: BNBFDUSD
Match found for symbol: FDUSDBUSD
Match found for symbol: FDUSDUSDT
Match found for symbol: ARKMRUB
Match found for symbol: WLDTRY
Match found for symbol: WLDRUB
Match found for symbol: AMPTRY
Match found for symbol: OGNTRY
Match found for symbol: BTCFDUSD
Match found for symbol: ETHFDUSD
Match found for symbol: ASRTRY
Match found for symbol: ATMTRY
Match found for symbol: ACMTRY
Match found for symbol: BARTRY
Match found for symbol: JUVTRY
Match found for symbol: PSGTRY
Match found for symbol: SEIBNB
Match found for symbol: SEIBTC
Match found for symbol: SEIFDUSD
Match found for symbol: SEITRY
Match found for symbol: SEIUSDT
Match found for symbol: CYBERBNB
Match found for symbol: CYBERBTC
Match found for symbol: CYBERFDUSD
Match found for symbol: CYBERTRY
Match found for symbol: CYBERUSDT
Match found for symbol: CYBERTUSD
Match found for symbol: SEITUSD
Match found for symbol: LPTTRY
Match found for symbol: UNITRY
Match found for symbol: SOLFDUSD
Match found for symbol: TOMOTRY
Match found for symbol: UNFITRY
Match found for symbol: XRPFDUSD
Match found for symbol: DOGEFDUSD
Match found for symbol: CYBERETH
Match found for symbol: MTLTRY
Match found for symbol: ARKUSDT
Match found for symbol: CREAMUSDT
Match found for symbol: GFTUSDT
Match found for symbol: IQUSDT
Match found for symbol: USDTVAI
Match found for symbol: ARBFDUSD
Match found for symbol: FDUSDTRY
Match found for symbol: FRONTTRY
Match found for symbol: SUIFDUSD
Match found for symbol: NTRNBTC
Match found for symbol: NTRNUSDT
Match found for symbol: NTRNBNB
Match found for symbol: FILFDUSD
Match found for symbol: FRONTTUSD
Match found for symbol: LEVERTRY
Match found for symbol: LTCFDUSD
Match found for symbol: ADAFDUSD
Match found for symbol: RUNETUSD
Match found for symbol: TRBTRY
Match found for symbol: ATOMFDUSD
Match found for symbol: AVAXFDUSD
Match found for symbol: BANDTRY
Match found for symbol: BCHFDUSD
Match found for symbol: LOOMTRY
Match found for symbol: MATICFDUSD
Match found for symbol: ALGOFDUSD
Match found for symbol: DOTFDUSD
Match found for symbol: FTMFDUSD
Match found for symbol: LINKFDUSD
Match found for symbol: NEARFDUSD
Match found for symbol: STRAXTRY
Match found for symbol: TIABTC
Match found for symbol: TIAUSDT
Match found for symbol: TIATRY
Match found for symbol: MEMEBNB
Match found for symbol: MEMEUSDT
Match found for symbol: MEMEFDUSD
Match found for symbol: MEMETUSD
Match found for symbol: MEMETRY
Match found for symbol: ORDIBTC
Match found for symbol: ORDIUSDT
Match found for symbol: ORDITRY
Match found for symbol: EGLDFDUSD
Match found for symbol: FETFDUSD
Match found for symbol: GASFDUSD
Match found for symbol: INJETH
Match found for symbol: INJTUSD
Match found for symbol: OPFDUSD
Match found for symbol: ORDIFDUSD
Match found for symbol: ORDITUSD
Match found for symbol: RNDRFDUSD
Match found for symbol: SHIBTUSD
Match found for symbol: BEAMXUSDT
Match found for symbol: ARKTRY
Match found for symbol: BEAMXTRY
Match found for symbol: CAKETRY
Match found for symbol: CAKETUSD
Match found for symbol: DYDXFDUSD
Match found for symbol: PIVXUSDT
Match found for symbol: RUNEFDUSD
Match found for symbol: TIATUSD
Match found for symbol: DOTTUSD
Match found for symbol: GALAFDUSD
Match found for symbol: WLDFDUSD
Match found for symbol: GASTRY
Match found for symbol: NTRNTRY
Match found for symbol: VICBTC
Match found for symbol: VICUSDT
Match found for symbol: VICTRY
Match found for symbol: BLURBTC
Match found for symbol: BLURUSDT
Match found for symbol: BLURTRY
Match found for symbol: BLURFDUSD
Match found for symbol: SUPERFDUSD
Match found for symbol: USTCFDUSD
Match found for symbol: USTCTRY
Match found for symbol: DYDXTRY
Match found for symbol: VANRYUSDT
Match found for symbol: VANRYBTC
Match found for symbol: BTCAEUR
Match found for symbol: AEURUSDT
Match found for symbol: ETHAEUR
Match found for symbol: EURAEUR
Match found for symbol: AUCTIONFDUSD
Match found for symbol: IOTAFDUSD
Match found for symbol: LUNCTRY
Match found for symbol: SUPERTRY
Match found for symbol: JTOUSDT
Match found for symbol: JTOFDUSD
Match found for symbol: JTOTRY
Match found for symbol: 1000SATSUSDT
Match found for symbol: 1000SATSFDUSD
Match found for symbol: 1000SATSTRY
Match found for symbol: SHIBFDUSD
Match found for symbol: SANDFDUSD
Match found for symbol: MEMEETH
Match found for symbol: IOTATRY
Match found for symbol: INJFDUSD
Match found for symbol: FIDATRY
Match found for symbol: BONKUSDT
Match found for symbol: BONKFDUSD
Match found for symbol: BONKTRY
Match found for symbol: ACEFDUSD
Match found for symbol: ACEUSDT
Match found for symbol: ACEBNB
Match found for symbol: ACEBTC
Match found for symbol: ACETRY
Match found for symbol: BLZFDUSD
Match found for symbol: RARETRY
Match found for symbol: VANRYTRY
Match found for symbol: NFPBTC
Match found for symbol: NFPUSDT
Match found for symbol: NFPBNB
Match found for symbol: NFPFDUSD
Match found for symbol: NFPTUSD
Match found for symbol: NFPTRY
Match found for symbol: ARBUSDC
Match found for symbol: AVAXUSDC
Match found for symbol: DOTUSDC
Match found for symbol: INJUSDC
Match found for symbol: MATICUSDC
Match found for symbol: OPUSDC
Match found for symbol: ORDIUSDC
Match found for symbol: AIBTC
Match found for symbol: AIUSDT
Match found for symbol: AIBNB
Match found for symbol: AIFDUSD
Match found for symbol: AITUSD
Match found for symbol: AITRY
Match found for symbol: ICPFDUSD
Match found for symbol: LDOFDUSD
Match found for symbol: MOVRTRY
Match found for symbol: XAIBTC
Match found for symbol: XAIUSDT
Match found for symbol: XAIBNB
Match found for symbol: XAIFDUSD
Match found for symbol: XAITUSD
Match found for symbol: XAITRY
Match found for symbol: SKLTRY
Match found for symbol: STXFDUSD
Match found for symbol: TIAFDUSD
Match found for symbol: MANTABTC
Match found for symbol: MANTAUSDT
Match found for symbol: MANTABNB
Match found for symbol: MANTAFDUSD
Match found for symbol: MANTATRY
Match found for symbol: ENSFDUSD
Match found for symbol: ETCFDUSD
Match found for symbol: SUIUSDC
Match found for symbol: TIAUSDC
Match found for symbol: CHZFDUSD
Match found for symbol: MANTAUSDC
Match found for symbol: ALTBTC
Match found for symbol: ALTUSDT
Match found for symbol: ALTBNB
Match found for symbol: ALTFDUSD
Match found for symbol: ALTTRY
Match found for symbol: APTFDUSD
Match found for symbol: BLURUSDC
Match found for symbol: JUPUSDT
Match found for symbol: JUPFDUSD
Match found for symbol: JUPTRY
Match found for symbol: ALTUSDC
Match found for symbol: MAGICFDUSD
Match found for symbol: SEIUSDC
Match found for symbol: PYTHBTC
Match found for symbol: PYTHUSDT
Match found for symbol: PYTHFDUSD
Match found for symbol: PYTHTRY
Match found for symbol: RONINBTC
Match found for symbol: RONINUSDT
Match found for symbol: RONINFDUSD
Match found for symbol: RONINTRY
Match found for symbol: DYMBTC
Match found for symbol: DYMUSDT
Match found for symbol: DYMFDUSD
Match found for symbol: DYMTRY
Match found for symbol: JUPUSDC
Match found for symbol: PENDLEFDUSD
Match found for symbol: PIXELBTC
Match found for symbol: PIXELBNB
Match found for symbol: PIXELUSDT
Match found for symbol: PIXELFDUSD
Match found for symbol: PIXELTRY
Match found for symbol: STRKBTC
Match found for symbol: STRKUSDT
Match found for symbol: STRKFDUSD
Match found for symbol: STRKTRY
Match found for symbol: FILUSDC
Match found for symbol: HBARTRY
Match found for symbol: PENDLETRY
Match found for symbol: WLDUSDC
Match found for symbol: CKBTRY
Match found for symbol: COTITRY
Match found for symbol: LDOTRY
Match found for symbol: UNIUSDC
Match found for symbol: PORTALBTC
Match found for symbol: PORTALUSDT
Match found for symbol: PORTALBNB
Match found for symbol: PORTALFDUSD
Match found for symbol: PORTALTRY
Match found for symbol: PDABTC
Match found for symbol: PDAUSDT
Match found for symbol: AXLBTC
Match found for symbol: AXLUSDT
Match found for symbol: AXLFDUSD
Match found for symbol: AXLTRY
Match found for symbol: PEPEFDUSD
Match found for symbol: PIXELUSDC
Match found for symbol: STRKUSDC
Match found for symbol: UNIFDUSD
Match found for symbol: OMTRY
Match found for symbol: THETATRY
Match found for symbol: WIFBTC
Match found for symbol: WIFUSDT
Match found for symbol: WIFFDUSD
Match found for symbol: WIFTRY
Match found for symbol: AGIXFDUSD
Match found for symbol: PEPEUSDC
Match found for symbol: SHIBUSDC
Match found for symbol: THETAFDUSD
Match found for symbol: ARTRY
Match found for symbol: METISBTC
Match found for symbol: METISUSDT
Match found for symbol: METISFDUSD
Match found for symbol: METISTRY
Match found for symbol: BNBJPY
Match found for symbol: BTCJPY
Match found for symbol: ETHJPY
Match found for symbol: FLOKIFDUSD
Match found for symbol: GRTFDUSD
Match found for symbol: NEARUSDC
Match found for symbol: SNXTRY
Match found for symbol: AEVOBTC
Match found for symbol: AEVOUSDT
Match found for symbol: AEVOBNB
Match found for symbol: AEVOFDUSD
Match found for symbol: AEVOTRY
Match found for symbol: FETUSDC
Match found for symbol: IMXTRY
Match found for symbol: EURUSDC
Match found for symbol: BOMETRY
Match found for symbol: BOMEBTC
Match found for symbol: BOMEUSDT
Match found for symbol: BOMEFDUSD
Match found for symbol: ETHFIBTC
Match found for symbol: ETHFIUSDT
Match found for symbol: ETHFIBNB
Match found for symbol: ETHFIFDUSD
Match found for symbol: ETHFITRY
Match found for symbol: AAVETRY
Match found for symbol: ARKMFDUSD
Match found for symbol: CRVTRY
Match found for symbol: FETBRL
Match found for symbol: RAYFDUSD
Match found for symbol: RNDREUR
Match found for symbol: BONKUSDC
Match found for symbol: FLOKIUSDC
Match found for symbol: MKRTRY
Match found for symbol: RAYTRY
Match found for symbol: RNDRBRL
Match found for symbol: ENABTC
Match found for symbol: ENAUSDT
Match found for symbol: ENABNB
Match found for symbol: ENAFDUSD
Match found for symbol: ENATRY
Match found for symbol: LQTYFDUSD
Match found for symbol: MASKTRY
Match found for symbol: PENDLEUSDC
Match found for symbol: RDNTTRY
Match found for symbol: WBTC
Match found for symbol: WUSDT
Match found for symbol: WFDUSD
Match found for symbol: WTRY
Match found for symbol: BOMEUSDC
Match found for symbol: JTOUSDC
Match found for symbol: WIFUSDC
Match found for symbol: TNSRBTC
Match found for symbol: TNSRUSDT
Match found for symbol: TNSRFDUSD
Match found for symbol: TNSRTRY
Match found for symbol: SAGABTC
Match found for symbol: SAGAUSDT
Match found for symbol: SAGABNB
Match found for symbol: SAGAFDUSD
Match found for symbol: SAGATRY
Match found for symbol: USDTMXN
Match found for symbol: CKBUSDC
Match found for symbol: ENAUSDC
Match found for symbol: ETHFIUSDC
Match found for symbol: YGGUSDC
Match found for symbol: USDTCZK
Match found for symbol: TAOBTC
Match found for symbol: TAOUSDT
Match found for symbol: TAOFDUSD
Match found for symbol: TAOTRY
Match found for symbol: CFXUSDC
Match found for symbol: RNDRUSDC
Match found for symbol: RUNEUSDC
Match found for symbol: SAGAUSDC
Match found for symbol: POLYXTRY
Match found for symbol: OMNIBTC
Match found for symbol: OMNIUSDT
Match found for symbol: OMNIBNB
Match found for symbol: OMNIFDUSD
Match found for symbol: OMNITRY
Match found for symbol: APTUSDC
Match found for symbol: GALAUSDC
Match found for symbol: OMNIBRL
Match found for symbol: STXUSDC
Match found for symbol: ICPUSDC
Match found for symbol: OMNIUSDC
Match found for symbol: PEPEBRL
Match found for symbol: YGGTRY
Match found for symbol: ADAJPY
Match found for symbol: SHIBJPY
Match found for symbol: SOLJPY
Match found for symbol: XRPJPY
Match found for symbol: REZBTC
Match found for symbol: REZUSDT
Match found for symbol: REZBNB
Match found for symbol: REZFDUSD
Match found for symbol: REZTRY
Match found for symbol: EGLDTRY
Match found for symbol: PHBTRY
Match found for symbol: RSRTRY
Match found for symbol: BBBTC
Match found for symbol: BBUSDT
Match found for symbol: BBBNB
Match found for symbol: BBFDUSD
Match found for symbol: BBTRY
Match found for symbol: FRONTUSDC
Match found for symbol: PEOPLETRY
Match found for symbol: TRBUSDC
Match found for symbol: NOTUSDT
Match found for symbol: NOTBNB
Match found for symbol: NOTFDUSD
Match found for symbol: NOTTRY
Match found for symbol: ARKMUSDC
Match found for symbol: ARUSDC
Match found for symbol: BBUSDC
Match found for symbol: CRVUSDC
Match found for symbol: PEOPLEUSDC
Match found for symbol: ARFDUSD
Match found for symbol: ENAEUR
Match found for symbol: PEPEEUR
Match found for symbol: REZUSDC
Match found for symbol: TRBFDUSD
Match found for symbol: USDCTRY
Match found for symbol: BTCMXN
Match found for symbol: XRPMXN
Match found for symbol: ENSUSDC
Match found for symbol: LDOUSDC
Match found for symbol: NOTUSDC
Match found for symbol: NEARBRL
Match found for symbol: HIGHTRY
Match found for symbol: PEOPLEFDUSD
Match found for symbol: TNSRUSDC
Match found for symbol: USDTCOP
Match found for symbol: IOBTC
Match found for symbol: IOUSDT
Match found for symbol: IOBNB
Match found for symbol: IOFDUSD
Match found for symbol: IOTRY
Match found for symbol: NOTBRL
Match found for symbol: TRUTRY
Match found for symbol: WIFEUR
Match found for symbol: ZKBTC
Match found for symbol: ZKUSDT
Match found for symbol: ZKFDUSD
Match found for symbol: ZKTRY
Match found for symbol: LISTAUSDT
Match found for symbol: LISTABNB
Match found for symbol: LISTAFDUSD
Match found for symbol: LISTATRY
Match found for symbol: ZROBTC
Match found for symbol: ZROUSDT
Match found for symbol: ZROFDUSD
Match found for symbol: ZROTRY
Match found for symbol: LISTABRL
Match found for symbol: BAKETRY
Match found for symbol: WIFBRL
Match found for symbol: ZKUSDC
Match found for symbol: ZROUSDC
Match found for symbol: IOUSDC
Match found for symbol: 1000SATSUSDC
Match found for symbol: BNXTRY
Match found for symbol: ETHARS
Match found for symbol: GUSDT
Match found for symbol: GTRY
Match found for symbol: BANANABTC
Match found for symbol: BANANAUSDT
Match found for symbol: BANANABNB
Match found for symbol: BANANAFDUSD
Match found for symbol: BANANATRY
Match found for symbol: RENDERBTC
Match found for symbol: RENDERUSDT
Match found for symbol: RENDERFDUSD
Match found for symbol: RENDERUSDC
Match found for symbol: RENDERTRY
Match found for symbol: RENDEREUR
Match found for symbol: RENDERBRL
Match found for symbol: TONBTC
Match found for symbol: TONUSDT
Match found for symbol: TONFDUSD
Match found for symbol: TONTRY
Match found for symbol: BONKBRL
Match found for symbol: NOTEUR
Match found for symbol: DOGEJPY
Match found for symbol: MATICJPY
Match found for symbol: NEARJPY
Match found for symbol: TONUSDC
Match found for symbol: AAVEFDUSD
Match found for symbol: DOGSUSDT
Match found for symbol: DOGSBNB
Match found for symbol: DOGSFDUSD
Match found for symbol: DOGSTRY
Match found for symbol: EUREURI
Match found for symbol: EURIUSDT
Match found for symbol: DOGSBRL
Match found for symbol: DOGSUSDC
Match found for symbol: RAREBRL
Match found for symbol: RAREUSDC
Match found for symbol: SLFBTC
Match found for symbol: SLFTRY
Match found for symbol: SLFUSDC
Match found for symbol: SLFUSDT
Match found for symbol: AAVEUSDC
Match found for symbol: SUNTRY
Match found for symbol: STMXTRY
Match found for symbol: POLBNB
Match found for symbol: POLBRL
Match found for symbol: POLBTC
Match found for symbol: POLETH
Match found for symbol: POLEUR
Match found for symbol: POLFDUSD
Match found for symbol: POLJPY
Match found for symbol: POLTRY
Match found for symbol: POLUSDC
Match found for symbol: POLUSDT
Match found for symbol: NEIROUSDT
Match found for symbol: TURBOUSDT
Match found for symbol: 1MBABYDOGEUSDT
Match found for symbol: CATIUSDT
Match found for symbol: CATIBNB
Match found for symbol: CATIFDUSD
Match found for symbol: CATITRY
Mismatch for symbol: symbolName | Expected: baseAssetquoteAsset | Found: symbolName
]]></system-out>
  </testcase>
</testsuite>